processes 48
nodes 2
ppn 24
binding --bind-to core
+ mpirun -v --hostfile /tmp/hosts.10962 --bind-to core --report-bindings -n 48 /gpfs/u/home/CCNI/CCNIsmth/barn-shared/CWS/osu-micro-benchmarks-5.6.1-erp-openmpi.4.0.1-verbs-noUcx-Pmi-install//libexec/osu-micro-benchmarks/mpi//collective/osu_allreduce
[erp01:124628] MCW rank 0 bound to socket 0[core 0[hwt 0]]: [B/././././././././././././././././././././././.][./././././././././././././././././././././././.]
[erp01:124628] MCW rank 1 bound to socket 0[core 6[hwt 0]]: [././././././B/././././././././././././././././.][./././././././././././././././././././././././.]
[erp01:124628] MCW rank 2 bound to socket 0[core 12[hwt 0]]: [././././././././././././B/././././././././././.][./././././././././././././././././././././././.]
[erp01:124628] MCW rank 3 bound to socket 0[core 18[hwt 0]]: [././././././././././././././././././B/././././.][./././././././././././././././././././././././.]
[erp01:124628] MCW rank 4 bound to socket 1[core 24[hwt 0]]: [./././././././././././././././././././././././.][B/././././././././././././././././././././././.]
[erp01:124628] MCW rank 5 bound to socket 1[core 30[hwt 0]]: [./././././././././././././././././././././././.][././././././B/././././././././././././././././.]
[erp01:124628] MCW rank 6 bound to socket 1[core 36[hwt 0]]: [./././././././././././././././././././././././.][././././././././././././B/././././././././././.]
[erp01:124628] MCW rank 7 bound to socket 1[core 42[hwt 0]]: [./././././././././././././././././././././././.][././././././././././././././././././B/././././.]
[erp01:124628] MCW rank 8 bound to socket 0[core 1[hwt 0]]: [./B/./././././././././././././././././././././.][./././././././././././././././././././././././.]
[erp01:124628] MCW rank 9 bound to socket 0[core 7[hwt 0]]: [./././././././B/./././././././././././././././.][./././././././././././././././././././././././.]
[erp01:124628] MCW rank 10 bound to socket 0[core 13[hwt 0]]: [./././././././././././././B/./././././././././.][./././././././././././././././././././././././.]
[erp01:124628] MCW rank 11 bound to socket 0[core 19[hwt 0]]: [./././././././././././././././././././B/./././.][./././././././././././././././././././././././.]
[erp01:124628] MCW rank 12 bound to socket 1[core 25[hwt 0]]: [./././././././././././././././././././././././.][./B/./././././././././././././././././././././.]
[erp01:124628] MCW rank 13 bound to socket 1[core 31[hwt 0]]: [./././././././././././././././././././././././.][./././././././B/./././././././././././././././.]
[erp01:124628] MCW rank 14 bound to socket 1[core 37[hwt 0]]: [./././././././././././././././././././././././.][./././././././././././././B/./././././././././.]
[erp01:124628] MCW rank 15 bound to socket 1[core 43[hwt 0]]: [./././././././././././././././././././././././.][./././././././././././././././././././B/./././.]
[erp01:124628] MCW rank 16 bound to socket 0[core 2[hwt 0]]: [././B/././././././././././././././././././././.][./././././././././././././././././././././././.]
[erp01:124628] MCW rank 17 bound to socket 0[core 8[hwt 0]]: [././././././././B/././././././././././././././.][./././././././././././././././././././././././.]
[erp01:124628] MCW rank 18 bound to socket 0[core 14[hwt 0]]: [././././././././././././././B/././././././././.][./././././././././././././././././././././././.]
[erp01:124628] MCW rank 19 bound to socket 0[core 20[hwt 0]]: [././././././././././././././././././././B/././.][./././././././././././././././././././././././.]
[erp01:124628] MCW rank 20 bound to socket 1[core 26[hwt 0]]: [./././././././././././././././././././././././.][././B/././././././././././././././././././././.]
[erp01:124628] MCW rank 21 bound to socket 1[core 32[hwt 0]]: [./././././././././././././././././././././././.][././././././././B/././././././././././././././.]
[erp01:124628] MCW rank 22 bound to socket 1[core 38[hwt 0]]: [./././././././././././././././././././././././.][././././././././././././././B/././././././././.]
[erp01:124628] MCW rank 23 bound to socket 1[core 44[hwt 0]]: [./././././././././././././././././././././././.][././././././././././././././././././././B/././.]
[erp02:121364] MCW rank 24 bound to socket 0[core 0[hwt 0]]: [B/././././././././././././././././././././././.][./././././././././././././././././././././././.]
[erp02:121364] MCW rank 25 bound to socket 0[core 6[hwt 0]]: [././././././B/././././././././././././././././.][./././././././././././././././././././././././.]
[erp02:121364] MCW rank 26 bound to socket 0[core 12[hwt 0]]: [././././././././././././B/././././././././././.][./././././././././././././././././././././././.]
[erp02:121364] MCW rank 27 bound to socket 0[core 18[hwt 0]]: [././././././././././././././././././B/././././.][./././././././././././././././././././././././.]
[erp02:121364] MCW rank 28 bound to socket 1[core 24[hwt 0]]: [./././././././././././././././././././././././.][B/././././././././././././././././././././././.]
[erp02:121364] MCW rank 29 bound to socket 1[core 30[hwt 0]]: [./././././././././././././././././././././././.][././././././B/././././././././././././././././.]
[erp02:121364] MCW rank 30 bound to socket 1[core 36[hwt 0]]: [./././././././././././././././././././././././.][././././././././././././B/././././././././././.]
[erp02:121364] MCW rank 31 bound to socket 1[core 42[hwt 0]]: [./././././././././././././././././././././././.][././././././././././././././././././B/././././.]
[erp02:121364] MCW rank 32 bound to socket 0[core 1[hwt 0]]: [./B/./././././././././././././././././././././.][./././././././././././././././././././././././.]
[erp02:121364] MCW rank 33 bound to socket 0[core 7[hwt 0]]: [./././././././B/./././././././././././././././.][./././././././././././././././././././././././.]
[erp02:121364] MCW rank 34 bound to socket 0[core 13[hwt 0]]: [./././././././././././././B/./././././././././.][./././././././././././././././././././././././.]
[erp02:121364] MCW rank 35 bound to socket 0[core 19[hwt 0]]: [./././././././././././././././././././B/./././.][./././././././././././././././././././././././.]
[erp02:121364] MCW rank 36 bound to socket 1[core 25[hwt 0]]: [./././././././././././././././././././././././.][./B/./././././././././././././././././././././.]
[erp02:121364] MCW rank 37 bound to socket 1[core 31[hwt 0]]: [./././././././././././././././././././././././.][./././././././B/./././././././././././././././.]
[erp02:121364] MCW rank 38 bound to socket 1[core 37[hwt 0]]: [./././././././././././././././././././././././.][./././././././././././././B/./././././././././.]
[erp02:121364] MCW rank 39 bound to socket 1[core 43[hwt 0]]: [./././././././././././././././././././././././.][./././././././././././././././././././B/./././.]
[erp02:121364] MCW rank 40 bound to socket 0[core 2[hwt 0]]: [././B/././././././././././././././././././././.][./././././././././././././././././././././././.]
[erp02:121364] MCW rank 41 bound to socket 0[core 8[hwt 0]]: [././././././././B/././././././././././././././.][./././././././././././././././././././././././.]
[erp02:121364] MCW rank 42 bound to socket 0[core 14[hwt 0]]: [././././././././././././././B/././././././././.][./././././././././././././././././././././././.]
[erp02:121364] MCW rank 43 bound to socket 0[core 20[hwt 0]]: [././././././././././././././././././././B/././.][./././././././././././././././././././././././.]
[erp02:121364] MCW rank 44 bound to socket 1[core 26[hwt 0]]: [./././././././././././././././././././././././.][././B/././././././././././././././././././././.]
[erp02:121364] MCW rank 45 bound to socket 1[core 32[hwt 0]]: [./././././././././././././././././././././././.][././././././././B/././././././././././././././.]
[erp02:121364] MCW rank 46 bound to socket 1[core 38[hwt 0]]: [./././././././././././././././././././././././.][././././././././././././././B/././././././././.]
[erp02:121364] MCW rank 47 bound to socket 1[core 44[hwt 0]]: [./././././././././././././././././././././././.][././././././././././././././././././././B/././.]

# OSU MPI Allreduce Latency Test v5.6.1
# Size       Avg Latency(us)
4                      10.25
8                      13.10
16                     10.36
32                     10.59
64                     10.90
128                    13.14
256                    13.86
512                    21.04
1024                   23.27
2048                   28.95
4096                   63.76
8192                   98.12
16384                 336.79
32768                 349.91
65536                 439.71
131072                576.08
262144               1166.98
524288               1420.78
1048576              2281.98
+ set +x
