processes 144
nodes 12
ppn 12
binding --bind-to core
+ mpirun -v --hostfile /tmp/hosts.10961 --bind-to core --report-bindings -n 144 /gpfs/u/home/CCNI/CCNIsmth/barn-shared/CWS/osu-micro-benchmarks-5.6.1-erp-openmpi.4.0.1-verbs-noUcx-Pmi-install//libexec/osu-micro-benchmarks/mpi//collective/osu_allreduce
[erp09:03153] MCW rank 96 bound to socket 0[core 0[hwt 0]]: [B/././././././././././././././././././././././.][./././././././././././././././././././././././.]
[erp09:03153] MCW rank 97 bound to socket 0[core 6[hwt 0]]: [././././././B/././././././././././././././././.][./././././././././././././././././././././././.]
[erp09:03153] MCW rank 98 bound to socket 0[core 12[hwt 0]]: [././././././././././././B/././././././././././.][./././././././././././././././././././././././.]
[erp09:03153] MCW rank 99 bound to socket 0[core 18[hwt 0]]: [././././././././././././././././././B/././././.][./././././././././././././././././././././././.]
[erp09:03153] MCW rank 100 bound to socket 1[core 24[hwt 0]]: [./././././././././././././././././././././././.][B/././././././././././././././././././././././.]
[erp09:03153] MCW rank 101 bound to socket 1[core 30[hwt 0]]: [./././././././././././././././././././././././.][././././././B/././././././././././././././././.]
[erp09:03153] MCW rank 102 bound to socket 1[core 36[hwt 0]]: [./././././././././././././././././././././././.][././././././././././././B/././././././././././.]
[erp09:03153] MCW rank 103 bound to socket 1[core 42[hwt 0]]: [./././././././././././././././././././././././.][././././././././././././././././././B/././././.]
[erp09:03153] MCW rank 104 bound to socket 0[core 1[hwt 0]]: [./B/./././././././././././././././././././././.][./././././././././././././././././././././././.]
[erp09:03153] MCW rank 105 bound to socket 0[core 7[hwt 0]]: [./././././././B/./././././././././././././././.][./././././././././././././././././././././././.]
[erp09:03153] MCW rank 106 bound to socket 0[core 13[hwt 0]]: [./././././././././././././B/./././././././././.][./././././././././././././././././././././././.]
[erp09:03153] MCW rank 107 bound to socket 0[core 19[hwt 0]]: [./././././././././././././././././././B/./././.][./././././././././././././././././././././././.]
[erp08:07230] MCW rank 84 bound to socket 0[core 0[hwt 0]]: [B/././././././././././././././././././././././.][./././././././././././././././././././././././.]
[erp08:07230] MCW rank 85 bound to socket 0[core 6[hwt 0]]: [././././././B/././././././././././././././././.][./././././././././././././././././././././././.]
[erp08:07230] MCW rank 86 bound to socket 0[core 12[hwt 0]]: [././././././././././././B/././././././././././.][./././././././././././././././././././././././.]
[erp08:07230] MCW rank 87 bound to socket 0[core 18[hwt 0]]: [././././././././././././././././././B/././././.][./././././././././././././././././././././././.]
[erp08:07230] MCW rank 88 bound to socket 1[core 24[hwt 0]]: [./././././././././././././././././././././././.][B/././././././././././././././././././././././.]
[erp08:07230] MCW rank 89 bound to socket 1[core 30[hwt 0]]: [./././././././././././././././././././././././.][././././././B/././././././././././././././././.]
[erp08:07230] MCW rank 90 bound to socket 1[core 36[hwt 0]]: [./././././././././././././././././././././././.][././././././././././././B/././././././././././.]
[erp08:07230] MCW rank 91 bound to socket 1[core 42[hwt 0]]: [./././././././././././././././././././././././.][././././././././././././././././././B/././././.]
[erp08:07230] MCW rank 92 bound to socket 0[core 1[hwt 0]]: [./B/./././././././././././././././././././././.][./././././././././././././././././././././././.]
[erp08:07230] MCW rank 93 bound to socket 0[core 7[hwt 0]]: [./././././././B/./././././././././././././././.][./././././././././././././././././././././././.]
[erp08:07230] MCW rank 94 bound to socket 0[core 13[hwt 0]]: [./././././././././././././B/./././././././././.][./././././././././././././././././././././././.]
[erp08:07230] MCW rank 95 bound to socket 0[core 19[hwt 0]]: [./././././././././././././././././././B/./././.][./././././././././././././././././././././././.]
[erp01:124280] MCW rank 0 bound to socket 0[core 0[hwt 0]]: [B/././././././././././././././././././././././.][./././././././././././././././././././././././.]
[erp01:124280] MCW rank 1 bound to socket 0[core 6[hwt 0]]: [././././././B/././././././././././././././././.][./././././././././././././././././././././././.]
[erp01:124280] MCW rank 2 bound to socket 0[core 12[hwt 0]]: [././././././././././././B/././././././././././.][./././././././././././././././././././././././.]
[erp01:124280] MCW rank 3 bound to socket 0[core 18[hwt 0]]: [././././././././././././././././././B/././././.][./././././././././././././././././././././././.]
[erp01:124280] MCW rank 4 bound to socket 1[core 24[hwt 0]]: [./././././././././././././././././././././././.][B/././././././././././././././././././././././.]
[erp01:124280] MCW rank 5 bound to socket 1[core 30[hwt 0]]: [./././././././././././././././././././././././.][././././././B/././././././././././././././././.]
[erp01:124280] MCW rank 6 bound to socket 1[core 36[hwt 0]]: [./././././././././././././././././././././././.][././././././././././././B/././././././././././.]
[erp01:124280] MCW rank 7 bound to socket 1[core 42[hwt 0]]: [./././././././././././././././././././././././.][././././././././././././././././././B/././././.]
[erp01:124280] MCW rank 8 bound to socket 0[core 1[hwt 0]]: [./B/./././././././././././././././././././././.][./././././././././././././././././././././././.]
[erp01:124280] MCW rank 9 bound to socket 0[core 7[hwt 0]]: [./././././././B/./././././././././././././././.][./././././././././././././././././././././././.]
[erp01:124280] MCW rank 10 bound to socket 0[core 13[hwt 0]]: [./././././././././././././B/./././././././././.][./././././././././././././././././././././././.]
[erp01:124280] MCW rank 11 bound to socket 0[core 19[hwt 0]]: [./././././././././././././././././././B/./././.][./././././././././././././././././././././././.]
[erp04:117790] MCW rank 36 bound to socket 0[core 0[hwt 0]]: [B/././././././././././././././././././././././.][./././././././././././././././././././././././.]
[erp04:117790] MCW rank 37 bound to socket 0[core 6[hwt 0]]: [././././././B/././././././././././././././././.][./././././././././././././././././././././././.]
[erp04:117790] MCW rank 38 bound to socket 0[core 12[hwt 0]]: [././././././././././././B/././././././././././.][./././././././././././././././././././././././.]
[erp04:117790] MCW rank 39 bound to socket 0[core 18[hwt 0]]: [././././././././././././././././././B/././././.][./././././././././././././././././././././././.]
[erp04:117790] MCW rank 40 bound to socket 1[core 24[hwt 0]]: [./././././././././././././././././././././././.][B/././././././././././././././././././././././.]
[erp04:117790] MCW rank 41 bound to socket 1[core 30[hwt 0]]: [./././././././././././././././././././././././.][././././././B/././././././././././././././././.]
[erp04:117790] MCW rank 42 bound to socket 1[core 36[hwt 0]]: [./././././././././././././././././././././././.][././././././././././././B/././././././././././.]
[erp04:117790] MCW rank 43 bound to socket 1[core 42[hwt 0]]: [./././././././././././././././././././././././.][././././././././././././././././././B/././././.]
[erp04:117790] MCW rank 44 bound to socket 0[core 1[hwt 0]]: [./B/./././././././././././././././././././././.][./././././././././././././././././././././././.]
[erp04:117790] MCW rank 45 bound to socket 0[core 7[hwt 0]]: [./././././././B/./././././././././././././././.][./././././././././././././././././././././././.]
[erp04:117790] MCW rank 46 bound to socket 0[core 13[hwt 0]]: [./././././././././././././B/./././././././././.][./././././././././././././././././././././././.]
[erp04:117790] MCW rank 47 bound to socket 0[core 19[hwt 0]]: [./././././././././././././././././././B/./././.][./././././././././././././././././././././././.]
[erp06:116030] MCW rank 60 bound to socket 0[core 0[hwt 0]]: [B/././././././././././././././././././././././.][./././././././././././././././././././././././.]
[erp06:116030] MCW rank 61 bound to socket 0[core 6[hwt 0]]: [././././././B/././././././././././././././././.][./././././././././././././././././././././././.]
[erp06:116030] MCW rank 62 bound to socket 0[core 12[hwt 0]]: [././././././././././././B/././././././././././.][./././././././././././././././././././././././.]
[erp06:116030] MCW rank 63 bound to socket 0[core 18[hwt 0]]: [././././././././././././././././././B/././././.][./././././././././././././././././././././././.]
[erp06:116030] MCW rank 64 bound to socket 1[core 24[hwt 0]]: [./././././././././././././././././././././././.][B/././././././././././././././././././././././.]
[erp06:116030] MCW rank 65 bound to socket 1[core 30[hwt 0]]: [./././././././././././././././././././././././.][././././././B/././././././././././././././././.]
[erp06:116030] MCW rank 66 bound to socket 1[core 36[hwt 0]]: [./././././././././././././././././././././././.][././././././././././././B/././././././././././.]
[erp06:116030] MCW rank 67 bound to socket 1[core 42[hwt 0]]: [./././././././././././././././././././././././.][././././././././././././././././././B/././././.]
[erp06:116030] MCW rank 68 bound to socket 0[core 1[hwt 0]]: [./B/./././././././././././././././././././././.][./././././././././././././././././././././././.]
[erp06:116030] MCW rank 69 bound to socket 0[core 7[hwt 0]]: [./././././././B/./././././././././././././././.][./././././././././././././././././././././././.]
[erp06:116030] MCW rank 70 bound to socket 0[core 13[hwt 0]]: [./././././././././././././B/./././././././././.][./././././././././././././././././././././././.]
[erp06:116030] MCW rank 71 bound to socket 0[core 19[hwt 0]]: [./././././././././././././././././././B/./././.][./././././././././././././././././././././././.]
[erp03:118267] MCW rank 24 bound to socket 0[core 0[hwt 0]]: [B/././././././././././././././././././././././.][./././././././././././././././././././././././.]
[erp03:118267] MCW rank 25 bound to socket 0[core 6[hwt 0]]: [././././././B/././././././././././././././././.][./././././././././././././././././././././././.]
[erp03:118267] MCW rank 26 bound to socket 0[core 12[hwt 0]]: [././././././././././././B/././././././././././.][./././././././././././././././././././././././.]
[erp03:118267] MCW rank 27 bound to socket 0[core 18[hwt 0]]: [././././././././././././././././././B/././././.][./././././././././././././././././././././././.]
[erp03:118267] MCW rank 28 bound to socket 1[core 24[hwt 0]]: [./././././././././././././././././././././././.][B/././././././././././././././././././././././.]
[erp03:118267] MCW rank 29 bound to socket 1[core 30[hwt 0]]: [./././././././././././././././././././././././.][././././././B/././././././././././././././././.]
[erp03:118267] MCW rank 30 bound to socket 1[core 36[hwt 0]]: [./././././././././././././././././././././././.][././././././././././././B/././././././././././.]
[erp03:118267] MCW rank 31 bound to socket 1[core 42[hwt 0]]: [./././././././././././././././././././././././.][././././././././././././././././././B/././././.]
[erp03:118267] MCW rank 32 bound to socket 0[core 1[hwt 0]]: [./B/./././././././././././././././././././././.][./././././././././././././././././././././././.]
[erp03:118267] MCW rank 33 bound to socket 0[core 7[hwt 0]]: [./././././././B/./././././././././././././././.][./././././././././././././././././././././././.]
[erp03:118267] MCW rank 34 bound to socket 0[core 13[hwt 0]]: [./././././././././././././B/./././././././././.][./././././././././././././././././././././././.]
[erp03:118267] MCW rank 35 bound to socket 0[core 19[hwt 0]]: [./././././././././././././././././././B/./././.][./././././././././././././././././././././././.]
[erp07:07971] MCW rank 72 bound to socket 0[core 0[hwt 0]]: [B/././././././././././././././././././././././.][./././././././././././././././././././././././.]
[erp07:07971] MCW rank 73 bound to socket 0[core 6[hwt 0]]: [././././././B/././././././././././././././././.][./././././././././././././././././././././././.]
[erp07:07971] MCW rank 74 bound to socket 0[core 12[hwt 0]]: [././././././././././././B/././././././././././.][./././././././././././././././././././././././.]
[erp07:07971] MCW rank 75 bound to socket 0[core 18[hwt 0]]: [././././././././././././././././././B/././././.][./././././././././././././././././././././././.]
[erp07:07971] MCW rank 76 bound to socket 1[core 24[hwt 0]]: [./././././././././././././././././././././././.][B/././././././././././././././././././././././.]
[erp07:07971] MCW rank 77 bound to socket 1[core 30[hwt 0]]: [./././././././././././././././././././././././.][././././././B/././././././././././././././././.]
[erp07:07971] MCW rank 78 bound to socket 1[core 36[hwt 0]]: [./././././././././././././././././././././././.][././././././././././././B/././././././././././.]
[erp07:07971] MCW rank 79 bound to socket 1[core 42[hwt 0]]: [./././././././././././././././././././././././.][././././././././././././././././././B/././././.]
[erp07:07971] MCW rank 80 bound to socket 0[core 1[hwt 0]]: [./B/./././././././././././././././././././././.][./././././././././././././././././././././././.]
[erp07:07971] MCW rank 81 bound to socket 0[core 7[hwt 0]]: [./././././././B/./././././././././././././././.][./././././././././././././././././././././././.]
[erp07:07971] MCW rank 82 bound to socket 0[core 13[hwt 0]]: [./././././././././././././B/./././././././././.][./././././././././././././././././././././././.]
[erp07:07971] MCW rank 83 bound to socket 0[core 19[hwt 0]]: [./././././././././././././././././././B/./././.][./././././././././././././././././././././././.]
[erp10:03100] MCW rank 108 bound to socket 0[core 0[hwt 0]]: [B/././././././././././././././././././././././.][./././././././././././././././././././././././.]
[erp10:03100] MCW rank 109 bound to socket 0[core 6[hwt 0]]: [././././././B/././././././././././././././././.][./././././././././././././././././././././././.]
[erp10:03100] MCW rank 110 bound to socket 0[core 12[hwt 0]]: [././././././././././././B/././././././././././.][./././././././././././././././././././././././.]
[erp10:03100] MCW rank 111 bound to socket 0[core 18[hwt 0]]: [././././././././././././././././././B/././././.][./././././././././././././././././././././././.]
[erp10:03100] MCW rank 112 bound to socket 1[core 24[hwt 0]]: [./././././././././././././././././././././././.][B/././././././././././././././././././././././.]
[erp10:03100] MCW rank 113 bound to socket 1[core 30[hwt 0]]: [./././././././././././././././././././././././.][././././././B/././././././././././././././././.]
[erp10:03100] MCW rank 114 bound to socket 1[core 36[hwt 0]]: [./././././././././././././././././././././././.][././././././././././././B/././././././././././.]
[erp10:03100] MCW rank 115 bound to socket 1[core 42[hwt 0]]: [./././././././././././././././././././././././.][././././././././././././././././././B/././././.]
[erp10:03100] MCW rank 116 bound to socket 0[core 1[hwt 0]]: [./B/./././././././././././././././././././././.][./././././././././././././././././././././././.]
[erp10:03100] MCW rank 117 bound to socket 0[core 7[hwt 0]]: [./././././././B/./././././././././././././././.][./././././././././././././././././././././././.]
[erp10:03100] MCW rank 118 bound to socket 0[core 13[hwt 0]]: [./././././././././././././B/./././././././././.][./././././././././././././././././././././././.]
[erp10:03100] MCW rank 119 bound to socket 0[core 19[hwt 0]]: [./././././././././././././././././././B/./././.][./././././././././././././././././././././././.]
[erp12:130728] MCW rank 132 bound to socket 0[core 0[hwt 0]]: [B/././././././././././././././././././././././.][./././././././././././././././././././././././.]
[erp12:130728] MCW rank 133 bound to socket 0[core 6[hwt 0]]: [././././././B/././././././././././././././././.][./././././././././././././././././././././././.]
[erp12:130728] MCW rank 134 bound to socket 0[core 12[hwt 0]]: [././././././././././././B/././././././././././.][./././././././././././././././././././././././.]
[erp12:130728] MCW rank 135 bound to socket 0[core 18[hwt 0]]: [././././././././././././././././././B/././././.][./././././././././././././././././././././././.]
[erp12:130728] MCW rank 136 bound to socket 1[core 24[hwt 0]]: [./././././././././././././././././././././././.][B/././././././././././././././././././././././.]
[erp12:130728] MCW rank 137 bound to socket 1[core 30[hwt 0]]: [./././././././././././././././././././././././.][././././././B/././././././././././././././././.]
[erp12:130728] MCW rank 138 bound to socket 1[core 36[hwt 0]]: [./././././././././././././././././././././././.][././././././././././././B/././././././././././.]
[erp12:130728] MCW rank 139 bound to socket 1[core 42[hwt 0]]: [./././././././././././././././././././././././.][././././././././././././././././././B/././././.]
[erp12:130728] MCW rank 140 bound to socket 0[core 1[hwt 0]]: [./B/./././././././././././././././././././././.][./././././././././././././././././././././././.]
[erp12:130728] MCW rank 141 bound to socket 0[core 7[hwt 0]]: [./././././././B/./././././././././././././././.][./././././././././././././././././././././././.]
[erp12:130728] MCW rank 142 bound to socket 0[core 13[hwt 0]]: [./././././././././././././B/./././././././././.][./././././././././././././././././././././././.]
[erp12:130728] MCW rank 143 bound to socket 0[core 19[hwt 0]]: [./././././././././././././././././././B/./././.][./././././././././././././././././././././././.]
[erp11:111382] MCW rank 120 bound to socket 0[core 0[hwt 0]]: [B/././././././././././././././././././././././.][./././././././././././././././././././././././.]
[erp11:111382] MCW rank 121 bound to socket 0[core 6[hwt 0]]: [././././././B/././././././././././././././././.][./././././././././././././././././././././././.]
[erp11:111382] MCW rank 122 bound to socket 0[core 12[hwt 0]]: [././././././././././././B/././././././././././.][./././././././././././././././././././././././.]
[erp11:111382] MCW rank 123 bound to socket 0[core 18[hwt 0]]: [././././././././././././././././././B/././././.][./././././././././././././././././././././././.]
[erp11:111382] MCW rank 124 bound to socket 1[core 24[hwt 0]]: [./././././././././././././././././././././././.][B/././././././././././././././././././././././.]
[erp11:111382] MCW rank 125 bound to socket 1[core 30[hwt 0]]: [./././././././././././././././././././././././.][././././././B/././././././././././././././././.]
[erp11:111382] MCW rank 126 bound to socket 1[core 36[hwt 0]]: [./././././././././././././././././././././././.][././././././././././././B/././././././././././.]
[erp11:111382] MCW rank 127 bound to socket 1[core 42[hwt 0]]: [./././././././././././././././././././././././.][././././././././././././././././././B/././././.]
[erp11:111382] MCW rank 128 bound to socket 0[core 1[hwt 0]]: [./B/./././././././././././././././././././././.][./././././././././././././././././././././././.]
[erp11:111382] MCW rank 129 bound to socket 0[core 7[hwt 0]]: [./././././././B/./././././././././././././././.][./././././././././././././././././././././././.]
[erp11:111382] MCW rank 130 bound to socket 0[core 13[hwt 0]]: [./././././././././././././B/./././././././././.][./././././././././././././././././././././././.]
[erp11:111382] MCW rank 131 bound to socket 0[core 19[hwt 0]]: [./././././././././././././././././././B/./././.][./././././././././././././././././././././././.]
[erp05:116674] MCW rank 48 bound to socket 0[core 0[hwt 0]]: [B/././././././././././././././././././././././.][./././././././././././././././././././././././.]
[erp05:116674] MCW rank 49 bound to socket 0[core 6[hwt 0]]: [././././././B/././././././././././././././././.][./././././././././././././././././././././././.]
[erp05:116674] MCW rank 50 bound to socket 0[core 12[hwt 0]]: [././././././././././././B/././././././././././.][./././././././././././././././././././././././.]
[erp05:116674] MCW rank 51 bound to socket 0[core 18[hwt 0]]: [././././././././././././././././././B/././././.][./././././././././././././././././././././././.]
[erp05:116674] MCW rank 52 bound to socket 1[core 24[hwt 0]]: [./././././././././././././././././././././././.][B/././././././././././././././././././././././.]
[erp05:116674] MCW rank 53 bound to socket 1[core 30[hwt 0]]: [./././././././././././././././././././././././.][././././././B/././././././././././././././././.]
[erp05:116674] MCW rank 54 bound to socket 1[core 36[hwt 0]]: [./././././././././././././././././././././././.][././././././././././././B/././././././././././.]
[erp05:116674] MCW rank 55 bound to socket 1[core 42[hwt 0]]: [./././././././././././././././././././././././.][././././././././././././././././././B/././././.]
[erp05:116674] MCW rank 56 bound to socket 0[core 1[hwt 0]]: [./B/./././././././././././././././././././././.][./././././././././././././././././././././././.]
[erp05:116674] MCW rank 57 bound to socket 0[core 7[hwt 0]]: [./././././././B/./././././././././././././././.][./././././././././././././././././././././././.]
[erp05:116674] MCW rank 58 bound to socket 0[core 13[hwt 0]]: [./././././././././././././B/./././././././././.][./././././././././././././././././././././././.]
[erp05:116674] MCW rank 59 bound to socket 0[core 19[hwt 0]]: [./././././././././././././././././././B/./././.][./././././././././././././././././././././././.]
[erp02:121189] MCW rank 12 bound to socket 0[core 0[hwt 0]]: [B/././././././././././././././././././././././.][./././././././././././././././././././././././.]
[erp02:121189] MCW rank 13 bound to socket 0[core 6[hwt 0]]: [././././././B/././././././././././././././././.][./././././././././././././././././././././././.]
[erp02:121189] MCW rank 14 bound to socket 0[core 12[hwt 0]]: [././././././././././././B/././././././././././.][./././././././././././././././././././././././.]
[erp02:121189] MCW rank 15 bound to socket 0[core 18[hwt 0]]: [././././././././././././././././././B/././././.][./././././././././././././././././././././././.]
[erp02:121189] MCW rank 16 bound to socket 1[core 24[hwt 0]]: [./././././././././././././././././././././././.][B/././././././././././././././././././././././.]
[erp02:121189] MCW rank 17 bound to socket 1[core 30[hwt 0]]: [./././././././././././././././././././././././.][././././././B/././././././././././././././././.]
[erp02:121189] MCW rank 18 bound to socket 1[core 36[hwt 0]]: [./././././././././././././././././././././././.][././././././././././././B/././././././././././.]
[erp02:121189] MCW rank 19 bound to socket 1[core 42[hwt 0]]: [./././././././././././././././././././././././.][././././././././././././././././././B/././././.]
[erp02:121189] MCW rank 20 bound to socket 0[core 1[hwt 0]]: [./B/./././././././././././././././././././././.][./././././././././././././././././././././././.]
[erp02:121189] MCW rank 21 bound to socket 0[core 7[hwt 0]]: [./././././././B/./././././././././././././././.][./././././././././././././././././././././././.]
[erp02:121189] MCW rank 22 bound to socket 0[core 13[hwt 0]]: [./././././././././././././B/./././././././././.][./././././././././././././././././././././././.]
[erp02:121189] MCW rank 23 bound to socket 0[core 19[hwt 0]]: [./././././././././././././././././././B/./././.][./././././././././././././././././././././././.]

# OSU MPI Allreduce Latency Test v5.6.1
# Size       Avg Latency(us)
4                      16.63
8                      16.53
16                     16.93
32                     16.68
64                     18.00
128                    23.46
256                    24.38
512                    30.06
1024                   34.90
2048                   51.80
4096                  109.58
8192                  191.00
16384                 489.95
32768                 492.09
65536                1073.84
131072               1116.44
262144               1424.38
524288               2002.84
1048576              3518.21
+ set +x
