processes 384
nodes 8
ppn 48
binding numa
+ srun --mpi=pmi2 -n 384 --cpu_bind=verbose,map_ldom=4,4,4,4,4,4,5,5,5,5,5,5,6,6,6,6,6,6,7,7,7,7,7,7,0,0,0,0,0,0,1,1,1,1,1,1,2,2,2,2,2,2,3,3,3,3,3,3 /gpfs/u/home/CCNI/CCNIsmth/barn-shared/CWS/osu-micro-benchmarks-5.6.1-erp-openmpi.4.0.1-verbs-noUcx-Pmi-install//libexec/osu-micro-benchmarks/mpi//collective/osu_allreduce
cpu_bind=LDMAP  - erp01, task  0  0 [630]: mask 0x20202020202 set
cpu_bind=LDMAP  - erp01, task  3  3 [637]: mask 0x20202020202 set
cpu_bind=LDMAP  - erp01, task  4  4 [639]: mask 0x20202020202 set
cpu_bind=LDMAP  - erp01, task  5  5 [642]: mask 0x20202020202 set
cpu_bind=LDMAP  - erp01, task  1  1 [632]: mask 0x20202020202 set
cpu_bind=LDMAP  - erp01, task  2  2 [633]: mask 0x20202020202 set
cpu_bind=LDMAP  - erp01, task  6  6 [644]: mask 0x80808080808 set
cpu_bind=LDMAP  - erp01, task  7  7 [648]: mask 0x80808080808 set
cpu_bind=LDMAP  - erp01, task 10 10 [658]: mask 0x80808080808 set
cpu_bind=LDMAP  - erp01, task  9  9 [654]: mask 0x80808080808 set
cpu_bind=LDMAP  - erp01, task  8  8 [653]: mask 0x80808080808 set
cpu_bind=LDMAP  - erp01, task 11 11 [665]: mask 0x80808080808 set
cpu_bind=LDMAP  - erp01, task 12 12 [672]: mask 0x202020202020 set
cpu_bind=LDMAP  - erp01, task 13 13 [673]: mask 0x202020202020 set
cpu_bind=LDMAP  - erp01, task 14 14 [678]: mask 0x202020202020 set
cpu_bind=LDMAP  - erp01, task 15 15 [679]: mask 0x202020202020 set
cpu_bind=LDMAP  - erp01, task 16 16 [680]: mask 0x202020202020 set
cpu_bind=LDMAP  - erp01, task 17 17 [682]: mask 0x202020202020 set
cpu_bind=LDMAP  - erp01, task 19 19 [684]: mask 0x808080808080 set
cpu_bind=LDMAP  - erp01, task 18 18 [683]: mask 0x808080808080 set
cpu_bind=LDMAP  - erp01, task 21 21 [686]: mask 0x808080808080 set
cpu_bind=LDMAP  - erp01, task 22 22 [687]: mask 0x808080808080 set
cpu_bind=LDMAP  - erp01, task 23 23 [688]: mask 0x808080808080 set
cpu_bind=LDMAP  - erp01, task 20 20 [685]: mask 0x808080808080 set
cpu_bind=LDMAP  - erp01, task 24 24 [689]: mask 0x10101010101 set
cpu_bind=LDMAP  - erp01, task 25 25 [691]: mask 0x10101010101 set
cpu_bind=LDMAP  - erp01, task 26 26 [692]: mask 0x10101010101 set
cpu_bind=LDMAP  - erp01, task 27 27 [693]: mask 0x10101010101 set
cpu_bind=LDMAP  - erp01, task 28 28 [694]: mask 0x10101010101 set
cpu_bind=LDMAP  - erp01, task 29 29 [695]: mask 0x10101010101 set
cpu_bind=LDMAP  - erp01, task 32 32 [699]: mask 0x40404040404 set
cpu_bind=LDMAP  - erp01, task 31 31 [698]: mask 0x40404040404 set
cpu_bind=LDMAP  - erp01, task 30 30 [697]: mask 0x40404040404 set
cpu_bind=LDMAP  - erp01, task 33 33 [700]: mask 0x40404040404 set
cpu_bind=LDMAP  - erp01, task 34 34 [701]: mask 0x40404040404 set
cpu_bind=LDMAP  - erp01, task 36 36 [704]: mask 0x101010101010 set
cpu_bind=LDMAP  - erp01, task 35 35 [703]: mask 0x40404040404 set
cpu_bind=LDMAP  - erp01, task 37 37 [705]: mask 0x101010101010 set
cpu_bind=LDMAP  - erp01, task 38 38 [706]: mask 0x101010101010 set
cpu_bind=LDMAP  - erp01, task 39 39 [707]: mask 0x101010101010 set
cpu_bind=LDMAP  - erp01, task 40 40 [708]: mask 0x101010101010 set
cpu_bind=LDMAP  - erp01, task 41 41 [709]: mask 0x101010101010 set
cpu_bind=LDMAP  - erp01, task 42 42 [710]: mask 0x404040404040 set
cpu_bind=LDMAP  - erp01, task 43 43 [711]: mask 0x404040404040 set
cpu_bind=LDMAP  - erp01, task 45 45 [713]: mask 0x404040404040 set
cpu_bind=LDMAP  - erp01, task 44 44 [712]: mask 0x404040404040 set
cpu_bind=LDMAP  - erp01, task 46 46 [714]: mask 0x404040404040 set
cpu_bind=LDMAP  - erp01, task 47 47 [715]: mask 0x404040404040 set
cpu_bind=LDMAP  - erp02, task 51  3 [64070]: mask 0x20202020202 set
cpu_bind=LDMAP  - erp04, task 145  1 [112458]: mask 0x20202020202 set
cpu_bind=LDMAP  - erp02, task 52  4 [64071]: mask 0x20202020202 set
cpu_bind=LDMAP  - erp04, task 144  0 [112457]: mask 0x20202020202 set
cpu_bind=LDMAP  - erp02, task 53  5 [64072]: mask 0x20202020202 set
cpu_bind=LDMAP  - erp04, task 146  2 [112459]: mask 0x20202020202 set
cpu_bind=LDMAP  - erp02, task 48  0 [64067]: mask 0x20202020202 set
cpu_bind=LDMAP  - erp04, task 147  3 [112460]: mask 0x20202020202 set
cpu_bind=LDMAP  - erp02, task 50  2 [64069]: mask 0x20202020202 set
cpu_bind=LDMAP  - erp04, task 148  4 [112461]: mask 0x20202020202 set
cpu_bind=LDMAP  - erp02, task 49  1 [64068]: mask 0x20202020202 set
cpu_bind=LDMAP  - erp04, task 149  5 [112462]: mask 0x20202020202 set
cpu_bind=LDMAP  - erp02, task 54  6 [64073]: mask 0x80808080808 set
cpu_bind=LDMAP  - erp04, task 150  6 [112463]: mask 0x80808080808 set
cpu_bind=LDMAP  - erp02, task 55  7 [64074]: mask 0x80808080808 set
cpu_bind=LDMAP  - erp04, task 151  7 [112464]: mask 0x80808080808 set
cpu_bind=LDMAP  - erp02, task 56  8 [64075]: mask 0x80808080808 set
cpu_bind=LDMAP  - erp04, task 152  8 [112465]: mask 0x80808080808 set
cpu_bind=LDMAP  - erp02, task 57  9 [64076]: mask 0x80808080808 set
cpu_bind=LDMAP  - erp04, task 153  9 [112466]: mask 0x80808080808 set
cpu_bind=LDMAP  - erp02, task 58 10 [64077]: mask 0x80808080808 set
cpu_bind=LDMAP  - erp04, task 154 10 [112467]: mask 0x80808080808 set
cpu_bind=LDMAP  - erp02, task 59 11 [64078]: mask 0x80808080808 set
cpu_bind=LDMAP  - erp04, task 155 11 [112468]: mask 0x80808080808 set
cpu_bind=LDMAP  - erp02, task 61 13 [64080]: mask 0x202020202020 set
cpu_bind=LDMAP  - erp04, task 156 12 [112469]: mask 0x202020202020 set
cpu_bind=LDMAP  - erp02, task 60 12 [64079]: mask 0x202020202020 set
cpu_bind=LDMAP  - erp04, task 157 13 [112470]: mask 0x202020202020 set
cpu_bind=LDMAP  - erp02, task 62 14 [64081]: mask 0x202020202020 set
cpu_bind=LDMAP  - erp04, task 160 16 [112473]: mask 0x202020202020 set
cpu_bind=LDMAP  - erp02, task 63 15 [64082]: mask 0x202020202020 set
cpu_bind=LDMAP  - erp04, task 159 15 [112472]: mask 0x202020202020 set
cpu_bind=LDMAP  - erp02, task 64 16 [64083]: mask 0x202020202020 set
cpu_bind=LDMAP  - erp04, task 158 14 [112471]: mask 0x202020202020 set
cpu_bind=LDMAP  - erp04, task 161 17 [112474]: mask 0x202020202020 set
cpu_bind=LDMAP  - erp04, task 163 19 [112476]: mask 0x808080808080 set
cpu_bind=LDMAP  - erp04, task 162 18 [112475]: mask 0x808080808080 set
cpu_bind=LDMAP  - erp04, task 164 20 [112477]: mask 0x808080808080 set
cpu_bind=LDMAP  - erp02, task 65 17 [64084]: mask 0x202020202020 set
cpu_bind=LDMAP  - erp02, task 66 18 [64085]: mask 0x808080808080 set
cpu_bind=LDMAP  - erp02, task 67 19 [64086]: mask 0x808080808080 set
cpu_bind=LDMAP  - erp02, task 68 20 [64087]: mask 0x808080808080 set
cpu_bind=LDMAP  - erp04, task 166 22 [112479]: mask 0x808080808080 set
cpu_bind=LDMAP  - erp04, task 165 21 [112478]: mask 0x808080808080 set
cpu_bind=LDMAP  - erp04, task 167 23 [112480]: mask 0x808080808080 set
cpu_bind=LDMAP  - erp04, task 168 24 [112481]: mask 0x10101010101 set
cpu_bind=LDMAP  - erp02, task 70 22 [64089]: mask 0x808080808080 set
cpu_bind=LDMAP  - erp02, task 69 21 [64088]: mask 0x808080808080 set
cpu_bind=LDMAP  - erp04, task 169 25 [112482]: mask 0x10101010101 set
cpu_bind=LDMAP  - erp04, task 171 27 [112484]: mask 0x10101010101 set
cpu_bind=LDMAP  - erp04, task 170 26 [112483]: mask 0x10101010101 set
cpu_bind=LDMAP  - erp02, task 71 23 [64090]: mask 0x808080808080 set
cpu_bind=LDMAP  - erp02, task 72 24 [64091]: mask 0x10101010101 set
cpu_bind=LDMAP  - erp02, task 73 25 [64092]: mask 0x10101010101 set
cpu_bind=LDMAP  - erp04, task 172 28 [112485]: mask 0x10101010101 set
cpu_bind=LDMAP  - erp02, task 75 27 [64094]: mask 0x10101010101 set
cpu_bind=LDMAP  - erp02, task 74 26 [64093]: mask 0x10101010101 set
cpu_bind=LDMAP  - erp02, task 76 28 [64095]: mask 0x10101010101 set
cpu_bind=LDMAP  - erp04, task 173 29 [112486]: mask 0x10101010101 set
cpu_bind=LDMAP  - erp06, task 241  1 [111571]: mask 0x20202020202 set
cpu_bind=LDMAP  - erp02, task 78 30 [64097]: mask 0x40404040404 set
cpu_bind=LDMAP  - erp04, task 174 30 [112487]: mask 0x40404040404 set
cpu_bind=LDMAP  - erp06, task 242  2 [111572]: mask 0x20202020202 set
cpu_bind=LDMAP  - erp02, task 79 31 [64098]: mask 0x40404040404 set
cpu_bind=LDMAP  - erp04, task 176 32 [112489]: mask 0x40404040404 set
cpu_bind=LDMAP  - erp06, task 240  0 [111570]: mask 0x20202020202 set
cpu_bind=LDMAP  - erp02, task 77 29 [64096]: mask 0x10101010101 set
cpu_bind=LDMAP  - erp04, task 177 33 [112490]: mask 0x40404040404 set
cpu_bind=LDMAP  - erp06, task 243  3 [111573]: mask 0x20202020202 set
cpu_bind=LDMAP  - erp02, task 80 32 [64099]: mask 0x40404040404 set
cpu_bind=LDMAP  - erp04, task 178 34 [112491]: mask 0x40404040404 set
cpu_bind=LDMAP  - erp06, task 245  5 [111575]: mask 0x20202020202 set
cpu_bind=LDMAP  - erp02, task 83 35 [64102]: mask 0x40404040404 set
cpu_bind=LDMAP  - erp04, task 179 35 [112492]: mask 0x40404040404 set
cpu_bind=LDMAP  - erp06, task 244  4 [111574]: mask 0x20202020202 set
cpu_bind=LDMAP  - erp02, task 81 33 [64100]: mask 0x40404040404 set
cpu_bind=LDMAP  - erp04, task 180 36 [112493]: mask 0x101010101010 set
cpu_bind=LDMAP  - erp06, task 246  6 [111576]: mask 0x80808080808 set
cpu_bind=LDMAP  - erp02, task 84 36 [64103]: mask 0x101010101010 set
cpu_bind=LDMAP  - erp04, task 175 31 [112488]: mask 0x40404040404 set
cpu_bind=LDMAP  - erp06, task 248  8 [111578]: mask 0x80808080808 set
cpu_bind=LDMAP  - erp02, task 86 38 [64105]: mask 0x101010101010 set
cpu_bind=LDMAP  - erp04, task 183 39 [112496]: mask 0x101010101010 set
cpu_bind=LDMAP  - erp06, task 247  7 [111577]: mask 0x80808080808 set
cpu_bind=LDMAP  - erp02, task 85 37 [64104]: mask 0x101010101010 set
cpu_bind=LDMAP  - erp04, task 182 38 [112495]: mask 0x101010101010 set
cpu_bind=LDMAP  - erp06, task 249  9 [111579]: mask 0x80808080808 set
cpu_bind=LDMAP  - erp02, task 82 34 [64101]: mask 0x40404040404 set
cpu_bind=LDMAP  - erp04, task 181 37 [112494]: mask 0x101010101010 set
cpu_bind=LDMAP  - erp06, task 251 11 [111581]: mask 0x80808080808 set
cpu_bind=LDMAP  - erp02, task 87 39 [64106]: mask 0x101010101010 set
cpu_bind=LDMAP  - erp04, task 186 42 [112499]: mask 0x404040404040 set
cpu_bind=LDMAP  - erp06, task 250 10 [111580]: mask 0x80808080808 set
cpu_bind=LDMAP  - erp02, task 88 40 [64107]: mask 0x101010101010 set
cpu_bind=LDMAP  - erp04, task 185 41 [112498]: mask 0x101010101010 set
cpu_bind=LDMAP  - erp06, task 252 12 [111582]: mask 0x202020202020 set
cpu_bind=LDMAP  - erp02, task 89 41 [64108]: mask 0x101010101010 set
cpu_bind=LDMAP  - erp04, task 187 43 [112500]: mask 0x404040404040 set
cpu_bind=LDMAP  - erp02, task 90 42 [64109]: mask 0x404040404040 set
cpu_bind=LDMAP  - erp04, task 184 40 [112497]: mask 0x101010101010 set
cpu_bind=LDMAP  - erp02, task 91 43 [64110]: mask 0x404040404040 set
cpu_bind=LDMAP  - erp04, task 188 44 [112501]: mask 0x404040404040 set
cpu_bind=LDMAP  - erp02, task 94 46 [64113]: mask 0x404040404040 set
cpu_bind=LDMAP  - erp04, task 189 45 [112502]: mask 0x404040404040 set
cpu_bind=LDMAP  - erp02, task 95 47 [64114]: mask 0x404040404040 set
cpu_bind=LDMAP  - erp04, task 191 47 [112504]: mask 0x404040404040 set
cpu_bind=LDMAP  - erp02, task 93 45 [64112]: mask 0x404040404040 set
cpu_bind=LDMAP  - erp04, task 190 46 [112503]: mask 0x404040404040 set
cpu_bind=LDMAP  - erp02, task 92 44 [64111]: mask 0x404040404040 set
cpu_bind=LDMAP  - erp06, task 254 14 [111584]: mask 0x202020202020 set
cpu_bind=LDMAP  - erp06, task 253 13 [111583]: mask 0x202020202020 set
cpu_bind=LDMAP  - erp06, task 255 15 [111585]: mask 0x202020202020 set
cpu_bind=LDMAP  - erp06, task 256 16 [111586]: mask 0x202020202020 set
cpu_bind=LDMAP  - erp06, task 258 18 [111588]: mask 0x808080808080 set
cpu_bind=LDMAP  - erp06, task 257 17 [111587]: mask 0x202020202020 set
cpu_bind=LDMAP  - erp06, task 259 19 [111589]: mask 0x808080808080 set
cpu_bind=LDMAP  - erp06, task 261 21 [111591]: mask 0x808080808080 set
cpu_bind=LDMAP  - erp06, task 260 20 [111590]: mask 0x808080808080 set
cpu_bind=LDMAP  - erp06, task 263 23 [111593]: mask 0x808080808080 set
cpu_bind=LDMAP  - erp06, task 265 25 [111595]: mask 0x10101010101 set
cpu_bind=LDMAP  - erp06, task 262 22 [111592]: mask 0x808080808080 set
cpu_bind=LDMAP  - erp03, task 99  3 [117069]: mask 0x20202020202 set
cpu_bind=LDMAP  - erp03, task 100  4 [117070]: mask 0x20202020202 set
cpu_bind=LDMAP  - erp03, task 101  5 [117071]: mask 0x20202020202 set
cpu_bind=LDMAP  - erp03, task 97  1 [117067]: mask 0x20202020202 set
cpu_bind=LDMAP  - erp03, task 96  0 [117066]: mask 0x20202020202 set
cpu_bind=LDMAP  - erp03, task 98  2 [117068]: mask 0x20202020202 set
cpu_bind=LDMAP  - erp03, task 102  6 [117072]: mask 0x80808080808 set
cpu_bind=LDMAP  - erp06, task 264 24 [111594]: mask 0x10101010101 set
cpu_bind=LDMAP  - erp06, task 266 26 [111596]: mask 0x10101010101 set
cpu_bind=LDMAP  - erp06, task 268 28 [111598]: mask 0x10101010101 set
cpu_bind=LDMAP  - erp06, task 267 27 [111597]: mask 0x10101010101 set
cpu_bind=LDMAP  - erp03, task 103  7 [117073]: mask 0x80808080808 set
cpu_bind=LDMAP  - erp03, task 104  8 [117074]: mask 0x80808080808 set
cpu_bind=LDMAP  - erp03, task 105  9 [117075]: mask 0x80808080808 set
cpu_bind=LDMAP  - erp03, task 106 10 [117076]: mask 0x80808080808 set
cpu_bind=LDMAP  - erp06, task 269 29 [111599]: mask 0x10101010101 set
cpu_bind=LDMAP  - erp06, task 270 30 [111600]: mask 0x40404040404 set
cpu_bind=LDMAP  - erp06, task 271 31 [111601]: mask 0x40404040404 set
cpu_bind=LDMAP  - erp03, task 107 11 [117077]: mask 0x80808080808 set
cpu_bind=LDMAP  - erp03, task 109 13 [117079]: mask 0x202020202020 set
cpu_bind=LDMAP  - erp03, task 108 12 [117078]: mask 0x202020202020 set
cpu_bind=LDMAP  - erp06, task 272 32 [111602]: mask 0x40404040404 set
cpu_bind=LDMAP  - erp03, task 110 14 [117080]: mask 0x202020202020 set
cpu_bind=LDMAP  - erp03, task 112 16 [117082]: mask 0x202020202020 set
cpu_bind=LDMAP  - erp06, task 274 34 [111604]: mask 0x40404040404 set
cpu_bind=LDMAP  - erp06, task 273 33 [111603]: mask 0x40404040404 set
cpu_bind=LDMAP  - erp03, task 111 15 [117081]: mask 0x202020202020 set
cpu_bind=LDMAP  - erp06, task 275 35 [111605]: mask 0x40404040404 set
cpu_bind=LDMAP  - erp06, task 276 36 [111606]: mask 0x101010101010 set
cpu_bind=LDMAP  - erp03, task 113 17 [117083]: mask 0x202020202020 set
cpu_bind=LDMAP  - erp06, task 277 37 [111607]: mask 0x101010101010 set
cpu_bind=LDMAP  - erp03, task 114 18 [117084]: mask 0x808080808080 set
cpu_bind=LDMAP  - erp03, task 115 19 [117085]: mask 0x808080808080 set
cpu_bind=LDMAP  - erp03, task 116 20 [117086]: mask 0x808080808080 set
cpu_bind=LDMAP  - erp03, task 117 21 [117087]: mask 0x808080808080 set
cpu_bind=LDMAP  - erp03, task 118 22 [117088]: mask 0x808080808080 set
cpu_bind=LDMAP  - erp06, task 278 38 [111608]: mask 0x101010101010 set
cpu_bind=LDMAP  - erp06, task 279 39 [111609]: mask 0x101010101010 set
cpu_bind=LDMAP  - erp06, task 280 40 [111610]: mask 0x101010101010 set
cpu_bind=LDMAP  - erp06, task 281 41 [111611]: mask 0x101010101010 set
cpu_bind=LDMAP  - erp06, task 283 43 [111613]: mask 0x404040404040 set
cpu_bind=LDMAP  - erp03, task 119 23 [117089]: mask 0x808080808080 set
cpu_bind=LDMAP  - erp06, task 282 42 [111612]: mask 0x404040404040 set
cpu_bind=LDMAP  - erp03, task 120 24 [117090]: mask 0x10101010101 set
cpu_bind=LDMAP  - erp03, task 121 25 [117091]: mask 0x10101010101 set
cpu_bind=LDMAP  - erp06, task 285 45 [111615]: mask 0x404040404040 set
cpu_bind=LDMAP  - erp06, task 284 44 [111614]: mask 0x404040404040 set
cpu_bind=LDMAP  - erp03, task 124 28 [117094]: mask 0x10101010101 set
cpu_bind=LDMAP  - erp03, task 123 27 [117093]: mask 0x10101010101 set
cpu_bind=LDMAP  - erp03, task 122 26 [117092]: mask 0x10101010101 set
cpu_bind=LDMAP  - erp06, task 286 46 [111616]: mask 0x404040404040 set
cpu_bind=LDMAP  - erp03, task 125 29 [117095]: mask 0x10101010101 set
cpu_bind=LDMAP  - erp06, task 287 47 [111617]: mask 0x404040404040 set
cpu_bind=LDMAP  - erp03, task 128 32 [117098]: mask 0x40404040404 set
cpu_bind=LDMAP  - erp03, task 127 31 [117097]: mask 0x40404040404 set
cpu_bind=LDMAP  - erp03, task 129 33 [117099]: mask 0x40404040404 set
cpu_bind=LDMAP  - erp03, task 126 30 [117096]: mask 0x40404040404 set
cpu_bind=LDMAP  - erp03, task 130 34 [117100]: mask 0x40404040404 set
cpu_bind=LDMAP  - erp03, task 131 35 [117101]: mask 0x40404040404 set
cpu_bind=LDMAP  - erp03, task 132 36 [117102]: mask 0x101010101010 set
cpu_bind=LDMAP  - erp03, task 133 37 [117103]: mask 0x101010101010 set
cpu_bind=LDMAP  - erp03, task 134 38 [117104]: mask 0x101010101010 set
cpu_bind=LDMAP  - erp03, task 137 41 [117107]: mask 0x101010101010 set
cpu_bind=LDMAP  - erp03, task 136 40 [117106]: mask 0x101010101010 set
cpu_bind=LDMAP  - erp03, task 135 39 [117105]: mask 0x101010101010 set
cpu_bind=LDMAP  - erp03, task 139 43 [117109]: mask 0x404040404040 set
cpu_bind=LDMAP  - erp03, task 138 42 [117108]: mask 0x404040404040 set
cpu_bind=LDMAP  - erp03, task 140 44 [117110]: mask 0x404040404040 set
cpu_bind=LDMAP  - erp03, task 142 46 [117112]: mask 0x404040404040 set
cpu_bind=LDMAP  - erp03, task 141 45 [117111]: mask 0x404040404040 set
cpu_bind=LDMAP  - erp03, task 143 47 [117113]: mask 0x404040404040 set
cpu_bind=LDMAP  - erp07, task 289  1 [47798]: mask 0x20202020202 set
cpu_bind=LDMAP  - erp07, task 288  0 [47797]: mask 0x20202020202 set
cpu_bind=LDMAP  - erp07, task 290  2 [47799]: mask 0x20202020202 set
cpu_bind=LDMAP  - erp07, task 292  4 [47801]: mask 0x20202020202 set
cpu_bind=LDMAP  - erp07, task 291  3 [47800]: mask 0x20202020202 set
cpu_bind=LDMAP  - erp07, task 293  5 [47802]: mask 0x20202020202 set
cpu_bind=LDMAP  - erp07, task 295  7 [47804]: mask 0x80808080808 set
cpu_bind=LDMAP  - erp07, task 294  6 [47803]: mask 0x80808080808 set
cpu_bind=LDMAP  - erp07, task 296  8 [47805]: mask 0x80808080808 set
cpu_bind=LDMAP  - erp07, task 298 10 [47807]: mask 0x80808080808 set
cpu_bind=LDMAP  - erp07, task 297  9 [47806]: mask 0x80808080808 set
cpu_bind=LDMAP  - erp05, task 193  1 [40332]: mask 0x20202020202 set
cpu_bind=LDMAP  - erp05, task 192  0 [40331]: mask 0x20202020202 set
cpu_bind=LDMAP  - erp07, task 299 11 [47808]: mask 0x80808080808 set
cpu_bind=LDMAP  - erp05, task 194  2 [40333]: mask 0x20202020202 set
cpu_bind=LDMAP  - erp07, task 300 12 [47809]: mask 0x202020202020 set
cpu_bind=LDMAP  - erp07, task 301 13 [47810]: mask 0x202020202020 set
cpu_bind=LDMAP  - erp05, task 198  6 [40337]: mask 0x80808080808 set
cpu_bind=LDMAP  - erp05, task 197  5 [40336]: mask 0x20202020202 set
cpu_bind=LDMAP  - erp05, task 196  4 [40335]: mask 0x20202020202 set
cpu_bind=LDMAP  - erp05, task 195  3 [40334]: mask 0x20202020202 set
cpu_bind=LDMAP  - erp05, task 199  7 [40338]: mask 0x80808080808 set
cpu_bind=LDMAP  - erp07, task 303 15 [47812]: mask 0x202020202020 set
cpu_bind=LDMAP  - erp07, task 302 14 [47811]: mask 0x202020202020 set
cpu_bind=LDMAP  - erp07, task 304 16 [47813]: mask 0x202020202020 set
cpu_bind=LDMAP  - erp05, task 200  8 [40339]: mask 0x80808080808 set
cpu_bind=LDMAP  - erp07, task 306 18 [47815]: mask 0x808080808080 set
cpu_bind=LDMAP  - erp05, task 202 10 [40341]: mask 0x80808080808 set
cpu_bind=LDMAP  - erp07, task 307 19 [47816]: mask 0x808080808080 set
cpu_bind=LDMAP  - erp05, task 201  9 [40340]: mask 0x80808080808 set
cpu_bind=LDMAP  - erp07, task 305 17 [47814]: mask 0x202020202020 set
cpu_bind=LDMAP  - erp07, task 308 20 [47817]: mask 0x808080808080 set
cpu_bind=LDMAP  - erp07, task 309 21 [47818]: mask 0x808080808080 set
cpu_bind=LDMAP  - erp05, task 203 11 [40342]: mask 0x80808080808 set
cpu_bind=LDMAP  - erp05, task 204 12 [40343]: mask 0x202020202020 set
cpu_bind=LDMAP  - erp05, task 205 13 [40344]: mask 0x202020202020 set
cpu_bind=LDMAP  - erp05, task 207 15 [40346]: mask 0x202020202020 set
cpu_bind=LDMAP  - erp05, task 206 14 [40345]: mask 0x202020202020 set
cpu_bind=LDMAP  - erp05, task 211 19 [40350]: mask 0x808080808080 set
cpu_bind=LDMAP  - erp07, task 310 22 [47819]: mask 0x808080808080 set
cpu_bind=LDMAP  - erp07, task 311 23 [47820]: mask 0x808080808080 set
cpu_bind=LDMAP  - erp05, task 209 17 [40348]: mask 0x202020202020 set
cpu_bind=LDMAP  - erp05, task 210 18 [40349]: mask 0x808080808080 set
cpu_bind=LDMAP  - erp05, task 208 16 [40347]: mask 0x202020202020 set
cpu_bind=LDMAP  - erp07, task 312 24 [47821]: mask 0x10101010101 set
cpu_bind=LDMAP  - erp07, task 313 25 [47822]: mask 0x10101010101 set
cpu_bind=LDMAP  - erp05, task 214 22 [40353]: mask 0x808080808080 set
cpu_bind=LDMAP  - erp05, task 213 21 [40352]: mask 0x808080808080 set
cpu_bind=LDMAP  - erp07, task 314 26 [47823]: mask 0x10101010101 set
cpu_bind=LDMAP  - erp07, task 315 27 [47824]: mask 0x10101010101 set
cpu_bind=LDMAP  - erp07, task 316 28 [47825]: mask 0x10101010101 set
cpu_bind=LDMAP  - erp05, task 212 20 [40351]: mask 0x808080808080 set
cpu_bind=LDMAP  - erp05, task 215 23 [40354]: mask 0x808080808080 set
cpu_bind=LDMAP  - erp05, task 217 25 [40356]: mask 0x10101010101 set
cpu_bind=LDMAP  - erp05, task 216 24 [40355]: mask 0x10101010101 set
cpu_bind=LDMAP  - erp07, task 317 29 [47826]: mask 0x10101010101 set
cpu_bind=LDMAP  - erp05, task 220 28 [40359]: mask 0x10101010101 set
cpu_bind=LDMAP  - erp05, task 219 27 [40358]: mask 0x10101010101 set
cpu_bind=LDMAP  - erp07, task 318 30 [47827]: mask 0x40404040404 set
cpu_bind=LDMAP  - erp05, task 221 29 [40360]: mask 0x10101010101 set
cpu_bind=LDMAP  - erp05, task 218 26 [40357]: mask 0x10101010101 set
cpu_bind=LDMAP  - erp07, task 319 31 [47828]: mask 0x40404040404 set
cpu_bind=LDMAP  - erp05, task 224 32 [40363]: mask 0x40404040404 set
cpu_bind=LDMAP  - erp07, task 323 35 [47832]: mask 0x40404040404 set
cpu_bind=LDMAP  - erp05, task 222 30 [40361]: mask 0x40404040404 set
cpu_bind=LDMAP  - erp07, task 325 37 [47834]: mask 0x101010101010 set
cpu_bind=LDMAP  - erp05, task 223 31 [40362]: mask 0x40404040404 set
cpu_bind=LDMAP  - erp07, task 320 32 [47829]: mask 0x40404040404 set
cpu_bind=LDMAP  - erp05, task 225 33 [40364]: mask 0x40404040404 set
cpu_bind=LDMAP  - erp07, task 321 33 [47830]: mask 0x40404040404 set
cpu_bind=LDMAP  - erp05, task 226 34 [40365]: mask 0x40404040404 set
cpu_bind=LDMAP  - erp07, task 322 34 [47831]: mask 0x40404040404 set
cpu_bind=LDMAP  - erp05, task 227 35 [40366]: mask 0x40404040404 set
cpu_bind=LDMAP  - erp07, task 324 36 [47833]: mask 0x101010101010 set
cpu_bind=LDMAP  - erp05, task 228 36 [40367]: mask 0x101010101010 set
cpu_bind=LDMAP  - erp07, task 326 38 [47835]: mask 0x101010101010 set
cpu_bind=LDMAP  - erp05, task 229 37 [40368]: mask 0x101010101010 set
cpu_bind=LDMAP  - erp07, task 328 40 [47837]: mask 0x101010101010 set
cpu_bind=LDMAP  - erp05, task 230 38 [40369]: mask 0x101010101010 set
cpu_bind=LDMAP  - erp07, task 329 41 [47838]: mask 0x101010101010 set
cpu_bind=LDMAP  - erp05, task 234 42 [40373]: mask 0x404040404040 set
cpu_bind=LDMAP  - erp07, task 327 39 [47836]: mask 0x101010101010 set
cpu_bind=LDMAP  - erp05, task 232 40 [40371]: mask 0x101010101010 set
cpu_bind=LDMAP  - erp07, task 330 42 [47839]: mask 0x404040404040 set
cpu_bind=LDMAP  - erp05, task 231 39 [40370]: mask 0x101010101010 set
cpu_bind=LDMAP  - erp07, task 331 43 [47840]: mask 0x404040404040 set
cpu_bind=LDMAP  - erp05, task 235 43 [40374]: mask 0x404040404040 set
cpu_bind=LDMAP  - erp07, task 332 44 [47841]: mask 0x404040404040 set
cpu_bind=LDMAP  - erp05, task 233 41 [40372]: mask 0x101010101010 set
cpu_bind=LDMAP  - erp07, task 333 45 [47842]: mask 0x404040404040 set
cpu_bind=LDMAP  - erp05, task 237 45 [40376]: mask 0x404040404040 set
cpu_bind=LDMAP  - erp05, task 236 44 [40375]: mask 0x404040404040 set
cpu_bind=LDMAP  - erp05, task 239 47 [40378]: mask 0x404040404040 set
cpu_bind=LDMAP  - erp05, task 238 46 [40377]: mask 0x404040404040 set
cpu_bind=LDMAP  - erp07, task 334 46 [47843]: mask 0x404040404040 set
cpu_bind=LDMAP  - erp08, task 336  0 [120997]: mask 0x20202020202 set
cpu_bind=LDMAP  - erp08, task 337  1 [120998]: mask 0x20202020202 set
cpu_bind=LDMAP  - erp08, task 338  2 [120999]: mask 0x20202020202 set
cpu_bind=LDMAP  - erp08, task 341  5 [121002]: mask 0x20202020202 set
cpu_bind=LDMAP  - erp08, task 340  4 [121001]: mask 0x20202020202 set
cpu_bind=LDMAP  - erp08, task 339  3 [121000]: mask 0x20202020202 set
cpu_bind=LDMAP  - erp08, task 343  7 [121004]: mask 0x80808080808 set
cpu_bind=LDMAP  - erp08, task 342  6 [121003]: mask 0x80808080808 set
cpu_bind=LDMAP  - erp08, task 345  9 [121006]: mask 0x80808080808 set
cpu_bind=LDMAP  - erp08, task 344  8 [121005]: mask 0x80808080808 set
cpu_bind=LDMAP  - erp08, task 346 10 [121007]: mask 0x80808080808 set
cpu_bind=LDMAP  - erp08, task 347 11 [121008]: mask 0x80808080808 set
cpu_bind=LDMAP  - erp08, task 349 13 [121010]: mask 0x202020202020 set
cpu_bind=LDMAP  - erp08, task 348 12 [121009]: mask 0x202020202020 set
cpu_bind=LDMAP  - erp08, task 352 16 [121013]: mask 0x202020202020 set
cpu_bind=LDMAP  - erp08, task 351 15 [121012]: mask 0x202020202020 set
cpu_bind=LDMAP  - erp08, task 350 14 [121011]: mask 0x202020202020 set
cpu_bind=LDMAP  - erp08, task 353 17 [121014]: mask 0x202020202020 set
cpu_bind=LDMAP  - erp08, task 354 18 [121015]: mask 0x808080808080 set
cpu_bind=LDMAP  - erp08, task 355 19 [121016]: mask 0x808080808080 set
cpu_bind=LDMAP  - erp08, task 357 21 [121018]: mask 0x808080808080 set
cpu_bind=LDMAP  - erp08, task 356 20 [121017]: mask 0x808080808080 set
cpu_bind=LDMAP  - erp08, task 358 22 [121019]: mask 0x808080808080 set
cpu_bind=LDMAP  - erp08, task 359 23 [121020]: mask 0x808080808080 set
cpu_bind=LDMAP  - erp08, task 360 24 [121021]: mask 0x10101010101 set
cpu_bind=LDMAP  - erp08, task 361 25 [121022]: mask 0x10101010101 set
cpu_bind=LDMAP  - erp08, task 362 26 [121023]: mask 0x10101010101 set
cpu_bind=LDMAP  - erp08, task 363 27 [121024]: mask 0x10101010101 set
cpu_bind=LDMAP  - erp08, task 366 30 [121027]: mask 0x40404040404 set
cpu_bind=LDMAP  - erp08, task 367 31 [121028]: mask 0x40404040404 set
cpu_bind=LDMAP  - erp08, task 364 28 [121025]: mask 0x10101010101 set
cpu_bind=LDMAP  - erp08, task 365 29 [121026]: mask 0x10101010101 set
cpu_bind=LDMAP  - erp08, task 368 32 [121029]: mask 0x40404040404 set
cpu_bind=LDMAP  - erp08, task 369 33 [121030]: mask 0x40404040404 set
cpu_bind=LDMAP  - erp08, task 370 34 [121031]: mask 0x40404040404 set
cpu_bind=LDMAP  - erp08, task 371 35 [121032]: mask 0x40404040404 set
cpu_bind=LDMAP  - erp08, task 374 38 [121035]: mask 0x101010101010 set
cpu_bind=LDMAP  - erp08, task 373 37 [121034]: mask 0x101010101010 set
cpu_bind=LDMAP  - erp08, task 372 36 [121033]: mask 0x101010101010 set
cpu_bind=LDMAP  - erp07, task 335 47 [47844]: mask 0x404040404040 set
cpu_bind=LDMAP  - erp08, task 375 39 [121036]: mask 0x101010101010 set
cpu_bind=LDMAP  - erp08, task 377 41 [121038]: mask 0x101010101010 set
cpu_bind=LDMAP  - erp08, task 376 40 [121037]: mask 0x101010101010 set
cpu_bind=LDMAP  - erp08, task 379 43 [121040]: mask 0x404040404040 set
cpu_bind=LDMAP  - erp08, task 378 42 [121039]: mask 0x404040404040 set
cpu_bind=LDMAP  - erp08, task 381 45 [121042]: mask 0x404040404040 set
cpu_bind=LDMAP  - erp08, task 380 44 [121041]: mask 0x404040404040 set
cpu_bind=LDMAP  - erp08, task 383 47 [121044]: mask 0x404040404040 set
cpu_bind=LDMAP  - erp08, task 382 46 [121043]: mask 0x404040404040 set

# OSU MPI Allreduce Latency Test v5.6.1
# Size       Avg Latency(us)
4                      37.48
8                      27.29
16                     25.19
32                     24.77
64                     25.84
128                    39.92
256                    41.86
512                    58.24
1024                   80.52
2048                  126.58
4096                  248.69
8192                  442.92
16384                1045.56
32768                1127.89
65536                1084.47
131072               2749.33
262144               2951.77
524288               3874.31
1048576              6101.43
+ set +x
