processes 192
nodes 4
ppn 48
binding numa
+ srun --mpi=pmi2 -n 192 --cpu_bind=verbose,map_ldom=4,4,4,4,4,4,5,5,5,5,5,5,6,6,6,6,6,6,7,7,7,7,7,7,0,0,0,0,0,0,1,1,1,1,1,1,2,2,2,2,2,2,3,3,3,3,3,3 /gpfs/u/home/CCNI/CCNIsmth/barn-shared/CWS/osu-micro-benchmarks-5.6.1-erp-openmpi.4.0.1-verbs-noUcx-Pmi-install//libexec/osu-micro-benchmarks/mpi//collective/osu_allreduce
cpu_bind=LDMAP  - erp01, task  0  0 [349]: mask 0x20202020202 set
cpu_bind=LDMAP  - erp01, task  2  2 [351]: mask 0x20202020202 set
cpu_bind=LDMAP  - erp01, task  1  1 [350]: mask 0x20202020202 set
cpu_bind=LDMAP  - erp01, task  3  3 [352]: mask 0x20202020202 set
cpu_bind=LDMAP  - erp01, task  4  4 [353]: mask 0x20202020202 set
cpu_bind=LDMAP  - erp01, task  5  5 [354]: mask 0x20202020202 set
cpu_bind=LDMAP  - erp01, task  7  7 [356]: mask 0x80808080808 set
cpu_bind=LDMAP  - erp01, task  6  6 [355]: mask 0x80808080808 set
cpu_bind=LDMAP  - erp01, task  8  8 [357]: mask 0x80808080808 set
cpu_bind=LDMAP  - erp01, task 10 10 [359]: mask 0x80808080808 set
cpu_bind=LDMAP  - erp01, task  9  9 [358]: mask 0x80808080808 set
cpu_bind=LDMAP  - erp01, task 11 11 [360]: mask 0x80808080808 set
cpu_bind=LDMAP  - erp01, task 12 12 [361]: mask 0x202020202020 set
cpu_bind=LDMAP  - erp01, task 14 14 [363]: mask 0x202020202020 set
cpu_bind=LDMAP  - erp01, task 13 13 [362]: mask 0x202020202020 set
cpu_bind=LDMAP  - erp01, task 15 15 [364]: mask 0x202020202020 set
cpu_bind=LDMAP  - erp01, task 16 16 [365]: mask 0x202020202020 set
cpu_bind=LDMAP  - erp01, task 18 18 [367]: mask 0x808080808080 set
cpu_bind=LDMAP  - erp01, task 17 17 [366]: mask 0x202020202020 set
cpu_bind=LDMAP  - erp01, task 19 19 [369]: mask 0x808080808080 set
cpu_bind=LDMAP  - erp01, task 22 22 [372]: mask 0x808080808080 set
cpu_bind=LDMAP  - erp01, task 20 20 [370]: mask 0x808080808080 set
cpu_bind=LDMAP  - erp01, task 21 21 [371]: mask 0x808080808080 set
cpu_bind=LDMAP  - erp01, task 23 23 [373]: mask 0x808080808080 set
cpu_bind=LDMAP  - erp01, task 24 24 [374]: mask 0x10101010101 set
cpu_bind=LDMAP  - erp01, task 26 26 [376]: mask 0x10101010101 set
cpu_bind=LDMAP  - erp01, task 27 27 [377]: mask 0x10101010101 set
cpu_bind=LDMAP  - erp01, task 25 25 [375]: mask 0x10101010101 set
cpu_bind=LDMAP  - erp01, task 28 28 [378]: mask 0x10101010101 set
cpu_bind=LDMAP  - erp01, task 29 29 [379]: mask 0x10101010101 set
cpu_bind=LDMAP  - erp01, task 30 30 [380]: mask 0x40404040404 set
cpu_bind=LDMAP  - erp01, task 32 32 [382]: mask 0x40404040404 set
cpu_bind=LDMAP  - erp01, task 31 31 [381]: mask 0x40404040404 set
cpu_bind=LDMAP  - erp01, task 33 33 [383]: mask 0x40404040404 set
cpu_bind=LDMAP  - erp01, task 34 34 [384]: mask 0x40404040404 set
cpu_bind=LDMAP  - erp01, task 36 36 [386]: mask 0x101010101010 set
cpu_bind=LDMAP  - erp01, task 38 38 [388]: mask 0x101010101010 set
cpu_bind=LDMAP  - erp01, task 35 35 [385]: mask 0x40404040404 set
cpu_bind=LDMAP  - erp01, task 37 37 [387]: mask 0x101010101010 set
cpu_bind=LDMAP  - erp01, task 40 40 [390]: mask 0x101010101010 set
cpu_bind=LDMAP  - erp01, task 41 41 [391]: mask 0x101010101010 set
cpu_bind=LDMAP  - erp01, task 39 39 [389]: mask 0x101010101010 set
cpu_bind=LDMAP  - erp01, task 42 42 [392]: mask 0x404040404040 set
cpu_bind=LDMAP  - erp01, task 45 45 [395]: mask 0x404040404040 set
cpu_bind=LDMAP  - erp01, task 44 44 [394]: mask 0x404040404040 set
cpu_bind=LDMAP  - erp01, task 43 43 [393]: mask 0x404040404040 set
cpu_bind=LDMAP  - erp01, task 46 46 [396]: mask 0x404040404040 set
cpu_bind=LDMAP  - erp01, task 47 47 [397]: mask 0x404040404040 set
cpu_bind=LDMAP  - erp02, task 49  1 [63907]: mask 0x20202020202 set
cpu_bind=LDMAP  - erp03, task 96  0 [116905]: mask 0x20202020202 set
cpu_bind=LDMAP  - erp04, task 146  2 [112287]: mask 0x20202020202 set
cpu_bind=LDMAP  - erp02, task 55  7 [63913]: mask 0x80808080808 set
cpu_bind=LDMAP  - erp02, task 51  3 [63909]: mask 0x20202020202 set
cpu_bind=LDMAP  - erp02, task 54  6 [63912]: mask 0x80808080808 set
cpu_bind=LDMAP  - erp02, task 48  0 [63906]: mask 0x20202020202 set
cpu_bind=LDMAP  - erp02, task 53  5 [63911]: mask 0x20202020202 set
cpu_bind=LDMAP  - erp02, task 50  2 [63908]: mask 0x20202020202 set
cpu_bind=LDMAP  - erp02, task 52  4 [63910]: mask 0x20202020202 set
cpu_bind=LDMAP  - erp02, task 57  9 [63915]: mask 0x80808080808 set
cpu_bind=LDMAP  - erp02, task 56  8 [63914]: mask 0x80808080808 set
cpu_bind=LDMAP  - erp02, task 58 10 [63916]: mask 0x80808080808 set
cpu_bind=LDMAP  - erp02, task 59 11 [63917]: mask 0x80808080808 set
cpu_bind=LDMAP  - erp02, task 60 12 [63918]: mask 0x202020202020 set
cpu_bind=LDMAP  - erp02, task 61 13 [63919]: mask 0x202020202020 set
cpu_bind=LDMAP  - erp02, task 62 14 [63920]: mask 0x202020202020 set
cpu_bind=LDMAP  - erp02, task 63 15 [63921]: mask 0x202020202020 set
cpu_bind=LDMAP  - erp02, task 64 16 [63922]: mask 0x202020202020 set
cpu_bind=LDMAP  - erp02, task 67 19 [63925]: mask 0x808080808080 set
cpu_bind=LDMAP  - erp02, task 66 18 [63924]: mask 0x808080808080 set
cpu_bind=LDMAP  - erp02, task 65 17 [63923]: mask 0x202020202020 set
cpu_bind=LDMAP  - erp03, task 97  1 [116906]: mask 0x20202020202 set
cpu_bind=LDMAP  - erp03, task 98  2 [116907]: mask 0x20202020202 set
cpu_bind=LDMAP  - erp03, task 101  5 [116910]: mask 0x20202020202 set
cpu_bind=LDMAP  - erp03, task 100  4 [116909]: mask 0x20202020202 set
cpu_bind=LDMAP  - erp03, task 99  3 [116908]: mask 0x20202020202 set
cpu_bind=LDMAP  - erp03, task 102  6 [116911]: mask 0x80808080808 set
cpu_bind=LDMAP  - erp03, task 105  9 [116914]: mask 0x80808080808 set
cpu_bind=LDMAP  - erp03, task 104  8 [116913]: mask 0x80808080808 set
cpu_bind=LDMAP  - erp03, task 103  7 [116912]: mask 0x80808080808 set
cpu_bind=LDMAP  - erp03, task 106 10 [116915]: mask 0x80808080808 set
cpu_bind=LDMAP  - erp03, task 107 11 [116916]: mask 0x80808080808 set
cpu_bind=LDMAP  - erp03, task 108 12 [116917]: mask 0x202020202020 set
cpu_bind=LDMAP  - erp03, task 109 13 [116918]: mask 0x202020202020 set
cpu_bind=LDMAP  - erp03, task 110 14 [116919]: mask 0x202020202020 set
cpu_bind=LDMAP  - erp03, task 112 16 [116921]: mask 0x202020202020 set
cpu_bind=LDMAP  - erp03, task 111 15 [116920]: mask 0x202020202020 set
cpu_bind=LDMAP  - erp03, task 113 17 [116922]: mask 0x202020202020 set
cpu_bind=LDMAP  - erp03, task 114 18 [116923]: mask 0x808080808080 set
cpu_bind=LDMAP  - erp03, task 115 19 [116924]: mask 0x808080808080 set
cpu_bind=LDMAP  - erp02, task 68 20 [63926]: mask 0x808080808080 set
cpu_bind=LDMAP  - erp02, task 70 22 [63928]: mask 0x808080808080 set
cpu_bind=LDMAP  - erp02, task 69 21 [63927]: mask 0x808080808080 set
cpu_bind=LDMAP  - erp02, task 71 23 [63929]: mask 0x808080808080 set
cpu_bind=LDMAP  - erp02, task 72 24 [63930]: mask 0x10101010101 set
cpu_bind=LDMAP  - erp02, task 73 25 [63931]: mask 0x10101010101 set
cpu_bind=LDMAP  - erp02, task 75 27 [63933]: mask 0x10101010101 set
cpu_bind=LDMAP  - erp02, task 76 28 [63934]: mask 0x10101010101 set
cpu_bind=LDMAP  - erp02, task 74 26 [63932]: mask 0x10101010101 set
cpu_bind=LDMAP  - erp02, task 77 29 [63935]: mask 0x10101010101 set
cpu_bind=LDMAP  - erp02, task 80 32 [63938]: mask 0x40404040404 set
cpu_bind=LDMAP  - erp02, task 78 30 [63936]: mask 0x40404040404 set
cpu_bind=LDMAP  - erp02, task 79 31 [63937]: mask 0x40404040404 set
cpu_bind=LDMAP  - erp02, task 81 33 [63939]: mask 0x40404040404 set
cpu_bind=LDMAP  - erp02, task 82 34 [63940]: mask 0x40404040404 set
cpu_bind=LDMAP  - erp02, task 84 36 [63942]: mask 0x101010101010 set
cpu_bind=LDMAP  - erp02, task 86 38 [63944]: mask 0x101010101010 set
cpu_bind=LDMAP  - erp02, task 83 35 [63941]: mask 0x40404040404 set
cpu_bind=LDMAP  - erp02, task 85 37 [63943]: mask 0x101010101010 set
cpu_bind=LDMAP  - erp04, task 144  0 [112285]: mask 0x20202020202 set
cpu_bind=LDMAP  - erp04, task 145  1 [112286]: mask 0x20202020202 set
cpu_bind=LDMAP  - erp04, task 147  3 [112288]: mask 0x20202020202 set
cpu_bind=LDMAP  - erp04, task 150  6 [112291]: mask 0x80808080808 set
cpu_bind=LDMAP  - erp04, task 148  4 [112289]: mask 0x20202020202 set
cpu_bind=LDMAP  - erp04, task 149  5 [112290]: mask 0x20202020202 set
cpu_bind=LDMAP  - erp04, task 151  7 [112292]: mask 0x80808080808 set
cpu_bind=LDMAP  - erp04, task 152  8 [112293]: mask 0x80808080808 set
cpu_bind=LDMAP  - erp04, task 153  9 [112294]: mask 0x80808080808 set
cpu_bind=LDMAP  - erp04, task 155 11 [112296]: mask 0x80808080808 set
cpu_bind=LDMAP  - erp04, task 154 10 [112295]: mask 0x80808080808 set
cpu_bind=LDMAP  - erp04, task 157 13 [112298]: mask 0x202020202020 set
cpu_bind=LDMAP  - erp04, task 156 12 [112297]: mask 0x202020202020 set
cpu_bind=LDMAP  - erp04, task 159 15 [112300]: mask 0x202020202020 set
cpu_bind=LDMAP  - erp04, task 158 14 [112299]: mask 0x202020202020 set
cpu_bind=LDMAP  - erp04, task 160 16 [112301]: mask 0x202020202020 set
cpu_bind=LDMAP  - erp04, task 161 17 [112302]: mask 0x202020202020 set
cpu_bind=LDMAP  - erp04, task 162 18 [112303]: mask 0x808080808080 set
cpu_bind=LDMAP  - erp04, task 164 20 [112305]: mask 0x808080808080 set
cpu_bind=LDMAP  - erp03, task 116 20 [116925]: mask 0x808080808080 set
cpu_bind=LDMAP  - erp03, task 117 21 [116926]: mask 0x808080808080 set
cpu_bind=LDMAP  - erp03, task 118 22 [116927]: mask 0x808080808080 set
cpu_bind=LDMAP  - erp03, task 119 23 [116928]: mask 0x808080808080 set
cpu_bind=LDMAP  - erp03, task 121 25 [116930]: mask 0x10101010101 set
cpu_bind=LDMAP  - erp03, task 120 24 [116929]: mask 0x10101010101 set
cpu_bind=LDMAP  - erp03, task 122 26 [116931]: mask 0x10101010101 set
cpu_bind=LDMAP  - erp03, task 123 27 [116932]: mask 0x10101010101 set
cpu_bind=LDMAP  - erp03, task 124 28 [116933]: mask 0x10101010101 set
cpu_bind=LDMAP  - erp03, task 125 29 [116934]: mask 0x10101010101 set
cpu_bind=LDMAP  - erp03, task 128 32 [116937]: mask 0x40404040404 set
cpu_bind=LDMAP  - erp03, task 126 30 [116935]: mask 0x40404040404 set
cpu_bind=LDMAP  - erp03, task 127 31 [116936]: mask 0x40404040404 set
cpu_bind=LDMAP  - erp03, task 130 34 [116939]: mask 0x40404040404 set
cpu_bind=LDMAP  - erp03, task 129 33 [116938]: mask 0x40404040404 set
cpu_bind=LDMAP  - erp03, task 132 36 [116941]: mask 0x101010101010 set
cpu_bind=LDMAP  - erp03, task 133 37 [116942]: mask 0x101010101010 set
cpu_bind=LDMAP  - erp03, task 131 35 [116940]: mask 0x40404040404 set
cpu_bind=LDMAP  - erp03, task 134 38 [116943]: mask 0x101010101010 set
cpu_bind=LDMAP  - erp04, task 163 19 [112304]: mask 0x808080808080 set
cpu_bind=LDMAP  - erp04, task 166 22 [112307]: mask 0x808080808080 set
cpu_bind=LDMAP  - erp04, task 165 21 [112306]: mask 0x808080808080 set
cpu_bind=LDMAP  - erp04, task 167 23 [112308]: mask 0x808080808080 set
cpu_bind=LDMAP  - erp04, task 168 24 [112309]: mask 0x10101010101 set
cpu_bind=LDMAP  - erp04, task 169 25 [112310]: mask 0x10101010101 set
cpu_bind=LDMAP  - erp04, task 170 26 [112311]: mask 0x10101010101 set
cpu_bind=LDMAP  - erp04, task 171 27 [112312]: mask 0x10101010101 set
cpu_bind=LDMAP  - erp04, task 173 29 [112314]: mask 0x10101010101 set
cpu_bind=LDMAP  - erp04, task 172 28 [112313]: mask 0x10101010101 set
cpu_bind=LDMAP  - erp04, task 174 30 [112315]: mask 0x40404040404 set
cpu_bind=LDMAP  - erp04, task 176 32 [112317]: mask 0x40404040404 set
cpu_bind=LDMAP  - erp04, task 175 31 [112316]: mask 0x40404040404 set
cpu_bind=LDMAP  - erp04, task 179 35 [112320]: mask 0x40404040404 set
cpu_bind=LDMAP  - erp04, task 178 34 [112319]: mask 0x40404040404 set
cpu_bind=LDMAP  - erp04, task 177 33 [112318]: mask 0x40404040404 set
cpu_bind=LDMAP  - erp04, task 180 36 [112321]: mask 0x101010101010 set
cpu_bind=LDMAP  - erp04, task 182 38 [112323]: mask 0x101010101010 set
cpu_bind=LDMAP  - erp04, task 181 37 [112322]: mask 0x101010101010 set
cpu_bind=LDMAP  - erp02, task 88 40 [63946]: mask 0x101010101010 set
cpu_bind=LDMAP  - erp02, task 87 39 [63945]: mask 0x101010101010 set
cpu_bind=LDMAP  - erp02, task 89 41 [63947]: mask 0x101010101010 set
cpu_bind=LDMAP  - erp02, task 92 44 [63950]: mask 0x404040404040 set
cpu_bind=LDMAP  - erp02, task 91 43 [63949]: mask 0x404040404040 set
cpu_bind=LDMAP  - erp02, task 90 42 [63948]: mask 0x404040404040 set
cpu_bind=LDMAP  - erp02, task 94 46 [63952]: mask 0x404040404040 set
cpu_bind=LDMAP  - erp02, task 93 45 [63951]: mask 0x404040404040 set
cpu_bind=LDMAP  - erp02, task 95 47 [63953]: mask 0x404040404040 set
cpu_bind=LDMAP  - erp03, task 135 39 [116944]: mask 0x101010101010 set
cpu_bind=LDMAP  - erp03, task 136 40 [116945]: mask 0x101010101010 set
cpu_bind=LDMAP  - erp03, task 137 41 [116946]: mask 0x101010101010 set
cpu_bind=LDMAP  - erp03, task 138 42 [116947]: mask 0x404040404040 set
cpu_bind=LDMAP  - erp03, task 140 44 [116949]: mask 0x404040404040 set
cpu_bind=LDMAP  - erp03, task 139 43 [116948]: mask 0x404040404040 set
cpu_bind=LDMAP  - erp03, task 141 45 [116950]: mask 0x404040404040 set
cpu_bind=LDMAP  - erp03, task 142 46 [116951]: mask 0x404040404040 set
cpu_bind=LDMAP  - erp03, task 143 47 [116952]: mask 0x404040404040 set
cpu_bind=LDMAP  - erp04, task 184 40 [112325]: mask 0x101010101010 set
cpu_bind=LDMAP  - erp04, task 183 39 [112324]: mask 0x101010101010 set
cpu_bind=LDMAP  - erp04, task 185 41 [112326]: mask 0x101010101010 set
cpu_bind=LDMAP  - erp04, task 186 42 [112327]: mask 0x404040404040 set
cpu_bind=LDMAP  - erp04, task 189 45 [112330]: mask 0x404040404040 set
cpu_bind=LDMAP  - erp04, task 188 44 [112329]: mask 0x404040404040 set
cpu_bind=LDMAP  - erp04, task 187 43 [112328]: mask 0x404040404040 set
cpu_bind=LDMAP  - erp04, task 190 46 [112331]: mask 0x404040404040 set
cpu_bind=LDMAP  - erp04, task 191 47 [112332]: mask 0x404040404040 set

# OSU MPI Allreduce Latency Test v5.6.1
# Size       Avg Latency(us)
4                      23.01
8                      21.03
16                     19.25
32                     19.81
64                     19.87
128                    27.93
256                    29.69
512                    39.83
1024                   53.73
2048                   84.79
4096                  167.87
8192                  292.96
16384                 558.50
32768                 702.89
65536                1400.76
131072               1450.94
262144               1717.86
524288               2089.22
1048576              4367.65
+ set +x
