processes 384
nodes 8
ppn 48
binding numa
+ srun --mpi=pmi2 -n 384 --cpu_bind=verbose,map_ldom=4,4,4,4,4,4,5,5,5,5,5,5,6,6,6,6,6,6,7,7,7,7,7,7,0,0,0,0,0,0,1,1,1,1,1,1,2,2,2,2,2,2,3,3,3,3,3,3 /gpfs/u/home/CCNI/CCNIsmth/barn-shared/CWS/osu-micro-benchmarks-5.6.1-erp-openmpi.4.0.1-verbs-noUcx-Pmi-install//libexec/osu-micro-benchmarks/mpi//collective/osu_allreduce
cpu_bind=LDMAP  - erp01, task  1  1 [3177]: mask 0x20202020202 set
cpu_bind=LDMAP  - erp01, task  0  0 [3176]: mask 0x20202020202 set
cpu_bind=LDMAP  - erp01, task  2  2 [3178]: mask 0x20202020202 set
cpu_bind=LDMAP  - erp01, task  3  3 [3179]: mask 0x20202020202 set
cpu_bind=LDMAP  - erp01, task  5  5 [3181]: mask 0x20202020202 set
cpu_bind=LDMAP  - erp01, task  6  6 [3182]: mask 0x80808080808 set
cpu_bind=LDMAP  - erp01, task  4  4 [3180]: mask 0x20202020202 set
cpu_bind=LDMAP  - erp01, task  7  7 [3183]: mask 0x80808080808 set
cpu_bind=LDMAP  - erp01, task  9  9 [3185]: mask 0x80808080808 set
cpu_bind=LDMAP  - erp01, task 10 10 [3186]: mask 0x80808080808 set
cpu_bind=LDMAP  - erp01, task 12 12 [3188]: mask 0x202020202020 set
cpu_bind=LDMAP  - erp01, task  8  8 [3184]: mask 0x80808080808 set
cpu_bind=LDMAP  - erp01, task 11 11 [3187]: mask 0x80808080808 set
cpu_bind=LDMAP  - erp01, task 14 14 [3190]: mask 0x202020202020 set
cpu_bind=LDMAP  - erp01, task 13 13 [3189]: mask 0x202020202020 set
cpu_bind=LDMAP  - erp01, task 15 15 [3191]: mask 0x202020202020 set
cpu_bind=LDMAP  - erp01, task 16 16 [3192]: mask 0x202020202020 set
cpu_bind=LDMAP  - erp01, task 17 17 [3193]: mask 0x202020202020 set
cpu_bind=LDMAP  - erp01, task 18 18 [3194]: mask 0x808080808080 set
cpu_bind=LDMAP  - erp01, task 19 19 [3195]: mask 0x808080808080 set
cpu_bind=LDMAP  - erp01, task 21 21 [3197]: mask 0x808080808080 set
cpu_bind=LDMAP  - erp01, task 20 20 [3196]: mask 0x808080808080 set
cpu_bind=LDMAP  - erp01, task 23 23 [3199]: mask 0x808080808080 set
cpu_bind=LDMAP  - erp01, task 22 22 [3198]: mask 0x808080808080 set
cpu_bind=LDMAP  - erp01, task 24 24 [3200]: mask 0x10101010101 set
cpu_bind=LDMAP  - erp01, task 25 25 [3201]: mask 0x10101010101 set
cpu_bind=LDMAP  - erp01, task 26 26 [3202]: mask 0x10101010101 set
cpu_bind=LDMAP  - erp01, task 27 27 [3203]: mask 0x10101010101 set
cpu_bind=LDMAP  - erp01, task 29 29 [3205]: mask 0x10101010101 set
cpu_bind=LDMAP  - erp01, task 30 30 [3206]: mask 0x40404040404 set
cpu_bind=LDMAP  - erp01, task 28 28 [3204]: mask 0x10101010101 set
cpu_bind=LDMAP  - erp01, task 32 32 [3208]: mask 0x40404040404 set
cpu_bind=LDMAP  - erp01, task 31 31 [3207]: mask 0x40404040404 set
cpu_bind=LDMAP  - erp01, task 33 33 [3209]: mask 0x40404040404 set
cpu_bind=LDMAP  - erp01, task 34 34 [3210]: mask 0x40404040404 set
cpu_bind=LDMAP  - erp01, task 35 35 [3211]: mask 0x40404040404 set
cpu_bind=LDMAP  - erp01, task 36 36 [3212]: mask 0x101010101010 set
cpu_bind=LDMAP  - erp01, task 38 38 [3214]: mask 0x101010101010 set
cpu_bind=LDMAP  - erp01, task 40 40 [3216]: mask 0x101010101010 set
cpu_bind=LDMAP  - erp01, task 37 37 [3213]: mask 0x101010101010 set
cpu_bind=LDMAP  - erp01, task 39 39 [3215]: mask 0x101010101010 set
cpu_bind=LDMAP  - erp01, task 41 41 [3217]: mask 0x101010101010 set
cpu_bind=LDMAP  - erp01, task 43 43 [3219]: mask 0x404040404040 set
cpu_bind=LDMAP  - erp01, task 42 42 [3218]: mask 0x404040404040 set
cpu_bind=LDMAP  - erp01, task 46 46 [3222]: mask 0x404040404040 set
cpu_bind=LDMAP  - erp01, task 45 45 [3221]: mask 0x404040404040 set
cpu_bind=LDMAP  - erp01, task 44 44 [3220]: mask 0x404040404040 set
cpu_bind=LDMAP  - erp01, task 47 47 [3223]: mask 0x404040404040 set
cpu_bind=LDMAP  - erp04, task 146  2 [113835]: mask 0x20202020202 set
cpu_bind=LDMAP  - erp04, task 144  0 [113833]: mask 0x20202020202 set
cpu_bind=LDMAP  - erp04, task 145  1 [113834]: mask 0x20202020202 set
cpu_bind=LDMAP  - erp04, task 148  4 [113837]: mask 0x20202020202 set
cpu_bind=LDMAP  - erp04, task 147  3 [113836]: mask 0x20202020202 set
cpu_bind=LDMAP  - erp04, task 149  5 [113838]: mask 0x20202020202 set
cpu_bind=LDMAP  - erp04, task 151  7 [113840]: mask 0x80808080808 set
cpu_bind=LDMAP  - erp04, task 150  6 [113839]: mask 0x80808080808 set
cpu_bind=LDMAP  - erp04, task 153  9 [113842]: mask 0x80808080808 set
cpu_bind=LDMAP  - erp04, task 152  8 [113841]: mask 0x80808080808 set
cpu_bind=LDMAP  - erp04, task 154 10 [113843]: mask 0x80808080808 set
cpu_bind=LDMAP  - erp04, task 155 11 [113844]: mask 0x80808080808 set
cpu_bind=LDMAP  - erp04, task 157 13 [113846]: mask 0x202020202020 set
cpu_bind=LDMAP  - erp04, task 156 12 [113845]: mask 0x202020202020 set
cpu_bind=LDMAP  - erp04, task 158 14 [113847]: mask 0x202020202020 set
cpu_bind=LDMAP  - erp04, task 162 18 [113851]: mask 0x808080808080 set
cpu_bind=LDMAP  - erp04, task 163 19 [113852]: mask 0x808080808080 set
cpu_bind=LDMAP  - erp04, task 160 16 [113849]: mask 0x202020202020 set
cpu_bind=LDMAP  - erp04, task 159 15 [113848]: mask 0x202020202020 set
cpu_bind=LDMAP  - erp04, task 161 17 [113850]: mask 0x202020202020 set
cpu_bind=LDMAP  - erp04, task 165 21 [113854]: mask 0x808080808080 set
cpu_bind=LDMAP  - erp04, task 164 20 [113853]: mask 0x808080808080 set
cpu_bind=LDMAP  - erp04, task 167 23 [113856]: mask 0x808080808080 set
cpu_bind=LDMAP  - erp04, task 166 22 [113855]: mask 0x808080808080 set
cpu_bind=LDMAP  - erp04, task 169 25 [113858]: mask 0x10101010101 set
cpu_bind=LDMAP  - erp04, task 168 24 [113857]: mask 0x10101010101 set
cpu_bind=LDMAP  - erp04, task 170 26 [113859]: mask 0x10101010101 set
cpu_bind=LDMAP  - erp04, task 172 28 [113861]: mask 0x10101010101 set
cpu_bind=LDMAP  - erp04, task 171 27 [113860]: mask 0x10101010101 set
cpu_bind=LDMAP  - erp04, task 173 29 [113862]: mask 0x10101010101 set
cpu_bind=LDMAP  - erp04, task 174 30 [113863]: mask 0x40404040404 set
cpu_bind=LDMAP  - erp04, task 175 31 [113864]: mask 0x40404040404 set
cpu_bind=LDMAP  - erp04, task 177 33 [113866]: mask 0x40404040404 set
cpu_bind=LDMAP  - erp04, task 176 32 [113865]: mask 0x40404040404 set
cpu_bind=LDMAP  - erp04, task 178 34 [113867]: mask 0x40404040404 set
cpu_bind=LDMAP  - erp04, task 180 36 [113869]: mask 0x101010101010 set
cpu_bind=LDMAP  - erp04, task 179 35 [113868]: mask 0x40404040404 set
cpu_bind=LDMAP  - erp04, task 181 37 [113870]: mask 0x101010101010 set
cpu_bind=LDMAP  - erp04, task 182 38 [113871]: mask 0x101010101010 set
cpu_bind=LDMAP  - erp04, task 184 40 [113873]: mask 0x101010101010 set
cpu_bind=LDMAP  - erp04, task 185 41 [113874]: mask 0x101010101010 set
cpu_bind=LDMAP  - erp04, task 183 39 [113872]: mask 0x101010101010 set
cpu_bind=LDMAP  - erp04, task 188 44 [113877]: mask 0x404040404040 set
cpu_bind=LDMAP  - erp04, task 186 42 [113875]: mask 0x404040404040 set
cpu_bind=LDMAP  - erp04, task 187 43 [113876]: mask 0x404040404040 set
cpu_bind=LDMAP  - erp04, task 190 46 [113879]: mask 0x404040404040 set
cpu_bind=LDMAP  - erp04, task 189 45 [113878]: mask 0x404040404040 set
cpu_bind=LDMAP  - erp04, task 191 47 [113880]: mask 0x404040404040 set
cpu_bind=LDMAP  - erp02, task 48  0 [65868]: mask 0x20202020202 set
cpu_bind=LDMAP  - erp02, task 56  8 [65876]: mask 0x80808080808 set
cpu_bind=LDMAP  - erp02, task 52  4 [65872]: mask 0x20202020202 set
cpu_bind=LDMAP  - erp02, task 55  7 [65875]: mask 0x80808080808 set
cpu_bind=LDMAP  - erp02, task 53  5 [65873]: mask 0x20202020202 set
cpu_bind=LDMAP  - erp02, task 51  3 [65871]: mask 0x20202020202 set
cpu_bind=LDMAP  - erp02, task 49  1 [65869]: mask 0x20202020202 set
cpu_bind=LDMAP  - erp02, task 50  2 [65870]: mask 0x20202020202 set
cpu_bind=LDMAP  - erp02, task 54  6 [65874]: mask 0x80808080808 set
cpu_bind=LDMAP  - erp02, task 58 10 [65878]: mask 0x80808080808 set
cpu_bind=LDMAP  - erp02, task 57  9 [65877]: mask 0x80808080808 set
cpu_bind=LDMAP  - erp02, task 59 11 [65879]: mask 0x80808080808 set
cpu_bind=LDMAP  - erp02, task 60 12 [65880]: mask 0x202020202020 set
cpu_bind=LDMAP  - erp02, task 62 14 [65882]: mask 0x202020202020 set
cpu_bind=LDMAP  - erp02, task 63 15 [65883]: mask 0x202020202020 set
cpu_bind=LDMAP  - erp02, task 61 13 [65881]: mask 0x202020202020 set
cpu_bind=LDMAP  - erp02, task 64 16 [65884]: mask 0x202020202020 set
cpu_bind=LDMAP  - erp02, task 65 17 [65885]: mask 0x202020202020 set
cpu_bind=LDMAP  - erp02, task 67 19 [65887]: mask 0x808080808080 set
cpu_bind=LDMAP  - erp02, task 66 18 [65886]: mask 0x808080808080 set
cpu_bind=LDMAP  - erp02, task 68 20 [65888]: mask 0x808080808080 set
cpu_bind=LDMAP  - erp02, task 69 21 [65889]: mask 0x808080808080 set
cpu_bind=LDMAP  - erp02, task 70 22 [65890]: mask 0x808080808080 set
cpu_bind=LDMAP  - erp03, task 96  0 [118444]: mask 0x20202020202 set
cpu_bind=LDMAP  - erp03, task 98  2 [118446]: mask 0x20202020202 set
cpu_bind=LDMAP  - erp03, task 104  8 [118452]: mask 0x80808080808 set
cpu_bind=LDMAP  - erp03, task 102  6 [118450]: mask 0x80808080808 set
cpu_bind=LDMAP  - erp03, task 100  4 [118448]: mask 0x20202020202 set
cpu_bind=LDMAP  - erp02, task 72 24 [65892]: mask 0x10101010101 set
cpu_bind=LDMAP  - erp03, task 103  7 [118451]: mask 0x80808080808 set
cpu_bind=LDMAP  - erp02, task 71 23 [65891]: mask 0x808080808080 set
cpu_bind=LDMAP  - erp03, task 101  5 [118449]: mask 0x20202020202 set
cpu_bind=LDMAP  - erp02, task 73 25 [65893]: mask 0x10101010101 set
cpu_bind=LDMAP  - erp03, task 99  3 [118447]: mask 0x20202020202 set
cpu_bind=LDMAP  - erp02, task 74 26 [65894]: mask 0x10101010101 set
cpu_bind=LDMAP  - erp03, task 97  1 [118445]: mask 0x20202020202 set
cpu_bind=LDMAP  - erp02, task 75 27 [65895]: mask 0x10101010101 set
cpu_bind=LDMAP  - erp03, task 105  9 [118453]: mask 0x80808080808 set
cpu_bind=LDMAP  - erp02, task 76 28 [65896]: mask 0x10101010101 set
cpu_bind=LDMAP  - erp03, task 107 11 [118455]: mask 0x80808080808 set
cpu_bind=LDMAP  - erp02, task 77 29 [65897]: mask 0x10101010101 set
cpu_bind=LDMAP  - erp03, task 106 10 [118454]: mask 0x80808080808 set
cpu_bind=LDMAP  - erp02, task 78 30 [65898]: mask 0x40404040404 set
cpu_bind=LDMAP  - erp03, task 109 13 [118457]: mask 0x202020202020 set
cpu_bind=LDMAP  - erp02, task 81 33 [65901]: mask 0x40404040404 set
cpu_bind=LDMAP  - erp03, task 108 12 [118456]: mask 0x202020202020 set
cpu_bind=LDMAP  - erp02, task 82 34 [65902]: mask 0x40404040404 set
cpu_bind=LDMAP  - erp03, task 110 14 [118458]: mask 0x202020202020 set
cpu_bind=LDMAP  - erp02, task 80 32 [65900]: mask 0x40404040404 set
cpu_bind=LDMAP  - erp02, task 79 31 [65899]: mask 0x40404040404 set
cpu_bind=LDMAP  - erp03, task 111 15 [118459]: mask 0x202020202020 set
cpu_bind=LDMAP  - erp02, task 83 35 [65903]: mask 0x40404040404 set
cpu_bind=LDMAP  - erp02, task 84 36 [65904]: mask 0x101010101010 set
cpu_bind=LDMAP  - erp03, task 112 16 [118460]: mask 0x202020202020 set
cpu_bind=LDMAP  - erp03, task 113 17 [118461]: mask 0x202020202020 set
cpu_bind=LDMAP  - erp02, task 85 37 [65905]: mask 0x101010101010 set
cpu_bind=LDMAP  - erp02, task 87 39 [65907]: mask 0x101010101010 set
cpu_bind=LDMAP  - erp02, task 86 38 [65906]: mask 0x101010101010 set
cpu_bind=LDMAP  - erp03, task 115 19 [118463]: mask 0x808080808080 set
cpu_bind=LDMAP  - erp03, task 114 18 [118462]: mask 0x808080808080 set
cpu_bind=LDMAP  - erp02, task 90 42 [65910]: mask 0x404040404040 set
cpu_bind=LDMAP  - erp03, task 116 20 [118464]: mask 0x808080808080 set
cpu_bind=LDMAP  - erp08, task 338  2 [122014]: mask 0x20202020202 set
cpu_bind=LDMAP  - erp08, task 337  1 [122013]: mask 0x20202020202 set
cpu_bind=LDMAP  - erp08, task 336  0 [122012]: mask 0x20202020202 set
cpu_bind=LDMAP  - erp08, task 340  4 [122016]: mask 0x20202020202 set
cpu_bind=LDMAP  - erp02, task 88 40 [65908]: mask 0x101010101010 set
cpu_bind=LDMAP  - erp08, task 339  3 [122015]: mask 0x20202020202 set
cpu_bind=LDMAP  - erp02, task 89 41 [65909]: mask 0x101010101010 set
cpu_bind=LDMAP  - erp08, task 341  5 [122017]: mask 0x20202020202 set
cpu_bind=LDMAP  - erp02, task 91 43 [65911]: mask 0x404040404040 set
cpu_bind=LDMAP  - erp08, task 343  7 [122019]: mask 0x80808080808 set
cpu_bind=LDMAP  - erp02, task 92 44 [65912]: mask 0x404040404040 set
cpu_bind=LDMAP  - erp08, task 342  6 [122018]: mask 0x80808080808 set
cpu_bind=LDMAP  - erp02, task 93 45 [65913]: mask 0x404040404040 set
cpu_bind=LDMAP  - erp08, task 344  8 [122020]: mask 0x80808080808 set
cpu_bind=LDMAP  - erp02, task 94 46 [65914]: mask 0x404040404040 set
cpu_bind=LDMAP  - erp03, task 117 21 [118465]: mask 0x808080808080 set
cpu_bind=LDMAP  - erp08, task 345  9 [122021]: mask 0x80808080808 set
cpu_bind=LDMAP  - erp02, task 95 47 [65915]: mask 0x404040404040 set
cpu_bind=LDMAP  - erp03, task 118 22 [118466]: mask 0x808080808080 set
cpu_bind=LDMAP  - erp08, task 347 11 [122023]: mask 0x80808080808 set
cpu_bind=LDMAP  - erp03, task 119 23 [118467]: mask 0x808080808080 set
cpu_bind=LDMAP  - erp08, task 348 12 [122024]: mask 0x202020202020 set
cpu_bind=LDMAP  - erp03, task 121 25 [118469]: mask 0x10101010101 set
cpu_bind=LDMAP  - erp08, task 346 10 [122022]: mask 0x80808080808 set
cpu_bind=LDMAP  - erp03, task 120 24 [118468]: mask 0x10101010101 set
cpu_bind=LDMAP  - erp08, task 349 13 [122025]: mask 0x202020202020 set
cpu_bind=LDMAP  - erp03, task 122 26 [118470]: mask 0x10101010101 set
cpu_bind=LDMAP  - erp08, task 350 14 [122026]: mask 0x202020202020 set
cpu_bind=LDMAP  - erp03, task 124 28 [118472]: mask 0x10101010101 set
cpu_bind=LDMAP  - erp03, task 123 27 [118471]: mask 0x10101010101 set
cpu_bind=LDMAP  - erp08, task 351 15 [122027]: mask 0x202020202020 set
cpu_bind=LDMAP  - erp03, task 125 29 [118473]: mask 0x10101010101 set
cpu_bind=LDMAP  - erp03, task 126 30 [118474]: mask 0x40404040404 set
cpu_bind=LDMAP  - erp03, task 127 31 [118475]: mask 0x40404040404 set
cpu_bind=LDMAP  - erp03, task 128 32 [118476]: mask 0x40404040404 set
cpu_bind=LDMAP  - erp03, task 130 34 [118478]: mask 0x40404040404 set
cpu_bind=LDMAP  - erp03, task 131 35 [118479]: mask 0x40404040404 set
cpu_bind=LDMAP  - erp03, task 132 36 [118480]: mask 0x101010101010 set
cpu_bind=LDMAP  - erp03, task 129 33 [118477]: mask 0x40404040404 set
cpu_bind=LDMAP  - erp03, task 134 38 [118482]: mask 0x101010101010 set
cpu_bind=LDMAP  - erp03, task 133 37 [118481]: mask 0x101010101010 set
cpu_bind=LDMAP  - erp08, task 352 16 [122028]: mask 0x202020202020 set
cpu_bind=LDMAP  - erp08, task 353 17 [122029]: mask 0x202020202020 set
cpu_bind=LDMAP  - erp03, task 135 39 [118483]: mask 0x101010101010 set
cpu_bind=LDMAP  - erp03, task 137 41 [118485]: mask 0x101010101010 set
cpu_bind=LDMAP  - erp03, task 136 40 [118484]: mask 0x101010101010 set
cpu_bind=LDMAP  - erp08, task 354 18 [122030]: mask 0x808080808080 set
cpu_bind=LDMAP  - erp03, task 139 43 [118487]: mask 0x404040404040 set
cpu_bind=LDMAP  - erp08, task 355 19 [122031]: mask 0x808080808080 set
cpu_bind=LDMAP  - erp03, task 140 44 [118488]: mask 0x404040404040 set
cpu_bind=LDMAP  - erp08, task 356 20 [122032]: mask 0x808080808080 set
cpu_bind=LDMAP  - erp03, task 143 47 [118491]: mask 0x404040404040 set
cpu_bind=LDMAP  - erp03, task 142 46 [118490]: mask 0x404040404040 set
cpu_bind=LDMAP  - erp03, task 141 45 [118489]: mask 0x404040404040 set
cpu_bind=LDMAP  - erp03, task 138 42 [118486]: mask 0x404040404040 set
cpu_bind=LDMAP  - erp08, task 357 21 [122033]: mask 0x808080808080 set
cpu_bind=LDMAP  - erp08, task 358 22 [122034]: mask 0x808080808080 set
cpu_bind=LDMAP  - erp08, task 359 23 [122035]: mask 0x808080808080 set
cpu_bind=LDMAP  - erp05, task 194  2 [41366]: mask 0x20202020202 set
cpu_bind=LDMAP  - erp05, task 192  0 [41364]: mask 0x20202020202 set
cpu_bind=LDMAP  - erp05, task 193  1 [41365]: mask 0x20202020202 set
cpu_bind=LDMAP  - erp08, task 361 25 [122037]: mask 0x10101010101 set
cpu_bind=LDMAP  - erp08, task 360 24 [122036]: mask 0x10101010101 set
cpu_bind=LDMAP  - erp05, task 196  4 [41368]: mask 0x20202020202 set
cpu_bind=LDMAP  - erp05, task 197  5 [41369]: mask 0x20202020202 set
cpu_bind=LDMAP  - erp05, task 195  3 [41367]: mask 0x20202020202 set
cpu_bind=LDMAP  - erp08, task 362 26 [122038]: mask 0x10101010101 set
cpu_bind=LDMAP  - erp08, task 363 27 [122039]: mask 0x10101010101 set
cpu_bind=LDMAP  - erp05, task 198  6 [41370]: mask 0x80808080808 set
cpu_bind=LDMAP  - erp05, task 199  7 [41371]: mask 0x80808080808 set
cpu_bind=LDMAP  - erp08, task 364 28 [122040]: mask 0x10101010101 set
cpu_bind=LDMAP  - erp08, task 366 30 [122042]: mask 0x40404040404 set
cpu_bind=LDMAP  - erp08, task 365 29 [122041]: mask 0x10101010101 set
cpu_bind=LDMAP  - erp05, task 200  8 [41372]: mask 0x80808080808 set
cpu_bind=LDMAP  - erp08, task 367 31 [122043]: mask 0x40404040404 set
cpu_bind=LDMAP  - erp05, task 201  9 [41373]: mask 0x80808080808 set
cpu_bind=LDMAP  - erp08, task 368 32 [122044]: mask 0x40404040404 set
cpu_bind=LDMAP  - erp05, task 203 11 [41375]: mask 0x80808080808 set
cpu_bind=LDMAP  - erp05, task 204 12 [41376]: mask 0x202020202020 set
cpu_bind=LDMAP  - erp05, task 202 10 [41374]: mask 0x80808080808 set
cpu_bind=LDMAP  - erp08, task 369 33 [122045]: mask 0x40404040404 set
cpu_bind=LDMAP  - erp08, task 370 34 [122046]: mask 0x40404040404 set
cpu_bind=LDMAP  - erp08, task 371 35 [122047]: mask 0x40404040404 set
cpu_bind=LDMAP  - erp05, task 205 13 [41377]: mask 0x202020202020 set
cpu_bind=LDMAP  - erp08, task 372 36 [122048]: mask 0x101010101010 set
cpu_bind=LDMAP  - erp08, task 373 37 [122049]: mask 0x101010101010 set
cpu_bind=LDMAP  - erp08, task 374 38 [122050]: mask 0x101010101010 set
cpu_bind=LDMAP  - erp05, task 207 15 [41379]: mask 0x202020202020 set
cpu_bind=LDMAP  - erp05, task 208 16 [41380]: mask 0x202020202020 set
cpu_bind=LDMAP  - erp05, task 206 14 [41378]: mask 0x202020202020 set
cpu_bind=LDMAP  - erp08, task 375 39 [122051]: mask 0x101010101010 set
cpu_bind=LDMAP  - erp08, task 376 40 [122052]: mask 0x101010101010 set
cpu_bind=LDMAP  - erp08, task 379 43 [122055]: mask 0x404040404040 set
cpu_bind=LDMAP  - erp08, task 377 41 [122053]: mask 0x101010101010 set
cpu_bind=LDMAP  - erp08, task 378 42 [122054]: mask 0x404040404040 set
cpu_bind=LDMAP  - erp05, task 212 20 [41384]: mask 0x808080808080 set
cpu_bind=LDMAP  - erp05, task 210 18 [41382]: mask 0x808080808080 set
cpu_bind=LDMAP  - erp05, task 213 21 [41385]: mask 0x808080808080 set
cpu_bind=LDMAP  - erp05, task 214 22 [41386]: mask 0x808080808080 set
cpu_bind=LDMAP  - erp05, task 215 23 [41387]: mask 0x808080808080 set
cpu_bind=LDMAP  - erp08, task 380 44 [122056]: mask 0x404040404040 set
cpu_bind=LDMAP  - erp05, task 211 19 [41383]: mask 0x808080808080 set
cpu_bind=LDMAP  - erp05, task 219 27 [41391]: mask 0x10101010101 set
cpu_bind=LDMAP  - erp05, task 209 17 [41381]: mask 0x202020202020 set
cpu_bind=LDMAP  - erp05, task 217 25 [41389]: mask 0x10101010101 set
cpu_bind=LDMAP  - erp05, task 216 24 [41388]: mask 0x10101010101 set
cpu_bind=LDMAP  - erp08, task 381 45 [122057]: mask 0x404040404040 set
cpu_bind=LDMAP  - erp05, task 222 30 [41394]: mask 0x40404040404 set
cpu_bind=LDMAP  - erp05, task 221 29 [41393]: mask 0x10101010101 set
cpu_bind=LDMAP  - erp05, task 220 28 [41392]: mask 0x10101010101 set
cpu_bind=LDMAP  - erp08, task 382 46 [122058]: mask 0x404040404040 set
cpu_bind=LDMAP  - erp05, task 218 26 [41390]: mask 0x10101010101 set
cpu_bind=LDMAP  - erp08, task 383 47 [122059]: mask 0x404040404040 set
cpu_bind=LDMAP  - erp05, task 223 31 [41395]: mask 0x40404040404 set
cpu_bind=LDMAP  - erp05, task 224 32 [41396]: mask 0x40404040404 set
cpu_bind=LDMAP  - erp05, task 225 33 [41397]: mask 0x40404040404 set
cpu_bind=LDMAP  - erp05, task 227 35 [41399]: mask 0x40404040404 set
cpu_bind=LDMAP  - erp05, task 228 36 [41400]: mask 0x101010101010 set
cpu_bind=LDMAP  - erp05, task 226 34 [41398]: mask 0x40404040404 set
cpu_bind=LDMAP  - erp05, task 231 39 [41403]: mask 0x101010101010 set
cpu_bind=LDMAP  - erp05, task 230 38 [41402]: mask 0x101010101010 set
cpu_bind=LDMAP  - erp05, task 229 37 [41401]: mask 0x101010101010 set
cpu_bind=LDMAP  - erp05, task 233 41 [41405]: mask 0x101010101010 set
cpu_bind=LDMAP  - erp05, task 234 42 [41406]: mask 0x404040404040 set
cpu_bind=LDMAP  - erp05, task 232 40 [41404]: mask 0x101010101010 set
cpu_bind=LDMAP  - erp05, task 236 44 [41408]: mask 0x404040404040 set
cpu_bind=LDMAP  - erp05, task 235 43 [41407]: mask 0x404040404040 set
cpu_bind=LDMAP  - erp05, task 238 46 [41410]: mask 0x404040404040 set
cpu_bind=LDMAP  - erp05, task 237 45 [41409]: mask 0x404040404040 set
cpu_bind=LDMAP  - erp05, task 239 47 [41411]: mask 0x404040404040 set
cpu_bind=LDMAP  - erp06, task 242  2 [112616]: mask 0x20202020202 set
cpu_bind=LDMAP  - erp06, task 241  1 [112615]: mask 0x20202020202 set
cpu_bind=LDMAP  - erp06, task 240  0 [112614]: mask 0x20202020202 set
cpu_bind=LDMAP  - erp06, task 244  4 [112618]: mask 0x20202020202 set
cpu_bind=LDMAP  - erp06, task 245  5 [112619]: mask 0x20202020202 set
cpu_bind=LDMAP  - erp06, task 243  3 [112617]: mask 0x20202020202 set
cpu_bind=LDMAP  - erp06, task 246  6 [112620]: mask 0x80808080808 set
cpu_bind=LDMAP  - erp06, task 247  7 [112621]: mask 0x80808080808 set
cpu_bind=LDMAP  - erp06, task 249  9 [112623]: mask 0x80808080808 set
cpu_bind=LDMAP  - erp06, task 248  8 [112622]: mask 0x80808080808 set
cpu_bind=LDMAP  - erp06, task 251 11 [112625]: mask 0x80808080808 set
cpu_bind=LDMAP  - erp06, task 250 10 [112624]: mask 0x80808080808 set
cpu_bind=LDMAP  - erp06, task 252 12 [112626]: mask 0x202020202020 set
cpu_bind=LDMAP  - erp06, task 254 14 [112628]: mask 0x202020202020 set
cpu_bind=LDMAP  - erp06, task 253 13 [112627]: mask 0x202020202020 set
cpu_bind=LDMAP  - erp06, task 255 15 [112629]: mask 0x202020202020 set
cpu_bind=LDMAP  - erp06, task 256 16 [112630]: mask 0x202020202020 set
cpu_bind=LDMAP  - erp06, task 257 17 [112631]: mask 0x202020202020 set
cpu_bind=LDMAP  - erp06, task 259 19 [112633]: mask 0x808080808080 set
cpu_bind=LDMAP  - erp06, task 258 18 [112632]: mask 0x808080808080 set
cpu_bind=LDMAP  - erp06, task 260 20 [112634]: mask 0x808080808080 set
cpu_bind=LDMAP  - erp06, task 261 21 [112635]: mask 0x808080808080 set
cpu_bind=LDMAP  - erp06, task 262 22 [112636]: mask 0x808080808080 set
cpu_bind=LDMAP  - erp06, task 263 23 [112637]: mask 0x808080808080 set
cpu_bind=LDMAP  - erp06, task 265 25 [112639]: mask 0x10101010101 set
cpu_bind=LDMAP  - erp06, task 264 24 [112638]: mask 0x10101010101 set
cpu_bind=LDMAP  - erp06, task 266 26 [112640]: mask 0x10101010101 set
cpu_bind=LDMAP  - erp06, task 268 28 [112642]: mask 0x10101010101 set
cpu_bind=LDMAP  - erp06, task 267 27 [112641]: mask 0x10101010101 set
cpu_bind=LDMAP  - erp06, task 269 29 [112643]: mask 0x10101010101 set
cpu_bind=LDMAP  - erp06, task 271 31 [112645]: mask 0x40404040404 set
cpu_bind=LDMAP  - erp06, task 270 30 [112644]: mask 0x40404040404 set
cpu_bind=LDMAP  - erp06, task 274 34 [112648]: mask 0x40404040404 set
cpu_bind=LDMAP  - erp06, task 273 33 [112647]: mask 0x40404040404 set
cpu_bind=LDMAP  - erp06, task 272 32 [112646]: mask 0x40404040404 set
cpu_bind=LDMAP  - erp06, task 275 35 [112649]: mask 0x40404040404 set
cpu_bind=LDMAP  - erp06, task 276 36 [112650]: mask 0x101010101010 set
cpu_bind=LDMAP  - erp06, task 278 38 [112652]: mask 0x101010101010 set
cpu_bind=LDMAP  - erp06, task 277 37 [112651]: mask 0x101010101010 set
cpu_bind=LDMAP  - erp06, task 280 40 [112654]: mask 0x101010101010 set
cpu_bind=LDMAP  - erp06, task 279 39 [112653]: mask 0x101010101010 set
cpu_bind=LDMAP  - erp06, task 281 41 [112655]: mask 0x101010101010 set
cpu_bind=LDMAP  - erp06, task 283 43 [112657]: mask 0x404040404040 set
cpu_bind=LDMAP  - erp06, task 282 42 [112656]: mask 0x404040404040 set
cpu_bind=LDMAP  - erp06, task 284 44 [112658]: mask 0x404040404040 set
cpu_bind=LDMAP  - erp06, task 286 46 [112660]: mask 0x404040404040 set
cpu_bind=LDMAP  - erp06, task 285 45 [112659]: mask 0x404040404040 set
cpu_bind=LDMAP  - erp06, task 287 47 [112661]: mask 0x404040404040 set
cpu_bind=LDMAP  - erp07, task 290  2 [48808]: mask 0x20202020202 set
cpu_bind=LDMAP  - erp07, task 288  0 [48806]: mask 0x20202020202 set
cpu_bind=LDMAP  - erp07, task 289  1 [48807]: mask 0x20202020202 set
cpu_bind=LDMAP  - erp07, task 293  5 [48811]: mask 0x20202020202 set
cpu_bind=LDMAP  - erp07, task 291  3 [48809]: mask 0x20202020202 set
cpu_bind=LDMAP  - erp07, task 294  6 [48812]: mask 0x80808080808 set
cpu_bind=LDMAP  - erp07, task 292  4 [48810]: mask 0x20202020202 set
cpu_bind=LDMAP  - erp07, task 295  7 [48813]: mask 0x80808080808 set
cpu_bind=LDMAP  - erp07, task 296  8 [48814]: mask 0x80808080808 set
cpu_bind=LDMAP  - erp07, task 299 11 [48817]: mask 0x80808080808 set
cpu_bind=LDMAP  - erp07, task 301 13 [48819]: mask 0x202020202020 set
cpu_bind=LDMAP  - erp07, task 297  9 [48815]: mask 0x80808080808 set
cpu_bind=LDMAP  - erp07, task 298 10 [48816]: mask 0x80808080808 set
cpu_bind=LDMAP  - erp07, task 302 14 [48820]: mask 0x202020202020 set
cpu_bind=LDMAP  - erp07, task 303 15 [48821]: mask 0x202020202020 set
cpu_bind=LDMAP  - erp07, task 300 12 [48818]: mask 0x202020202020 set
cpu_bind=LDMAP  - erp07, task 304 16 [48822]: mask 0x202020202020 set
cpu_bind=LDMAP  - erp07, task 305 17 [48823]: mask 0x202020202020 set
cpu_bind=LDMAP  - erp07, task 306 18 [48824]: mask 0x808080808080 set
cpu_bind=LDMAP  - erp07, task 307 19 [48825]: mask 0x808080808080 set
cpu_bind=LDMAP  - erp07, task 308 20 [48826]: mask 0x808080808080 set
cpu_bind=LDMAP  - erp07, task 309 21 [48827]: mask 0x808080808080 set
cpu_bind=LDMAP  - erp07, task 311 23 [48829]: mask 0x808080808080 set
cpu_bind=LDMAP  - erp07, task 312 24 [48830]: mask 0x10101010101 set
cpu_bind=LDMAP  - erp07, task 310 22 [48828]: mask 0x808080808080 set
cpu_bind=LDMAP  - erp07, task 314 26 [48832]: mask 0x10101010101 set
cpu_bind=LDMAP  - erp07, task 313 25 [48831]: mask 0x10101010101 set
cpu_bind=LDMAP  - erp07, task 315 27 [48833]: mask 0x10101010101 set
cpu_bind=LDMAP  - erp07, task 317 29 [48835]: mask 0x10101010101 set
cpu_bind=LDMAP  - erp07, task 316 28 [48834]: mask 0x10101010101 set
cpu_bind=LDMAP  - erp07, task 318 30 [48836]: mask 0x40404040404 set
cpu_bind=LDMAP  - erp07, task 320 32 [48838]: mask 0x40404040404 set
cpu_bind=LDMAP  - erp07, task 319 31 [48837]: mask 0x40404040404 set
cpu_bind=LDMAP  - erp07, task 321 33 [48839]: mask 0x40404040404 set
cpu_bind=LDMAP  - erp07, task 323 35 [48841]: mask 0x40404040404 set
cpu_bind=LDMAP  - erp07, task 322 34 [48840]: mask 0x40404040404 set
cpu_bind=LDMAP  - erp07, task 325 37 [48844]: mask 0x101010101010 set
cpu_bind=LDMAP  - erp07, task 324 36 [48843]: mask 0x101010101010 set
cpu_bind=LDMAP  - erp07, task 326 38 [48845]: mask 0x101010101010 set
cpu_bind=LDMAP  - erp07, task 328 40 [48847]: mask 0x101010101010 set
cpu_bind=LDMAP  - erp07, task 327 39 [48846]: mask 0x101010101010 set
cpu_bind=LDMAP  - erp07, task 329 41 [48848]: mask 0x101010101010 set
cpu_bind=LDMAP  - erp07, task 330 42 [48849]: mask 0x404040404040 set
cpu_bind=LDMAP  - erp07, task 331 43 [48850]: mask 0x404040404040 set
cpu_bind=LDMAP  - erp07, task 332 44 [48851]: mask 0x404040404040 set
cpu_bind=LDMAP  - erp07, task 333 45 [48852]: mask 0x404040404040 set
cpu_bind=LDMAP  - erp07, task 334 46 [48853]: mask 0x404040404040 set
cpu_bind=LDMAP  - erp07, task 335 47 [48854]: mask 0x404040404040 set

# OSU MPI Allreduce Latency Test v5.6.1
# Size       Avg Latency(us)
4                    2945.82
8                    2837.57
16                   2538.54
32                   1277.99
64                     69.05
128                   247.66
256                   332.84
512                   246.86
1024                 3673.84
2048                 6573.27
4096                 4050.11
8192                 6511.65
16384               32911.52
32768               31642.53
65536               13145.46
131072              48263.11
262144              87819.48
524288              56220.23
1048576             65822.11
+ set +x
