processes 48
nodes 2
ppn 24
binding numa
+ srun --mpi=pmi2 -n 48 --cpu_bind=verbose,map_ldom=4,4,4,4,4,4,5,5,5,5,5,5,6,6,6,6,6,6,7,7,7,7,7,7,0,0,0,0,0,0,1,1,1,1,1,1,2,2,2,2,2,2,3,3,3,3,3,3 /gpfs/u/home/CCNI/CCNIsmth/barn-shared/CWS/osu-micro-benchmarks-5.6.1-erp-openmpi.4.0.1-verbs-noUcx-Pmi-install//libexec/osu-micro-benchmarks/mpi//collective/osu_allreduce
cpu_bind=LDMAP  - erp01, task  1  1 [1963]: mask 0x20202020202 set
cpu_bind=LDMAP  - erp01, task  2  2 [1964]: mask 0x20202020202 set
cpu_bind=LDMAP  - erp01, task  0  0 [1962]: mask 0x20202020202 set
cpu_bind=LDMAP  - erp01, task  3  3 [1965]: mask 0x20202020202 set
cpu_bind=LDMAP  - erp01, task  5  5 [1967]: mask 0x20202020202 set
cpu_bind=LDMAP  - erp01, task  4  4 [1966]: mask 0x20202020202 set
cpu_bind=LDMAP  - erp01, task  8  8 [1970]: mask 0x80808080808 set
cpu_bind=LDMAP  - erp01, task  7  7 [1969]: mask 0x80808080808 set
cpu_bind=LDMAP  - erp01, task  6  6 [1968]: mask 0x80808080808 set
cpu_bind=LDMAP  - erp01, task  9  9 [1971]: mask 0x80808080808 set
cpu_bind=LDMAP  - erp01, task 12 12 [1974]: mask 0x202020202020 set
cpu_bind=LDMAP  - erp01, task 10 10 [1972]: mask 0x80808080808 set
cpu_bind=LDMAP  - erp01, task 11 11 [1973]: mask 0x80808080808 set
cpu_bind=LDMAP  - erp01, task 13 13 [1975]: mask 0x202020202020 set
cpu_bind=LDMAP  - erp01, task 14 14 [1976]: mask 0x202020202020 set
cpu_bind=LDMAP  - erp01, task 16 16 [1978]: mask 0x202020202020 set
cpu_bind=LDMAP  - erp01, task 15 15 [1977]: mask 0x202020202020 set
cpu_bind=LDMAP  - erp01, task 17 17 [1979]: mask 0x202020202020 set
cpu_bind=LDMAP  - erp01, task 18 18 [1980]: mask 0x808080808080 set
cpu_bind=LDMAP  - erp01, task 19 19 [1981]: mask 0x808080808080 set
cpu_bind=LDMAP  - erp01, task 20 20 [1982]: mask 0x808080808080 set
cpu_bind=LDMAP  - erp01, task 21 21 [1983]: mask 0x808080808080 set
cpu_bind=LDMAP  - erp01, task 23 23 [1985]: mask 0x808080808080 set
cpu_bind=LDMAP  - erp01, task 22 22 [1984]: mask 0x808080808080 set
cpu_bind=LDMAP  - erp02, task 25  1 [64969]: mask 0x20202020202 set
cpu_bind=LDMAP  - erp02, task 26  2 [64970]: mask 0x20202020202 set
cpu_bind=LDMAP  - erp02, task 24  0 [64968]: mask 0x20202020202 set
cpu_bind=LDMAP  - erp02, task 29  5 [64973]: mask 0x20202020202 set
cpu_bind=LDMAP  - erp02, task 27  3 [64971]: mask 0x20202020202 set
cpu_bind=LDMAP  - erp02, task 28  4 [64972]: mask 0x20202020202 set
cpu_bind=LDMAP  - erp02, task 30  6 [64974]: mask 0x80808080808 set
cpu_bind=LDMAP  - erp02, task 31  7 [64975]: mask 0x80808080808 set
cpu_bind=LDMAP  - erp02, task 32  8 [64976]: mask 0x80808080808 set
cpu_bind=LDMAP  - erp02, task 33  9 [64977]: mask 0x80808080808 set
cpu_bind=LDMAP  - erp02, task 35 11 [64979]: mask 0x80808080808 set
cpu_bind=LDMAP  - erp02, task 34 10 [64978]: mask 0x80808080808 set
cpu_bind=LDMAP  - erp02, task 37 13 [64981]: mask 0x202020202020 set
cpu_bind=LDMAP  - erp02, task 36 12 [64980]: mask 0x202020202020 set
cpu_bind=LDMAP  - erp02, task 38 14 [64982]: mask 0x202020202020 set
cpu_bind=LDMAP  - erp02, task 40 16 [64984]: mask 0x202020202020 set
cpu_bind=LDMAP  - erp02, task 41 17 [64985]: mask 0x202020202020 set
cpu_bind=LDMAP  - erp02, task 42 18 [64986]: mask 0x808080808080 set
cpu_bind=LDMAP  - erp02, task 39 15 [64983]: mask 0x202020202020 set
cpu_bind=LDMAP  - erp02, task 44 20 [64988]: mask 0x808080808080 set
cpu_bind=LDMAP  - erp02, task 45 21 [64989]: mask 0x808080808080 set
cpu_bind=LDMAP  - erp02, task 43 19 [64987]: mask 0x808080808080 set
cpu_bind=LDMAP  - erp02, task 46 22 [64990]: mask 0x808080808080 set
cpu_bind=LDMAP  - erp02, task 47 23 [64991]: mask 0x808080808080 set

# OSU MPI Allreduce Latency Test v5.6.1
# Size       Avg Latency(us)
4                       8.74
8                       8.80
16                      8.92
32                      8.99
64                      9.49
128                    11.13
256                    11.70
512                    18.66
1024                   20.54
2048                   24.94
4096                   53.24
8192                   79.21
16384                 235.44
32768                 246.18
65536                 296.85
131072                401.26
262144                847.60
524288               1236.89
1048576              2276.85
+ set +x
