processes 576
nodes 12
ppn 48
binding numa
+ srun --mpi=pmi2 -n 576 --cpu_bind=verbose,map_ldom=4,4,4,4,4,4,5,5,5,5,5,5,6,6,6,6,6,6,7,7,7,7,7,7,0,0,0,0,0,0,1,1,1,1,1,1,2,2,2,2,2,2,3,3,3,3,3,3 /gpfs/u/home/CCNI/CCNIsmth/barn-shared/CWS/osu-micro-benchmarks-5.6.1-erp-openmpi.4.0.1-verbs-noUcx-Pmi-install//libexec/osu-micro-benchmarks/mpi//collective/osu_allreduce
cpu_bind=LDMAP  - erp01, task  3  3 [3734]: mask 0x20202020202 set
cpu_bind=LDMAP  - erp01, task  4  4 [3735]: mask 0x20202020202 set
cpu_bind=LDMAP  - erp01, task  0  0 [3731]: mask 0x20202020202 set
cpu_bind=LDMAP  - erp01, task  1  1 [3732]: mask 0x20202020202 set
cpu_bind=LDMAP  - erp01, task  5  5 [3736]: mask 0x20202020202 set
cpu_bind=LDMAP  - erp01, task  2  2 [3733]: mask 0x20202020202 set
cpu_bind=LDMAP  - erp01, task  8  8 [3739]: mask 0x80808080808 set
cpu_bind=LDMAP  - erp01, task  6  6 [3737]: mask 0x80808080808 set
cpu_bind=LDMAP  - erp01, task  7  7 [3738]: mask 0x80808080808 set
cpu_bind=LDMAP  - erp01, task  9  9 [3740]: mask 0x80808080808 set
cpu_bind=LDMAP  - erp01, task 12 12 [3743]: mask 0x202020202020 set
cpu_bind=LDMAP  - erp01, task 10 10 [3741]: mask 0x80808080808 set
cpu_bind=LDMAP  - erp01, task 11 11 [3742]: mask 0x80808080808 set
cpu_bind=LDMAP  - erp01, task 15 15 [3746]: mask 0x202020202020 set
cpu_bind=LDMAP  - erp01, task 16 16 [3747]: mask 0x202020202020 set
cpu_bind=LDMAP  - erp01, task 13 13 [3744]: mask 0x202020202020 set
cpu_bind=LDMAP  - erp01, task 14 14 [3745]: mask 0x202020202020 set
cpu_bind=LDMAP  - erp01, task 17 17 [3748]: mask 0x202020202020 set
cpu_bind=LDMAP  - erp01, task 19 19 [3750]: mask 0x808080808080 set
cpu_bind=LDMAP  - erp01, task 18 18 [3749]: mask 0x808080808080 set
cpu_bind=LDMAP  - erp01, task 20 20 [3751]: mask 0x808080808080 set
cpu_bind=LDMAP  - erp01, task 21 21 [3752]: mask 0x808080808080 set
cpu_bind=LDMAP  - erp01, task 22 22 [3753]: mask 0x808080808080 set
cpu_bind=LDMAP  - erp01, task 23 23 [3754]: mask 0x808080808080 set
cpu_bind=LDMAP  - erp01, task 24 24 [3755]: mask 0x10101010101 set
cpu_bind=LDMAP  - erp01, task 25 25 [3756]: mask 0x10101010101 set
cpu_bind=LDMAP  - erp01, task 26 26 [3757]: mask 0x10101010101 set
cpu_bind=LDMAP  - erp01, task 28 28 [3759]: mask 0x10101010101 set
cpu_bind=LDMAP  - erp01, task 27 27 [3758]: mask 0x10101010101 set
cpu_bind=LDMAP  - erp01, task 29 29 [3760]: mask 0x10101010101 set
cpu_bind=LDMAP  - erp01, task 30 30 [3761]: mask 0x40404040404 set
cpu_bind=LDMAP  - erp01, task 32 32 [3763]: mask 0x40404040404 set
cpu_bind=LDMAP  - erp01, task 31 31 [3762]: mask 0x40404040404 set
cpu_bind=LDMAP  - erp01, task 33 33 [3764]: mask 0x40404040404 set
cpu_bind=LDMAP  - erp01, task 34 34 [3765]: mask 0x40404040404 set
cpu_bind=LDMAP  - erp01, task 35 35 [3766]: mask 0x40404040404 set
cpu_bind=LDMAP  - erp01, task 36 36 [3767]: mask 0x101010101010 set
cpu_bind=LDMAP  - erp01, task 38 38 [3769]: mask 0x101010101010 set
cpu_bind=LDMAP  - erp01, task 37 37 [3768]: mask 0x101010101010 set
cpu_bind=LDMAP  - erp01, task 41 41 [3772]: mask 0x101010101010 set
cpu_bind=LDMAP  - erp01, task 40 40 [3771]: mask 0x101010101010 set
cpu_bind=LDMAP  - erp01, task 39 39 [3770]: mask 0x101010101010 set
cpu_bind=LDMAP  - erp01, task 43 43 [3774]: mask 0x404040404040 set
cpu_bind=LDMAP  - erp01, task 42 42 [3773]: mask 0x404040404040 set
cpu_bind=LDMAP  - erp01, task 44 44 [3775]: mask 0x404040404040 set
cpu_bind=LDMAP  - erp01, task 46 46 [3777]: mask 0x404040404040 set
cpu_bind=LDMAP  - erp01, task 45 45 [3776]: mask 0x404040404040 set
cpu_bind=LDMAP  - erp01, task 47 47 [3778]: mask 0x404040404040 set
cpu_bind=LDMAP  - erp07, task 291  3 [49279]: mask 0x20202020202 set
cpu_bind=LDMAP  - erp07, task 292  4 [49280]: mask 0x20202020202 set
cpu_bind=LDMAP  - erp07, task 293  5 [49281]: mask 0x20202020202 set
cpu_bind=LDMAP  - erp07, task 288  0 [49276]: mask 0x20202020202 set
cpu_bind=LDMAP  - erp07, task 290  2 [49278]: mask 0x20202020202 set
cpu_bind=LDMAP  - erp07, task 289  1 [49277]: mask 0x20202020202 set
cpu_bind=LDMAP  - erp07, task 296  8 [49284]: mask 0x80808080808 set
cpu_bind=LDMAP  - erp07, task 294  6 [49282]: mask 0x80808080808 set
cpu_bind=LDMAP  - erp07, task 295  7 [49283]: mask 0x80808080808 set
cpu_bind=LDMAP  - erp07, task 298 10 [49286]: mask 0x80808080808 set
cpu_bind=LDMAP  - erp07, task 297  9 [49285]: mask 0x80808080808 set
cpu_bind=LDMAP  - erp07, task 299 11 [49287]: mask 0x80808080808 set
cpu_bind=LDMAP  - erp07, task 300 12 [49288]: mask 0x202020202020 set
cpu_bind=LDMAP  - erp07, task 302 14 [49290]: mask 0x202020202020 set
cpu_bind=LDMAP  - erp07, task 301 13 [49289]: mask 0x202020202020 set
cpu_bind=LDMAP  - erp07, task 303 15 [49291]: mask 0x202020202020 set
cpu_bind=LDMAP  - erp07, task 304 16 [49292]: mask 0x202020202020 set
cpu_bind=LDMAP  - erp07, task 305 17 [49293]: mask 0x202020202020 set
cpu_bind=LDMAP  - erp07, task 307 19 [49295]: mask 0x808080808080 set
cpu_bind=LDMAP  - erp07, task 308 20 [49296]: mask 0x808080808080 set
cpu_bind=LDMAP  - erp07, task 306 18 [49294]: mask 0x808080808080 set
cpu_bind=LDMAP  - erp07, task 310 22 [49298]: mask 0x808080808080 set
cpu_bind=LDMAP  - erp07, task 309 21 [49297]: mask 0x808080808080 set
cpu_bind=LDMAP  - erp07, task 311 23 [49299]: mask 0x808080808080 set
cpu_bind=LDMAP  - erp07, task 313 25 [49301]: mask 0x10101010101 set
cpu_bind=LDMAP  - erp07, task 312 24 [49300]: mask 0x10101010101 set
cpu_bind=LDMAP  - erp07, task 314 26 [49302]: mask 0x10101010101 set
cpu_bind=LDMAP  - erp07, task 316 28 [49304]: mask 0x10101010101 set
cpu_bind=LDMAP  - erp07, task 315 27 [49303]: mask 0x10101010101 set
cpu_bind=LDMAP  - erp07, task 317 29 [49305]: mask 0x10101010101 set
cpu_bind=LDMAP  - erp03, task 97  1 [118907]: mask 0x20202020202 set
cpu_bind=LDMAP  - erp03, task 102  6 [118912]: mask 0x80808080808 set
cpu_bind=LDMAP  - erp03, task 96  0 [118906]: mask 0x20202020202 set
cpu_bind=LDMAP  - erp03, task 103  7 [118913]: mask 0x80808080808 set
cpu_bind=LDMAP  - erp03, task 100  4 [118910]: mask 0x20202020202 set
cpu_bind=LDMAP  - erp03, task 99  3 [118909]: mask 0x20202020202 set
cpu_bind=LDMAP  - erp07, task 319 31 [49307]: mask 0x40404040404 set
cpu_bind=LDMAP  - erp03, task 101  5 [118911]: mask 0x20202020202 set
cpu_bind=LDMAP  - erp07, task 318 30 [49306]: mask 0x40404040404 set
cpu_bind=LDMAP  - erp03, task 107 11 [118917]: mask 0x80808080808 set
cpu_bind=LDMAP  - erp07, task 320 32 [49308]: mask 0x40404040404 set
cpu_bind=LDMAP  - erp03, task 106 10 [118916]: mask 0x80808080808 set
cpu_bind=LDMAP  - erp07, task 323 35 [49311]: mask 0x40404040404 set
cpu_bind=LDMAP  - erp03, task 104  8 [118914]: mask 0x80808080808 set
cpu_bind=LDMAP  - erp07, task 322 34 [49310]: mask 0x40404040404 set
cpu_bind=LDMAP  - erp03, task 98  2 [118908]: mask 0x20202020202 set
cpu_bind=LDMAP  - erp07, task 321 33 [49309]: mask 0x40404040404 set
cpu_bind=LDMAP  - erp03, task 105  9 [118915]: mask 0x80808080808 set
cpu_bind=LDMAP  - erp07, task 325 37 [49313]: mask 0x101010101010 set
cpu_bind=LDMAP  - erp03, task 108 12 [118918]: mask 0x202020202020 set
cpu_bind=LDMAP  - erp07, task 326 38 [49314]: mask 0x101010101010 set
cpu_bind=LDMAP  - erp03, task 109 13 [118919]: mask 0x202020202020 set
cpu_bind=LDMAP  - erp07, task 324 36 [49312]: mask 0x101010101010 set
cpu_bind=LDMAP  - erp03, task 110 14 [118920]: mask 0x202020202020 set
cpu_bind=LDMAP  - erp07, task 327 39 [49315]: mask 0x101010101010 set
cpu_bind=LDMAP  - erp03, task 113 17 [118923]: mask 0x202020202020 set
cpu_bind=LDMAP  - erp07, task 328 40 [49316]: mask 0x101010101010 set
cpu_bind=LDMAP  - erp07, task 329 41 [49317]: mask 0x101010101010 set
cpu_bind=LDMAP  - erp07, task 331 43 [49319]: mask 0x404040404040 set
cpu_bind=LDMAP  - erp07, task 330 42 [49318]: mask 0x404040404040 set
cpu_bind=LDMAP  - erp07, task 334 46 [49322]: mask 0x404040404040 set
cpu_bind=LDMAP  - erp07, task 333 45 [49321]: mask 0x404040404040 set
cpu_bind=LDMAP  - erp07, task 332 44 [49320]: mask 0x404040404040 set
cpu_bind=LDMAP  - erp03, task 111 15 [118921]: mask 0x202020202020 set
cpu_bind=LDMAP  - erp07, task 335 47 [49323]: mask 0x404040404040 set
cpu_bind=LDMAP  - erp03, task 112 16 [118922]: mask 0x202020202020 set
cpu_bind=LDMAP  - erp03, task 114 18 [118924]: mask 0x808080808080 set
cpu_bind=LDMAP  - erp03, task 116 20 [118926]: mask 0x808080808080 set
cpu_bind=LDMAP  - erp03, task 115 19 [118925]: mask 0x808080808080 set
cpu_bind=LDMAP  - erp03, task 117 21 [118927]: mask 0x808080808080 set
cpu_bind=LDMAP  - erp03, task 119 23 [118929]: mask 0x808080808080 set
cpu_bind=LDMAP  - erp03, task 118 22 [118928]: mask 0x808080808080 set
cpu_bind=LDMAP  - erp03, task 120 24 [118930]: mask 0x10101010101 set
cpu_bind=LDMAP  - erp03, task 121 25 [118931]: mask 0x10101010101 set
cpu_bind=LDMAP  - erp03, task 122 26 [118932]: mask 0x10101010101 set
cpu_bind=LDMAP  - erp03, task 124 28 [118934]: mask 0x10101010101 set
cpu_bind=LDMAP  - erp03, task 123 27 [118933]: mask 0x10101010101 set
cpu_bind=LDMAP  - erp03, task 125 29 [118935]: mask 0x10101010101 set
cpu_bind=LDMAP  - erp03, task 127 31 [118937]: mask 0x40404040404 set
cpu_bind=LDMAP  - erp03, task 126 30 [118936]: mask 0x40404040404 set
cpu_bind=LDMAP  - erp04, task 146  2 [114297]: mask 0x20202020202 set
cpu_bind=LDMAP  - erp04, task 145  1 [114296]: mask 0x20202020202 set
cpu_bind=LDMAP  - erp03, task 128 32 [118938]: mask 0x40404040404 set
cpu_bind=LDMAP  - erp04, task 144  0 [114295]: mask 0x20202020202 set
cpu_bind=LDMAP  - erp03, task 130 34 [118940]: mask 0x40404040404 set
cpu_bind=LDMAP  - erp03, task 129 33 [118939]: mask 0x40404040404 set
cpu_bind=LDMAP  - erp04, task 147  3 [114298]: mask 0x20202020202 set
cpu_bind=LDMAP  - erp03, task 131 35 [118941]: mask 0x40404040404 set
cpu_bind=LDMAP  - erp03, task 132 36 [118942]: mask 0x101010101010 set
cpu_bind=LDMAP  - erp05, task 194  2 [41801]: mask 0x20202020202 set
cpu_bind=LDMAP  - erp04, task 148  4 [114299]: mask 0x20202020202 set
cpu_bind=LDMAP  - erp04, task 149  5 [114300]: mask 0x20202020202 set
cpu_bind=LDMAP  - erp03, task 133 37 [118943]: mask 0x101010101010 set
cpu_bind=LDMAP  - erp05, task 193  1 [41800]: mask 0x20202020202 set
cpu_bind=LDMAP  - erp03, task 135 39 [118945]: mask 0x101010101010 set
cpu_bind=LDMAP  - erp04, task 150  6 [114301]: mask 0x80808080808 set
cpu_bind=LDMAP  - erp05, task 192  0 [41799]: mask 0x20202020202 set
cpu_bind=LDMAP  - erp04, task 151  7 [114302]: mask 0x80808080808 set
cpu_bind=LDMAP  - erp05, task 195  3 [41802]: mask 0x20202020202 set
cpu_bind=LDMAP  - erp04, task 152  8 [114303]: mask 0x80808080808 set
cpu_bind=LDMAP  - erp05, task 196  4 [41803]: mask 0x20202020202 set
cpu_bind=LDMAP  - erp04, task 153  9 [114304]: mask 0x80808080808 set
cpu_bind=LDMAP  - erp05, task 197  5 [41804]: mask 0x20202020202 set
cpu_bind=LDMAP  - erp03, task 134 38 [118944]: mask 0x101010101010 set
cpu_bind=LDMAP  - erp04, task 154 10 [114305]: mask 0x80808080808 set
cpu_bind=LDMAP  - erp05, task 199  7 [41806]: mask 0x80808080808 set
cpu_bind=LDMAP  - erp03, task 136 40 [118946]: mask 0x101010101010 set
cpu_bind=LDMAP  - erp04, task 155 11 [114306]: mask 0x80808080808 set
cpu_bind=LDMAP  - erp05, task 198  6 [41805]: mask 0x80808080808 set
cpu_bind=LDMAP  - erp03, task 137 41 [118947]: mask 0x101010101010 set
cpu_bind=LDMAP  - erp04, task 156 12 [114307]: mask 0x202020202020 set
cpu_bind=LDMAP  - erp05, task 201  9 [41808]: mask 0x80808080808 set
cpu_bind=LDMAP  - erp03, task 138 42 [118948]: mask 0x404040404040 set
cpu_bind=LDMAP  - erp04, task 157 13 [114308]: mask 0x202020202020 set
cpu_bind=LDMAP  - erp05, task 200  8 [41807]: mask 0x80808080808 set
cpu_bind=LDMAP  - erp03, task 139 43 [118949]: mask 0x404040404040 set
cpu_bind=LDMAP  - erp04, task 160 16 [114311]: mask 0x202020202020 set
cpu_bind=LDMAP  - erp05, task 202 10 [41809]: mask 0x80808080808 set
cpu_bind=LDMAP  - erp03, task 140 44 [118950]: mask 0x404040404040 set
cpu_bind=LDMAP  - erp04, task 158 14 [114309]: mask 0x202020202020 set
cpu_bind=LDMAP  - erp05, task 204 12 [41811]: mask 0x202020202020 set
cpu_bind=LDMAP  - erp03, task 142 46 [118952]: mask 0x404040404040 set
cpu_bind=LDMAP  - erp04, task 159 15 [114310]: mask 0x202020202020 set
cpu_bind=LDMAP  - erp05, task 203 11 [41810]: mask 0x80808080808 set
cpu_bind=LDMAP  - erp03, task 141 45 [118951]: mask 0x404040404040 set
cpu_bind=LDMAP  - erp04, task 161 17 [114312]: mask 0x202020202020 set
cpu_bind=LDMAP  - erp05, task 205 13 [41812]: mask 0x202020202020 set
cpu_bind=LDMAP  - erp03, task 143 47 [118953]: mask 0x404040404040 set
cpu_bind=LDMAP  - erp05, task 207 15 [41814]: mask 0x202020202020 set
cpu_bind=LDMAP  - erp05, task 206 14 [41813]: mask 0x202020202020 set
cpu_bind=LDMAP  - erp04, task 162 18 [114313]: mask 0x808080808080 set
cpu_bind=LDMAP  - erp04, task 163 19 [114314]: mask 0x808080808080 set
cpu_bind=LDMAP  - erp05, task 208 16 [41815]: mask 0x202020202020 set
cpu_bind=LDMAP  - erp05, task 209 17 [41816]: mask 0x202020202020 set
cpu_bind=LDMAP  - erp04, task 167 23 [114318]: mask 0x808080808080 set
cpu_bind=LDMAP  - erp04, task 166 22 [114317]: mask 0x808080808080 set
cpu_bind=LDMAP  - erp04, task 168 24 [114319]: mask 0x10101010101 set
cpu_bind=LDMAP  - erp05, task 210 18 [41817]: mask 0x808080808080 set
cpu_bind=LDMAP  - erp04, task 165 21 [114316]: mask 0x808080808080 set
cpu_bind=LDMAP  - erp04, task 164 20 [114315]: mask 0x808080808080 set
cpu_bind=LDMAP  - erp05, task 211 19 [41818]: mask 0x808080808080 set
cpu_bind=LDMAP  - erp05, task 212 20 [41819]: mask 0x808080808080 set
cpu_bind=LDMAP  - erp04, task 171 27 [114322]: mask 0x10101010101 set
cpu_bind=LDMAP  - erp04, task 169 25 [114320]: mask 0x10101010101 set
cpu_bind=LDMAP  - erp04, task 170 26 [114321]: mask 0x10101010101 set
cpu_bind=LDMAP  - erp05, task 213 21 [41820]: mask 0x808080808080 set
cpu_bind=LDMAP  - erp04, task 173 29 [114324]: mask 0x10101010101 set
cpu_bind=LDMAP  - erp04, task 172 28 [114323]: mask 0x10101010101 set
cpu_bind=LDMAP  - erp05, task 215 23 [41822]: mask 0x808080808080 set
cpu_bind=LDMAP  - erp05, task 217 25 [41824]: mask 0x10101010101 set
cpu_bind=LDMAP  - erp05, task 214 22 [41821]: mask 0x808080808080 set
cpu_bind=LDMAP  - erp04, task 175 31 [114326]: mask 0x40404040404 set
cpu_bind=LDMAP  - erp05, task 216 24 [41823]: mask 0x10101010101 set
cpu_bind=LDMAP  - erp04, task 176 32 [114327]: mask 0x40404040404 set
cpu_bind=LDMAP  - erp04, task 174 30 [114325]: mask 0x40404040404 set
cpu_bind=LDMAP  - erp05, task 218 26 [41825]: mask 0x10101010101 set
cpu_bind=LDMAP  - erp04, task 177 33 [114328]: mask 0x40404040404 set
cpu_bind=LDMAP  - erp08, task 336  0 [122467]: mask 0x20202020202 set
cpu_bind=LDMAP  - erp08, task 339  3 [122470]: mask 0x20202020202 set
cpu_bind=LDMAP  - erp08, task 340  4 [122471]: mask 0x20202020202 set
cpu_bind=LDMAP  - erp04, task 179 35 [114330]: mask 0x40404040404 set
cpu_bind=LDMAP  - erp08, task 341  5 [122472]: mask 0x20202020202 set
cpu_bind=LDMAP  - erp05, task 219 27 [41826]: mask 0x10101010101 set
cpu_bind=LDMAP  - erp08, task 338  2 [122469]: mask 0x20202020202 set
cpu_bind=LDMAP  - erp08, task 337  1 [122468]: mask 0x20202020202 set
cpu_bind=LDMAP  - erp04, task 178 34 [114329]: mask 0x40404040404 set
cpu_bind=LDMAP  - erp08, task 342  6 [122473]: mask 0x80808080808 set
cpu_bind=LDMAP  - erp05, task 220 28 [41827]: mask 0x10101010101 set
cpu_bind=LDMAP  - erp04, task 180 36 [114331]: mask 0x101010101010 set
cpu_bind=LDMAP  - erp04, task 182 38 [114333]: mask 0x101010101010 set
cpu_bind=LDMAP  - erp08, task 343  7 [122474]: mask 0x80808080808 set
cpu_bind=LDMAP  - erp04, task 181 37 [114332]: mask 0x101010101010 set
cpu_bind=LDMAP  - erp05, task 221 29 [41828]: mask 0x10101010101 set
cpu_bind=LDMAP  - erp04, task 183 39 [114334]: mask 0x101010101010 set
cpu_bind=LDMAP  - erp05, task 223 31 [41830]: mask 0x40404040404 set
cpu_bind=LDMAP  - erp05, task 224 32 [41831]: mask 0x40404040404 set
cpu_bind=LDMAP  - erp05, task 222 30 [41829]: mask 0x40404040404 set
cpu_bind=LDMAP  - erp08, task 344  8 [122475]: mask 0x80808080808 set
cpu_bind=LDMAP  - erp08, task 345  9 [122476]: mask 0x80808080808 set
cpu_bind=LDMAP  - erp04, task 184 40 [114335]: mask 0x101010101010 set
cpu_bind=LDMAP  - erp05, task 226 34 [41833]: mask 0x40404040404 set
cpu_bind=LDMAP  - erp05, task 225 33 [41832]: mask 0x40404040404 set
cpu_bind=LDMAP  - erp08, task 346 10 [122477]: mask 0x80808080808 set
cpu_bind=LDMAP  - erp08, task 348 12 [122479]: mask 0x202020202020 set
cpu_bind=LDMAP  - erp05, task 227 35 [41834]: mask 0x40404040404 set
cpu_bind=LDMAP  - erp05, task 228 36 [41835]: mask 0x101010101010 set
cpu_bind=LDMAP  - erp08, task 347 11 [122478]: mask 0x80808080808 set
cpu_bind=LDMAP  - erp04, task 185 41 [114336]: mask 0x101010101010 set
cpu_bind=LDMAP  - erp08, task 350 14 [122481]: mask 0x202020202020 set
cpu_bind=LDMAP  - erp08, task 349 13 [122480]: mask 0x202020202020 set
cpu_bind=LDMAP  - erp04, task 187 43 [114338]: mask 0x404040404040 set
cpu_bind=LDMAP  - erp05, task 229 37 [41836]: mask 0x101010101010 set
cpu_bind=LDMAP  - erp08, task 351 15 [122482]: mask 0x202020202020 set
cpu_bind=LDMAP  - erp04, task 186 42 [114337]: mask 0x404040404040 set
cpu_bind=LDMAP  - erp08, task 353 17 [122484]: mask 0x202020202020 set
cpu_bind=LDMAP  - erp08, task 352 16 [122483]: mask 0x202020202020 set
cpu_bind=LDMAP  - erp05, task 231 39 [41838]: mask 0x101010101010 set
cpu_bind=LDMAP  - erp05, task 230 38 [41837]: mask 0x101010101010 set
cpu_bind=LDMAP  - erp04, task 190 46 [114341]: mask 0x404040404040 set
cpu_bind=LDMAP  - erp04, task 188 44 [114339]: mask 0x404040404040 set
cpu_bind=LDMAP  - erp08, task 354 18 [122485]: mask 0x808080808080 set
cpu_bind=LDMAP  - erp04, task 191 47 [114342]: mask 0x404040404040 set
cpu_bind=LDMAP  - erp04, task 189 45 [114340]: mask 0x404040404040 set
cpu_bind=LDMAP  - erp08, task 355 19 [122486]: mask 0x808080808080 set
cpu_bind=LDMAP  - erp08, task 356 20 [122487]: mask 0x808080808080 set
cpu_bind=LDMAP  - erp05, task 232 40 [41839]: mask 0x101010101010 set
cpu_bind=LDMAP  - erp05, task 233 41 [41840]: mask 0x101010101010 set
cpu_bind=LDMAP  - erp05, task 234 42 [41841]: mask 0x404040404040 set
cpu_bind=LDMAP  - erp08, task 358 22 [122489]: mask 0x808080808080 set
cpu_bind=LDMAP  - erp05, task 235 43 [41842]: mask 0x404040404040 set
cpu_bind=LDMAP  - erp08, task 357 21 [122488]: mask 0x808080808080 set
cpu_bind=LDMAP  - erp08, task 359 23 [122490]: mask 0x808080808080 set
cpu_bind=LDMAP  - erp05, task 236 44 [41843]: mask 0x404040404040 set
cpu_bind=LDMAP  - erp05, task 237 45 [41844]: mask 0x404040404040 set
cpu_bind=LDMAP  - erp08, task 361 25 [122492]: mask 0x10101010101 set
cpu_bind=LDMAP  - erp08, task 360 24 [122491]: mask 0x10101010101 set
cpu_bind=LDMAP  - erp05, task 238 46 [41845]: mask 0x404040404040 set
cpu_bind=LDMAP  - erp08, task 362 26 [122493]: mask 0x10101010101 set
cpu_bind=LDMAP  - erp05, task 239 47 [41846]: mask 0x404040404040 set
cpu_bind=LDMAP  - erp08, task 363 27 [122494]: mask 0x10101010101 set
cpu_bind=LDMAP  - erp08, task 364 28 [122495]: mask 0x10101010101 set
cpu_bind=LDMAP  - erp08, task 367 31 [122498]: mask 0x40404040404 set
cpu_bind=LDMAP  - erp08, task 365 29 [122496]: mask 0x10101010101 set
cpu_bind=LDMAP  - erp08, task 366 30 [122497]: mask 0x40404040404 set
cpu_bind=LDMAP  - erp08, task 368 32 [122499]: mask 0x40404040404 set
cpu_bind=LDMAP  - erp08, task 369 33 [122500]: mask 0x40404040404 set
cpu_bind=LDMAP  - erp08, task 370 34 [122501]: mask 0x40404040404 set
cpu_bind=LDMAP  - erp08, task 371 35 [122502]: mask 0x40404040404 set
cpu_bind=LDMAP  - erp08, task 373 37 [122504]: mask 0x101010101010 set
cpu_bind=LDMAP  - erp08, task 372 36 [122503]: mask 0x101010101010 set
cpu_bind=LDMAP  - erp08, task 375 39 [122506]: mask 0x101010101010 set
cpu_bind=LDMAP  - erp08, task 374 38 [122505]: mask 0x101010101010 set
cpu_bind=LDMAP  - erp08, task 377 41 [122508]: mask 0x101010101010 set
cpu_bind=LDMAP  - erp08, task 376 40 [122507]: mask 0x101010101010 set
cpu_bind=LDMAP  - erp08, task 379 43 [122510]: mask 0x404040404040 set
cpu_bind=LDMAP  - erp08, task 378 42 [122509]: mask 0x404040404040 set
cpu_bind=LDMAP  - erp08, task 380 44 [122511]: mask 0x404040404040 set
cpu_bind=LDMAP  - erp08, task 381 45 [122512]: mask 0x404040404040 set
cpu_bind=LDMAP  - erp08, task 383 47 [122514]: mask 0x404040404040 set
cpu_bind=LDMAP  - erp08, task 382 46 [122513]: mask 0x404040404040 set
cpu_bind=LDMAP  - erp10, task 432  0 [113990]: mask 0x20202020202 set
cpu_bind=LDMAP  - erp10, task 433  1 [113991]: mask 0x20202020202 set
cpu_bind=LDMAP  - erp10, task 434  2 [113992]: mask 0x20202020202 set
cpu_bind=LDMAP  - erp10, task 435  3 [113993]: mask 0x20202020202 set
cpu_bind=LDMAP  - erp10, task 438  6 [113996]: mask 0x80808080808 set
cpu_bind=LDMAP  - erp10, task 437  5 [113995]: mask 0x20202020202 set
cpu_bind=LDMAP  - erp10, task 436  4 [113994]: mask 0x20202020202 set
cpu_bind=LDMAP  - erp10, task 439  7 [113997]: mask 0x80808080808 set
cpu_bind=LDMAP  - erp10, task 440  8 [113998]: mask 0x80808080808 set
cpu_bind=LDMAP  - erp10, task 441  9 [113999]: mask 0x80808080808 set
cpu_bind=LDMAP  - erp10, task 443 11 [114001]: mask 0x80808080808 set
cpu_bind=LDMAP  - erp10, task 442 10 [114000]: mask 0x80808080808 set
cpu_bind=LDMAP  - erp10, task 445 13 [114003]: mask 0x202020202020 set
cpu_bind=LDMAP  - erp10, task 444 12 [114002]: mask 0x202020202020 set
cpu_bind=LDMAP  - erp10, task 447 15 [114005]: mask 0x202020202020 set
cpu_bind=LDMAP  - erp10, task 446 14 [114004]: mask 0x202020202020 set
cpu_bind=LDMAP  - erp10, task 448 16 [114006]: mask 0x202020202020 set
cpu_bind=LDMAP  - erp10, task 449 17 [114007]: mask 0x202020202020 set
cpu_bind=LDMAP  - erp10, task 450 18 [114008]: mask 0x808080808080 set
cpu_bind=LDMAP  - erp12, task 528  0 [52021]: mask 0x20202020202 set
cpu_bind=LDMAP  - erp12, task 529  1 [52022]: mask 0x20202020202 set
cpu_bind=LDMAP  - erp12, task 530  2 [52023]: mask 0x20202020202 set
cpu_bind=LDMAP  - erp12, task 532  4 [52025]: mask 0x20202020202 set
cpu_bind=LDMAP  - erp12, task 531  3 [52024]: mask 0x20202020202 set
cpu_bind=LDMAP  - erp02, task 54  6 [66337]: mask 0x80808080808 set
cpu_bind=LDMAP  - erp10, task 452 20 [114010]: mask 0x808080808080 set
cpu_bind=LDMAP  - erp10, task 451 19 [114009]: mask 0x808080808080 set
cpu_bind=LDMAP  - erp02, task 55  7 [66338]: mask 0x80808080808 set
cpu_bind=LDMAP  - erp02, task 48  0 [66331]: mask 0x20202020202 set
cpu_bind=LDMAP  - erp02, task 51  3 [66334]: mask 0x20202020202 set
cpu_bind=LDMAP  - erp02, task 53  5 [66336]: mask 0x20202020202 set
cpu_bind=LDMAP  - erp02, task 56  8 [66339]: mask 0x80808080808 set
cpu_bind=LDMAP  - erp02, task 57  9 [66340]: mask 0x80808080808 set
cpu_bind=LDMAP  - erp02, task 52  4 [66335]: mask 0x20202020202 set
cpu_bind=LDMAP  - erp02, task 58 10 [66341]: mask 0x80808080808 set
cpu_bind=LDMAP  - erp10, task 453 21 [114011]: mask 0x808080808080 set
cpu_bind=LDMAP  - erp12, task 533  5 [52026]: mask 0x20202020202 set
cpu_bind=LDMAP  - erp02, task 50  2 [66333]: mask 0x20202020202 set
cpu_bind=LDMAP  - erp02, task 49  1 [66332]: mask 0x20202020202 set
cpu_bind=LDMAP  - erp12, task 534  6 [52027]: mask 0x80808080808 set
cpu_bind=LDMAP  - erp12, task 536  8 [52029]: mask 0x80808080808 set
cpu_bind=LDMAP  - erp02, task 59 11 [66342]: mask 0x80808080808 set
cpu_bind=LDMAP  - erp10, task 455 23 [114013]: mask 0x808080808080 set
cpu_bind=LDMAP  - erp02, task 60 12 [66343]: mask 0x202020202020 set
cpu_bind=LDMAP  - erp12, task 535  7 [52028]: mask 0x80808080808 set
cpu_bind=LDMAP  - erp10, task 454 22 [114012]: mask 0x808080808080 set
cpu_bind=LDMAP  - erp10, task 456 24 [114014]: mask 0x10101010101 set
cpu_bind=LDMAP  - erp12, task 537  9 [52030]: mask 0x80808080808 set
cpu_bind=LDMAP  - erp02, task 62 14 [66345]: mask 0x202020202020 set
cpu_bind=LDMAP  - erp02, task 61 13 [66344]: mask 0x202020202020 set
cpu_bind=LDMAP  - erp02, task 63 15 [66346]: mask 0x202020202020 set
cpu_bind=LDMAP  - erp10, task 457 25 [114015]: mask 0x10101010101 set
cpu_bind=LDMAP  - erp12, task 538 10 [52031]: mask 0x80808080808 set
cpu_bind=LDMAP  - erp10, task 458 26 [114016]: mask 0x10101010101 set
cpu_bind=LDMAP  - erp10, task 459 27 [114017]: mask 0x10101010101 set
cpu_bind=LDMAP  - erp12, task 539 11 [52032]: mask 0x80808080808 set
cpu_bind=LDMAP  - erp12, task 540 12 [52033]: mask 0x202020202020 set
cpu_bind=LDMAP  - erp02, task 64 16 [66347]: mask 0x202020202020 set
cpu_bind=LDMAP  - erp10, task 460 28 [114018]: mask 0x10101010101 set
cpu_bind=LDMAP  - erp10, task 461 29 [114019]: mask 0x10101010101 set
cpu_bind=LDMAP  - erp12, task 542 14 [52035]: mask 0x202020202020 set
cpu_bind=LDMAP  - erp02, task 65 17 [66348]: mask 0x202020202020 set
cpu_bind=LDMAP  - erp02, task 66 18 [66349]: mask 0x808080808080 set
cpu_bind=LDMAP  - erp12, task 541 13 [52034]: mask 0x202020202020 set
cpu_bind=LDMAP  - erp12, task 543 15 [52036]: mask 0x202020202020 set
cpu_bind=LDMAP  - erp02, task 67 19 [66350]: mask 0x808080808080 set
cpu_bind=LDMAP  - erp12, task 544 16 [52037]: mask 0x202020202020 set
cpu_bind=LDMAP  - erp12, task 545 17 [52038]: mask 0x202020202020 set
cpu_bind=LDMAP  - erp10, task 462 30 [114020]: mask 0x40404040404 set
cpu_bind=LDMAP  - erp02, task 69 21 [66352]: mask 0x808080808080 set
cpu_bind=LDMAP  - erp10, task 463 31 [114021]: mask 0x40404040404 set
cpu_bind=LDMAP  - erp10, task 464 32 [114022]: mask 0x40404040404 set
cpu_bind=LDMAP  - erp02, task 68 20 [66351]: mask 0x808080808080 set
cpu_bind=LDMAP  - erp02, task 70 22 [66353]: mask 0x808080808080 set
cpu_bind=LDMAP  - erp10, task 465 33 [114023]: mask 0x40404040404 set
cpu_bind=LDMAP  - erp10, task 466 34 [114024]: mask 0x40404040404 set
cpu_bind=LDMAP  - erp12, task 547 19 [52040]: mask 0x808080808080 set
cpu_bind=LDMAP  - erp10, task 467 35 [114025]: mask 0x40404040404 set
cpu_bind=LDMAP  - erp02, task 71 23 [66354]: mask 0x808080808080 set
cpu_bind=LDMAP  - erp02, task 73 25 [66356]: mask 0x10101010101 set
cpu_bind=LDMAP  - erp02, task 72 24 [66355]: mask 0x10101010101 set
cpu_bind=LDMAP  - erp12, task 546 18 [52039]: mask 0x808080808080 set
cpu_bind=LDMAP  - erp12, task 548 20 [52041]: mask 0x808080808080 set
cpu_bind=LDMAP  - erp10, task 468 36 [114026]: mask 0x101010101010 set
cpu_bind=LDMAP  - erp10, task 469 37 [114027]: mask 0x101010101010 set
cpu_bind=LDMAP  - erp02, task 75 27 [66358]: mask 0x10101010101 set
cpu_bind=LDMAP  - erp10, task 470 38 [114028]: mask 0x101010101010 set
cpu_bind=LDMAP  - erp02, task 74 26 [66357]: mask 0x10101010101 set
cpu_bind=LDMAP  - erp02, task 76 28 [66359]: mask 0x10101010101 set
cpu_bind=LDMAP  - erp10, task 471 39 [114029]: mask 0x101010101010 set
cpu_bind=LDMAP  - erp10, task 473 41 [114031]: mask 0x101010101010 set
cpu_bind=LDMAP  - erp02, task 77 29 [66360]: mask 0x10101010101 set
cpu_bind=LDMAP  - erp02, task 78 30 [66361]: mask 0x40404040404 set
cpu_bind=LDMAP  - erp10, task 472 40 [114030]: mask 0x101010101010 set
cpu_bind=LDMAP  - erp10, task 474 42 [114032]: mask 0x404040404040 set
cpu_bind=LDMAP  - erp10, task 475 43 [114033]: mask 0x404040404040 set
cpu_bind=LDMAP  - erp02, task 79 31 [66362]: mask 0x40404040404 set
cpu_bind=LDMAP  - erp10, task 476 44 [114034]: mask 0x404040404040 set
cpu_bind=LDMAP  - erp10, task 477 45 [114035]: mask 0x404040404040 set
cpu_bind=LDMAP  - erp02, task 80 32 [66363]: mask 0x40404040404 set
cpu_bind=LDMAP  - erp02, task 81 33 [66364]: mask 0x40404040404 set
cpu_bind=LDMAP  - erp02, task 82 34 [66365]: mask 0x40404040404 set
cpu_bind=LDMAP  - erp02, task 84 36 [66367]: mask 0x101010101010 set
cpu_bind=LDMAP  - erp02, task 85 37 [66368]: mask 0x101010101010 set
cpu_bind=LDMAP  - erp02, task 83 35 [66366]: mask 0x40404040404 set
cpu_bind=LDMAP  - erp10, task 478 46 [114036]: mask 0x404040404040 set
cpu_bind=LDMAP  - erp12, task 549 21 [52042]: mask 0x808080808080 set
cpu_bind=LDMAP  - erp12, task 550 22 [52043]: mask 0x808080808080 set
cpu_bind=LDMAP  - erp12, task 551 23 [52044]: mask 0x808080808080 set
cpu_bind=LDMAP  - erp12, task 552 24 [52045]: mask 0x10101010101 set
cpu_bind=LDMAP  - erp12, task 553 25 [52046]: mask 0x10101010101 set
cpu_bind=LDMAP  - erp10, task 479 47 [114037]: mask 0x404040404040 set
cpu_bind=LDMAP  - erp12, task 554 26 [52047]: mask 0x10101010101 set
cpu_bind=LDMAP  - erp12, task 555 27 [52048]: mask 0x10101010101 set
cpu_bind=LDMAP  - erp12, task 556 28 [52049]: mask 0x10101010101 set
cpu_bind=LDMAP  - erp12, task 557 29 [52050]: mask 0x10101010101 set
cpu_bind=LDMAP  - erp12, task 559 31 [52052]: mask 0x40404040404 set
cpu_bind=LDMAP  - erp02, task 86 38 [66369]: mask 0x101010101010 set
cpu_bind=LDMAP  - erp12, task 558 30 [52051]: mask 0x40404040404 set
cpu_bind=LDMAP  - erp02, task 87 39 [66370]: mask 0x101010101010 set
cpu_bind=LDMAP  - erp02, task 88 40 [66371]: mask 0x101010101010 set
cpu_bind=LDMAP  - erp12, task 560 32 [52053]: mask 0x40404040404 set
cpu_bind=LDMAP  - erp12, task 561 33 [52054]: mask 0x40404040404 set
cpu_bind=LDMAP  - erp12, task 562 34 [52055]: mask 0x40404040404 set
cpu_bind=LDMAP  - erp02, task 89 41 [66372]: mask 0x101010101010 set
cpu_bind=LDMAP  - erp02, task 90 42 [66373]: mask 0x404040404040 set
cpu_bind=LDMAP  - erp12, task 563 35 [52056]: mask 0x40404040404 set
cpu_bind=LDMAP  - erp02, task 91 43 [66374]: mask 0x404040404040 set
cpu_bind=LDMAP  - erp12, task 564 36 [52057]: mask 0x101010101010 set
cpu_bind=LDMAP  - erp02, task 93 45 [66376]: mask 0x404040404040 set
cpu_bind=LDMAP  - erp02, task 92 44 [66375]: mask 0x404040404040 set
cpu_bind=LDMAP  - erp12, task 565 37 [52058]: mask 0x101010101010 set
cpu_bind=LDMAP  - erp02, task 94 46 [66377]: mask 0x404040404040 set
cpu_bind=LDMAP  - erp02, task 95 47 [66378]: mask 0x404040404040 set
cpu_bind=LDMAP  - erp12, task 567 39 [52060]: mask 0x101010101010 set
cpu_bind=LDMAP  - erp12, task 566 38 [52059]: mask 0x101010101010 set
cpu_bind=LDMAP  - erp12, task 569 41 [52062]: mask 0x101010101010 set
cpu_bind=LDMAP  - erp12, task 570 42 [52063]: mask 0x404040404040 set
cpu_bind=LDMAP  - erp12, task 568 40 [52061]: mask 0x101010101010 set
cpu_bind=LDMAP  - erp12, task 573 45 [52066]: mask 0x404040404040 set
cpu_bind=LDMAP  - erp12, task 571 43 [52064]: mask 0x404040404040 set
cpu_bind=LDMAP  - erp12, task 574 46 [52067]: mask 0x404040404040 set
cpu_bind=LDMAP  - erp12, task 572 44 [52065]: mask 0x404040404040 set
cpu_bind=LDMAP  - erp12, task 575 47 [52068]: mask 0x404040404040 set
cpu_bind=LDMAP  - erp09, task 385  1 [111534]: mask 0x20202020202 set
cpu_bind=LDMAP  - erp09, task 384  0 [111533]: mask 0x20202020202 set
cpu_bind=LDMAP  - erp09, task 386  2 [111535]: mask 0x20202020202 set
cpu_bind=LDMAP  - erp09, task 387  3 [111536]: mask 0x20202020202 set
cpu_bind=LDMAP  - erp09, task 388  4 [111537]: mask 0x20202020202 set
cpu_bind=LDMAP  - erp09, task 389  5 [111538]: mask 0x20202020202 set
cpu_bind=LDMAP  - erp09, task 390  6 [111539]: mask 0x80808080808 set
cpu_bind=LDMAP  - erp09, task 391  7 [111540]: mask 0x80808080808 set
cpu_bind=LDMAP  - erp09, task 392  8 [111541]: mask 0x80808080808 set
cpu_bind=LDMAP  - erp09, task 393  9 [111542]: mask 0x80808080808 set
cpu_bind=LDMAP  - erp09, task 394 10 [111543]: mask 0x80808080808 set
cpu_bind=LDMAP  - erp09, task 395 11 [111544]: mask 0x80808080808 set
cpu_bind=LDMAP  - erp09, task 397 13 [111546]: mask 0x202020202020 set
cpu_bind=LDMAP  - erp09, task 396 12 [111545]: mask 0x202020202020 set
cpu_bind=LDMAP  - erp09, task 402 18 [111551]: mask 0x808080808080 set
cpu_bind=LDMAP  - erp09, task 403 19 [111552]: mask 0x808080808080 set
cpu_bind=LDMAP  - erp09, task 404 20 [111553]: mask 0x808080808080 set
cpu_bind=LDMAP  - erp09, task 405 21 [111554]: mask 0x808080808080 set
cpu_bind=LDMAP  - erp09, task 407 23 [111556]: mask 0x808080808080 set
cpu_bind=LDMAP  - erp09, task 406 22 [111555]: mask 0x808080808080 set
cpu_bind=LDMAP  - erp09, task 408 24 [111557]: mask 0x10101010101 set
cpu_bind=LDMAP  - erp09, task 400 16 [111549]: mask 0x202020202020 set
cpu_bind=LDMAP  - erp09, task 399 15 [111548]: mask 0x202020202020 set
cpu_bind=LDMAP  - erp09, task 401 17 [111550]: mask 0x202020202020 set
cpu_bind=LDMAP  - erp09, task 410 26 [111559]: mask 0x10101010101 set
cpu_bind=LDMAP  - erp09, task 409 25 [111558]: mask 0x10101010101 set
cpu_bind=LDMAP  - erp09, task 411 27 [111560]: mask 0x10101010101 set
cpu_bind=LDMAP  - erp09, task 398 14 [111547]: mask 0x202020202020 set
cpu_bind=LDMAP  - erp09, task 412 28 [111561]: mask 0x10101010101 set
cpu_bind=LDMAP  - erp09, task 413 29 [111562]: mask 0x10101010101 set
cpu_bind=LDMAP  - erp09, task 414 30 [111563]: mask 0x40404040404 set
cpu_bind=LDMAP  - erp09, task 416 32 [111565]: mask 0x40404040404 set
cpu_bind=LDMAP  - erp09, task 417 33 [111566]: mask 0x40404040404 set
cpu_bind=LDMAP  - erp09, task 415 31 [111564]: mask 0x40404040404 set
cpu_bind=LDMAP  - erp09, task 420 36 [111569]: mask 0x101010101010 set
cpu_bind=LDMAP  - erp09, task 418 34 [111567]: mask 0x40404040404 set
cpu_bind=LDMAP  - erp09, task 422 38 [111571]: mask 0x101010101010 set
cpu_bind=LDMAP  - erp09, task 419 35 [111568]: mask 0x40404040404 set
cpu_bind=LDMAP  - erp09, task 421 37 [111570]: mask 0x101010101010 set
cpu_bind=LDMAP  - erp09, task 424 40 [111573]: mask 0x101010101010 set
cpu_bind=LDMAP  - erp09, task 423 39 [111572]: mask 0x101010101010 set
cpu_bind=LDMAP  - erp09, task 425 41 [111574]: mask 0x101010101010 set
cpu_bind=LDMAP  - erp09, task 426 42 [111575]: mask 0x404040404040 set
cpu_bind=LDMAP  - erp09, task 427 43 [111576]: mask 0x404040404040 set
cpu_bind=LDMAP  - erp09, task 428 44 [111577]: mask 0x404040404040 set
cpu_bind=LDMAP  - erp09, task 430 46 [111579]: mask 0x404040404040 set
cpu_bind=LDMAP  - erp09, task 429 45 [111578]: mask 0x404040404040 set
cpu_bind=LDMAP  - erp09, task 431 47 [111580]: mask 0x404040404040 set
cpu_bind=LDMAP  - erp06, task 242  2 [113076]: mask 0x20202020202 set
cpu_bind=LDMAP  - erp06, task 241  1 [113075]: mask 0x20202020202 set
cpu_bind=LDMAP  - erp06, task 240  0 [113074]: mask 0x20202020202 set
cpu_bind=LDMAP  - erp06, task 245  5 [113079]: mask 0x20202020202 set
cpu_bind=LDMAP  - erp06, task 243  3 [113077]: mask 0x20202020202 set
cpu_bind=LDMAP  - erp06, task 244  4 [113078]: mask 0x20202020202 set
cpu_bind=LDMAP  - erp06, task 248  8 [113082]: mask 0x80808080808 set
cpu_bind=LDMAP  - erp06, task 247  7 [113081]: mask 0x80808080808 set
cpu_bind=LDMAP  - erp06, task 250 10 [113084]: mask 0x80808080808 set
cpu_bind=LDMAP  - erp06, task 249  9 [113083]: mask 0x80808080808 set
cpu_bind=LDMAP  - erp06, task 246  6 [113080]: mask 0x80808080808 set
cpu_bind=LDMAP  - erp06, task 251 11 [113085]: mask 0x80808080808 set
cpu_bind=LDMAP  - erp06, task 253 13 [113087]: mask 0x202020202020 set
cpu_bind=LDMAP  - erp06, task 254 14 [113088]: mask 0x202020202020 set
cpu_bind=LDMAP  - erp06, task 252 12 [113086]: mask 0x202020202020 set
cpu_bind=LDMAP  - erp06, task 256 16 [113090]: mask 0x202020202020 set
cpu_bind=LDMAP  - erp06, task 255 15 [113089]: mask 0x202020202020 set
cpu_bind=LDMAP  - erp06, task 258 18 [113092]: mask 0x808080808080 set
cpu_bind=LDMAP  - erp06, task 257 17 [113091]: mask 0x202020202020 set
cpu_bind=LDMAP  - erp06, task 259 19 [113093]: mask 0x808080808080 set
cpu_bind=LDMAP  - erp06, task 260 20 [113094]: mask 0x808080808080 set
cpu_bind=LDMAP  - erp06, task 261 21 [113095]: mask 0x808080808080 set
cpu_bind=LDMAP  - erp06, task 262 22 [113096]: mask 0x808080808080 set
cpu_bind=LDMAP  - erp06, task 264 24 [113098]: mask 0x10101010101 set
cpu_bind=LDMAP  - erp06, task 265 25 [113099]: mask 0x10101010101 set
cpu_bind=LDMAP  - erp06, task 263 23 [113097]: mask 0x808080808080 set
cpu_bind=LDMAP  - erp06, task 268 28 [113102]: mask 0x10101010101 set
cpu_bind=LDMAP  - erp06, task 266 26 [113100]: mask 0x10101010101 set
cpu_bind=LDMAP  - erp06, task 267 27 [113101]: mask 0x10101010101 set
cpu_bind=LDMAP  - erp06, task 269 29 [113103]: mask 0x10101010101 set
cpu_bind=LDMAP  - erp06, task 271 31 [113105]: mask 0x40404040404 set
cpu_bind=LDMAP  - erp06, task 270 30 [113104]: mask 0x40404040404 set
cpu_bind=LDMAP  - erp06, task 273 33 [113107]: mask 0x40404040404 set
cpu_bind=LDMAP  - erp06, task 274 34 [113108]: mask 0x40404040404 set
cpu_bind=LDMAP  - erp06, task 272 32 [113106]: mask 0x40404040404 set
cpu_bind=LDMAP  - erp06, task 275 35 [113109]: mask 0x40404040404 set
cpu_bind=LDMAP  - erp06, task 276 36 [113110]: mask 0x101010101010 set
cpu_bind=LDMAP  - erp06, task 277 37 [113111]: mask 0x101010101010 set
cpu_bind=LDMAP  - erp06, task 278 38 [113112]: mask 0x101010101010 set
cpu_bind=LDMAP  - erp06, task 279 39 [113113]: mask 0x101010101010 set
cpu_bind=LDMAP  - erp06, task 281 41 [113115]: mask 0x101010101010 set
cpu_bind=LDMAP  - erp06, task 280 40 [113114]: mask 0x101010101010 set
cpu_bind=LDMAP  - erp06, task 284 44 [113118]: mask 0x404040404040 set
cpu_bind=LDMAP  - erp06, task 282 42 [113116]: mask 0x404040404040 set
cpu_bind=LDMAP  - erp06, task 285 45 [113119]: mask 0x404040404040 set
cpu_bind=LDMAP  - erp06, task 283 43 [113117]: mask 0x404040404040 set
cpu_bind=LDMAP  - erp06, task 287 47 [113121]: mask 0x404040404040 set
cpu_bind=LDMAP  - erp06, task 286 46 [113120]: mask 0x404040404040 set
cpu_bind=LDMAP  - erp11, task 480  0 [68401]: mask 0x20202020202 set
cpu_bind=LDMAP  - erp11, task 482  2 [68403]: mask 0x20202020202 set
cpu_bind=LDMAP  - erp11, task 481  1 [68402]: mask 0x20202020202 set
cpu_bind=LDMAP  - erp11, task 484  4 [68405]: mask 0x20202020202 set
cpu_bind=LDMAP  - erp11, task 485  5 [68406]: mask 0x20202020202 set
cpu_bind=LDMAP  - erp11, task 487  7 [68408]: mask 0x80808080808 set
cpu_bind=LDMAP  - erp11, task 488  8 [68409]: mask 0x80808080808 set
cpu_bind=LDMAP  - erp11, task 486  6 [68407]: mask 0x80808080808 set
cpu_bind=LDMAP  - erp11, task 490 10 [68411]: mask 0x80808080808 set
cpu_bind=LDMAP  - erp11, task 489  9 [68410]: mask 0x80808080808 set
cpu_bind=LDMAP  - erp11, task 492 12 [68413]: mask 0x202020202020 set
cpu_bind=LDMAP  - erp11, task 483  3 [68404]: mask 0x20202020202 set
cpu_bind=LDMAP  - erp11, task 491 11 [68412]: mask 0x80808080808 set
cpu_bind=LDMAP  - erp11, task 494 14 [68415]: mask 0x202020202020 set
cpu_bind=LDMAP  - erp11, task 493 13 [68414]: mask 0x202020202020 set
cpu_bind=LDMAP  - erp11, task 495 15 [68416]: mask 0x202020202020 set
cpu_bind=LDMAP  - erp11, task 496 16 [68417]: mask 0x202020202020 set
cpu_bind=LDMAP  - erp11, task 497 17 [68418]: mask 0x202020202020 set
cpu_bind=LDMAP  - erp11, task 499 19 [68420]: mask 0x808080808080 set
cpu_bind=LDMAP  - erp11, task 498 18 [68419]: mask 0x808080808080 set
cpu_bind=LDMAP  - erp11, task 501 21 [68422]: mask 0x808080808080 set
cpu_bind=LDMAP  - erp11, task 502 22 [68423]: mask 0x808080808080 set
cpu_bind=LDMAP  - erp11, task 500 20 [68421]: mask 0x808080808080 set
cpu_bind=LDMAP  - erp11, task 503 23 [68424]: mask 0x808080808080 set
cpu_bind=LDMAP  - erp11, task 504 24 [68425]: mask 0x10101010101 set
cpu_bind=LDMAP  - erp11, task 506 26 [68427]: mask 0x10101010101 set
cpu_bind=LDMAP  - erp11, task 505 25 [68426]: mask 0x10101010101 set
cpu_bind=LDMAP  - erp11, task 508 28 [68429]: mask 0x10101010101 set
cpu_bind=LDMAP  - erp11, task 509 29 [68430]: mask 0x10101010101 set
cpu_bind=LDMAP  - erp11, task 507 27 [68428]: mask 0x10101010101 set
cpu_bind=LDMAP  - erp11, task 510 30 [68431]: mask 0x40404040404 set
cpu_bind=LDMAP  - erp11, task 511 31 [68432]: mask 0x40404040404 set
cpu_bind=LDMAP  - erp11, task 512 32 [68433]: mask 0x40404040404 set
cpu_bind=LDMAP  - erp11, task 514 34 [68435]: mask 0x40404040404 set
cpu_bind=LDMAP  - erp11, task 515 35 [68436]: mask 0x40404040404 set
cpu_bind=LDMAP  - erp11, task 513 33 [68434]: mask 0x40404040404 set
cpu_bind=LDMAP  - erp11, task 516 36 [68437]: mask 0x101010101010 set
cpu_bind=LDMAP  - erp11, task 518 38 [68439]: mask 0x101010101010 set
cpu_bind=LDMAP  - erp11, task 517 37 [68438]: mask 0x101010101010 set
cpu_bind=LDMAP  - erp11, task 519 39 [68440]: mask 0x101010101010 set
cpu_bind=LDMAP  - erp11, task 520 40 [68441]: mask 0x101010101010 set
cpu_bind=LDMAP  - erp11, task 521 41 [68442]: mask 0x101010101010 set
cpu_bind=LDMAP  - erp11, task 522 42 [68443]: mask 0x404040404040 set
cpu_bind=LDMAP  - erp11, task 523 43 [68444]: mask 0x404040404040 set
cpu_bind=LDMAP  - erp11, task 527 47 [68448]: mask 0x404040404040 set
cpu_bind=LDMAP  - erp11, task 524 44 [68445]: mask 0x404040404040 set
cpu_bind=LDMAP  - erp11, task 526 46 [68447]: mask 0x404040404040 set
cpu_bind=LDMAP  - erp11, task 525 45 [68446]: mask 0x404040404040 set

# OSU MPI Allreduce Latency Test v5.6.1
# Size       Avg Latency(us)
[erp03][[10601,0],101][connect/btl_openib_connect_udcm.c:1535:udcm_find_endpoint] could not find endpoint with port: 1, lid: 7, msg_type: 100
[erp03][[10601,0],101][connect/btl_openib_connect_udcm.c:2044:udcm_process_messages] could not find associated endpoint.
--------------------------------------------------------------------------
At least one pair of MPI processes are unable to reach each other for
MPI communications.  This means that no Open MPI device has indicated
that it can be used to communicate between these processes.  This is
an error; Open MPI requires that all MPI processes be able to reach
each other.  This error can sometimes be the result of forgetting to
specify the "self" BTL.

  Process 1 ([[10601,0],101]) is on host: erp03
  Process 2 ([[10601,0],165]) is on host: unknown!
  BTLs attempted: vader tcp self openib

Your MPI job is now going to abort; sorry.
--------------------------------------------------------------------------
[erp03:118911] *** An error occurred in MPI_Barrier
[erp03:118911] *** reported by process [694747136,101]
[erp03:118911] *** on communicator MPI_COMM_WORLD
[erp03:118911] *** MPI_ERR_INTERN: internal error
[erp03:118911] *** MPI_ERRORS_ARE_FATAL (processes in this communicator will now abort,
[erp03:118911] ***    and potentially your MPI job)
[erp09:111566] too many retries sending message to 0x013b:0x000066f1, giving up
[erp04:114323] too many retries sending message to 0x013b:0x00006704, giving up
[erp04:114323] too many retries sending message to 0x013b:0x00006704, giving up
[erp04:114296] too many retries sending message to 0x013b:0x00006710, giving up
[erp02:66337] too many retries sending message to 0x013b:0x000066f4, giving up
[erp04:114296] too many retries sending message to 0x013b:0x00006710, giving up
[erp02:66359] too many retries sending message to 0x013b:0x00006704, giving up
[erp01:03768] too many retries sending message to 0x013b:0x00006711, giving up
srun: Job step aborted: Waiting up to 32 seconds for job step to finish.
[erp01:03766] too many retries sending message to 0x013b:0x00006707, giving up
[erp02:66332] too many retries sending message to 0x013b:0x00006710, giving up
[erp10:114006] too many retries sending message to 0x013b:0x000066ec, giving up
[erp02:66350] too many retries sending message to 0x013b:0x000066cf, giving up
[erp02:66358] too many retries sending message to 0x013b:0x000066f3, giving up
slurmstepd: error: *** STEP 10601.0 ON erp01 CANCELLED AT 2020-09-18T14:03:35 ***
[erp02:66378] too many retries sending message to 0x013b:0x000066ba, giving up
[erp12:52057] too many retries sending message to 0x013b:0x000066f5, giving up
[erp12:52045] too many retries sending message to 0x013b:0x00006708, giving up
srun: error: erp04: tasks 145,172: Exited with exit code 255
srun: error: erp04: tasks 159,174: Killed
srun: error: erp09: task 400: Killed
srun: error: erp09: task 417: Exited with exit code 255
srun: error: erp02: tasks 49,54,67,75-76: Exited with exit code 255
srun: error: erp02: task 57: Killed
srun: error: erp01: tasks 35,37: Exited with exit code 255
srun: error: erp03: tasks 100-113,115-121,125,127,129-132,134,136-140,142-143: Killed
srun: error: erp10: task 448: Exited with exit code 255
srun: error: erp12: task 538: Killed
srun: error: erp12: task 564: Exited with exit code 255
srun: error: erp06: tasks 242,249-250,253-255,257-258,260-263,265-266,269-271,275: Killed
srun: error: erp08: tasks 336-337,339,342-343,345,347,351,361,363-364,366-368,370-374,376-377: Killed
srun: error: erp05: tasks 192,194-195,197-211,213,215-221,223,225-227,229-233,235-236,238: Killed
srun: error: erp07: tasks 288-289,293-294,296-297,299-303,305-307,309-314,316-319,322-324,326-328,332-335: Killed
srun: error: erp01: tasks 0-24,26-34,36,38-47: Killed
srun: error: erp11: tasks 480-482,484-520,523-527: Killed
srun: error: erp04: tasks 144,146-158,160-171,173,175-191: Killed
srun: error: erp03: tasks 96-99,114,122-124,126,128,133,135,141: Killed
srun: error: erp02: tasks 48,50-53,55-56,58-66,68-74,77-95: Killed
srun: error: erp01: task 25: Killed
srun: error: erp12: tasks 528-537,539-551,553-563,565-575: Killed
srun: error: erp12: task 552: Exited with exit code 255
srun: error: erp06: tasks 240-241,243-248,251-252,256,259,264,267-268,272-274,276-287: Killed
srun: error: erp09: tasks 384-399,401-416,418-431: Killed
srun: error: erp10: tasks 432-447,449-479: Killed
srun: error: erp08: tasks 338,340-341,344,346,348-350,352-360,362,365,369,375,378-383: Killed
srun: error: erp05: tasks 193,196,212,214,222,224,228,234,237,239: Killed
srun: error: erp07: tasks 290-292,295,298,304,308,315,320-321,325,329-331: Killed
srun: error: erp11: tasks 483,521-522: Killed
+ set +x
