processes 192
nodes 8
ppn 24
binding numa
+ srun --mpi=pmi2 -n 192 --cpu_bind=verbose,map_ldom=4,4,4,4,4,4,5,5,5,5,5,5,6,6,6,6,6,6,7,7,7,7,7,7,0,0,0,0,0,0,1,1,1,1,1,1,2,2,2,2,2,2,3,3,3,3,3,3 /gpfs/u/home/CCNI/CCNIsmth/barn-shared/CWS/osu-micro-benchmarks-5.6.1-erp-openmpi.4.0.1-verbs-noUcx-Pmi-install//libexec/osu-micro-benchmarks/mpi//collective/osu_allreduce
cpu_bind=LDMAP  - erp01, task  0  0 [2288]: mask 0x20202020202 set
cpu_bind=LDMAP  - erp01, task  1  1 [2289]: mask 0x20202020202 set
cpu_bind=LDMAP  - erp01, task  2  2 [2290]: mask 0x20202020202 set
cpu_bind=LDMAP  - erp01, task  3  3 [2291]: mask 0x20202020202 set
cpu_bind=LDMAP  - erp01, task  4  4 [2292]: mask 0x20202020202 set
cpu_bind=LDMAP  - erp01, task  6  6 [2294]: mask 0x80808080808 set
cpu_bind=LDMAP  - erp01, task  5  5 [2293]: mask 0x20202020202 set
cpu_bind=LDMAP  - erp01, task  9  9 [2297]: mask 0x80808080808 set
cpu_bind=LDMAP  - erp01, task  7  7 [2295]: mask 0x80808080808 set
cpu_bind=LDMAP  - erp01, task  8  8 [2296]: mask 0x80808080808 set
cpu_bind=LDMAP  - erp01, task 10 10 [2298]: mask 0x80808080808 set
cpu_bind=LDMAP  - erp01, task 11 11 [2299]: mask 0x80808080808 set
cpu_bind=LDMAP  - erp01, task 12 12 [2300]: mask 0x202020202020 set
cpu_bind=LDMAP  - erp01, task 13 13 [2301]: mask 0x202020202020 set
cpu_bind=LDMAP  - erp01, task 14 14 [2302]: mask 0x202020202020 set
cpu_bind=LDMAP  - erp01, task 15 15 [2303]: mask 0x202020202020 set
cpu_bind=LDMAP  - erp01, task 16 16 [2304]: mask 0x202020202020 set
cpu_bind=LDMAP  - erp01, task 17 17 [2305]: mask 0x202020202020 set
cpu_bind=LDMAP  - erp01, task 18 18 [2306]: mask 0x808080808080 set
cpu_bind=LDMAP  - erp01, task 20 20 [2308]: mask 0x808080808080 set
cpu_bind=LDMAP  - erp01, task 19 19 [2307]: mask 0x808080808080 set
cpu_bind=LDMAP  - erp01, task 21 21 [2309]: mask 0x808080808080 set
cpu_bind=LDMAP  - erp01, task 22 22 [2310]: mask 0x808080808080 set
cpu_bind=LDMAP  - erp01, task 23 23 [2311]: mask 0x808080808080 set
cpu_bind=LDMAP  - erp02, task 28  4 [65226]: mask 0x20202020202 set
cpu_bind=LDMAP  - erp02, task 31  7 [65229]: mask 0x80808080808 set
cpu_bind=LDMAP  - erp02, task 24  0 [65222]: mask 0x20202020202 set
cpu_bind=LDMAP  - erp02, task 29  5 [65227]: mask 0x20202020202 set
cpu_bind=LDMAP  - erp02, task 32  8 [65230]: mask 0x80808080808 set
cpu_bind=LDMAP  - erp02, task 27  3 [65225]: mask 0x20202020202 set
cpu_bind=LDMAP  - erp02, task 30  6 [65228]: mask 0x80808080808 set
cpu_bind=LDMAP  - erp03, task 48  0 [117959]: mask 0x20202020202 set
cpu_bind=LDMAP  - erp05, task 96  0 [41045]: mask 0x20202020202 set
cpu_bind=LDMAP  - erp02, task 25  1 [65223]: mask 0x20202020202 set
cpu_bind=LDMAP  - erp03, task 49  1 [117960]: mask 0x20202020202 set
cpu_bind=LDMAP  - erp05, task 98  2 [41047]: mask 0x20202020202 set
cpu_bind=LDMAP  - erp02, task 26  2 [65224]: mask 0x20202020202 set
cpu_bind=LDMAP  - erp03, task 50  2 [117961]: mask 0x20202020202 set
cpu_bind=LDMAP  - erp05, task 97  1 [41046]: mask 0x20202020202 set
cpu_bind=LDMAP  - erp04, task 72  0 [113348]: mask 0x20202020202 set
cpu_bind=LDMAP  - erp02, task 33  9 [65231]: mask 0x80808080808 set
cpu_bind=LDMAP  - erp03, task 51  3 [117962]: mask 0x20202020202 set
cpu_bind=LDMAP  - erp05, task 102  6 [41051]: mask 0x80808080808 set
cpu_bind=LDMAP  - erp02, task 35 11 [65233]: mask 0x80808080808 set
cpu_bind=LDMAP  - erp03, task 53  5 [117964]: mask 0x20202020202 set
cpu_bind=LDMAP  - erp05, task 103  7 [41052]: mask 0x80808080808 set
cpu_bind=LDMAP  - erp02, task 34 10 [65232]: mask 0x80808080808 set
cpu_bind=LDMAP  - erp03, task 52  4 [117963]: mask 0x20202020202 set
cpu_bind=LDMAP  - erp02, task 37 13 [65235]: mask 0x202020202020 set
cpu_bind=LDMAP  - erp03, task 54  6 [117965]: mask 0x80808080808 set
cpu_bind=LDMAP  - erp02, task 36 12 [65234]: mask 0x202020202020 set
cpu_bind=LDMAP  - erp03, task 55  7 [117966]: mask 0x80808080808 set
cpu_bind=LDMAP  - erp02, task 39 15 [65237]: mask 0x202020202020 set
cpu_bind=LDMAP  - erp03, task 56  8 [117967]: mask 0x80808080808 set
cpu_bind=LDMAP  - erp02, task 40 16 [65238]: mask 0x202020202020 set
cpu_bind=LDMAP  - erp03, task 57  9 [117968]: mask 0x80808080808 set
cpu_bind=LDMAP  - erp03, task 58 10 [117969]: mask 0x80808080808 set
cpu_bind=LDMAP  - erp03, task 59 11 [117970]: mask 0x80808080808 set
cpu_bind=LDMAP  - erp03, task 60 12 [117971]: mask 0x202020202020 set
cpu_bind=LDMAP  - erp03, task 61 13 [117972]: mask 0x202020202020 set
cpu_bind=LDMAP  - erp02, task 38 14 [65236]: mask 0x202020202020 set
cpu_bind=LDMAP  - erp03, task 63 15 [117974]: mask 0x202020202020 set
cpu_bind=LDMAP  - erp02, task 41 17 [65239]: mask 0x202020202020 set
cpu_bind=LDMAP  - erp03, task 62 14 [117973]: mask 0x202020202020 set
cpu_bind=LDMAP  - erp02, task 43 19 [65241]: mask 0x808080808080 set
cpu_bind=LDMAP  - erp03, task 64 16 [117975]: mask 0x202020202020 set
cpu_bind=LDMAP  - erp02, task 42 18 [65240]: mask 0x808080808080 set
cpu_bind=LDMAP  - erp04, task 73  1 [113349]: mask 0x20202020202 set
cpu_bind=LDMAP  - erp02, task 45 21 [65243]: mask 0x808080808080 set
cpu_bind=LDMAP  - erp02, task 44 20 [65242]: mask 0x808080808080 set
cpu_bind=LDMAP  - erp02, task 46 22 [65244]: mask 0x808080808080 set
cpu_bind=LDMAP  - erp02, task 47 23 [65245]: mask 0x808080808080 set
cpu_bind=LDMAP  - erp03, task 65 17 [117976]: mask 0x202020202020 set
cpu_bind=LDMAP  - erp03, task 66 18 [117977]: mask 0x808080808080 set
cpu_bind=LDMAP  - erp03, task 67 19 [117978]: mask 0x808080808080 set
cpu_bind=LDMAP  - erp03, task 70 22 [117981]: mask 0x808080808080 set
cpu_bind=LDMAP  - erp05, task 99  3 [41048]: mask 0x20202020202 set
cpu_bind=LDMAP  - erp04, task 74  2 [113350]: mask 0x20202020202 set
cpu_bind=LDMAP  - erp03, task 68 20 [117979]: mask 0x808080808080 set
cpu_bind=LDMAP  - erp05, task 100  4 [41049]: mask 0x20202020202 set
cpu_bind=LDMAP  - erp04, task 75  3 [113351]: mask 0x20202020202 set
cpu_bind=LDMAP  - erp03, task 69 21 [117980]: mask 0x808080808080 set
cpu_bind=LDMAP  - erp05, task 101  5 [41050]: mask 0x20202020202 set
cpu_bind=LDMAP  - erp03, task 71 23 [117982]: mask 0x808080808080 set
cpu_bind=LDMAP  - erp05, task 106 10 [41055]: mask 0x80808080808 set
cpu_bind=LDMAP  - erp05, task 105  9 [41054]: mask 0x80808080808 set
cpu_bind=LDMAP  - erp05, task 107 11 [41056]: mask 0x80808080808 set
cpu_bind=LDMAP  - erp05, task 108 12 [41057]: mask 0x202020202020 set
cpu_bind=LDMAP  - erp05, task 104  8 [41053]: mask 0x80808080808 set
cpu_bind=LDMAP  - erp05, task 109 13 [41058]: mask 0x202020202020 set
cpu_bind=LDMAP  - erp04, task 76  4 [113352]: mask 0x20202020202 set
cpu_bind=LDMAP  - erp05, task 110 14 [41059]: mask 0x202020202020 set
cpu_bind=LDMAP  - erp04, task 79  7 [113355]: mask 0x80808080808 set
cpu_bind=LDMAP  - erp05, task 112 16 [41061]: mask 0x202020202020 set
cpu_bind=LDMAP  - erp05, task 111 15 [41060]: mask 0x202020202020 set
cpu_bind=LDMAP  - erp04, task 78  6 [113354]: mask 0x80808080808 set
cpu_bind=LDMAP  - erp04, task 80  8 [113356]: mask 0x80808080808 set
cpu_bind=LDMAP  - erp05, task 113 17 [41062]: mask 0x202020202020 set
cpu_bind=LDMAP  - erp04, task 77  5 [113353]: mask 0x20202020202 set
cpu_bind=LDMAP  - erp04, task 81  9 [113357]: mask 0x80808080808 set
cpu_bind=LDMAP  - erp05, task 114 18 [41063]: mask 0x808080808080 set
cpu_bind=LDMAP  - erp05, task 115 19 [41064]: mask 0x808080808080 set
cpu_bind=LDMAP  - erp05, task 116 20 [41065]: mask 0x808080808080 set
cpu_bind=LDMAP  - erp05, task 119 23 [41068]: mask 0x808080808080 set
cpu_bind=LDMAP  - erp04, task 82 10 [113358]: mask 0x80808080808 set
cpu_bind=LDMAP  - erp04, task 83 11 [113359]: mask 0x80808080808 set
cpu_bind=LDMAP  - erp05, task 117 21 [41066]: mask 0x808080808080 set
cpu_bind=LDMAP  - erp05, task 118 22 [41067]: mask 0x808080808080 set
cpu_bind=LDMAP  - erp04, task 86 14 [113362]: mask 0x202020202020 set
cpu_bind=LDMAP  - erp04, task 85 13 [113361]: mask 0x202020202020 set
cpu_bind=LDMAP  - erp04, task 84 12 [113360]: mask 0x202020202020 set
cpu_bind=LDMAP  - erp04, task 87 15 [113363]: mask 0x202020202020 set
cpu_bind=LDMAP  - erp04, task 89 17 [113365]: mask 0x202020202020 set
cpu_bind=LDMAP  - erp04, task 88 16 [113364]: mask 0x202020202020 set
cpu_bind=LDMAP  - erp04, task 90 18 [113366]: mask 0x808080808080 set
cpu_bind=LDMAP  - erp04, task 91 19 [113367]: mask 0x808080808080 set
cpu_bind=LDMAP  - erp04, task 92 20 [113368]: mask 0x808080808080 set
cpu_bind=LDMAP  - erp04, task 93 21 [113369]: mask 0x808080808080 set
cpu_bind=LDMAP  - erp04, task 94 22 [113370]: mask 0x808080808080 set
cpu_bind=LDMAP  - erp04, task 95 23 [113371]: mask 0x808080808080 set
cpu_bind=LDMAP  - erp08, task 168  0 [121682]: mask 0x20202020202 set
cpu_bind=LDMAP  - erp08, task 170  2 [121684]: mask 0x20202020202 set
cpu_bind=LDMAP  - erp08, task 169  1 [121683]: mask 0x20202020202 set
cpu_bind=LDMAP  - erp08, task 171  3 [121685]: mask 0x20202020202 set
cpu_bind=LDMAP  - erp08, task 172  4 [121686]: mask 0x20202020202 set
cpu_bind=LDMAP  - erp08, task 173  5 [121687]: mask 0x20202020202 set
cpu_bind=LDMAP  - erp08, task 174  6 [121688]: mask 0x80808080808 set
cpu_bind=LDMAP  - erp08, task 177  9 [121691]: mask 0x80808080808 set
cpu_bind=LDMAP  - erp08, task 176  8 [121690]: mask 0x80808080808 set
cpu_bind=LDMAP  - erp08, task 175  7 [121689]: mask 0x80808080808 set
cpu_bind=LDMAP  - erp08, task 178 10 [121692]: mask 0x80808080808 set
cpu_bind=LDMAP  - erp08, task 179 11 [121693]: mask 0x80808080808 set
cpu_bind=LDMAP  - erp08, task 181 13 [121695]: mask 0x202020202020 set
cpu_bind=LDMAP  - erp08, task 180 12 [121694]: mask 0x202020202020 set
cpu_bind=LDMAP  - erp08, task 182 14 [121696]: mask 0x202020202020 set
cpu_bind=LDMAP  - erp08, task 183 15 [121697]: mask 0x202020202020 set
cpu_bind=LDMAP  - erp08, task 184 16 [121698]: mask 0x202020202020 set
cpu_bind=LDMAP  - erp08, task 185 17 [121699]: mask 0x202020202020 set
cpu_bind=LDMAP  - erp08, task 186 18 [121700]: mask 0x808080808080 set
cpu_bind=LDMAP  - erp08, task 188 20 [121702]: mask 0x808080808080 set
cpu_bind=LDMAP  - erp08, task 189 21 [121703]: mask 0x808080808080 set
cpu_bind=LDMAP  - erp08, task 187 19 [121701]: mask 0x808080808080 set
cpu_bind=LDMAP  - erp08, task 190 22 [121704]: mask 0x808080808080 set
cpu_bind=LDMAP  - erp08, task 191 23 [121705]: mask 0x808080808080 set
cpu_bind=LDMAP  - erp07, task 144  0 [48492]: mask 0x20202020202 set
cpu_bind=LDMAP  - erp06, task 120  0 [112286]: mask 0x20202020202 set
cpu_bind=LDMAP  - erp07, task 145  1 [48493]: mask 0x20202020202 set
cpu_bind=LDMAP  - erp07, task 146  2 [48494]: mask 0x20202020202 set
cpu_bind=LDMAP  - erp07, task 149  5 [48497]: mask 0x20202020202 set
cpu_bind=LDMAP  - erp07, task 148  4 [48496]: mask 0x20202020202 set
cpu_bind=LDMAP  - erp07, task 150  6 [48498]: mask 0x80808080808 set
cpu_bind=LDMAP  - erp07, task 151  7 [48499]: mask 0x80808080808 set
cpu_bind=LDMAP  - erp07, task 147  3 [48495]: mask 0x20202020202 set
cpu_bind=LDMAP  - erp07, task 152  8 [48500]: mask 0x80808080808 set
cpu_bind=LDMAP  - erp07, task 153  9 [48501]: mask 0x80808080808 set
cpu_bind=LDMAP  - erp07, task 154 10 [48502]: mask 0x80808080808 set
cpu_bind=LDMAP  - erp07, task 156 12 [48504]: mask 0x202020202020 set
cpu_bind=LDMAP  - erp07, task 155 11 [48503]: mask 0x80808080808 set
cpu_bind=LDMAP  - erp07, task 157 13 [48505]: mask 0x202020202020 set
cpu_bind=LDMAP  - erp07, task 158 14 [48506]: mask 0x202020202020 set
cpu_bind=LDMAP  - erp07, task 159 15 [48507]: mask 0x202020202020 set
cpu_bind=LDMAP  - erp07, task 161 17 [48509]: mask 0x202020202020 set
cpu_bind=LDMAP  - erp07, task 160 16 [48508]: mask 0x202020202020 set
cpu_bind=LDMAP  - erp07, task 163 19 [48511]: mask 0x808080808080 set
cpu_bind=LDMAP  - erp07, task 164 20 [48512]: mask 0x808080808080 set
cpu_bind=LDMAP  - erp06, task 122  2 [112288]: mask 0x20202020202 set
cpu_bind=LDMAP  - erp06, task 121  1 [112287]: mask 0x20202020202 set
cpu_bind=LDMAP  - erp06, task 123  3 [112289]: mask 0x20202020202 set
cpu_bind=LDMAP  - erp06, task 125  5 [112291]: mask 0x20202020202 set
cpu_bind=LDMAP  - erp06, task 126  6 [112292]: mask 0x80808080808 set
cpu_bind=LDMAP  - erp06, task 124  4 [112290]: mask 0x20202020202 set
cpu_bind=LDMAP  - erp06, task 127  7 [112293]: mask 0x80808080808 set
cpu_bind=LDMAP  - erp06, task 129  9 [112295]: mask 0x80808080808 set
cpu_bind=LDMAP  - erp06, task 130 10 [112296]: mask 0x80808080808 set
cpu_bind=LDMAP  - erp06, task 131 11 [112297]: mask 0x80808080808 set
cpu_bind=LDMAP  - erp06, task 128  8 [112294]: mask 0x80808080808 set
cpu_bind=LDMAP  - erp06, task 132 12 [112298]: mask 0x202020202020 set
cpu_bind=LDMAP  - erp06, task 134 14 [112300]: mask 0x202020202020 set
cpu_bind=LDMAP  - erp06, task 133 13 [112299]: mask 0x202020202020 set
cpu_bind=LDMAP  - erp06, task 137 17 [112303]: mask 0x202020202020 set
cpu_bind=LDMAP  - erp06, task 136 16 [112302]: mask 0x202020202020 set
cpu_bind=LDMAP  - erp06, task 135 15 [112301]: mask 0x202020202020 set
cpu_bind=LDMAP  - erp06, task 138 18 [112304]: mask 0x808080808080 set
cpu_bind=LDMAP  - erp06, task 139 19 [112305]: mask 0x808080808080 set
cpu_bind=LDMAP  - erp07, task 166 22 [48514]: mask 0x808080808080 set
cpu_bind=LDMAP  - erp07, task 165 21 [48513]: mask 0x808080808080 set
cpu_bind=LDMAP  - erp07, task 162 18 [48510]: mask 0x808080808080 set
cpu_bind=LDMAP  - erp07, task 167 23 [48515]: mask 0x808080808080 set
cpu_bind=LDMAP  - erp06, task 140 20 [112306]: mask 0x808080808080 set
cpu_bind=LDMAP  - erp06, task 143 23 [112309]: mask 0x808080808080 set
cpu_bind=LDMAP  - erp06, task 141 21 [112307]: mask 0x808080808080 set
cpu_bind=LDMAP  - erp06, task 142 22 [112308]: mask 0x808080808080 set

# OSU MPI Allreduce Latency Test v5.6.1
# Size       Avg Latency(us)
[erp05:41053] too many retries sending message to 0x013d:0x00003d00, giving up
[erp06:112302] too many retries sending message to 0x013f:0x00005a5c, giving up
[erp06:112302] too many retries sending message to 0x013f:0x00005a5c, giving up
srun: Job step aborted: Waiting up to 32 seconds for job step to finish.
slurmstepd: error: *** STEP 10596.0 ON erp01 CANCELLED AT 2020-09-18T13:58:59 ***
srun: error: erp05: tasks 96-103,105-119: Killed
srun: error: erp05: task 104: Exited with exit code 255
srun: error: erp06: tasks 120-135,137-143: Killed
srun: error: erp06: task 136: Exited with exit code 255
srun: error: erp08: tasks 168-191: Killed
srun: error: erp01: tasks 0-23: Killed
srun: error: erp07: tasks 144-167: Killed
srun: error: erp04: tasks 72-95: Killed
srun: error: erp02: tasks 24-47: Killed
srun: error: erp03: tasks 48-71: Killed
+ set +x
