processes 24
nodes 2
ppn 12
binding numa
+ mpirun --hostfile /tmp/hosts.10861 --bind-to core --report-bindings -n 24 /gpfs/u/home/CCNI/CCNIsmth/barn-shared/CWS/osu-micro-benchmarks-5.6.1-erp-openmpi.4.0.1-verbs-noUcx-Pmi-install//libexec/osu-micro-benchmarks/mpi//collective/osu_allreduce
[erp08:21720] MCW rank 12 bound to socket 0[core 0[hwt 0]]: [B/././././././././././././././././././././././.][./././././././././././././././././././././././.]
[erp08:21720] MCW rank 13 bound to socket 0[core 6[hwt 0]]: [././././././B/././././././././././././././././.][./././././././././././././././././././././././.]
[erp08:21720] MCW rank 14 bound to socket 0[core 12[hwt 0]]: [././././././././././././B/././././././././././.][./././././././././././././././././././././././.]
[erp08:21720] MCW rank 15 bound to socket 0[core 18[hwt 0]]: [././././././././././././././././././B/././././.][./././././././././././././././././././././././.]
[erp08:21720] MCW rank 16 bound to socket 1[core 24[hwt 0]]: [./././././././././././././././././././././././.][B/././././././././././././././././././././././.]
[erp08:21720] MCW rank 17 bound to socket 1[core 30[hwt 0]]: [./././././././././././././././././././././././.][././././././B/././././././././././././././././.]
[erp08:21720] MCW rank 18 bound to socket 1[core 36[hwt 0]]: [./././././././././././././././././././././././.][././././././././././././B/././././././././././.]
[erp08:21720] MCW rank 19 bound to socket 1[core 42[hwt 0]]: [./././././././././././././././././././././././.][././././././././././././././././././B/././././.]
[erp08:21720] MCW rank 20 bound to socket 0[core 1[hwt 0]]: [./B/./././././././././././././././././././././.][./././././././././././././././././././././././.]
[erp08:21720] MCW rank 21 bound to socket 0[core 7[hwt 0]]: [./././././././B/./././././././././././././././.][./././././././././././././././././././././././.]
[erp08:21720] MCW rank 22 bound to socket 0[core 13[hwt 0]]: [./././././././././././././B/./././././././././.][./././././././././././././././././././././././.]
[erp08:21720] MCW rank 23 bound to socket 0[core 19[hwt 0]]: [./././././././././././././././././././B/./././.][./././././././././././././././././././././././.]
[erp07:21332] MCW rank 0 bound to socket 0[core 0[hwt 0]]: [B/././././././././././././././././././././././.][./././././././././././././././././././././././.]
[erp07:21332] MCW rank 1 bound to socket 0[core 6[hwt 0]]: [././././././B/././././././././././././././././.][./././././././././././././././././././././././.]
[erp07:21332] MCW rank 2 bound to socket 0[core 12[hwt 0]]: [././././././././././././B/././././././././././.][./././././././././././././././././././././././.]
[erp07:21332] MCW rank 3 bound to socket 0[core 18[hwt 0]]: [././././././././././././././././././B/././././.][./././././././././././././././././././././././.]
[erp07:21332] MCW rank 4 bound to socket 1[core 24[hwt 0]]: [./././././././././././././././././././././././.][B/././././././././././././././././././././././.]
[erp07:21332] MCW rank 5 bound to socket 1[core 30[hwt 0]]: [./././././././././././././././././././././././.][././././././B/././././././././././././././././.]
[erp07:21332] MCW rank 6 bound to socket 1[core 36[hwt 0]]: [./././././././././././././././././././././././.][././././././././././././B/././././././././././.]
[erp07:21332] MCW rank 7 bound to socket 1[core 42[hwt 0]]: [./././././././././././././././././././././././.][././././././././././././././././././B/././././.]
[erp07:21332] MCW rank 8 bound to socket 0[core 1[hwt 0]]: [./B/./././././././././././././././././././././.][./././././././././././././././././././././././.]
[erp07:21332] MCW rank 9 bound to socket 0[core 7[hwt 0]]: [./././././././B/./././././././././././././././.][./././././././././././././././././././././././.]
[erp07:21332] MCW rank 10 bound to socket 0[core 13[hwt 0]]: [./././././././././././././B/./././././././././.][./././././././././././././././././././././././.]
[erp07:21332] MCW rank 11 bound to socket 0[core 19[hwt 0]]: [./././././././././././././././././././B/./././.][./././././././././././././././././././././././.]

# OSU MPI Allreduce Latency Test v5.6.1
# Size       Avg Latency(us)
4                       8.00
8                       8.03
16                      8.22
32                      8.24
64                      8.65
128                    10.21
256                    10.84
512                    16.63
1024                   18.14
2048                   21.91
4096                   50.09
8192                   70.90
16384                 166.71
32768                 211.04
65536                 260.97
131072                560.00
262144                715.04
524288               1083.40
1048576              1581.80
+ set +x
