processes 24
nodes 2
ppn 12
binding numa
+ srun --mpi=pmi2 -n 24 --cpu_bind=verbose,map_ldom=4,4,4,4,4,4,5,5,5,5,5,5,6,6,6,6,6,6,7,7,7,7,7,7,0,0,0,0,0,0,1,1,1,1,1,1,2,2,2,2,2,2,3,3,3,3,3,3 /gpfs/u/home/CCNI/CCNIsmth/barn-shared/CWS/osu-micro-benchmarks-5.6.1-erp-openmpi.4.0.1ucxNoVerbsPmi-install/libexec/osu-micro-benchmarks/mpi//collective/osu_allreduce
cpu_bind=LDMAP  - erp01, task  2  2 [5828]: mask 0x20202020202 set
cpu_bind=LDMAP  - erp01, task  1  1 [5827]: mask 0x20202020202 set
cpu_bind=LDMAP  - erp01, task  0  0 [5824]: mask 0x20202020202 set
cpu_bind=LDMAP  - erp01, task  3  3 [5829]: mask 0x20202020202 set
cpu_bind=LDMAP  - erp01, task  4  4 [5830]: mask 0x20202020202 set
cpu_bind=LDMAP  - erp01, task  5  5 [5831]: mask 0x20202020202 set
cpu_bind=LDMAP  - erp01, task  6  6 [5832]: mask 0x80808080808 set
cpu_bind=LDMAP  - erp01, task  7  7 [5833]: mask 0x80808080808 set
cpu_bind=LDMAP  - erp01, task  8  8 [5835]: mask 0x80808080808 set
cpu_bind=LDMAP  - erp01, task  9  9 [5836]: mask 0x80808080808 set
cpu_bind=LDMAP  - erp01, task 11 11 [5838]: mask 0x80808080808 set
cpu_bind=LDMAP  - erp01, task 10 10 [5837]: mask 0x80808080808 set
cpu_bind=LDMAP  - erp02, task 12  0 [59577]: mask 0x20202020202 set
cpu_bind=LDMAP  - erp02, task 14  2 [59579]: mask 0x20202020202 set
cpu_bind=LDMAP  - erp02, task 13  1 [59578]: mask 0x20202020202 set
cpu_bind=LDMAP  - erp02, task 15  3 [59580]: mask 0x20202020202 set
cpu_bind=LDMAP  - erp02, task 16  4 [59581]: mask 0x20202020202 set
cpu_bind=LDMAP  - erp02, task 17  5 [59582]: mask 0x20202020202 set
cpu_bind=LDMAP  - erp02, task 19  7 [59584]: mask 0x80808080808 set
cpu_bind=LDMAP  - erp02, task 18  6 [59583]: mask 0x80808080808 set
cpu_bind=LDMAP  - erp02, task 21  9 [59586]: mask 0x80808080808 set
cpu_bind=LDMAP  - erp02, task 20  8 [59585]: mask 0x80808080808 set
cpu_bind=LDMAP  - erp02, task 22 10 [59587]: mask 0x80808080808 set
cpu_bind=LDMAP  - erp02, task 23 11 [59588]: mask 0x80808080808 set

# OSU MPI Allreduce Latency Test v5.6.1
# Size       Avg Latency(us)
4                       5.63
8                       6.04
16                      5.76
32                      6.62
64                      6.90
128                     8.95
256                     8.44
512                     8.66
1024                   10.61
2048                   13.67
4096                   19.70
8192                   34.40
16384                  47.03
32768                  61.65
65536                  91.72
131072                150.71
262144                289.83
524288                553.93
1048576              1230.95
+ set +x
