processes 288
nodes 12
ppn 24
binding numa
+ srun --mpi=pmi2 -n 288 --cpu_bind=verbose,map_ldom=4,4,4,4,4,4,5,5,5,5,5,5,6,6,6,6,6,6,7,7,7,7,7,7,0,0,0,0,0,0,1,1,1,1,1,1,2,2,2,2,2,2,3,3,3,3,3,3 /gpfs/u/home/CCNI/CCNIsmth/barn-shared/CWS/osu-micro-benchmarks-5.6.1-erp-openmpi.4.0.1ucxNoVerbsPmi-install/libexec/osu-micro-benchmarks/mpi//collective/osu_allreduce
cpu_bind=LDMAP  - erp01, task  0  0 [8163]: mask 0x20202020202 set
cpu_bind=LDMAP  - erp01, task  1  1 [8164]: mask 0x20202020202 set
cpu_bind=LDMAP  - erp01, task  2  2 [8165]: mask 0x20202020202 set
cpu_bind=LDMAP  - erp01, task  3  3 [8166]: mask 0x20202020202 set
cpu_bind=LDMAP  - erp01, task  4  4 [8167]: mask 0x20202020202 set
cpu_bind=LDMAP  - erp01, task  5  5 [8168]: mask 0x20202020202 set
cpu_bind=LDMAP  - erp01, task  6  6 [8169]: mask 0x80808080808 set
cpu_bind=LDMAP  - erp01, task  7  7 [8170]: mask 0x80808080808 set
cpu_bind=LDMAP  - erp01, task  9  9 [8172]: mask 0x80808080808 set
cpu_bind=LDMAP  - erp01, task  8  8 [8171]: mask 0x80808080808 set
cpu_bind=LDMAP  - erp01, task 10 10 [8173]: mask 0x80808080808 set
cpu_bind=LDMAP  - erp01, task 11 11 [8174]: mask 0x80808080808 set
cpu_bind=LDMAP  - erp01, task 12 12 [8175]: mask 0x202020202020 set
cpu_bind=LDMAP  - erp01, task 13 13 [8176]: mask 0x202020202020 set
cpu_bind=LDMAP  - erp01, task 14 14 [8177]: mask 0x202020202020 set
cpu_bind=LDMAP  - erp01, task 15 15 [8178]: mask 0x202020202020 set
cpu_bind=LDMAP  - erp01, task 16 16 [8179]: mask 0x202020202020 set
cpu_bind=LDMAP  - erp01, task 19 19 [8182]: mask 0x808080808080 set
cpu_bind=LDMAP  - erp01, task 17 17 [8180]: mask 0x202020202020 set
cpu_bind=LDMAP  - erp01, task 18 18 [8181]: mask 0x808080808080 set
cpu_bind=LDMAP  - erp01, task 20 20 [8183]: mask 0x808080808080 set
cpu_bind=LDMAP  - erp01, task 21 21 [8184]: mask 0x808080808080 set
cpu_bind=LDMAP  - erp01, task 22 22 [8185]: mask 0x808080808080 set
cpu_bind=LDMAP  - erp01, task 23 23 [8186]: mask 0x808080808080 set
cpu_bind=LDMAP  - erp10, task 218  2 [39649]: mask 0x20202020202 set
cpu_bind=LDMAP  - erp10, task 216  0 [39647]: mask 0x20202020202 set
cpu_bind=LDMAP  - erp10, task 217  1 [39648]: mask 0x20202020202 set
cpu_bind=LDMAP  - erp10, task 220  4 [39651]: mask 0x20202020202 set
cpu_bind=LDMAP  - erp10, task 219  3 [39650]: mask 0x20202020202 set
cpu_bind=LDMAP  - erp10, task 221  5 [39652]: mask 0x20202020202 set
cpu_bind=LDMAP  - erp10, task 224  8 [39655]: mask 0x80808080808 set
cpu_bind=LDMAP  - erp10, task 223  7 [39654]: mask 0x80808080808 set
cpu_bind=LDMAP  - erp10, task 222  6 [39653]: mask 0x80808080808 set
cpu_bind=LDMAP  - erp10, task 225  9 [39656]: mask 0x80808080808 set
cpu_bind=LDMAP  - erp10, task 228 12 [39659]: mask 0x202020202020 set
cpu_bind=LDMAP  - erp10, task 227 11 [39658]: mask 0x80808080808 set
cpu_bind=LDMAP  - erp10, task 229 13 [39660]: mask 0x202020202020 set
cpu_bind=LDMAP  - erp10, task 226 10 [39657]: mask 0x80808080808 set
cpu_bind=LDMAP  - erp10, task 231 15 [39662]: mask 0x202020202020 set
cpu_bind=LDMAP  - erp10, task 230 14 [39661]: mask 0x202020202020 set
cpu_bind=LDMAP  - erp10, task 232 16 [39663]: mask 0x202020202020 set
cpu_bind=LDMAP  - erp10, task 234 18 [39665]: mask 0x808080808080 set
cpu_bind=LDMAP  - erp10, task 233 17 [39664]: mask 0x202020202020 set
cpu_bind=LDMAP  - erp10, task 235 19 [39666]: mask 0x808080808080 set
cpu_bind=LDMAP  - erp10, task 236 20 [39667]: mask 0x808080808080 set
cpu_bind=LDMAP  - erp10, task 238 22 [39669]: mask 0x808080808080 set
cpu_bind=LDMAP  - erp10, task 237 21 [39668]: mask 0x808080808080 set
cpu_bind=LDMAP  - erp10, task 239 23 [39670]: mask 0x808080808080 set
cpu_bind=LDMAP  - erp06, task 120  0 [44748]: mask 0x20202020202 set
cpu_bind=LDMAP  - erp06, task 121  1 [44749]: mask 0x20202020202 set
cpu_bind=LDMAP  - erp06, task 122  2 [44750]: mask 0x20202020202 set
cpu_bind=LDMAP  - erp06, task 125  5 [44753]: mask 0x20202020202 set
cpu_bind=LDMAP  - erp06, task 123  3 [44751]: mask 0x20202020202 set
cpu_bind=LDMAP  - erp06, task 124  4 [44752]: mask 0x20202020202 set
cpu_bind=LDMAP  - erp06, task 126  6 [44754]: mask 0x80808080808 set
cpu_bind=LDMAP  - erp06, task 128  8 [44756]: mask 0x80808080808 set
cpu_bind=LDMAP  - erp06, task 127  7 [44755]: mask 0x80808080808 set
cpu_bind=LDMAP  - erp06, task 133 13 [44761]: mask 0x202020202020 set
cpu_bind=LDMAP  - erp06, task 131 11 [44759]: mask 0x80808080808 set
cpu_bind=LDMAP  - erp06, task 134 14 [44763]: mask 0x202020202020 set
cpu_bind=LDMAP  - erp06, task 130 10 [44758]: mask 0x80808080808 set
cpu_bind=LDMAP  - erp06, task 132 12 [44760]: mask 0x202020202020 set
cpu_bind=LDMAP  - erp06, task 129  9 [44757]: mask 0x80808080808 set
cpu_bind=LDMAP  - erp06, task 135 15 [44764]: mask 0x202020202020 set
cpu_bind=LDMAP  - erp06, task 136 16 [44766]: mask 0x202020202020 set
cpu_bind=LDMAP  - erp06, task 137 17 [44767]: mask 0x202020202020 set
cpu_bind=LDMAP  - erp06, task 138 18 [44768]: mask 0x808080808080 set
cpu_bind=LDMAP  - erp06, task 139 19 [44769]: mask 0x808080808080 set
cpu_bind=LDMAP  - erp06, task 140 20 [44771]: mask 0x808080808080 set
cpu_bind=LDMAP  - erp06, task 142 22 [44773]: mask 0x808080808080 set
cpu_bind=LDMAP  - erp06, task 141 21 [44772]: mask 0x808080808080 set
cpu_bind=LDMAP  - erp06, task 143 23 [44774]: mask 0x808080808080 set
cpu_bind=LDMAP  - erp09, task 192  0 [40803]: mask 0x20202020202 set
cpu_bind=LDMAP  - erp09, task 194  2 [40805]: mask 0x20202020202 set
cpu_bind=LDMAP  - erp09, task 193  1 [40804]: mask 0x20202020202 set
cpu_bind=LDMAP  - erp09, task 195  3 [40806]: mask 0x20202020202 set
cpu_bind=LDMAP  - erp09, task 196  4 [40807]: mask 0x20202020202 set
cpu_bind=LDMAP  - erp09, task 197  5 [40808]: mask 0x20202020202 set
cpu_bind=LDMAP  - erp09, task 198  6 [40809]: mask 0x80808080808 set
cpu_bind=LDMAP  - erp09, task 200  8 [40811]: mask 0x80808080808 set
cpu_bind=LDMAP  - erp09, task 199  7 [40810]: mask 0x80808080808 set
cpu_bind=LDMAP  - erp09, task 201  9 [40812]: mask 0x80808080808 set
cpu_bind=LDMAP  - erp09, task 202 10 [40813]: mask 0x80808080808 set
cpu_bind=LDMAP  - erp09, task 204 12 [40815]: mask 0x202020202020 set
cpu_bind=LDMAP  - erp09, task 203 11 [40814]: mask 0x80808080808 set
cpu_bind=LDMAP  - erp09, task 205 13 [40816]: mask 0x202020202020 set
cpu_bind=LDMAP  - erp09, task 206 14 [40817]: mask 0x202020202020 set
cpu_bind=LDMAP  - erp09, task 207 15 [40818]: mask 0x202020202020 set
cpu_bind=LDMAP  - erp09, task 208 16 [40819]: mask 0x202020202020 set
cpu_bind=LDMAP  - erp09, task 209 17 [40820]: mask 0x202020202020 set
cpu_bind=LDMAP  - erp09, task 211 19 [40822]: mask 0x808080808080 set
cpu_bind=LDMAP  - erp09, task 210 18 [40821]: mask 0x808080808080 set
cpu_bind=LDMAP  - erp09, task 212 20 [40823]: mask 0x808080808080 set
cpu_bind=LDMAP  - erp09, task 214 22 [40825]: mask 0x808080808080 set
cpu_bind=LDMAP  - erp09, task 213 21 [40824]: mask 0x808080808080 set
cpu_bind=LDMAP  - erp09, task 215 23 [40826]: mask 0x808080808080 set
cpu_bind=LDMAP  - erp05, task 96  0 [50534]: mask 0x20202020202 set
cpu_bind=LDMAP  - erp04, task 73  1 [75647]: mask 0x20202020202 set
cpu_bind=LDMAP  - erp07, task 145  1 [49058]: mask 0x20202020202 set
cpu_bind=LDMAP  - erp08, task 170  2 [42900]: mask 0x20202020202 set
cpu_bind=LDMAP  - erp03, task 49  1 [73825]: mask 0x20202020202 set
cpu_bind=LDMAP  - erp02, task 26  2 [60940]: mask 0x20202020202 set
cpu_bind=LDMAP  - erp05, task 97  1 [50535]: mask 0x20202020202 set
cpu_bind=LDMAP  - erp04, task 74  2 [75648]: mask 0x20202020202 set
cpu_bind=LDMAP  - erp07, task 144  0 [49057]: mask 0x20202020202 set
cpu_bind=LDMAP  - erp08, task 169  1 [42899]: mask 0x20202020202 set
cpu_bind=LDMAP  - erp03, task 48  0 [73824]: mask 0x20202020202 set
cpu_bind=LDMAP  - erp02, task 25  1 [60939]: mask 0x20202020202 set
cpu_bind=LDMAP  - erp05, task 98  2 [50536]: mask 0x20202020202 set
cpu_bind=LDMAP  - erp04, task 72  0 [75646]: mask 0x20202020202 set
cpu_bind=LDMAP  - erp07, task 146  2 [49059]: mask 0x20202020202 set
cpu_bind=LDMAP  - erp08, task 168  0 [42898]: mask 0x20202020202 set
cpu_bind=LDMAP  - erp03, task 50  2 [73826]: mask 0x20202020202 set
cpu_bind=LDMAP  - erp02, task 24  0 [60938]: mask 0x20202020202 set
cpu_bind=LDMAP  - erp05, task 99  3 [50537]: mask 0x20202020202 set
cpu_bind=LDMAP  - erp04, task 76  4 [75650]: mask 0x20202020202 set
cpu_bind=LDMAP  - erp07, task 147  3 [49060]: mask 0x20202020202 set
cpu_bind=LDMAP  - erp08, task 171  3 [42901]: mask 0x20202020202 set
cpu_bind=LDMAP  - erp03, task 51  3 [73827]: mask 0x20202020202 set
cpu_bind=LDMAP  - erp02, task 27  3 [60941]: mask 0x20202020202 set
cpu_bind=LDMAP  - erp05, task 100  4 [50538]: mask 0x20202020202 set
cpu_bind=LDMAP  - erp04, task 77  5 [75651]: mask 0x20202020202 set
cpu_bind=LDMAP  - erp07, task 149  5 [49062]: mask 0x20202020202 set
cpu_bind=LDMAP  - erp08, task 173  5 [42903]: mask 0x20202020202 set
cpu_bind=LDMAP  - erp03, task 53  5 [73829]: mask 0x20202020202 set
cpu_bind=LDMAP  - erp02, task 28  4 [60942]: mask 0x20202020202 set
cpu_bind=LDMAP  - erp05, task 101  5 [50539]: mask 0x20202020202 set
cpu_bind=LDMAP  - erp04, task 80  8 [75654]: mask 0x80808080808 set
cpu_bind=LDMAP  - erp07, task 148  4 [49061]: mask 0x20202020202 set
cpu_bind=LDMAP  - erp08, task 172  4 [42902]: mask 0x20202020202 set
cpu_bind=LDMAP  - erp03, task 52  4 [73828]: mask 0x20202020202 set
cpu_bind=LDMAP  - erp02, task 29  5 [60943]: mask 0x20202020202 set
cpu_bind=LDMAP  - erp05, task 104  8 [50542]: mask 0x80808080808 set
cpu_bind=LDMAP  - erp04, task 81  9 [75655]: mask 0x80808080808 set
cpu_bind=LDMAP  - erp07, task 150  6 [49063]: mask 0x80808080808 set
cpu_bind=LDMAP  - erp08, task 174  6 [42904]: mask 0x80808080808 set
cpu_bind=LDMAP  - erp03, task 55  7 [73831]: mask 0x80808080808 set
cpu_bind=LDMAP  - erp02, task 30  6 [60944]: mask 0x80808080808 set
cpu_bind=LDMAP  - erp05, task 103  7 [50541]: mask 0x80808080808 set
cpu_bind=LDMAP  - erp04, task 75  3 [75649]: mask 0x20202020202 set
cpu_bind=LDMAP  - erp07, task 151  7 [49064]: mask 0x80808080808 set
cpu_bind=LDMAP  - erp08, task 175  7 [42905]: mask 0x80808080808 set
cpu_bind=LDMAP  - erp03, task 54  6 [73830]: mask 0x80808080808 set
cpu_bind=LDMAP  - erp11, task 241  1 [46785]: mask 0x20202020202 set
cpu_bind=LDMAP  - erp05, task 102  6 [50540]: mask 0x80808080808 set
cpu_bind=LDMAP  - erp04, task 79  7 [75653]: mask 0x80808080808 set
cpu_bind=LDMAP  - erp07, task 152  8 [49065]: mask 0x80808080808 set
cpu_bind=LDMAP  - erp08, task 176  8 [42906]: mask 0x80808080808 set
cpu_bind=LDMAP  - erp03, task 56  8 [73832]: mask 0x80808080808 set
cpu_bind=LDMAP  - erp05, task 105  9 [50543]: mask 0x80808080808 set
cpu_bind=LDMAP  - erp04, task 78  6 [75652]: mask 0x80808080808 set
cpu_bind=LDMAP  - erp07, task 154 10 [49067]: mask 0x80808080808 set
cpu_bind=LDMAP  - erp08, task 179 11 [42909]: mask 0x80808080808 set
cpu_bind=LDMAP  - erp03, task 57  9 [73833]: mask 0x80808080808 set
cpu_bind=LDMAP  - erp05, task 107 11 [50545]: mask 0x80808080808 set
cpu_bind=LDMAP  - erp04, task 83 11 [75657]: mask 0x80808080808 set
cpu_bind=LDMAP  - erp07, task 153  9 [49066]: mask 0x80808080808 set
cpu_bind=LDMAP  - erp08, task 180 12 [42910]: mask 0x202020202020 set
cpu_bind=LDMAP  - erp03, task 58 10 [73834]: mask 0x80808080808 set
cpu_bind=LDMAP  - erp05, task 106 10 [50544]: mask 0x80808080808 set
cpu_bind=LDMAP  - erp04, task 82 10 [75656]: mask 0x80808080808 set
cpu_bind=LDMAP  - erp07, task 155 11 [49068]: mask 0x80808080808 set
cpu_bind=LDMAP  - erp08, task 177  9 [42907]: mask 0x80808080808 set
cpu_bind=LDMAP  - erp03, task 60 12 [73836]: mask 0x202020202020 set
cpu_bind=LDMAP  - erp05, task 109 13 [50547]: mask 0x202020202020 set
cpu_bind=LDMAP  - erp04, task 84 12 [75658]: mask 0x202020202020 set
cpu_bind=LDMAP  - erp07, task 156 12 [49069]: mask 0x202020202020 set
cpu_bind=LDMAP  - erp08, task 178 10 [42908]: mask 0x80808080808 set
cpu_bind=LDMAP  - erp03, task 59 11 [73835]: mask 0x80808080808 set
cpu_bind=LDMAP  - erp05, task 108 12 [50546]: mask 0x202020202020 set
cpu_bind=LDMAP  - erp04, task 86 14 [75660]: mask 0x202020202020 set
cpu_bind=LDMAP  - erp07, task 158 14 [49071]: mask 0x202020202020 set
cpu_bind=LDMAP  - erp08, task 181 13 [42911]: mask 0x202020202020 set
cpu_bind=LDMAP  - erp03, task 62 14 [73838]: mask 0x202020202020 set
cpu_bind=LDMAP  - erp05, task 110 14 [50548]: mask 0x202020202020 set
cpu_bind=LDMAP  - erp04, task 85 13 [75659]: mask 0x202020202020 set
cpu_bind=LDMAP  - erp07, task 157 13 [49070]: mask 0x202020202020 set
cpu_bind=LDMAP  - erp08, task 182 14 [42912]: mask 0x202020202020 set
cpu_bind=LDMAP  - erp03, task 63 15 [73839]: mask 0x202020202020 set
cpu_bind=LDMAP  - erp05, task 112 16 [50550]: mask 0x202020202020 set
cpu_bind=LDMAP  - erp04, task 87 15 [75661]: mask 0x202020202020 set
cpu_bind=LDMAP  - erp07, task 160 16 [49073]: mask 0x202020202020 set
cpu_bind=LDMAP  - erp08, task 185 17 [42915]: mask 0x202020202020 set
cpu_bind=LDMAP  - erp05, task 111 15 [50549]: mask 0x202020202020 set
cpu_bind=LDMAP  - erp05, task 113 17 [50551]: mask 0x202020202020 set
cpu_bind=LDMAP  - erp04, task 89 17 [75663]: mask 0x202020202020 set
cpu_bind=LDMAP  - erp05, task 115 19 [50553]: mask 0x808080808080 set
cpu_bind=LDMAP  - erp04, task 90 18 [75664]: mask 0x808080808080 set
cpu_bind=LDMAP  - erp05, task 114 18 [50552]: mask 0x808080808080 set
cpu_bind=LDMAP  - erp04, task 88 16 [75662]: mask 0x202020202020 set
cpu_bind=LDMAP  - erp07, task 159 15 [49072]: mask 0x202020202020 set
cpu_bind=LDMAP  - erp05, task 116 20 [50554]: mask 0x808080808080 set
cpu_bind=LDMAP  - erp04, task 92 20 [75666]: mask 0x808080808080 set
cpu_bind=LDMAP  - erp07, task 161 17 [49074]: mask 0x202020202020 set
cpu_bind=LDMAP  - erp08, task 184 16 [42914]: mask 0x202020202020 set
cpu_bind=LDMAP  - erp11, task 240  0 [46784]: mask 0x20202020202 set
cpu_bind=LDMAP  - erp05, task 117 21 [50555]: mask 0x808080808080 set
cpu_bind=LDMAP  - erp04, task 93 21 [75667]: mask 0x808080808080 set
cpu_bind=LDMAP  - erp07, task 162 18 [49075]: mask 0x808080808080 set
cpu_bind=LDMAP  - erp08, task 186 18 [42916]: mask 0x808080808080 set
cpu_bind=LDMAP  - erp05, task 118 22 [50556]: mask 0x808080808080 set
cpu_bind=LDMAP  - erp04, task 94 22 [75668]: mask 0x808080808080 set
cpu_bind=LDMAP  - erp07, task 163 19 [49076]: mask 0x808080808080 set
cpu_bind=LDMAP  - erp08, task 183 15 [42913]: mask 0x202020202020 set
cpu_bind=LDMAP  - erp05, task 119 23 [50557]: mask 0x808080808080 set
cpu_bind=LDMAP  - erp04, task 91 19 [75665]: mask 0x808080808080 set
cpu_bind=LDMAP  - erp07, task 165 21 [49078]: mask 0x808080808080 set
cpu_bind=LDMAP  - erp04, task 95 23 [75669]: mask 0x808080808080 set
cpu_bind=LDMAP  - erp07, task 164 20 [49077]: mask 0x808080808080 set
cpu_bind=LDMAP  - erp07, task 166 22 [49079]: mask 0x808080808080 set
cpu_bind=LDMAP  - erp07, task 167 23 [49080]: mask 0x808080808080 set
cpu_bind=LDMAP  - erp11, task 242  2 [46786]: mask 0x20202020202 set
cpu_bind=LDMAP  - erp08, task 187 19 [42917]: mask 0x808080808080 set
cpu_bind=LDMAP  - erp02, task 31  7 [60945]: mask 0x80808080808 set
cpu_bind=LDMAP  - erp11, task 243  3 [46787]: mask 0x20202020202 set
cpu_bind=LDMAP  - erp02, task 32  8 [60946]: mask 0x80808080808 set
cpu_bind=LDMAP  - erp11, task 244  4 [46788]: mask 0x20202020202 set
cpu_bind=LDMAP  - erp02, task 33  9 [60947]: mask 0x80808080808 set
cpu_bind=LDMAP  - erp03, task 61 13 [73837]: mask 0x202020202020 set
cpu_bind=LDMAP  - erp03, task 65 17 [73841]: mask 0x202020202020 set
cpu_bind=LDMAP  - erp03, task 66 18 [73842]: mask 0x808080808080 set
cpu_bind=LDMAP  - erp03, task 64 16 [73840]: mask 0x202020202020 set
cpu_bind=LDMAP  - erp08, task 189 21 [42919]: mask 0x808080808080 set
cpu_bind=LDMAP  - erp11, task 246  6 [46790]: mask 0x80808080808 set
cpu_bind=LDMAP  - erp08, task 188 20 [42918]: mask 0x808080808080 set
cpu_bind=LDMAP  - erp11, task 247  7 [46791]: mask 0x80808080808 set
cpu_bind=LDMAP  - erp11, task 245  5 [46789]: mask 0x20202020202 set
cpu_bind=LDMAP  - erp11, task 248  8 [46792]: mask 0x80808080808 set
cpu_bind=LDMAP  - erp02, task 34 10 [60948]: mask 0x80808080808 set
cpu_bind=LDMAP  - erp11, task 249  9 [46793]: mask 0x80808080808 set
cpu_bind=LDMAP  - erp02, task 35 11 [60949]: mask 0x80808080808 set
cpu_bind=LDMAP  - erp03, task 67 19 [73843]: mask 0x808080808080 set
cpu_bind=LDMAP  - erp08, task 191 23 [42921]: mask 0x808080808080 set
cpu_bind=LDMAP  - erp08, task 190 22 [42920]: mask 0x808080808080 set
cpu_bind=LDMAP  - erp11, task 251 11 [46795]: mask 0x80808080808 set
cpu_bind=LDMAP  - erp03, task 69 21 [73845]: mask 0x808080808080 set
cpu_bind=LDMAP  - erp03, task 68 20 [73844]: mask 0x808080808080 set
cpu_bind=LDMAP  - erp11, task 250 10 [46794]: mask 0x80808080808 set
cpu_bind=LDMAP  - erp11, task 253 13 [46797]: mask 0x202020202020 set
cpu_bind=LDMAP  - erp02, task 36 12 [60950]: mask 0x202020202020 set
cpu_bind=LDMAP  - erp02, task 38 14 [60952]: mask 0x202020202020 set
cpu_bind=LDMAP  - erp02, task 39 15 [60953]: mask 0x202020202020 set
cpu_bind=LDMAP  - erp11, task 252 12 [46796]: mask 0x202020202020 set
cpu_bind=LDMAP  - erp02, task 37 13 [60951]: mask 0x202020202020 set
cpu_bind=LDMAP  - erp11, task 254 14 [46798]: mask 0x202020202020 set
cpu_bind=LDMAP  - erp02, task 40 16 [60954]: mask 0x202020202020 set
cpu_bind=LDMAP  - erp03, task 70 22 [73846]: mask 0x808080808080 set
cpu_bind=LDMAP  - erp02, task 41 17 [60955]: mask 0x202020202020 set
cpu_bind=LDMAP  - erp11, task 255 15 [46799]: mask 0x202020202020 set
cpu_bind=LDMAP  - erp03, task 71 23 [73847]: mask 0x808080808080 set
cpu_bind=LDMAP  - erp02, task 43 19 [60957]: mask 0x808080808080 set
cpu_bind=LDMAP  - erp11, task 257 17 [46801]: mask 0x202020202020 set
cpu_bind=LDMAP  - erp02, task 42 18 [60956]: mask 0x808080808080 set
cpu_bind=LDMAP  - erp11, task 256 16 [46800]: mask 0x202020202020 set
cpu_bind=LDMAP  - erp11, task 258 18 [46802]: mask 0x808080808080 set
cpu_bind=LDMAP  - erp02, task 45 21 [60959]: mask 0x808080808080 set
cpu_bind=LDMAP  - erp02, task 44 20 [60958]: mask 0x808080808080 set
cpu_bind=LDMAP  - erp11, task 259 19 [46803]: mask 0x808080808080 set
cpu_bind=LDMAP  - erp11, task 260 20 [46804]: mask 0x808080808080 set
cpu_bind=LDMAP  - erp02, task 46 22 [60960]: mask 0x808080808080 set
cpu_bind=LDMAP  - erp02, task 47 23 [60961]: mask 0x808080808080 set
cpu_bind=LDMAP  - erp11, task 261 21 [46805]: mask 0x808080808080 set
cpu_bind=LDMAP  - erp11, task 262 22 [46806]: mask 0x808080808080 set
cpu_bind=LDMAP  - erp11, task 263 23 [46807]: mask 0x808080808080 set
cpu_bind=LDMAP  - erp12, task 264  0 [70650]: mask 0x20202020202 set
cpu_bind=LDMAP  - erp12, task 265  1 [70651]: mask 0x20202020202 set
cpu_bind=LDMAP  - erp12, task 266  2 [70652]: mask 0x20202020202 set
cpu_bind=LDMAP  - erp12, task 267  3 [70653]: mask 0x20202020202 set
cpu_bind=LDMAP  - erp12, task 268  4 [70654]: mask 0x20202020202 set
cpu_bind=LDMAP  - erp12, task 269  5 [70655]: mask 0x20202020202 set
cpu_bind=LDMAP  - erp12, task 270  6 [70656]: mask 0x80808080808 set
cpu_bind=LDMAP  - erp12, task 272  8 [70658]: mask 0x80808080808 set
cpu_bind=LDMAP  - erp12, task 271  7 [70657]: mask 0x80808080808 set
cpu_bind=LDMAP  - erp12, task 275 11 [70661]: mask 0x80808080808 set
cpu_bind=LDMAP  - erp12, task 274 10 [70660]: mask 0x80808080808 set
cpu_bind=LDMAP  - erp12, task 273  9 [70659]: mask 0x80808080808 set
cpu_bind=LDMAP  - erp12, task 276 12 [70662]: mask 0x202020202020 set
cpu_bind=LDMAP  - erp12, task 277 13 [70663]: mask 0x202020202020 set
cpu_bind=LDMAP  - erp12, task 279 15 [70665]: mask 0x202020202020 set
cpu_bind=LDMAP  - erp12, task 280 16 [70666]: mask 0x202020202020 set
cpu_bind=LDMAP  - erp12, task 278 14 [70664]: mask 0x202020202020 set
cpu_bind=LDMAP  - erp12, task 281 17 [70667]: mask 0x202020202020 set
cpu_bind=LDMAP  - erp12, task 282 18 [70668]: mask 0x808080808080 set
cpu_bind=LDMAP  - erp12, task 283 19 [70669]: mask 0x808080808080 set
cpu_bind=LDMAP  - erp12, task 285 21 [70671]: mask 0x808080808080 set
cpu_bind=LDMAP  - erp12, task 284 20 [70670]: mask 0x808080808080 set
cpu_bind=LDMAP  - erp12, task 286 22 [70672]: mask 0x808080808080 set
cpu_bind=LDMAP  - erp12, task 287 23 [70673]: mask 0x808080808080 set

# OSU MPI Allreduce Latency Test v5.6.1
# Size       Avg Latency(us)
4                      19.32
8                      18.61
16                     17.85
32                     20.45
64                     20.55
128                    22.59
256                    24.78
512                    28.45
1024                   37.34
2048                   62.75
4096                  111.86
8192                  205.95
16384                 291.13
32768                 469.54
65536                 551.54
131072                572.69
262144                665.67
524288                960.26
1048576              1671.80
+ set +x
