processes 96
nodes 8
ppn 12
binding numa
+ srun --mpi=pmi2 -n 96 --cpu_bind=verbose,map_ldom=4,4,4,4,4,4,5,5,5,5,5,5,6,6,6,6,6,6,7,7,7,7,7,7,0,0,0,0,0,0,1,1,1,1,1,1,2,2,2,2,2,2,3,3,3,3,3,3 /gpfs/u/home/CCNI/CCNIsmth/barn-shared/CWS/osu-micro-benchmarks-5.6.1-erp-openmpi.4.0.1ucxNoVerbsPmi-install/libexec/osu-micro-benchmarks/mpi//collective/osu_allreduce
cpu_bind=LDMAP  - erp01, task  0  0 [6394]: mask 0x20202020202 set
cpu_bind=LDMAP  - erp01, task  2  2 [6396]: mask 0x20202020202 set
cpu_bind=LDMAP  - erp01, task  1  1 [6395]: mask 0x20202020202 set
cpu_bind=LDMAP  - erp01, task  7  7 [6401]: mask 0x80808080808 set
cpu_bind=LDMAP  - erp01, task  3  3 [6397]: mask 0x20202020202 set
cpu_bind=LDMAP  - erp01, task  4  4 [6398]: mask 0x20202020202 set
cpu_bind=LDMAP  - erp01, task  5  5 [6399]: mask 0x20202020202 set
cpu_bind=LDMAP  - erp01, task  6  6 [6400]: mask 0x80808080808 set
cpu_bind=LDMAP  - erp01, task  9  9 [6403]: mask 0x80808080808 set
cpu_bind=LDMAP  - erp01, task  8  8 [6402]: mask 0x80808080808 set
cpu_bind=LDMAP  - erp01, task 10 10 [6404]: mask 0x80808080808 set
cpu_bind=LDMAP  - erp01, task 11 11 [6405]: mask 0x80808080808 set
cpu_bind=LDMAP  - erp04, task 36  0 [74844]: mask 0x20202020202 set
cpu_bind=LDMAP  - erp02, task 14  2 [59936]: mask 0x20202020202 set
cpu_bind=LDMAP  - erp03, task 24  0 [72998]: mask 0x20202020202 set
cpu_bind=LDMAP  - erp04, task 38  2 [74846]: mask 0x20202020202 set
cpu_bind=LDMAP  - erp02, task 13  1 [59935]: mask 0x20202020202 set
cpu_bind=LDMAP  - erp03, task 25  1 [72999]: mask 0x20202020202 set
cpu_bind=LDMAP  - erp04, task 37  1 [74845]: mask 0x20202020202 set
cpu_bind=LDMAP  - erp02, task 12  0 [59934]: mask 0x20202020202 set
cpu_bind=LDMAP  - erp03, task 26  2 [73000]: mask 0x20202020202 set
cpu_bind=LDMAP  - erp04, task 39  3 [74847]: mask 0x20202020202 set
cpu_bind=LDMAP  - erp02, task 17  5 [59939]: mask 0x20202020202 set
cpu_bind=LDMAP  - erp03, task 27  3 [73001]: mask 0x20202020202 set
cpu_bind=LDMAP  - erp04, task 41  5 [74849]: mask 0x20202020202 set
cpu_bind=LDMAP  - erp02, task 16  4 [59938]: mask 0x20202020202 set
cpu_bind=LDMAP  - erp03, task 28  4 [73002]: mask 0x20202020202 set
cpu_bind=LDMAP  - erp04, task 42  6 [74850]: mask 0x80808080808 set
cpu_bind=LDMAP  - erp02, task 15  3 [59937]: mask 0x20202020202 set
cpu_bind=LDMAP  - erp04, task 40  4 [74848]: mask 0x20202020202 set
cpu_bind=LDMAP  - erp02, task 18  6 [59940]: mask 0x80808080808 set
cpu_bind=LDMAP  - erp04, task 43  7 [74851]: mask 0x80808080808 set
cpu_bind=LDMAP  - erp02, task 20  8 [59942]: mask 0x80808080808 set
cpu_bind=LDMAP  - erp04, task 44  8 [74852]: mask 0x80808080808 set
cpu_bind=LDMAP  - erp02, task 19  7 [59941]: mask 0x80808080808 set
cpu_bind=LDMAP  - erp04, task 45  9 [74853]: mask 0x80808080808 set
cpu_bind=LDMAP  - erp02, task 21  9 [59943]: mask 0x80808080808 set
cpu_bind=LDMAP  - erp04, task 46 10 [74854]: mask 0x80808080808 set
cpu_bind=LDMAP  - erp02, task 23 11 [59945]: mask 0x80808080808 set
cpu_bind=LDMAP  - erp04, task 47 11 [74855]: mask 0x80808080808 set
cpu_bind=LDMAP  - erp02, task 22 10 [59944]: mask 0x80808080808 set
cpu_bind=LDMAP  - erp03, task 29  5 [73003]: mask 0x20202020202 set
cpu_bind=LDMAP  - erp03, task 30  6 [73004]: mask 0x80808080808 set
cpu_bind=LDMAP  - erp03, task 31  7 [73005]: mask 0x80808080808 set
cpu_bind=LDMAP  - erp03, task 33  9 [73007]: mask 0x80808080808 set
cpu_bind=LDMAP  - erp03, task 32  8 [73006]: mask 0x80808080808 set
cpu_bind=LDMAP  - erp03, task 34 10 [73008]: mask 0x80808080808 set
cpu_bind=LDMAP  - erp03, task 35 11 [73009]: mask 0x80808080808 set
cpu_bind=LDMAP  - erp05, task 49  1 [49899]: mask 0x20202020202 set
cpu_bind=LDMAP  - erp05, task 50  2 [49900]: mask 0x20202020202 set
cpu_bind=LDMAP  - erp05, task 48  0 [49898]: mask 0x20202020202 set
cpu_bind=LDMAP  - erp05, task 52  4 [49902]: mask 0x20202020202 set
cpu_bind=LDMAP  - erp05, task 53  5 [49903]: mask 0x20202020202 set
cpu_bind=LDMAP  - erp05, task 54  6 [49904]: mask 0x80808080808 set
cpu_bind=LDMAP  - erp05, task 51  3 [49901]: mask 0x20202020202 set
cpu_bind=LDMAP  - erp05, task 55  7 [49905]: mask 0x80808080808 set
cpu_bind=LDMAP  - erp05, task 56  8 [49906]: mask 0x80808080808 set
cpu_bind=LDMAP  - erp05, task 57  9 [49907]: mask 0x80808080808 set
cpu_bind=LDMAP  - erp05, task 58 10 [49908]: mask 0x80808080808 set
cpu_bind=LDMAP  - erp05, task 59 11 [49909]: mask 0x80808080808 set
cpu_bind=LDMAP  - erp06, task 62  2 [44147]: mask 0x20202020202 set
cpu_bind=LDMAP  - erp06, task 60  0 [44145]: mask 0x20202020202 set
cpu_bind=LDMAP  - erp06, task 61  1 [44146]: mask 0x20202020202 set
cpu_bind=LDMAP  - erp06, task 64  4 [44149]: mask 0x20202020202 set
cpu_bind=LDMAP  - erp06, task 63  3 [44148]: mask 0x20202020202 set
cpu_bind=LDMAP  - erp06, task 65  5 [44150]: mask 0x20202020202 set
cpu_bind=LDMAP  - erp06, task 68  8 [44153]: mask 0x80808080808 set
cpu_bind=LDMAP  - erp06, task 67  7 [44152]: mask 0x80808080808 set
cpu_bind=LDMAP  - erp06, task 66  6 [44151]: mask 0x80808080808 set
cpu_bind=LDMAP  - erp06, task 70 10 [44155]: mask 0x80808080808 set
cpu_bind=LDMAP  - erp06, task 69  9 [44154]: mask 0x80808080808 set
cpu_bind=LDMAP  - erp06, task 71 11 [44156]: mask 0x80808080808 set
cpu_bind=LDMAP  - erp08, task 86  2 [42294]: mask 0x20202020202 set
cpu_bind=LDMAP  - erp07, task 72  0 [48457]: mask 0x20202020202 set
cpu_bind=LDMAP  - erp07, task 74  2 [48459]: mask 0x20202020202 set
cpu_bind=LDMAP  - erp07, task 73  1 [48458]: mask 0x20202020202 set
cpu_bind=LDMAP  - erp07, task 76  4 [48461]: mask 0x20202020202 set
cpu_bind=LDMAP  - erp07, task 75  3 [48460]: mask 0x20202020202 set
cpu_bind=LDMAP  - erp07, task 77  5 [48462]: mask 0x20202020202 set
cpu_bind=LDMAP  - erp07, task 78  6 [48463]: mask 0x80808080808 set
cpu_bind=LDMAP  - erp07, task 79  7 [48464]: mask 0x80808080808 set
cpu_bind=LDMAP  - erp07, task 80  8 [48465]: mask 0x80808080808 set
cpu_bind=LDMAP  - erp07, task 81  9 [48466]: mask 0x80808080808 set
cpu_bind=LDMAP  - erp07, task 82 10 [48467]: mask 0x80808080808 set
cpu_bind=LDMAP  - erp07, task 83 11 [48468]: mask 0x80808080808 set
cpu_bind=LDMAP  - erp08, task 85  1 [42293]: mask 0x20202020202 set
cpu_bind=LDMAP  - erp08, task 84  0 [42292]: mask 0x20202020202 set
cpu_bind=LDMAP  - erp08, task 87  3 [42295]: mask 0x20202020202 set
cpu_bind=LDMAP  - erp08, task 88  4 [42296]: mask 0x20202020202 set
cpu_bind=LDMAP  - erp08, task 89  5 [42297]: mask 0x20202020202 set
cpu_bind=LDMAP  - erp08, task 90  6 [42298]: mask 0x80808080808 set
cpu_bind=LDMAP  - erp08, task 91  7 [42299]: mask 0x80808080808 set
cpu_bind=LDMAP  - erp08, task 92  8 [42300]: mask 0x80808080808 set
cpu_bind=LDMAP  - erp08, task 93  9 [42301]: mask 0x80808080808 set
cpu_bind=LDMAP  - erp08, task 94 10 [42302]: mask 0x80808080808 set
cpu_bind=LDMAP  - erp08, task 95 11 [42303]: mask 0x80808080808 set

# OSU MPI Allreduce Latency Test v5.6.1
# Size       Avg Latency(us)
4                       9.44
8                       9.49
16                      9.47
32                      9.88
64                     10.31
128                    12.09
256                    13.72
512                    15.17
1024                   18.01
2048                   23.09
4096                   37.85
8192                   73.01
16384                 159.22
32768                 173.47
65536                 205.66
131072                268.41
262144                415.44
524288                714.22
1048576              1478.56
+ set +x
