processes 384
nodes 8
ppn 48
binding numa
+ srun --mpi=pmi2 -n 384 --cpu_bind=verbose,map_ldom=4,4,4,4,4,4,5,5,5,5,5,5,6,6,6,6,6,6,7,7,7,7,7,7,0,0,0,0,0,0,1,1,1,1,1,1,2,2,2,2,2,2,3,3,3,3,3,3 /gpfs/u/home/CCNI/CCNIsmth/barn-shared/CWS/osu-micro-benchmarks-5.6.1-erp-openmpi.4.0.1ucxNoVerbsPmi-install/libexec/osu-micro-benchmarks/mpi//collective/osu_allreduce
cpu_bind=LDMAP  - erp05, task  2  2 [50890]: mask 0x20202020202 set
cpu_bind=LDMAP  - erp05, task  0  0 [50888]: mask 0x20202020202 set
cpu_bind=LDMAP  - erp05, task  1  1 [50889]: mask 0x20202020202 set
cpu_bind=LDMAP  - erp05, task  4  4 [50892]: mask 0x20202020202 set
cpu_bind=LDMAP  - erp05, task  5  5 [50893]: mask 0x20202020202 set
cpu_bind=LDMAP  - erp05, task  3  3 [50891]: mask 0x20202020202 set
cpu_bind=LDMAP  - erp05, task  6  6 [50894]: mask 0x80808080808 set
cpu_bind=LDMAP  - erp05, task  7  7 [50895]: mask 0x80808080808 set
cpu_bind=LDMAP  - erp05, task 10 10 [50898]: mask 0x80808080808 set
cpu_bind=LDMAP  - erp05, task  8  8 [50896]: mask 0x80808080808 set
cpu_bind=LDMAP  - erp05, task 11 11 [50899]: mask 0x80808080808 set
cpu_bind=LDMAP  - erp05, task  9  9 [50897]: mask 0x80808080808 set
cpu_bind=LDMAP  - erp05, task 13 13 [50901]: mask 0x202020202020 set
cpu_bind=LDMAP  - erp05, task 12 12 [50900]: mask 0x202020202020 set
cpu_bind=LDMAP  - erp05, task 14 14 [50902]: mask 0x202020202020 set
cpu_bind=LDMAP  - erp05, task 17 17 [50905]: mask 0x202020202020 set
cpu_bind=LDMAP  - erp05, task 16 16 [50904]: mask 0x202020202020 set
cpu_bind=LDMAP  - erp05, task 15 15 [50903]: mask 0x202020202020 set
cpu_bind=LDMAP  - erp05, task 19 19 [50907]: mask 0x808080808080 set
cpu_bind=LDMAP  - erp05, task 18 18 [50906]: mask 0x808080808080 set
cpu_bind=LDMAP  - erp05, task 20 20 [50908]: mask 0x808080808080 set
cpu_bind=LDMAP  - erp05, task 21 21 [50909]: mask 0x808080808080 set
cpu_bind=LDMAP  - erp05, task 22 22 [50910]: mask 0x808080808080 set
cpu_bind=LDMAP  - erp05, task 23 23 [50911]: mask 0x808080808080 set
cpu_bind=LDMAP  - erp05, task 24 24 [50912]: mask 0x10101010101 set
cpu_bind=LDMAP  - erp05, task 25 25 [50913]: mask 0x10101010101 set
cpu_bind=LDMAP  - erp05, task 26 26 [50914]: mask 0x10101010101 set
cpu_bind=LDMAP  - erp05, task 29 29 [50917]: mask 0x10101010101 set
cpu_bind=LDMAP  - erp05, task 27 27 [50915]: mask 0x10101010101 set
cpu_bind=LDMAP  - erp05, task 30 30 [50918]: mask 0x40404040404 set
cpu_bind=LDMAP  - erp05, task 28 28 [50916]: mask 0x10101010101 set
cpu_bind=LDMAP  - erp05, task 31 31 [50919]: mask 0x40404040404 set
cpu_bind=LDMAP  - erp05, task 34 34 [50922]: mask 0x40404040404 set
cpu_bind=LDMAP  - erp05, task 32 32 [50920]: mask 0x40404040404 set
cpu_bind=LDMAP  - erp05, task 33 33 [50921]: mask 0x40404040404 set
cpu_bind=LDMAP  - erp05, task 35 35 [50923]: mask 0x40404040404 set
cpu_bind=LDMAP  - erp05, task 37 37 [50925]: mask 0x101010101010 set
cpu_bind=LDMAP  - erp05, task 36 36 [50924]: mask 0x101010101010 set
cpu_bind=LDMAP  - erp05, task 39 39 [50927]: mask 0x101010101010 set
cpu_bind=LDMAP  - erp05, task 38 38 [50926]: mask 0x101010101010 set
cpu_bind=LDMAP  - erp05, task 40 40 [50928]: mask 0x101010101010 set
cpu_bind=LDMAP  - erp05, task 42 42 [50930]: mask 0x404040404040 set
cpu_bind=LDMAP  - erp05, task 41 41 [50929]: mask 0x101010101010 set
cpu_bind=LDMAP  - erp05, task 43 43 [50931]: mask 0x404040404040 set
cpu_bind=LDMAP  - erp05, task 44 44 [50932]: mask 0x404040404040 set
cpu_bind=LDMAP  - erp05, task 46 46 [50934]: mask 0x404040404040 set
cpu_bind=LDMAP  - erp05, task 45 45 [50933]: mask 0x404040404040 set
cpu_bind=LDMAP  - erp05, task 47 47 [50935]: mask 0x404040404040 set
cpu_bind=LDMAP  - erp06, task 50  2 [45002]: mask 0x20202020202 set
cpu_bind=LDMAP  - erp06, task 49  1 [45001]: mask 0x20202020202 set
cpu_bind=LDMAP  - erp06, task 48  0 [45000]: mask 0x20202020202 set
cpu_bind=LDMAP  - erp06, task 52  4 [45004]: mask 0x20202020202 set
cpu_bind=LDMAP  - erp06, task 53  5 [45005]: mask 0x20202020202 set
cpu_bind=LDMAP  - erp06, task 54  6 [45006]: mask 0x80808080808 set
cpu_bind=LDMAP  - erp06, task 51  3 [45003]: mask 0x20202020202 set
cpu_bind=LDMAP  - erp06, task 58 10 [45010]: mask 0x80808080808 set
cpu_bind=LDMAP  - erp06, task 55  7 [45007]: mask 0x80808080808 set
cpu_bind=LDMAP  - erp06, task 56  8 [45008]: mask 0x80808080808 set
cpu_bind=LDMAP  - erp06, task 57  9 [45009]: mask 0x80808080808 set
cpu_bind=LDMAP  - erp06, task 59 11 [45011]: mask 0x80808080808 set
cpu_bind=LDMAP  - erp06, task 61 13 [45013]: mask 0x202020202020 set
cpu_bind=LDMAP  - erp06, task 60 12 [45012]: mask 0x202020202020 set
cpu_bind=LDMAP  - erp06, task 62 14 [45014]: mask 0x202020202020 set
cpu_bind=LDMAP  - erp06, task 63 15 [45015]: mask 0x202020202020 set
cpu_bind=LDMAP  - erp06, task 64 16 [45016]: mask 0x202020202020 set
cpu_bind=LDMAP  - erp06, task 65 17 [45017]: mask 0x202020202020 set
cpu_bind=LDMAP  - erp06, task 66 18 [45018]: mask 0x808080808080 set
cpu_bind=LDMAP  - erp06, task 68 20 [45020]: mask 0x808080808080 set
cpu_bind=LDMAP  - erp06, task 67 19 [45019]: mask 0x808080808080 set
cpu_bind=LDMAP  - erp06, task 70 22 [45022]: mask 0x808080808080 set
cpu_bind=LDMAP  - erp06, task 69 21 [45021]: mask 0x808080808080 set
cpu_bind=LDMAP  - erp06, task 71 23 [45023]: mask 0x808080808080 set
cpu_bind=LDMAP  - erp06, task 72 24 [45024]: mask 0x10101010101 set
cpu_bind=LDMAP  - erp06, task 73 25 [45025]: mask 0x10101010101 set
cpu_bind=LDMAP  - erp06, task 74 26 [45026]: mask 0x10101010101 set
cpu_bind=LDMAP  - erp06, task 75 27 [45027]: mask 0x10101010101 set
cpu_bind=LDMAP  - erp06, task 76 28 [45028]: mask 0x10101010101 set
cpu_bind=LDMAP  - erp06, task 77 29 [45029]: mask 0x10101010101 set
cpu_bind=LDMAP  - erp06, task 79 31 [45031]: mask 0x40404040404 set
cpu_bind=LDMAP  - erp10, task 241  1 [39898]: mask 0x20202020202 set
cpu_bind=LDMAP  - erp06, task 80 32 [45032]: mask 0x40404040404 set
cpu_bind=LDMAP  - erp06, task 81 33 [45033]: mask 0x40404040404 set
cpu_bind=LDMAP  - erp06, task 83 35 [45035]: mask 0x40404040404 set
cpu_bind=LDMAP  - erp06, task 78 30 [45030]: mask 0x40404040404 set
cpu_bind=LDMAP  - erp06, task 82 34 [45034]: mask 0x40404040404 set
cpu_bind=LDMAP  - erp06, task 84 36 [45036]: mask 0x101010101010 set
cpu_bind=LDMAP  - erp10, task 240  0 [39897]: mask 0x20202020202 set
cpu_bind=LDMAP  - erp10, task 242  2 [39899]: mask 0x20202020202 set
cpu_bind=LDMAP  - erp06, task 85 37 [45037]: mask 0x101010101010 set
cpu_bind=LDMAP  - erp06, task 87 39 [45039]: mask 0x101010101010 set
cpu_bind=LDMAP  - erp06, task 86 38 [45038]: mask 0x101010101010 set
cpu_bind=LDMAP  - erp10, task 245  5 [39902]: mask 0x20202020202 set
cpu_bind=LDMAP  - erp10, task 243  3 [39900]: mask 0x20202020202 set
cpu_bind=LDMAP  - erp06, task 88 40 [45040]: mask 0x101010101010 set
cpu_bind=LDMAP  - erp06, task 90 42 [45042]: mask 0x404040404040 set
cpu_bind=LDMAP  - erp10, task 244  4 [39901]: mask 0x20202020202 set
cpu_bind=LDMAP  - erp09, task 192  0 [41050]: mask 0x20202020202 set
cpu_bind=LDMAP  - erp10, task 246  6 [39903]: mask 0x80808080808 set
cpu_bind=LDMAP  - erp09, task 193  1 [41051]: mask 0x20202020202 set
cpu_bind=LDMAP  - erp06, task 91 43 [45043]: mask 0x404040404040 set
cpu_bind=LDMAP  - erp09, task 194  2 [41052]: mask 0x20202020202 set
cpu_bind=LDMAP  - erp06, task 89 41 [45041]: mask 0x101010101010 set
cpu_bind=LDMAP  - erp09, task 196  4 [41054]: mask 0x20202020202 set
cpu_bind=LDMAP  - erp10, task 248  8 [39905]: mask 0x80808080808 set
cpu_bind=LDMAP  - erp10, task 249  9 [39906]: mask 0x80808080808 set
cpu_bind=LDMAP  - erp06, task 95 47 [45047]: mask 0x404040404040 set
cpu_bind=LDMAP  - erp10, task 247  7 [39904]: mask 0x80808080808 set
cpu_bind=LDMAP  - erp09, task 195  3 [41053]: mask 0x20202020202 set
cpu_bind=LDMAP  - erp06, task 92 44 [45044]: mask 0x404040404040 set
cpu_bind=LDMAP  - erp06, task 93 45 [45045]: mask 0x404040404040 set
cpu_bind=LDMAP  - erp10, task 251 11 [39908]: mask 0x80808080808 set
cpu_bind=LDMAP  - erp06, task 94 46 [45046]: mask 0x404040404040 set
cpu_bind=LDMAP  - erp10, task 252 12 [39909]: mask 0x202020202020 set
cpu_bind=LDMAP  - erp09, task 197  5 [41055]: mask 0x20202020202 set
cpu_bind=LDMAP  - erp10, task 250 10 [39907]: mask 0x80808080808 set
cpu_bind=LDMAP  - erp10, task 255 15 [39912]: mask 0x202020202020 set
cpu_bind=LDMAP  - erp10, task 253 13 [39910]: mask 0x202020202020 set
cpu_bind=LDMAP  - erp09, task 198  6 [41056]: mask 0x80808080808 set
cpu_bind=LDMAP  - erp09, task 199  7 [41057]: mask 0x80808080808 set
cpu_bind=LDMAP  - erp09, task 200  8 [41058]: mask 0x80808080808 set
cpu_bind=LDMAP  - erp09, task 203 11 [41061]: mask 0x80808080808 set
cpu_bind=LDMAP  - erp09, task 202 10 [41060]: mask 0x80808080808 set
cpu_bind=LDMAP  - erp09, task 201  9 [41059]: mask 0x80808080808 set
cpu_bind=LDMAP  - erp10, task 256 16 [39913]: mask 0x202020202020 set
cpu_bind=LDMAP  - erp10, task 257 17 [39914]: mask 0x202020202020 set
cpu_bind=LDMAP  - erp09, task 204 12 [41062]: mask 0x202020202020 set
cpu_bind=LDMAP  - erp10, task 254 14 [39911]: mask 0x202020202020 set
cpu_bind=LDMAP  - erp10, task 259 19 [39916]: mask 0x808080808080 set
cpu_bind=LDMAP  - erp09, task 206 14 [41064]: mask 0x202020202020 set
cpu_bind=LDMAP  - erp09, task 205 13 [41063]: mask 0x202020202020 set
cpu_bind=LDMAP  - erp10, task 258 18 [39915]: mask 0x808080808080 set
cpu_bind=LDMAP  - erp09, task 207 15 [41065]: mask 0x202020202020 set
cpu_bind=LDMAP  - erp10, task 260 20 [39917]: mask 0x808080808080 set
cpu_bind=LDMAP  - erp10, task 262 22 [39919]: mask 0x808080808080 set
cpu_bind=LDMAP  - erp10, task 261 21 [39918]: mask 0x808080808080 set
cpu_bind=LDMAP  - erp09, task 208 16 [41066]: mask 0x202020202020 set
cpu_bind=LDMAP  - erp09, task 209 17 [41067]: mask 0x202020202020 set
cpu_bind=LDMAP  - erp07, task 98  2 [49328]: mask 0x20202020202 set
cpu_bind=LDMAP  - erp07, task 96  0 [49326]: mask 0x20202020202 set
cpu_bind=LDMAP  - erp09, task 210 18 [41068]: mask 0x808080808080 set
cpu_bind=LDMAP  - erp10, task 263 23 [39920]: mask 0x808080808080 set
cpu_bind=LDMAP  - erp07, task 97  1 [49327]: mask 0x20202020202 set
cpu_bind=LDMAP  - erp09, task 211 19 [41069]: mask 0x808080808080 set
cpu_bind=LDMAP  - erp10, task 264 24 [39921]: mask 0x10101010101 set
cpu_bind=LDMAP  - erp07, task 101  5 [49331]: mask 0x20202020202 set
cpu_bind=LDMAP  - erp10, task 265 25 [39922]: mask 0x10101010101 set
cpu_bind=LDMAP  - erp07, task 99  3 [49329]: mask 0x20202020202 set
cpu_bind=LDMAP  - erp09, task 212 20 [41070]: mask 0x808080808080 set
cpu_bind=LDMAP  - erp07, task 100  4 [49330]: mask 0x20202020202 set
cpu_bind=LDMAP  - erp07, task 103  7 [49333]: mask 0x80808080808 set
cpu_bind=LDMAP  - erp09, task 214 22 [41072]: mask 0x808080808080 set
cpu_bind=LDMAP  - erp07, task 102  6 [49332]: mask 0x80808080808 set
cpu_bind=LDMAP  - erp07, task 104  8 [49334]: mask 0x80808080808 set
cpu_bind=LDMAP  - erp09, task 213 21 [41071]: mask 0x808080808080 set
cpu_bind=LDMAP  - erp10, task 266 26 [39923]: mask 0x10101010101 set
cpu_bind=LDMAP  - erp10, task 267 27 [39924]: mask 0x10101010101 set
cpu_bind=LDMAP  - erp10, task 268 28 [39925]: mask 0x10101010101 set
cpu_bind=LDMAP  - erp10, task 269 29 [39926]: mask 0x10101010101 set
cpu_bind=LDMAP  - erp09, task 215 23 [41073]: mask 0x808080808080 set
cpu_bind=LDMAP  - erp07, task 105  9 [49335]: mask 0x80808080808 set
cpu_bind=LDMAP  - erp09, task 217 25 [41075]: mask 0x10101010101 set
cpu_bind=LDMAP  - erp07, task 107 11 [49337]: mask 0x80808080808 set
cpu_bind=LDMAP  - erp10, task 270 30 [39927]: mask 0x40404040404 set
cpu_bind=LDMAP  - erp09, task 216 24 [41074]: mask 0x10101010101 set
cpu_bind=LDMAP  - erp07, task 106 10 [49336]: mask 0x80808080808 set
cpu_bind=LDMAP  - erp10, task 271 31 [39928]: mask 0x40404040404 set
cpu_bind=LDMAP  - erp09, task 218 26 [41076]: mask 0x10101010101 set
cpu_bind=LDMAP  - erp07, task 109 13 [49339]: mask 0x202020202020 set
cpu_bind=LDMAP  - erp10, task 272 32 [39929]: mask 0x40404040404 set
cpu_bind=LDMAP  - erp09, task 219 27 [41077]: mask 0x10101010101 set
cpu_bind=LDMAP  - erp07, task 108 12 [49338]: mask 0x202020202020 set
cpu_bind=LDMAP  - erp10, task 273 33 [39930]: mask 0x40404040404 set
cpu_bind=LDMAP  - erp09, task 222 30 [41080]: mask 0x40404040404 set
cpu_bind=LDMAP  - erp07, task 110 14 [49340]: mask 0x202020202020 set
cpu_bind=LDMAP  - erp10, task 274 34 [39931]: mask 0x40404040404 set
cpu_bind=LDMAP  - erp09, task 221 29 [41079]: mask 0x10101010101 set
cpu_bind=LDMAP  - erp07, task 111 15 [49341]: mask 0x202020202020 set
cpu_bind=LDMAP  - erp10, task 275 35 [39932]: mask 0x40404040404 set
cpu_bind=LDMAP  - erp09, task 220 28 [41078]: mask 0x10101010101 set
cpu_bind=LDMAP  - erp07, task 113 17 [49343]: mask 0x202020202020 set
cpu_bind=LDMAP  - erp10, task 277 37 [39934]: mask 0x101010101010 set
cpu_bind=LDMAP  - erp09, task 224 32 [41082]: mask 0x40404040404 set
cpu_bind=LDMAP  - erp07, task 114 18 [49344]: mask 0x808080808080 set
cpu_bind=LDMAP  - erp10, task 278 38 [39935]: mask 0x101010101010 set
cpu_bind=LDMAP  - erp09, task 223 31 [41081]: mask 0x40404040404 set
cpu_bind=LDMAP  - erp07, task 112 16 [49342]: mask 0x202020202020 set
cpu_bind=LDMAP  - erp10, task 276 36 [39933]: mask 0x101010101010 set
cpu_bind=LDMAP  - erp09, task 225 33 [41083]: mask 0x40404040404 set
cpu_bind=LDMAP  - erp07, task 116 20 [49346]: mask 0x808080808080 set
cpu_bind=LDMAP  - erp10, task 279 39 [39936]: mask 0x101010101010 set
cpu_bind=LDMAP  - erp09, task 230 38 [41088]: mask 0x101010101010 set
cpu_bind=LDMAP  - erp07, task 117 21 [49347]: mask 0x808080808080 set
cpu_bind=LDMAP  - erp10, task 281 41 [39938]: mask 0x101010101010 set
cpu_bind=LDMAP  - erp09, task 231 39 [41089]: mask 0x101010101010 set
cpu_bind=LDMAP  - erp07, task 115 19 [49345]: mask 0x808080808080 set
cpu_bind=LDMAP  - erp10, task 280 40 [39937]: mask 0x101010101010 set
cpu_bind=LDMAP  - erp09, task 226 34 [41084]: mask 0x40404040404 set
cpu_bind=LDMAP  - erp07, task 119 23 [49349]: mask 0x808080808080 set
cpu_bind=LDMAP  - erp10, task 283 43 [39940]: mask 0x404040404040 set
cpu_bind=LDMAP  - erp09, task 227 35 [41085]: mask 0x40404040404 set
cpu_bind=LDMAP  - erp07, task 118 22 [49348]: mask 0x808080808080 set
cpu_bind=LDMAP  - erp10, task 282 42 [39939]: mask 0x404040404040 set
cpu_bind=LDMAP  - erp09, task 229 37 [41087]: mask 0x101010101010 set
cpu_bind=LDMAP  - erp07, task 120 24 [49350]: mask 0x10101010101 set
cpu_bind=LDMAP  - erp10, task 284 44 [39941]: mask 0x404040404040 set
cpu_bind=LDMAP  - erp09, task 234 42 [41092]: mask 0x404040404040 set
cpu_bind=LDMAP  - erp07, task 121 25 [49351]: mask 0x10101010101 set
cpu_bind=LDMAP  - erp10, task 285 45 [39942]: mask 0x404040404040 set
cpu_bind=LDMAP  - erp09, task 233 41 [41091]: mask 0x101010101010 set
cpu_bind=LDMAP  - erp07, task 122 26 [49352]: mask 0x10101010101 set
cpu_bind=LDMAP  - erp10, task 286 46 [39943]: mask 0x404040404040 set
cpu_bind=LDMAP  - erp09, task 237 45 [41095]: mask 0x404040404040 set
cpu_bind=LDMAP  - erp07, task 123 27 [49353]: mask 0x10101010101 set
cpu_bind=LDMAP  - erp10, task 287 47 [39944]: mask 0x404040404040 set
cpu_bind=LDMAP  - erp09, task 232 40 [41090]: mask 0x101010101010 set
cpu_bind=LDMAP  - erp07, task 124 28 [49354]: mask 0x10101010101 set
cpu_bind=LDMAP  - erp09, task 236 44 [41094]: mask 0x404040404040 set
cpu_bind=LDMAP  - erp09, task 238 46 [41096]: mask 0x404040404040 set
cpu_bind=LDMAP  - erp09, task 235 43 [41093]: mask 0x404040404040 set
cpu_bind=LDMAP  - erp09, task 228 36 [41086]: mask 0x101010101010 set
cpu_bind=LDMAP  - erp09, task 239 47 [41097]: mask 0x404040404040 set
cpu_bind=LDMAP  - erp07, task 125 29 [49355]: mask 0x10101010101 set
cpu_bind=LDMAP  - erp07, task 126 30 [49356]: mask 0x40404040404 set
cpu_bind=LDMAP  - erp07, task 128 32 [49359]: mask 0x40404040404 set
cpu_bind=LDMAP  - erp07, task 127 31 [49357]: mask 0x40404040404 set
cpu_bind=LDMAP  - erp07, task 129 33 [49360]: mask 0x40404040404 set
cpu_bind=LDMAP  - erp07, task 131 35 [49362]: mask 0x40404040404 set
cpu_bind=LDMAP  - erp07, task 130 34 [49361]: mask 0x40404040404 set
cpu_bind=LDMAP  - erp07, task 132 36 [49363]: mask 0x101010101010 set
cpu_bind=LDMAP  - erp07, task 133 37 [49364]: mask 0x101010101010 set
cpu_bind=LDMAP  - erp07, task 136 40 [49367]: mask 0x101010101010 set
cpu_bind=LDMAP  - erp07, task 137 41 [49368]: mask 0x101010101010 set
cpu_bind=LDMAP  - erp07, task 135 39 [49366]: mask 0x101010101010 set
cpu_bind=LDMAP  - erp07, task 134 38 [49365]: mask 0x101010101010 set
cpu_bind=LDMAP  - erp07, task 140 44 [49371]: mask 0x404040404040 set
cpu_bind=LDMAP  - erp07, task 141 45 [49372]: mask 0x404040404040 set
cpu_bind=LDMAP  - erp07, task 138 42 [49369]: mask 0x404040404040 set
cpu_bind=LDMAP  - erp07, task 139 43 [49370]: mask 0x404040404040 set
cpu_bind=LDMAP  - erp07, task 143 47 [49374]: mask 0x404040404040 set
cpu_bind=LDMAP  - erp07, task 142 46 [49373]: mask 0x404040404040 set
cpu_bind=LDMAP  - erp08, task 144  0 [43166]: mask 0x20202020202 set
cpu_bind=LDMAP  - erp12, task 337  1 [70893]: mask 0x20202020202 set
cpu_bind=LDMAP  - erp11, task 289  1 [47032]: mask 0x20202020202 set
cpu_bind=LDMAP  - erp08, task 146  2 [43168]: mask 0x20202020202 set
cpu_bind=LDMAP  - erp08, task 145  1 [43167]: mask 0x20202020202 set
cpu_bind=LDMAP  - erp08, task 147  3 [43169]: mask 0x20202020202 set
cpu_bind=LDMAP  - erp08, task 148  4 [43170]: mask 0x20202020202 set
cpu_bind=LDMAP  - erp08, task 149  5 [43171]: mask 0x20202020202 set
cpu_bind=LDMAP  - erp08, task 153  9 [43175]: mask 0x80808080808 set
cpu_bind=LDMAP  - erp08, task 155 11 [43177]: mask 0x80808080808 set
cpu_bind=LDMAP  - erp08, task 151  7 [43173]: mask 0x80808080808 set
cpu_bind=LDMAP  - erp08, task 152  8 [43174]: mask 0x80808080808 set
cpu_bind=LDMAP  - erp08, task 154 10 [43176]: mask 0x80808080808 set
cpu_bind=LDMAP  - erp08, task 150  6 [43172]: mask 0x80808080808 set
cpu_bind=LDMAP  - erp08, task 156 12 [43178]: mask 0x202020202020 set
cpu_bind=LDMAP  - erp08, task 157 13 [43179]: mask 0x202020202020 set
cpu_bind=LDMAP  - erp08, task 158 14 [43180]: mask 0x202020202020 set
cpu_bind=LDMAP  - erp08, task 159 15 [43181]: mask 0x202020202020 set
cpu_bind=LDMAP  - erp08, task 161 17 [43183]: mask 0x202020202020 set
cpu_bind=LDMAP  - erp08, task 160 16 [43182]: mask 0x202020202020 set
cpu_bind=LDMAP  - erp08, task 162 18 [43184]: mask 0x808080808080 set
cpu_bind=LDMAP  - erp08, task 165 21 [43187]: mask 0x808080808080 set
cpu_bind=LDMAP  - erp12, task 338  2 [70894]: mask 0x20202020202 set
cpu_bind=LDMAP  - erp12, task 336  0 [70892]: mask 0x20202020202 set
cpu_bind=LDMAP  - erp12, task 339  3 [70895]: mask 0x20202020202 set
cpu_bind=LDMAP  - erp12, task 341  5 [70897]: mask 0x20202020202 set
cpu_bind=LDMAP  - erp12, task 340  4 [70896]: mask 0x20202020202 set
cpu_bind=LDMAP  - erp12, task 344  8 [70900]: mask 0x80808080808 set
cpu_bind=LDMAP  - erp12, task 345  9 [70901]: mask 0x80808080808 set
cpu_bind=LDMAP  - erp12, task 347 11 [70903]: mask 0x80808080808 set
cpu_bind=LDMAP  - erp12, task 343  7 [70899]: mask 0x80808080808 set
cpu_bind=LDMAP  - erp12, task 342  6 [70898]: mask 0x80808080808 set
cpu_bind=LDMAP  - erp12, task 346 10 [70902]: mask 0x80808080808 set
cpu_bind=LDMAP  - erp12, task 350 14 [70906]: mask 0x202020202020 set
cpu_bind=LDMAP  - erp12, task 348 12 [70904]: mask 0x202020202020 set
cpu_bind=LDMAP  - erp12, task 349 13 [70905]: mask 0x202020202020 set
cpu_bind=LDMAP  - erp12, task 351 15 [70907]: mask 0x202020202020 set
cpu_bind=LDMAP  - erp12, task 352 16 [70908]: mask 0x202020202020 set
cpu_bind=LDMAP  - erp12, task 353 17 [70909]: mask 0x202020202020 set
cpu_bind=LDMAP  - erp12, task 354 18 [70910]: mask 0x808080808080 set
cpu_bind=LDMAP  - erp12, task 356 20 [70912]: mask 0x808080808080 set
cpu_bind=LDMAP  - erp11, task 290  2 [47033]: mask 0x20202020202 set
cpu_bind=LDMAP  - erp11, task 288  0 [47031]: mask 0x20202020202 set
cpu_bind=LDMAP  - erp11, task 292  4 [47035]: mask 0x20202020202 set
cpu_bind=LDMAP  - erp11, task 291  3 [47034]: mask 0x20202020202 set
cpu_bind=LDMAP  - erp11, task 294  6 [47037]: mask 0x80808080808 set
cpu_bind=LDMAP  - erp11, task 295  7 [47038]: mask 0x80808080808 set
cpu_bind=LDMAP  - erp11, task 293  5 [47036]: mask 0x20202020202 set
cpu_bind=LDMAP  - erp11, task 296  8 [47039]: mask 0x80808080808 set
cpu_bind=LDMAP  - erp11, task 297  9 [47040]: mask 0x80808080808 set
cpu_bind=LDMAP  - erp11, task 299 11 [47042]: mask 0x80808080808 set
cpu_bind=LDMAP  - erp11, task 300 12 [47043]: mask 0x202020202020 set
cpu_bind=LDMAP  - erp11, task 301 13 [47044]: mask 0x202020202020 set
cpu_bind=LDMAP  - erp11, task 298 10 [47041]: mask 0x80808080808 set
cpu_bind=LDMAP  - erp11, task 302 14 [47045]: mask 0x202020202020 set
cpu_bind=LDMAP  - erp11, task 304 16 [47047]: mask 0x202020202020 set
cpu_bind=LDMAP  - erp11, task 303 15 [47046]: mask 0x202020202020 set
cpu_bind=LDMAP  - erp11, task 305 17 [47048]: mask 0x202020202020 set
cpu_bind=LDMAP  - erp11, task 306 18 [47049]: mask 0x808080808080 set
cpu_bind=LDMAP  - erp11, task 307 19 [47050]: mask 0x808080808080 set
cpu_bind=LDMAP  - erp08, task 164 20 [43186]: mask 0x808080808080 set
cpu_bind=LDMAP  - erp08, task 163 19 [43185]: mask 0x808080808080 set
cpu_bind=LDMAP  - erp08, task 167 23 [43189]: mask 0x808080808080 set
cpu_bind=LDMAP  - erp08, task 168 24 [43190]: mask 0x10101010101 set
cpu_bind=LDMAP  - erp08, task 166 22 [43188]: mask 0x808080808080 set
cpu_bind=LDMAP  - erp08, task 169 25 [43191]: mask 0x10101010101 set
cpu_bind=LDMAP  - erp08, task 171 27 [43193]: mask 0x10101010101 set
cpu_bind=LDMAP  - erp08, task 170 26 [43192]: mask 0x10101010101 set
cpu_bind=LDMAP  - erp08, task 174 30 [43196]: mask 0x40404040404 set
cpu_bind=LDMAP  - erp08, task 173 29 [43195]: mask 0x10101010101 set
cpu_bind=LDMAP  - erp08, task 172 28 [43194]: mask 0x10101010101 set
cpu_bind=LDMAP  - erp08, task 175 31 [43197]: mask 0x40404040404 set
cpu_bind=LDMAP  - erp08, task 176 32 [43198]: mask 0x40404040404 set
cpu_bind=LDMAP  - erp08, task 177 33 [43199]: mask 0x40404040404 set
cpu_bind=LDMAP  - erp08, task 179 35 [43201]: mask 0x40404040404 set
cpu_bind=LDMAP  - erp08, task 180 36 [43202]: mask 0x101010101010 set
cpu_bind=LDMAP  - erp08, task 178 34 [43200]: mask 0x40404040404 set
cpu_bind=LDMAP  - erp08, task 181 37 [43203]: mask 0x101010101010 set
cpu_bind=LDMAP  - erp08, task 182 38 [43204]: mask 0x101010101010 set
cpu_bind=LDMAP  - erp12, task 357 21 [70913]: mask 0x808080808080 set
cpu_bind=LDMAP  - erp12, task 355 19 [70911]: mask 0x808080808080 set
cpu_bind=LDMAP  - erp12, task 358 22 [70914]: mask 0x808080808080 set
cpu_bind=LDMAP  - erp12, task 360 24 [70916]: mask 0x10101010101 set
cpu_bind=LDMAP  - erp12, task 359 23 [70915]: mask 0x808080808080 set
cpu_bind=LDMAP  - erp12, task 361 25 [70917]: mask 0x10101010101 set
cpu_bind=LDMAP  - erp12, task 362 26 [70918]: mask 0x10101010101 set
cpu_bind=LDMAP  - erp12, task 363 27 [70919]: mask 0x10101010101 set
cpu_bind=LDMAP  - erp12, task 364 28 [70920]: mask 0x10101010101 set
cpu_bind=LDMAP  - erp12, task 365 29 [70921]: mask 0x10101010101 set
cpu_bind=LDMAP  - erp12, task 368 32 [70924]: mask 0x40404040404 set
cpu_bind=LDMAP  - erp12, task 367 31 [70923]: mask 0x40404040404 set
cpu_bind=LDMAP  - erp12, task 366 30 [70922]: mask 0x40404040404 set
cpu_bind=LDMAP  - erp12, task 370 34 [70926]: mask 0x40404040404 set
cpu_bind=LDMAP  - erp12, task 369 33 [70925]: mask 0x40404040404 set
cpu_bind=LDMAP  - erp12, task 371 35 [70927]: mask 0x40404040404 set
cpu_bind=LDMAP  - erp12, task 375 39 [70931]: mask 0x101010101010 set
cpu_bind=LDMAP  - erp12, task 374 38 [70930]: mask 0x101010101010 set
cpu_bind=LDMAP  - erp12, task 380 44 [70936]: mask 0x404040404040 set
cpu_bind=LDMAP  - erp11, task 310 22 [47053]: mask 0x808080808080 set
cpu_bind=LDMAP  - erp11, task 309 21 [47052]: mask 0x808080808080 set
cpu_bind=LDMAP  - erp11, task 308 20 [47051]: mask 0x808080808080 set
cpu_bind=LDMAP  - erp11, task 311 23 [47054]: mask 0x808080808080 set
cpu_bind=LDMAP  - erp11, task 312 24 [47055]: mask 0x10101010101 set
cpu_bind=LDMAP  - erp11, task 318 30 [47061]: mask 0x40404040404 set
cpu_bind=LDMAP  - erp11, task 314 26 [47057]: mask 0x10101010101 set
cpu_bind=LDMAP  - erp11, task 313 25 [47056]: mask 0x10101010101 set
cpu_bind=LDMAP  - erp11, task 315 27 [47058]: mask 0x10101010101 set
cpu_bind=LDMAP  - erp11, task 317 29 [47060]: mask 0x10101010101 set
cpu_bind=LDMAP  - erp11, task 316 28 [47059]: mask 0x10101010101 set
cpu_bind=LDMAP  - erp11, task 319 31 [47062]: mask 0x40404040404 set
cpu_bind=LDMAP  - erp11, task 321 33 [47064]: mask 0x40404040404 set
cpu_bind=LDMAP  - erp11, task 320 32 [47063]: mask 0x40404040404 set
cpu_bind=LDMAP  - erp11, task 323 35 [47066]: mask 0x40404040404 set
cpu_bind=LDMAP  - erp11, task 322 34 [47065]: mask 0x40404040404 set
cpu_bind=LDMAP  - erp11, task 326 38 [47069]: mask 0x101010101010 set
cpu_bind=LDMAP  - erp11, task 324 36 [47067]: mask 0x101010101010 set
cpu_bind=LDMAP  - erp11, task 325 37 [47068]: mask 0x101010101010 set
cpu_bind=LDMAP  - erp08, task 183 39 [43205]: mask 0x101010101010 set
cpu_bind=LDMAP  - erp08, task 184 40 [43206]: mask 0x101010101010 set
cpu_bind=LDMAP  - erp08, task 185 41 [43207]: mask 0x101010101010 set
cpu_bind=LDMAP  - erp08, task 186 42 [43208]: mask 0x404040404040 set
cpu_bind=LDMAP  - erp08, task 187 43 [43209]: mask 0x404040404040 set
cpu_bind=LDMAP  - erp08, task 189 45 [43211]: mask 0x404040404040 set
cpu_bind=LDMAP  - erp08, task 190 46 [43212]: mask 0x404040404040 set
cpu_bind=LDMAP  - erp08, task 188 44 [43210]: mask 0x404040404040 set
cpu_bind=LDMAP  - erp08, task 191 47 [43213]: mask 0x404040404040 set
cpu_bind=LDMAP  - erp12, task 372 36 [70928]: mask 0x101010101010 set
cpu_bind=LDMAP  - erp12, task 373 37 [70929]: mask 0x101010101010 set
cpu_bind=LDMAP  - erp12, task 379 43 [70935]: mask 0x404040404040 set
cpu_bind=LDMAP  - erp12, task 377 41 [70933]: mask 0x101010101010 set
cpu_bind=LDMAP  - erp12, task 381 45 [70937]: mask 0x404040404040 set
cpu_bind=LDMAP  - erp12, task 376 40 [70932]: mask 0x101010101010 set
cpu_bind=LDMAP  - erp12, task 378 42 [70934]: mask 0x404040404040 set
cpu_bind=LDMAP  - erp12, task 382 46 [70938]: mask 0x404040404040 set
cpu_bind=LDMAP  - erp12, task 383 47 [70939]: mask 0x404040404040 set
cpu_bind=LDMAP  - erp11, task 329 41 [47072]: mask 0x101010101010 set
cpu_bind=LDMAP  - erp11, task 327 39 [47070]: mask 0x101010101010 set
cpu_bind=LDMAP  - erp11, task 328 40 [47071]: mask 0x101010101010 set
cpu_bind=LDMAP  - erp11, task 330 42 [47073]: mask 0x404040404040 set
cpu_bind=LDMAP  - erp11, task 331 43 [47074]: mask 0x404040404040 set
cpu_bind=LDMAP  - erp11, task 332 44 [47075]: mask 0x404040404040 set
cpu_bind=LDMAP  - erp11, task 334 46 [47077]: mask 0x404040404040 set
cpu_bind=LDMAP  - erp11, task 333 45 [47076]: mask 0x404040404040 set
cpu_bind=LDMAP  - erp11, task 335 47 [47078]: mask 0x404040404040 set

# OSU MPI Allreduce Latency Test v5.6.1
# Size       Avg Latency(us)
4                      50.89
8                      37.89
16                     37.37
32                     37.50
64                     44.02
128                    45.04
256                    53.24
512                    61.12
1024                   82.61
2048                  136.38
4096                  244.82
8192                  441.72
16384                 491.02
32768                 696.21
65536                 752.89
131072                810.68
262144               1052.36
524288               1408.69
1048576              2339.50
+ set +x
