processes 576
nodes 12
ppn 48
binding numa
+ srun --mpi=pmi2 -n 576 --cpu_bind=verbose,map_ldom=4,4,4,4,4,4,5,5,5,5,5,5,6,6,6,6,6,6,7,7,7,7,7,7,0,0,0,0,0,0,1,1,1,1,1,1,2,2,2,2,2,2,3,3,3,3,3,3 /gpfs/u/home/CCNI/CCNIsmth/barn-shared/CWS/osu-micro-benchmarks-5.6.1-erp-openmpi.4.0.1ucxNoVerbsPmi-install/libexec/osu-micro-benchmarks/mpi//collective/osu_allreduce
cpu_bind=LDMAP  - erp01, task  2  2 [9406]: mask 0x20202020202 set
cpu_bind=LDMAP  - erp01, task  0  0 [9404]: mask 0x20202020202 set
cpu_bind=LDMAP  - erp01, task  1  1 [9405]: mask 0x20202020202 set
cpu_bind=LDMAP  - erp01, task  3  3 [9407]: mask 0x20202020202 set
cpu_bind=LDMAP  - erp01, task  5  5 [9409]: mask 0x20202020202 set
cpu_bind=LDMAP  - erp01, task  4  4 [9408]: mask 0x20202020202 set
cpu_bind=LDMAP  - erp01, task  7  7 [9411]: mask 0x80808080808 set
cpu_bind=LDMAP  - erp01, task  8  8 [9412]: mask 0x80808080808 set
cpu_bind=LDMAP  - erp01, task  6  6 [9410]: mask 0x80808080808 set
cpu_bind=LDMAP  - erp01, task 10 10 [9414]: mask 0x80808080808 set
cpu_bind=LDMAP  - erp01, task  9  9 [9413]: mask 0x80808080808 set
cpu_bind=LDMAP  - erp01, task 11 11 [9415]: mask 0x80808080808 set
cpu_bind=LDMAP  - erp01, task 12 12 [9416]: mask 0x202020202020 set
cpu_bind=LDMAP  - erp01, task 13 13 [9417]: mask 0x202020202020 set
cpu_bind=LDMAP  - erp01, task 14 14 [9418]: mask 0x202020202020 set
cpu_bind=LDMAP  - erp01, task 16 16 [9420]: mask 0x202020202020 set
cpu_bind=LDMAP  - erp01, task 15 15 [9419]: mask 0x202020202020 set
cpu_bind=LDMAP  - erp01, task 17 17 [9421]: mask 0x202020202020 set
cpu_bind=LDMAP  - erp01, task 18 18 [9422]: mask 0x808080808080 set
cpu_bind=LDMAP  - erp01, task 19 19 [9423]: mask 0x808080808080 set
cpu_bind=LDMAP  - erp01, task 20 20 [9424]: mask 0x808080808080 set
cpu_bind=LDMAP  - erp01, task 21 21 [9425]: mask 0x808080808080 set
cpu_bind=LDMAP  - erp01, task 22 22 [9426]: mask 0x808080808080 set
cpu_bind=LDMAP  - erp01, task 23 23 [9427]: mask 0x808080808080 set
cpu_bind=LDMAP  - erp01, task 24 24 [9428]: mask 0x10101010101 set
cpu_bind=LDMAP  - erp01, task 25 25 [9429]: mask 0x10101010101 set
cpu_bind=LDMAP  - erp01, task 26 26 [9430]: mask 0x10101010101 set
cpu_bind=LDMAP  - erp01, task 27 27 [9431]: mask 0x10101010101 set
cpu_bind=LDMAP  - erp01, task 29 29 [9433]: mask 0x10101010101 set
cpu_bind=LDMAP  - erp01, task 30 30 [9434]: mask 0x40404040404 set
cpu_bind=LDMAP  - erp01, task 28 28 [9432]: mask 0x10101010101 set
cpu_bind=LDMAP  - erp01, task 34 34 [9438]: mask 0x40404040404 set
cpu_bind=LDMAP  - erp01, task 32 32 [9436]: mask 0x40404040404 set
cpu_bind=LDMAP  - erp01, task 35 35 [9439]: mask 0x40404040404 set
cpu_bind=LDMAP  - erp01, task 31 31 [9435]: mask 0x40404040404 set
cpu_bind=LDMAP  - erp01, task 33 33 [9437]: mask 0x40404040404 set
cpu_bind=LDMAP  - erp01, task 36 36 [9440]: mask 0x101010101010 set
cpu_bind=LDMAP  - erp01, task 38 38 [9442]: mask 0x101010101010 set
cpu_bind=LDMAP  - erp01, task 37 37 [9441]: mask 0x101010101010 set
cpu_bind=LDMAP  - erp01, task 40 40 [9444]: mask 0x101010101010 set
cpu_bind=LDMAP  - erp01, task 39 39 [9443]: mask 0x101010101010 set
cpu_bind=LDMAP  - erp01, task 41 41 [9445]: mask 0x101010101010 set
cpu_bind=LDMAP  - erp01, task 42 42 [9446]: mask 0x404040404040 set
cpu_bind=LDMAP  - erp01, task 43 43 [9447]: mask 0x404040404040 set
cpu_bind=LDMAP  - erp01, task 44 44 [9448]: mask 0x404040404040 set
cpu_bind=LDMAP  - erp01, task 46 46 [9450]: mask 0x404040404040 set
cpu_bind=LDMAP  - erp01, task 45 45 [9449]: mask 0x404040404040 set
cpu_bind=LDMAP  - erp01, task 47 47 [9451]: mask 0x404040404040 set
cpu_bind=LDMAP  - erp04, task 144  0 [76186]: mask 0x20202020202 set
cpu_bind=LDMAP  - erp04, task 145  1 [76187]: mask 0x20202020202 set
cpu_bind=LDMAP  - erp04, task 146  2 [76188]: mask 0x20202020202 set
cpu_bind=LDMAP  - erp04, task 148  4 [76190]: mask 0x20202020202 set
cpu_bind=LDMAP  - erp04, task 147  3 [76189]: mask 0x20202020202 set
cpu_bind=LDMAP  - erp04, task 149  5 [76191]: mask 0x20202020202 set
cpu_bind=LDMAP  - erp04, task 150  6 [76192]: mask 0x80808080808 set
cpu_bind=LDMAP  - erp04, task 153  9 [76195]: mask 0x80808080808 set
cpu_bind=LDMAP  - erp04, task 152  8 [76194]: mask 0x80808080808 set
cpu_bind=LDMAP  - erp04, task 151  7 [76193]: mask 0x80808080808 set
cpu_bind=LDMAP  - erp04, task 155 11 [76197]: mask 0x80808080808 set
cpu_bind=LDMAP  - erp04, task 156 12 [76198]: mask 0x202020202020 set
cpu_bind=LDMAP  - erp04, task 154 10 [76196]: mask 0x80808080808 set
cpu_bind=LDMAP  - erp04, task 157 13 [76199]: mask 0x202020202020 set
cpu_bind=LDMAP  - erp04, task 159 15 [76201]: mask 0x202020202020 set
cpu_bind=LDMAP  - erp04, task 160 16 [76202]: mask 0x202020202020 set
cpu_bind=LDMAP  - erp04, task 158 14 [76200]: mask 0x202020202020 set
cpu_bind=LDMAP  - erp03, task 96  0 [74373]: mask 0x20202020202 set
cpu_bind=LDMAP  - erp03, task 98  2 [74375]: mask 0x20202020202 set
cpu_bind=LDMAP  - erp04, task 161 17 [76203]: mask 0x202020202020 set
cpu_bind=LDMAP  - erp04, task 163 19 [76205]: mask 0x808080808080 set
cpu_bind=LDMAP  - erp03, task 97  1 [74374]: mask 0x20202020202 set
cpu_bind=LDMAP  - erp04, task 162 18 [76204]: mask 0x808080808080 set
cpu_bind=LDMAP  - erp03, task 99  3 [74376]: mask 0x20202020202 set
cpu_bind=LDMAP  - erp03, task 100  4 [74377]: mask 0x20202020202 set
cpu_bind=LDMAP  - erp03, task 101  5 [74378]: mask 0x20202020202 set
cpu_bind=LDMAP  - erp04, task 164 20 [76206]: mask 0x808080808080 set
cpu_bind=LDMAP  - erp04, task 166 22 [76208]: mask 0x808080808080 set
cpu_bind=LDMAP  - erp04, task 167 23 [76209]: mask 0x808080808080 set
cpu_bind=LDMAP  - erp04, task 165 21 [76207]: mask 0x808080808080 set
cpu_bind=LDMAP  - erp03, task 103  7 [74380]: mask 0x80808080808 set
cpu_bind=LDMAP  - erp03, task 102  6 [74379]: mask 0x80808080808 set
cpu_bind=LDMAP  - erp03, task 105  9 [74382]: mask 0x80808080808 set
cpu_bind=LDMAP  - erp04, task 168 24 [76210]: mask 0x10101010101 set
cpu_bind=LDMAP  - erp03, task 104  8 [74381]: mask 0x80808080808 set
cpu_bind=LDMAP  - erp03, task 106 10 [74383]: mask 0x80808080808 set
cpu_bind=LDMAP  - erp04, task 169 25 [76211]: mask 0x10101010101 set
cpu_bind=LDMAP  - erp03, task 108 12 [74385]: mask 0x202020202020 set
cpu_bind=LDMAP  - erp03, task 107 11 [74384]: mask 0x80808080808 set
cpu_bind=LDMAP  - erp04, task 172 28 [76214]: mask 0x10101010101 set
cpu_bind=LDMAP  - erp03, task 111 15 [74388]: mask 0x202020202020 set
cpu_bind=LDMAP  - erp03, task 109 13 [74386]: mask 0x202020202020 set
cpu_bind=LDMAP  - erp04, task 170 26 [76212]: mask 0x10101010101 set
cpu_bind=LDMAP  - erp04, task 171 27 [76213]: mask 0x10101010101 set
cpu_bind=LDMAP  - erp03, task 110 14 [74387]: mask 0x202020202020 set
cpu_bind=LDMAP  - erp03, task 112 16 [74389]: mask 0x202020202020 set
cpu_bind=LDMAP  - erp03, task 113 17 [74390]: mask 0x202020202020 set
cpu_bind=LDMAP  - erp03, task 114 18 [74391]: mask 0x808080808080 set
cpu_bind=LDMAP  - erp04, task 173 29 [76215]: mask 0x10101010101 set
cpu_bind=LDMAP  - erp04, task 175 31 [76217]: mask 0x40404040404 set
cpu_bind=LDMAP  - erp03, task 116 20 [74393]: mask 0x808080808080 set
cpu_bind=LDMAP  - erp04, task 174 30 [76216]: mask 0x40404040404 set
cpu_bind=LDMAP  - erp03, task 117 21 [74394]: mask 0x808080808080 set
cpu_bind=LDMAP  - erp03, task 115 19 [74392]: mask 0x808080808080 set
cpu_bind=LDMAP  - erp04, task 176 32 [76218]: mask 0x40404040404 set
cpu_bind=LDMAP  - erp04, task 179 35 [76221]: mask 0x40404040404 set
cpu_bind=LDMAP  - erp03, task 118 22 [74395]: mask 0x808080808080 set
cpu_bind=LDMAP  - erp04, task 178 34 [76220]: mask 0x40404040404 set
cpu_bind=LDMAP  - erp04, task 177 33 [76219]: mask 0x40404040404 set
cpu_bind=LDMAP  - erp03, task 120 24 [74397]: mask 0x10101010101 set
cpu_bind=LDMAP  - erp03, task 119 23 [74396]: mask 0x808080808080 set
cpu_bind=LDMAP  - erp04, task 182 38 [76224]: mask 0x101010101010 set
cpu_bind=LDMAP  - erp04, task 181 37 [76223]: mask 0x101010101010 set
cpu_bind=LDMAP  - erp04, task 180 36 [76222]: mask 0x101010101010 set
cpu_bind=LDMAP  - erp03, task 121 25 [74398]: mask 0x10101010101 set
cpu_bind=LDMAP  - erp03, task 122 26 [74399]: mask 0x10101010101 set
cpu_bind=LDMAP  - erp04, task 185 41 [76227]: mask 0x101010101010 set
cpu_bind=LDMAP  - erp04, task 184 40 [76226]: mask 0x101010101010 set
cpu_bind=LDMAP  - erp04, task 183 39 [76225]: mask 0x101010101010 set
cpu_bind=LDMAP  - erp03, task 124 28 [74401]: mask 0x10101010101 set
cpu_bind=LDMAP  - erp03, task 123 27 [74400]: mask 0x10101010101 set
cpu_bind=LDMAP  - erp03, task 125 29 [74402]: mask 0x10101010101 set
cpu_bind=LDMAP  - erp04, task 188 44 [76230]: mask 0x404040404040 set
cpu_bind=LDMAP  - erp04, task 187 43 [76229]: mask 0x404040404040 set
cpu_bind=LDMAP  - erp03, task 127 31 [74404]: mask 0x40404040404 set
cpu_bind=LDMAP  - erp04, task 186 42 [76228]: mask 0x404040404040 set
cpu_bind=LDMAP  - erp03, task 126 30 [74403]: mask 0x40404040404 set
cpu_bind=LDMAP  - erp04, task 190 46 [76232]: mask 0x404040404040 set
cpu_bind=LDMAP  - erp03, task 128 32 [74405]: mask 0x40404040404 set
cpu_bind=LDMAP  - erp04, task 189 45 [76231]: mask 0x404040404040 set
cpu_bind=LDMAP  - erp03, task 130 34 [74407]: mask 0x40404040404 set
cpu_bind=LDMAP  - erp04, task 191 47 [76233]: mask 0x404040404040 set
cpu_bind=LDMAP  - erp03, task 131 35 [74408]: mask 0x40404040404 set
cpu_bind=LDMAP  - erp03, task 129 33 [74406]: mask 0x40404040404 set
cpu_bind=LDMAP  - erp03, task 134 38 [74411]: mask 0x101010101010 set
cpu_bind=LDMAP  - erp03, task 132 36 [74409]: mask 0x101010101010 set
cpu_bind=LDMAP  - erp03, task 133 37 [74410]: mask 0x101010101010 set
cpu_bind=LDMAP  - erp03, task 135 39 [74412]: mask 0x101010101010 set
cpu_bind=LDMAP  - erp03, task 137 41 [74414]: mask 0x101010101010 set
cpu_bind=LDMAP  - erp03, task 136 40 [74413]: mask 0x101010101010 set
cpu_bind=LDMAP  - erp03, task 139 43 [74416]: mask 0x404040404040 set
cpu_bind=LDMAP  - erp03, task 138 42 [74415]: mask 0x404040404040 set
cpu_bind=LDMAP  - erp03, task 142 46 [74419]: mask 0x404040404040 set
cpu_bind=LDMAP  - erp03, task 140 44 [74417]: mask 0x404040404040 set
cpu_bind=LDMAP  - erp03, task 141 45 [74418]: mask 0x404040404040 set
cpu_bind=LDMAP  - erp03, task 143 47 [74420]: mask 0x404040404040 set
cpu_bind=LDMAP  - erp05, task 192  0 [51243]: mask 0x20202020202 set
cpu_bind=LDMAP  - erp05, task 193  1 [51244]: mask 0x20202020202 set
cpu_bind=LDMAP  - erp05, task 194  2 [51245]: mask 0x20202020202 set
cpu_bind=LDMAP  - erp05, task 195  3 [51246]: mask 0x20202020202 set
cpu_bind=LDMAP  - erp05, task 196  4 [51247]: mask 0x20202020202 set
cpu_bind=LDMAP  - erp05, task 197  5 [51248]: mask 0x20202020202 set
cpu_bind=LDMAP  - erp05, task 199  7 [51250]: mask 0x80808080808 set
cpu_bind=LDMAP  - erp05, task 200  8 [51251]: mask 0x80808080808 set
cpu_bind=LDMAP  - erp05, task 198  6 [51249]: mask 0x80808080808 set
cpu_bind=LDMAP  - erp05, task 201  9 [51252]: mask 0x80808080808 set
cpu_bind=LDMAP  - erp05, task 202 10 [51253]: mask 0x80808080808 set
cpu_bind=LDMAP  - erp05, task 203 11 [51254]: mask 0x80808080808 set
cpu_bind=LDMAP  - erp05, task 204 12 [51255]: mask 0x202020202020 set
cpu_bind=LDMAP  - erp05, task 207 15 [51258]: mask 0x202020202020 set
cpu_bind=LDMAP  - erp05, task 208 16 [51259]: mask 0x202020202020 set
cpu_bind=LDMAP  - erp05, task 205 13 [51256]: mask 0x202020202020 set
cpu_bind=LDMAP  - erp05, task 206 14 [51257]: mask 0x202020202020 set
cpu_bind=LDMAP  - erp05, task 209 17 [51260]: mask 0x202020202020 set
cpu_bind=LDMAP  - erp05, task 211 19 [51262]: mask 0x808080808080 set
cpu_bind=LDMAP  - erp05, task 210 18 [51261]: mask 0x808080808080 set
cpu_bind=LDMAP  - erp05, task 212 20 [51263]: mask 0x808080808080 set
cpu_bind=LDMAP  - erp05, task 213 21 [51264]: mask 0x808080808080 set
cpu_bind=LDMAP  - erp05, task 214 22 [51265]: mask 0x808080808080 set
cpu_bind=LDMAP  - erp05, task 216 24 [51267]: mask 0x10101010101 set
cpu_bind=LDMAP  - erp05, task 215 23 [51266]: mask 0x808080808080 set
cpu_bind=LDMAP  - erp05, task 217 25 [51268]: mask 0x10101010101 set
cpu_bind=LDMAP  - erp05, task 218 26 [51269]: mask 0x10101010101 set
cpu_bind=LDMAP  - erp05, task 219 27 [51270]: mask 0x10101010101 set
cpu_bind=LDMAP  - erp05, task 220 28 [51271]: mask 0x10101010101 set
cpu_bind=LDMAP  - erp05, task 221 29 [51272]: mask 0x10101010101 set
cpu_bind=LDMAP  - erp05, task 222 30 [51273]: mask 0x40404040404 set
cpu_bind=LDMAP  - erp05, task 224 32 [51275]: mask 0x40404040404 set
cpu_bind=LDMAP  - erp05, task 223 31 [51274]: mask 0x40404040404 set
cpu_bind=LDMAP  - erp05, task 225 33 [51276]: mask 0x40404040404 set
cpu_bind=LDMAP  - erp05, task 227 35 [51278]: mask 0x40404040404 set
cpu_bind=LDMAP  - erp05, task 228 36 [51279]: mask 0x101010101010 set
cpu_bind=LDMAP  - erp05, task 226 34 [51277]: mask 0x40404040404 set
cpu_bind=LDMAP  - erp05, task 229 37 [51280]: mask 0x101010101010 set
cpu_bind=LDMAP  - erp05, task 231 39 [51282]: mask 0x101010101010 set
cpu_bind=LDMAP  - erp05, task 230 38 [51281]: mask 0x101010101010 set
cpu_bind=LDMAP  - erp05, task 232 40 [51283]: mask 0x101010101010 set
cpu_bind=LDMAP  - erp05, task 233 41 [51284]: mask 0x101010101010 set
cpu_bind=LDMAP  - erp05, task 234 42 [51285]: mask 0x404040404040 set
cpu_bind=LDMAP  - erp05, task 236 44 [51287]: mask 0x404040404040 set
cpu_bind=LDMAP  - erp05, task 237 45 [51288]: mask 0x404040404040 set
cpu_bind=LDMAP  - erp05, task 235 43 [51286]: mask 0x404040404040 set
cpu_bind=LDMAP  - erp05, task 238 46 [51289]: mask 0x404040404040 set
cpu_bind=LDMAP  - erp05, task 239 47 [51290]: mask 0x404040404040 set
cpu_bind=LDMAP  - erp07, task 290  2 [49631]: mask 0x20202020202 set
cpu_bind=LDMAP  - erp07, task 289  1 [49630]: mask 0x20202020202 set
cpu_bind=LDMAP  - erp07, task 288  0 [49629]: mask 0x20202020202 set
cpu_bind=LDMAP  - erp07, task 292  4 [49633]: mask 0x20202020202 set
cpu_bind=LDMAP  - erp08, task 338  2 [43465]: mask 0x20202020202 set
cpu_bind=LDMAP  - erp07, task 293  5 [49634]: mask 0x20202020202 set
cpu_bind=LDMAP  - erp08, task 337  1 [43464]: mask 0x20202020202 set
cpu_bind=LDMAP  - erp07, task 291  3 [49632]: mask 0x20202020202 set
cpu_bind=LDMAP  - erp08, task 336  0 [43463]: mask 0x20202020202 set
cpu_bind=LDMAP  - erp07, task 295  7 [49636]: mask 0x80808080808 set
cpu_bind=LDMAP  - erp08, task 340  4 [43467]: mask 0x20202020202 set
cpu_bind=LDMAP  - erp07, task 294  6 [49635]: mask 0x80808080808 set
cpu_bind=LDMAP  - erp08, task 339  3 [43466]: mask 0x20202020202 set
cpu_bind=LDMAP  - erp07, task 296  8 [49637]: mask 0x80808080808 set
cpu_bind=LDMAP  - erp08, task 341  5 [43468]: mask 0x20202020202 set
cpu_bind=LDMAP  - erp07, task 297  9 [49638]: mask 0x80808080808 set
cpu_bind=LDMAP  - erp07, task 298 10 [49639]: mask 0x80808080808 set
cpu_bind=LDMAP  - erp07, task 299 11 [49640]: mask 0x80808080808 set
cpu_bind=LDMAP  - erp07, task 300 12 [49641]: mask 0x202020202020 set
cpu_bind=LDMAP  - erp07, task 301 13 [49642]: mask 0x202020202020 set
cpu_bind=LDMAP  - erp07, task 303 15 [49644]: mask 0x202020202020 set
cpu_bind=LDMAP  - erp07, task 302 14 [49643]: mask 0x202020202020 set
cpu_bind=LDMAP  - erp07, task 304 16 [49645]: mask 0x202020202020 set
cpu_bind=LDMAP  - erp07, task 306 18 [49647]: mask 0x808080808080 set
cpu_bind=LDMAP  - erp07, task 305 17 [49646]: mask 0x202020202020 set
cpu_bind=LDMAP  - erp07, task 307 19 [49648]: mask 0x808080808080 set
cpu_bind=LDMAP  - erp07, task 308 20 [49649]: mask 0x808080808080 set
cpu_bind=LDMAP  - erp07, task 309 21 [49650]: mask 0x808080808080 set
cpu_bind=LDMAP  - erp08, task 344  8 [43471]: mask 0x80808080808 set
cpu_bind=LDMAP  - erp07, task 311 23 [49652]: mask 0x808080808080 set
cpu_bind=LDMAP  - erp08, task 342  6 [43469]: mask 0x80808080808 set
cpu_bind=LDMAP  - erp07, task 310 22 [49651]: mask 0x808080808080 set
cpu_bind=LDMAP  - erp07, task 314 26 [49655]: mask 0x10101010101 set
cpu_bind=LDMAP  - erp08, task 343  7 [43470]: mask 0x80808080808 set
cpu_bind=LDMAP  - erp10, task 432  0 [40201]: mask 0x20202020202 set
cpu_bind=LDMAP  - erp09, task 386  2 [41364]: mask 0x20202020202 set
cpu_bind=LDMAP  - erp07, task 313 25 [49654]: mask 0x10101010101 set
cpu_bind=LDMAP  - erp08, task 345  9 [43472]: mask 0x80808080808 set
cpu_bind=LDMAP  - erp10, task 434  2 [40203]: mask 0x20202020202 set
cpu_bind=LDMAP  - erp09, task 384  0 [41362]: mask 0x20202020202 set
cpu_bind=LDMAP  - erp07, task 312 24 [49653]: mask 0x10101010101 set
cpu_bind=LDMAP  - erp08, task 346 10 [43473]: mask 0x80808080808 set
cpu_bind=LDMAP  - erp10, task 433  1 [40202]: mask 0x20202020202 set
cpu_bind=LDMAP  - erp09, task 388  4 [41366]: mask 0x20202020202 set
cpu_bind=LDMAP  - erp07, task 316 28 [49657]: mask 0x10101010101 set
cpu_bind=LDMAP  - erp08, task 347 11 [43474]: mask 0x80808080808 set
cpu_bind=LDMAP  - erp10, task 437  5 [40206]: mask 0x20202020202 set
cpu_bind=LDMAP  - erp09, task 389  5 [41367]: mask 0x20202020202 set
cpu_bind=LDMAP  - erp07, task 315 27 [49656]: mask 0x10101010101 set
cpu_bind=LDMAP  - erp08, task 350 14 [43477]: mask 0x202020202020 set
cpu_bind=LDMAP  - erp10, task 436  4 [40205]: mask 0x20202020202 set
cpu_bind=LDMAP  - erp09, task 394 10 [41372]: mask 0x80808080808 set
cpu_bind=LDMAP  - erp07, task 318 30 [49659]: mask 0x40404040404 set
cpu_bind=LDMAP  - erp08, task 349 13 [43476]: mask 0x202020202020 set
cpu_bind=LDMAP  - erp10, task 435  3 [40204]: mask 0x20202020202 set
cpu_bind=LDMAP  - erp09, task 387  3 [41365]: mask 0x20202020202 set
cpu_bind=LDMAP  - erp07, task 319 31 [49660]: mask 0x40404040404 set
cpu_bind=LDMAP  - erp08, task 348 12 [43475]: mask 0x202020202020 set
cpu_bind=LDMAP  - erp10, task 439  7 [40208]: mask 0x80808080808 set
cpu_bind=LDMAP  - erp09, task 391  7 [41369]: mask 0x80808080808 set
cpu_bind=LDMAP  - erp07, task 320 32 [49661]: mask 0x40404040404 set
cpu_bind=LDMAP  - erp08, task 352 16 [43479]: mask 0x202020202020 set
cpu_bind=LDMAP  - erp10, task 438  6 [40207]: mask 0x80808080808 set
cpu_bind=LDMAP  - erp09, task 393  9 [41371]: mask 0x80808080808 set
cpu_bind=LDMAP  - erp07, task 317 29 [49658]: mask 0x10101010101 set
cpu_bind=LDMAP  - erp08, task 351 15 [43478]: mask 0x202020202020 set
cpu_bind=LDMAP  - erp10, task 440  8 [40209]: mask 0x80808080808 set
cpu_bind=LDMAP  - erp09, task 396 12 [41374]: mask 0x202020202020 set
cpu_bind=LDMAP  - erp07, task 321 33 [49662]: mask 0x40404040404 set
cpu_bind=LDMAP  - erp08, task 353 17 [43480]: mask 0x202020202020 set
cpu_bind=LDMAP  - erp10, task 441  9 [40210]: mask 0x80808080808 set
cpu_bind=LDMAP  - erp09, task 395 11 [41373]: mask 0x80808080808 set
cpu_bind=LDMAP  - erp07, task 322 34 [49663]: mask 0x40404040404 set
cpu_bind=LDMAP  - erp08, task 355 19 [43482]: mask 0x808080808080 set
cpu_bind=LDMAP  - erp10, task 443 11 [40212]: mask 0x80808080808 set
cpu_bind=LDMAP  - erp09, task 385  1 [41363]: mask 0x20202020202 set
cpu_bind=LDMAP  - erp07, task 323 35 [49664]: mask 0x40404040404 set
cpu_bind=LDMAP  - erp08, task 354 18 [43481]: mask 0x808080808080 set
cpu_bind=LDMAP  - erp10, task 442 10 [40211]: mask 0x80808080808 set
cpu_bind=LDMAP  - erp09, task 392  8 [41370]: mask 0x80808080808 set
cpu_bind=LDMAP  - erp07, task 326 38 [49667]: mask 0x101010101010 set
cpu_bind=LDMAP  - erp08, task 356 20 [43483]: mask 0x808080808080 set
cpu_bind=LDMAP  - erp10, task 444 12 [40213]: mask 0x202020202020 set
cpu_bind=LDMAP  - erp09, task 397 13 [41375]: mask 0x202020202020 set
cpu_bind=LDMAP  - erp07, task 324 36 [49665]: mask 0x101010101010 set
cpu_bind=LDMAP  - erp08, task 358 22 [43485]: mask 0x808080808080 set
cpu_bind=LDMAP  - erp10, task 445 13 [40214]: mask 0x202020202020 set
cpu_bind=LDMAP  - erp09, task 390  6 [41368]: mask 0x80808080808 set
cpu_bind=LDMAP  - erp07, task 325 37 [49666]: mask 0x101010101010 set
cpu_bind=LDMAP  - erp08, task 357 21 [43484]: mask 0x808080808080 set
cpu_bind=LDMAP  - erp10, task 448 16 [40217]: mask 0x202020202020 set
cpu_bind=LDMAP  - erp09, task 399 15 [41377]: mask 0x202020202020 set
cpu_bind=LDMAP  - erp07, task 327 39 [49668]: mask 0x101010101010 set
cpu_bind=LDMAP  - erp08, task 359 23 [43486]: mask 0x808080808080 set
cpu_bind=LDMAP  - erp10, task 446 14 [40215]: mask 0x202020202020 set
cpu_bind=LDMAP  - erp09, task 398 14 [41376]: mask 0x202020202020 set
cpu_bind=LDMAP  - erp07, task 331 43 [49672]: mask 0x404040404040 set
cpu_bind=LDMAP  - erp08, task 361 25 [43488]: mask 0x10101010101 set
cpu_bind=LDMAP  - erp07, task 328 40 [49669]: mask 0x101010101010 set
cpu_bind=LDMAP  - erp08, task 360 24 [43487]: mask 0x10101010101 set
cpu_bind=LDMAP  - erp07, task 330 42 [49671]: mask 0x404040404040 set
cpu_bind=LDMAP  - erp08, task 362 26 [43489]: mask 0x10101010101 set
cpu_bind=LDMAP  - erp07, task 329 41 [49670]: mask 0x101010101010 set
cpu_bind=LDMAP  - erp08, task 364 28 [43491]: mask 0x10101010101 set
cpu_bind=LDMAP  - erp08, task 365 29 [43492]: mask 0x10101010101 set
cpu_bind=LDMAP  - erp10, task 447 15 [40216]: mask 0x202020202020 set
cpu_bind=LDMAP  - erp09, task 400 16 [41378]: mask 0x202020202020 set
cpu_bind=LDMAP  - erp08, task 366 30 [43493]: mask 0x40404040404 set
cpu_bind=LDMAP  - erp10, task 449 17 [40218]: mask 0x202020202020 set
cpu_bind=LDMAP  - erp09, task 401 17 [41379]: mask 0x202020202020 set
cpu_bind=LDMAP  - erp07, task 333 45 [49674]: mask 0x404040404040 set
cpu_bind=LDMAP  - erp08, task 363 27 [43490]: mask 0x10101010101 set
cpu_bind=LDMAP  - erp10, task 451 19 [40220]: mask 0x808080808080 set
cpu_bind=LDMAP  - erp09, task 403 19 [41381]: mask 0x808080808080 set
cpu_bind=LDMAP  - erp07, task 334 46 [49675]: mask 0x404040404040 set
cpu_bind=LDMAP  - erp08, task 367 31 [43494]: mask 0x40404040404 set
cpu_bind=LDMAP  - erp10, task 450 18 [40219]: mask 0x808080808080 set
cpu_bind=LDMAP  - erp07, task 332 44 [49673]: mask 0x404040404040 set
cpu_bind=LDMAP  - erp08, task 370 34 [43497]: mask 0x40404040404 set
cpu_bind=LDMAP  - erp10, task 453 21 [40222]: mask 0x808080808080 set
cpu_bind=LDMAP  - erp07, task 335 47 [49676]: mask 0x404040404040 set
cpu_bind=LDMAP  - erp08, task 369 33 [43496]: mask 0x40404040404 set
cpu_bind=LDMAP  - erp10, task 452 20 [40221]: mask 0x808080808080 set
cpu_bind=LDMAP  - erp09, task 402 18 [41380]: mask 0x808080808080 set
cpu_bind=LDMAP  - erp08, task 368 32 [43495]: mask 0x40404040404 set
cpu_bind=LDMAP  - erp10, task 455 23 [40224]: mask 0x808080808080 set
cpu_bind=LDMAP  - erp10, task 456 24 [40225]: mask 0x10101010101 set
cpu_bind=LDMAP  - erp10, task 454 22 [40223]: mask 0x808080808080 set
cpu_bind=LDMAP  - erp10, task 457 25 [40226]: mask 0x10101010101 set
cpu_bind=LDMAP  - erp10, task 458 26 [40227]: mask 0x10101010101 set
cpu_bind=LDMAP  - erp10, task 460 28 [40229]: mask 0x10101010101 set
cpu_bind=LDMAP  - erp08, task 371 35 [43498]: mask 0x40404040404 set
cpu_bind=LDMAP  - erp10, task 459 27 [40228]: mask 0x10101010101 set
cpu_bind=LDMAP  - erp08, task 373 37 [43500]: mask 0x101010101010 set
cpu_bind=LDMAP  - erp10, task 461 29 [40230]: mask 0x10101010101 set
cpu_bind=LDMAP  - erp08, task 372 36 [43499]: mask 0x101010101010 set
cpu_bind=LDMAP  - erp10, task 462 30 [40231]: mask 0x40404040404 set
cpu_bind=LDMAP  - erp08, task 374 38 [43501]: mask 0x101010101010 set
cpu_bind=LDMAP  - erp08, task 375 39 [43502]: mask 0x101010101010 set
cpu_bind=LDMAP  - erp08, task 376 40 [43503]: mask 0x101010101010 set
cpu_bind=LDMAP  - erp08, task 377 41 [43504]: mask 0x101010101010 set
cpu_bind=LDMAP  - erp10, task 463 31 [40232]: mask 0x40404040404 set
cpu_bind=LDMAP  - erp08, task 378 42 [43505]: mask 0x404040404040 set
cpu_bind=LDMAP  - erp09, task 404 20 [41382]: mask 0x808080808080 set
cpu_bind=LDMAP  - erp09, task 405 21 [41383]: mask 0x808080808080 set
cpu_bind=LDMAP  - erp09, task 406 22 [41384]: mask 0x808080808080 set
cpu_bind=LDMAP  - erp12, task 530  2 [71209]: mask 0x20202020202 set
cpu_bind=LDMAP  - erp12, task 529  1 [71208]: mask 0x20202020202 set
cpu_bind=LDMAP  - erp08, task 381 45 [43508]: mask 0x404040404040 set
cpu_bind=LDMAP  - erp08, task 382 46 [43509]: mask 0x404040404040 set
cpu_bind=LDMAP  - erp10, task 466 34 [40235]: mask 0x40404040404 set
cpu_bind=LDMAP  - erp08, task 383 47 [43510]: mask 0x404040404040 set
cpu_bind=LDMAP  - erp08, task 379 43 [43506]: mask 0x404040404040 set
cpu_bind=LDMAP  - erp08, task 380 44 [43507]: mask 0x404040404040 set
cpu_bind=LDMAP  - erp10, task 464 32 [40233]: mask 0x40404040404 set
cpu_bind=LDMAP  - erp09, task 407 23 [41385]: mask 0x808080808080 set
cpu_bind=LDMAP  - erp09, task 408 24 [41386]: mask 0x10101010101 set
cpu_bind=LDMAP  - erp12, task 532  4 [71211]: mask 0x20202020202 set
cpu_bind=LDMAP  - erp10, task 465 33 [40234]: mask 0x40404040404 set
cpu_bind=LDMAP  - erp12, task 528  0 [71207]: mask 0x20202020202 set
cpu_bind=LDMAP  - erp12, task 531  3 [71210]: mask 0x20202020202 set
cpu_bind=LDMAP  - erp09, task 409 25 [41387]: mask 0x10101010101 set
cpu_bind=LDMAP  - erp12, task 533  5 [71212]: mask 0x20202020202 set
cpu_bind=LDMAP  - erp10, task 467 35 [40236]: mask 0x40404040404 set
cpu_bind=LDMAP  - erp09, task 411 27 [41389]: mask 0x10101010101 set
cpu_bind=LDMAP  - erp12, task 534  6 [71213]: mask 0x80808080808 set
cpu_bind=LDMAP  - erp10, task 469 37 [40238]: mask 0x101010101010 set
cpu_bind=LDMAP  - erp12, task 535  7 [71214]: mask 0x80808080808 set
cpu_bind=LDMAP  - erp10, task 468 36 [40237]: mask 0x101010101010 set
cpu_bind=LDMAP  - erp12, task 536  8 [71215]: mask 0x80808080808 set
cpu_bind=LDMAP  - erp09, task 412 28 [41390]: mask 0x10101010101 set
cpu_bind=LDMAP  - erp09, task 410 26 [41388]: mask 0x10101010101 set
cpu_bind=LDMAP  - erp12, task 539 11 [71218]: mask 0x80808080808 set
cpu_bind=LDMAP  - erp09, task 413 29 [41391]: mask 0x10101010101 set
cpu_bind=LDMAP  - erp09, task 415 31 [41393]: mask 0x40404040404 set
cpu_bind=LDMAP  - erp10, task 470 38 [40239]: mask 0x101010101010 set
cpu_bind=LDMAP  - erp12, task 537  9 [71216]: mask 0x80808080808 set
cpu_bind=LDMAP  - erp10, task 472 40 [40241]: mask 0x101010101010 set
cpu_bind=LDMAP  - erp12, task 538 10 [71217]: mask 0x80808080808 set
cpu_bind=LDMAP  - erp12, task 541 13 [71220]: mask 0x202020202020 set
cpu_bind=LDMAP  - erp09, task 416 32 [41394]: mask 0x40404040404 set
cpu_bind=LDMAP  - erp09, task 414 30 [41392]: mask 0x40404040404 set
cpu_bind=LDMAP  - erp12, task 540 12 [71219]: mask 0x202020202020 set
cpu_bind=LDMAP  - erp10, task 473 41 [40242]: mask 0x101010101010 set
cpu_bind=LDMAP  - erp12, task 543 15 [71222]: mask 0x202020202020 set
cpu_bind=LDMAP  - erp06, task 241  1 [45306]: mask 0x20202020202 set
cpu_bind=LDMAP  - erp10, task 471 39 [40240]: mask 0x101010101010 set
cpu_bind=LDMAP  - erp12, task 542 14 [71221]: mask 0x202020202020 set
cpu_bind=LDMAP  - erp06, task 240  0 [45305]: mask 0x20202020202 set
cpu_bind=LDMAP  - erp09, task 417 33 [41395]: mask 0x40404040404 set
cpu_bind=LDMAP  - erp12, task 544 16 [71223]: mask 0x202020202020 set
cpu_bind=LDMAP  - erp10, task 475 43 [40244]: mask 0x404040404040 set
cpu_bind=LDMAP  - erp06, task 242  2 [45307]: mask 0x20202020202 set
cpu_bind=LDMAP  - erp10, task 474 42 [40243]: mask 0x404040404040 set
cpu_bind=LDMAP  - erp06, task 244  4 [45309]: mask 0x20202020202 set
cpu_bind=LDMAP  - erp02, task 48  0 [61784]: mask 0x20202020202 set
cpu_bind=LDMAP  - erp06, task 245  5 [45310]: mask 0x20202020202 set
cpu_bind=LDMAP  - erp09, task 418 34 [41396]: mask 0x40404040404 set
cpu_bind=LDMAP  - erp02, task 50  2 [61786]: mask 0x20202020202 set
cpu_bind=LDMAP  - erp10, task 476 44 [40245]: mask 0x404040404040 set
cpu_bind=LDMAP  - erp06, task 243  3 [45308]: mask 0x20202020202 set
cpu_bind=LDMAP  - erp06, task 246  6 [45311]: mask 0x80808080808 set
cpu_bind=LDMAP  - erp02, task 49  1 [61785]: mask 0x20202020202 set
cpu_bind=LDMAP  - erp12, task 545 17 [71224]: mask 0x202020202020 set
cpu_bind=LDMAP  - erp02, task 51  3 [61787]: mask 0x20202020202 set
cpu_bind=LDMAP  - erp12, task 547 19 [71226]: mask 0x808080808080 set
cpu_bind=LDMAP  - erp12, task 546 18 [71225]: mask 0x808080808080 set
cpu_bind=LDMAP  - erp06, task 247  7 [45312]: mask 0x80808080808 set
cpu_bind=LDMAP  - erp02, task 53  5 [61789]: mask 0x20202020202 set
cpu_bind=LDMAP  - erp06, task 249  9 [45314]: mask 0x80808080808 set
cpu_bind=LDMAP  - erp06, task 248  8 [45313]: mask 0x80808080808 set
cpu_bind=LDMAP  - erp02, task 52  4 [61788]: mask 0x20202020202 set
cpu_bind=LDMAP  - erp09, task 419 35 [41397]: mask 0x40404040404 set
cpu_bind=LDMAP  - erp09, task 420 36 [41398]: mask 0x101010101010 set
cpu_bind=LDMAP  - erp10, task 477 45 [40246]: mask 0x404040404040 set
cpu_bind=LDMAP  - erp10, task 479 47 [40248]: mask 0x404040404040 set
cpu_bind=LDMAP  - erp12, task 549 21 [71228]: mask 0x808080808080 set
cpu_bind=LDMAP  - erp02, task 54  6 [61790]: mask 0x80808080808 set
cpu_bind=LDMAP  - erp10, task 478 46 [40247]: mask 0x404040404040 set
cpu_bind=LDMAP  - erp12, task 550 22 [71229]: mask 0x808080808080 set
cpu_bind=LDMAP  - erp12, task 548 20 [71227]: mask 0x808080808080 set
cpu_bind=LDMAP  - erp06, task 251 11 [45316]: mask 0x80808080808 set
cpu_bind=LDMAP  - erp06, task 252 12 [45317]: mask 0x202020202020 set
cpu_bind=LDMAP  - erp06, task 250 10 [45315]: mask 0x80808080808 set
cpu_bind=LDMAP  - erp02, task 55  7 [61791]: mask 0x80808080808 set
cpu_bind=LDMAP  - erp02, task 56  8 [61792]: mask 0x80808080808 set
cpu_bind=LDMAP  - erp09, task 424 40 [41402]: mask 0x101010101010 set
cpu_bind=LDMAP  - erp12, task 551 23 [71230]: mask 0x808080808080 set
cpu_bind=LDMAP  - erp09, task 421 37 [41399]: mask 0x101010101010 set
cpu_bind=LDMAP  - erp06, task 253 13 [45318]: mask 0x202020202020 set
cpu_bind=LDMAP  - erp09, task 422 38 [41400]: mask 0x101010101010 set
cpu_bind=LDMAP  - erp02, task 57  9 [61793]: mask 0x80808080808 set
cpu_bind=LDMAP  - erp09, task 423 39 [41401]: mask 0x101010101010 set
cpu_bind=LDMAP  - erp12, task 552 24 [71231]: mask 0x10101010101 set
cpu_bind=LDMAP  - erp09, task 426 42 [41404]: mask 0x404040404040 set
cpu_bind=LDMAP  - erp12, task 553 25 [71232]: mask 0x10101010101 set
cpu_bind=LDMAP  - erp12, task 554 26 [71233]: mask 0x10101010101 set
cpu_bind=LDMAP  - erp09, task 427 43 [41405]: mask 0x404040404040 set
cpu_bind=LDMAP  - erp02, task 58 10 [61794]: mask 0x80808080808 set
cpu_bind=LDMAP  - erp06, task 255 15 [45320]: mask 0x202020202020 set
cpu_bind=LDMAP  - erp02, task 59 11 [61795]: mask 0x80808080808 set
cpu_bind=LDMAP  - erp06, task 256 16 [45321]: mask 0x202020202020 set
cpu_bind=LDMAP  - erp09, task 428 44 [41406]: mask 0x404040404040 set
cpu_bind=LDMAP  - erp06, task 254 14 [45319]: mask 0x202020202020 set
cpu_bind=LDMAP  - erp09, task 425 41 [41403]: mask 0x101010101010 set
cpu_bind=LDMAP  - erp06, task 257 17 [45323]: mask 0x202020202020 set
cpu_bind=LDMAP  - erp06, task 258 18 [45324]: mask 0x808080808080 set
cpu_bind=LDMAP  - erp02, task 60 12 [61796]: mask 0x202020202020 set
cpu_bind=LDMAP  - erp12, task 555 27 [71234]: mask 0x10101010101 set
cpu_bind=LDMAP  - erp06, task 259 19 [45325]: mask 0x808080808080 set
cpu_bind=LDMAP  - erp09, task 429 45 [41407]: mask 0x404040404040 set
cpu_bind=LDMAP  - erp02, task 63 15 [61799]: mask 0x202020202020 set
cpu_bind=LDMAP  - erp02, task 64 16 [61800]: mask 0x202020202020 set
cpu_bind=LDMAP  - erp02, task 62 14 [61798]: mask 0x202020202020 set
cpu_bind=LDMAP  - erp12, task 556 28 [71235]: mask 0x10101010101 set
cpu_bind=LDMAP  - erp12, task 557 29 [71236]: mask 0x10101010101 set
cpu_bind=LDMAP  - erp09, task 431 47 [41409]: mask 0x404040404040 set
cpu_bind=LDMAP  - erp09, task 430 46 [41408]: mask 0x404040404040 set
cpu_bind=LDMAP  - erp06, task 261 21 [45327]: mask 0x808080808080 set
cpu_bind=LDMAP  - erp06, task 260 20 [45326]: mask 0x808080808080 set
cpu_bind=LDMAP  - erp12, task 558 30 [71237]: mask 0x40404040404 set
cpu_bind=LDMAP  - erp06, task 262 22 [45328]: mask 0x808080808080 set
cpu_bind=LDMAP  - erp02, task 61 13 [61797]: mask 0x202020202020 set
cpu_bind=LDMAP  - erp12, task 559 31 [71238]: mask 0x40404040404 set
cpu_bind=LDMAP  - erp06, task 265 25 [45331]: mask 0x10101010101 set
cpu_bind=LDMAP  - erp02, task 66 18 [61802]: mask 0x808080808080 set
cpu_bind=LDMAP  - erp12, task 561 33 [71240]: mask 0x40404040404 set
cpu_bind=LDMAP  - erp06, task 263 23 [45329]: mask 0x808080808080 set
cpu_bind=LDMAP  - erp02, task 65 17 [61801]: mask 0x202020202020 set
cpu_bind=LDMAP  - erp12, task 560 32 [71239]: mask 0x40404040404 set
cpu_bind=LDMAP  - erp06, task 264 24 [45330]: mask 0x10101010101 set
cpu_bind=LDMAP  - erp02, task 68 20 [61804]: mask 0x808080808080 set
cpu_bind=LDMAP  - erp12, task 562 34 [71241]: mask 0x40404040404 set
cpu_bind=LDMAP  - erp06, task 266 26 [45332]: mask 0x10101010101 set
cpu_bind=LDMAP  - erp02, task 67 19 [61803]: mask 0x808080808080 set
cpu_bind=LDMAP  - erp12, task 563 35 [71242]: mask 0x40404040404 set
cpu_bind=LDMAP  - erp06, task 267 27 [45333]: mask 0x10101010101 set
cpu_bind=LDMAP  - erp02, task 69 21 [61805]: mask 0x808080808080 set
cpu_bind=LDMAP  - erp12, task 564 36 [71243]: mask 0x101010101010 set
cpu_bind=LDMAP  - erp06, task 268 28 [45334]: mask 0x10101010101 set
cpu_bind=LDMAP  - erp02, task 71 23 [61807]: mask 0x808080808080 set
cpu_bind=LDMAP  - erp12, task 565 37 [71244]: mask 0x101010101010 set
cpu_bind=LDMAP  - erp06, task 269 29 [45335]: mask 0x10101010101 set
cpu_bind=LDMAP  - erp02, task 70 22 [61806]: mask 0x808080808080 set
cpu_bind=LDMAP  - erp12, task 566 38 [71245]: mask 0x101010101010 set
cpu_bind=LDMAP  - erp06, task 270 30 [45336]: mask 0x40404040404 set
cpu_bind=LDMAP  - erp02, task 72 24 [61808]: mask 0x10101010101 set
cpu_bind=LDMAP  - erp12, task 568 40 [71247]: mask 0x101010101010 set
cpu_bind=LDMAP  - erp06, task 271 31 [45337]: mask 0x40404040404 set
cpu_bind=LDMAP  - erp02, task 75 27 [61811]: mask 0x10101010101 set
cpu_bind=LDMAP  - erp12, task 567 39 [71246]: mask 0x101010101010 set
cpu_bind=LDMAP  - erp06, task 273 33 [45339]: mask 0x40404040404 set
cpu_bind=LDMAP  - erp02, task 76 28 [61812]: mask 0x10101010101 set
cpu_bind=LDMAP  - erp12, task 569 41 [71248]: mask 0x101010101010 set
cpu_bind=LDMAP  - erp06, task 272 32 [45338]: mask 0x40404040404 set
cpu_bind=LDMAP  - erp02, task 77 29 [61813]: mask 0x10101010101 set
cpu_bind=LDMAP  - erp06, task 275 35 [45341]: mask 0x40404040404 set
cpu_bind=LDMAP  - erp02, task 79 31 [61815]: mask 0x40404040404 set
cpu_bind=LDMAP  - erp06, task 274 34 [45340]: mask 0x40404040404 set
cpu_bind=LDMAP  - erp02, task 73 25 [61809]: mask 0x10101010101 set
cpu_bind=LDMAP  - erp06, task 276 36 [45342]: mask 0x101010101010 set
cpu_bind=LDMAP  - erp02, task 74 26 [61810]: mask 0x10101010101 set
cpu_bind=LDMAP  - erp06, task 277 37 [45343]: mask 0x101010101010 set
cpu_bind=LDMAP  - erp02, task 78 30 [61814]: mask 0x40404040404 set
cpu_bind=LDMAP  - erp06, task 278 38 [45344]: mask 0x101010101010 set
cpu_bind=LDMAP  - erp02, task 80 32 [61816]: mask 0x40404040404 set
cpu_bind=LDMAP  - erp06, task 280 40 [45346]: mask 0x101010101010 set
cpu_bind=LDMAP  - erp12, task 571 43 [71250]: mask 0x404040404040 set
cpu_bind=LDMAP  - erp02, task 81 33 [61817]: mask 0x40404040404 set
cpu_bind=LDMAP  - erp11, task 480  0 [47329]: mask 0x20202020202 set
cpu_bind=LDMAP  - erp11, task 482  2 [47331]: mask 0x20202020202 set
cpu_bind=LDMAP  - erp11, task 481  1 [47330]: mask 0x20202020202 set
cpu_bind=LDMAP  - erp11, task 485  5 [47334]: mask 0x20202020202 set
cpu_bind=LDMAP  - erp11, task 483  3 [47332]: mask 0x20202020202 set
cpu_bind=LDMAP  - erp11, task 484  4 [47333]: mask 0x20202020202 set
cpu_bind=LDMAP  - erp11, task 487  7 [47336]: mask 0x80808080808 set
cpu_bind=LDMAP  - erp11, task 486  6 [47335]: mask 0x80808080808 set
cpu_bind=LDMAP  - erp11, task 488  8 [47337]: mask 0x80808080808 set
cpu_bind=LDMAP  - erp11, task 489  9 [47338]: mask 0x80808080808 set
cpu_bind=LDMAP  - erp11, task 490 10 [47339]: mask 0x80808080808 set
cpu_bind=LDMAP  - erp11, task 491 11 [47340]: mask 0x80808080808 set
cpu_bind=LDMAP  - erp11, task 492 12 [47341]: mask 0x202020202020 set
cpu_bind=LDMAP  - erp11, task 495 15 [47344]: mask 0x202020202020 set
cpu_bind=LDMAP  - erp11, task 494 14 [47343]: mask 0x202020202020 set
cpu_bind=LDMAP  - erp11, task 493 13 [47342]: mask 0x202020202020 set
cpu_bind=LDMAP  - erp11, task 496 16 [47345]: mask 0x202020202020 set
cpu_bind=LDMAP  - erp11, task 497 17 [47346]: mask 0x202020202020 set
cpu_bind=LDMAP  - erp11, task 499 19 [47348]: mask 0x808080808080 set
cpu_bind=LDMAP  - erp11, task 498 18 [47347]: mask 0x808080808080 set
cpu_bind=LDMAP  - erp11, task 500 20 [47349]: mask 0x808080808080 set
cpu_bind=LDMAP  - erp11, task 501 21 [47350]: mask 0x808080808080 set
cpu_bind=LDMAP  - erp11, task 502 22 [47351]: mask 0x808080808080 set
cpu_bind=LDMAP  - erp11, task 503 23 [47352]: mask 0x808080808080 set
cpu_bind=LDMAP  - erp11, task 504 24 [47353]: mask 0x10101010101 set
cpu_bind=LDMAP  - erp11, task 505 25 [47354]: mask 0x10101010101 set
cpu_bind=LDMAP  - erp11, task 506 26 [47355]: mask 0x10101010101 set
cpu_bind=LDMAP  - erp11, task 507 27 [47356]: mask 0x10101010101 set
cpu_bind=LDMAP  - erp11, task 508 28 [47357]: mask 0x10101010101 set
cpu_bind=LDMAP  - erp11, task 509 29 [47358]: mask 0x10101010101 set
cpu_bind=LDMAP  - erp11, task 510 30 [47359]: mask 0x40404040404 set
cpu_bind=LDMAP  - erp11, task 511 31 [47360]: mask 0x40404040404 set
cpu_bind=LDMAP  - erp11, task 512 32 [47361]: mask 0x40404040404 set
cpu_bind=LDMAP  - erp11, task 513 33 [47362]: mask 0x40404040404 set
cpu_bind=LDMAP  - erp11, task 514 34 [47363]: mask 0x40404040404 set
cpu_bind=LDMAP  - erp11, task 516 36 [47365]: mask 0x101010101010 set
cpu_bind=LDMAP  - erp11, task 515 35 [47364]: mask 0x40404040404 set
cpu_bind=LDMAP  - erp11, task 517 37 [47366]: mask 0x101010101010 set
cpu_bind=LDMAP  - erp11, task 520 40 [47369]: mask 0x101010101010 set
cpu_bind=LDMAP  - erp12, task 570 42 [71249]: mask 0x404040404040 set
cpu_bind=LDMAP  - erp06, task 279 39 [45345]: mask 0x101010101010 set
cpu_bind=LDMAP  - erp02, task 82 34 [61818]: mask 0x40404040404 set
cpu_bind=LDMAP  - erp12, task 572 44 [71251]: mask 0x404040404040 set
cpu_bind=LDMAP  - erp06, task 281 41 [45347]: mask 0x101010101010 set
cpu_bind=LDMAP  - erp02, task 83 35 [61819]: mask 0x40404040404 set
cpu_bind=LDMAP  - erp12, task 574 46 [71253]: mask 0x404040404040 set
cpu_bind=LDMAP  - erp06, task 282 42 [45348]: mask 0x404040404040 set
cpu_bind=LDMAP  - erp02, task 84 36 [61820]: mask 0x101010101010 set
cpu_bind=LDMAP  - erp12, task 573 45 [71252]: mask 0x404040404040 set
cpu_bind=LDMAP  - erp06, task 283 43 [45349]: mask 0x404040404040 set
cpu_bind=LDMAP  - erp02, task 85 37 [61821]: mask 0x101010101010 set
cpu_bind=LDMAP  - erp12, task 575 47 [71254]: mask 0x404040404040 set
cpu_bind=LDMAP  - erp06, task 286 46 [45352]: mask 0x404040404040 set
cpu_bind=LDMAP  - erp02, task 86 38 [61822]: mask 0x101010101010 set
cpu_bind=LDMAP  - erp06, task 285 45 [45351]: mask 0x404040404040 set
cpu_bind=LDMAP  - erp02, task 87 39 [61823]: mask 0x101010101010 set
cpu_bind=LDMAP  - erp06, task 284 44 [45350]: mask 0x404040404040 set
cpu_bind=LDMAP  - erp02, task 88 40 [61824]: mask 0x101010101010 set
cpu_bind=LDMAP  - erp06, task 287 47 [45353]: mask 0x404040404040 set
cpu_bind=LDMAP  - erp02, task 90 42 [61826]: mask 0x404040404040 set
cpu_bind=LDMAP  - erp02, task 91 43 [61827]: mask 0x404040404040 set
cpu_bind=LDMAP  - erp02, task 92 44 [61828]: mask 0x404040404040 set
cpu_bind=LDMAP  - erp02, task 89 41 [61825]: mask 0x101010101010 set
cpu_bind=LDMAP  - erp02, task 93 45 [61829]: mask 0x404040404040 set
cpu_bind=LDMAP  - erp02, task 95 47 [61831]: mask 0x404040404040 set
cpu_bind=LDMAP  - erp02, task 94 46 [61830]: mask 0x404040404040 set
cpu_bind=LDMAP  - erp11, task 519 39 [47368]: mask 0x101010101010 set
cpu_bind=LDMAP  - erp11, task 518 38 [47367]: mask 0x101010101010 set
cpu_bind=LDMAP  - erp11, task 521 41 [47370]: mask 0x101010101010 set
cpu_bind=LDMAP  - erp11, task 522 42 [47371]: mask 0x404040404040 set
cpu_bind=LDMAP  - erp11, task 523 43 [47372]: mask 0x404040404040 set
cpu_bind=LDMAP  - erp11, task 524 44 [47373]: mask 0x404040404040 set
cpu_bind=LDMAP  - erp11, task 525 45 [47374]: mask 0x404040404040 set
cpu_bind=LDMAP  - erp11, task 526 46 [47375]: mask 0x404040404040 set
cpu_bind=LDMAP  - erp11, task 527 47 [47376]: mask 0x404040404040 set

# OSU MPI Allreduce Latency Test v5.6.1
# Size       Avg Latency(us)
4                      50.22
8                      50.48
16                     49.69
32                     51.01
64                     61.56
128                    64.17
256                    68.62
512                    89.27
1024                  126.37
2048                  185.64
4096                  337.78
8192                  621.79
16384                 804.39
32768                 775.95
65536                1163.72
131072               1183.03
262144               1360.94
524288               1811.65
1048576              2842.20
+ set +x
