processes 384
nodes 8
ppn 48
+ srun --mpi=pmi2 -n 384 --cpu_bind=verbose,map_ldom=4,4,4,4,4,4,5,5,5,5,5,5,6,6,6,6,6,6,7,7,7,7,7,7,0,0,0,0,0,0,1,1,1,1,1,1,2,2,2,2,2,2,3,3,3,3,3,3 /gpfs/u/home/CCNI/CCNIsmth/barn-shared/CWS/osu-micro-benchmarks-5.6.1-erp-openmpi.4.0.1-install/libexec/osu-micro-benchmarks/mpi//collective/osu_allreduce
cpu_bind=LDMAP  - erp01, task  2  2 [14012]: mask 0x20202020202 set
cpu_bind=LDMAP  - erp01, task  0  0 [14010]: mask 0x20202020202 set
cpu_bind=LDMAP  - erp01, task  1  1 [14011]: mask 0x20202020202 set
cpu_bind=LDMAP  - erp01, task  3  3 [14013]: mask 0x20202020202 set
cpu_bind=LDMAP  - erp01, task  4  4 [14014]: mask 0x20202020202 set
cpu_bind=LDMAP  - erp01, task  5  5 [14015]: mask 0x20202020202 set
cpu_bind=LDMAP  - erp01, task  6  6 [14016]: mask 0x80808080808 set
cpu_bind=LDMAP  - erp01, task  7  7 [14017]: mask 0x80808080808 set
cpu_bind=LDMAP  - erp01, task  8  8 [14018]: mask 0x80808080808 set
cpu_bind=LDMAP  - erp01, task  9  9 [14019]: mask 0x80808080808 set
cpu_bind=LDMAP  - erp01, task 10 10 [14020]: mask 0x80808080808 set
cpu_bind=LDMAP  - erp01, task 11 11 [14021]: mask 0x80808080808 set
cpu_bind=LDMAP  - erp01, task 13 13 [14023]: mask 0x202020202020 set
cpu_bind=LDMAP  - erp01, task 12 12 [14022]: mask 0x202020202020 set
cpu_bind=LDMAP  - erp01, task 15 15 [14025]: mask 0x202020202020 set
cpu_bind=LDMAP  - erp01, task 14 14 [14024]: mask 0x202020202020 set
cpu_bind=LDMAP  - erp01, task 16 16 [14026]: mask 0x202020202020 set
cpu_bind=LDMAP  - erp01, task 17 17 [14027]: mask 0x202020202020 set
cpu_bind=LDMAP  - erp01, task 20 20 [14030]: mask 0x808080808080 set
cpu_bind=LDMAP  - erp01, task 19 19 [14029]: mask 0x808080808080 set
cpu_bind=LDMAP  - erp01, task 21 21 [14031]: mask 0x808080808080 set
cpu_bind=LDMAP  - erp01, task 18 18 [14028]: mask 0x808080808080 set
cpu_bind=LDMAP  - erp01, task 22 22 [14032]: mask 0x808080808080 set
cpu_bind=LDMAP  - erp01, task 23 23 [14033]: mask 0x808080808080 set
cpu_bind=LDMAP  - erp01, task 24 24 [14034]: mask 0x10101010101 set
cpu_bind=LDMAP  - erp01, task 26 26 [14036]: mask 0x10101010101 set
cpu_bind=LDMAP  - erp01, task 25 25 [14035]: mask 0x10101010101 set
cpu_bind=LDMAP  - erp01, task 27 27 [14037]: mask 0x10101010101 set
cpu_bind=LDMAP  - erp01, task 28 28 [14038]: mask 0x10101010101 set
cpu_bind=LDMAP  - erp01, task 30 30 [14040]: mask 0x40404040404 set
cpu_bind=LDMAP  - erp01, task 29 29 [14039]: mask 0x10101010101 set
cpu_bind=LDMAP  - erp01, task 33 33 [14043]: mask 0x40404040404 set
cpu_bind=LDMAP  - erp01, task 31 31 [14041]: mask 0x40404040404 set
cpu_bind=LDMAP  - erp01, task 34 34 [14044]: mask 0x40404040404 set
cpu_bind=LDMAP  - erp01, task 32 32 [14042]: mask 0x40404040404 set
cpu_bind=LDMAP  - erp01, task 35 35 [14045]: mask 0x40404040404 set
cpu_bind=LDMAP  - erp01, task 36 36 [14046]: mask 0x101010101010 set
cpu_bind=LDMAP  - erp01, task 38 38 [14048]: mask 0x101010101010 set
cpu_bind=LDMAP  - erp01, task 37 37 [14047]: mask 0x101010101010 set
cpu_bind=LDMAP  - erp01, task 39 39 [14049]: mask 0x101010101010 set
cpu_bind=LDMAP  - erp01, task 41 41 [14051]: mask 0x101010101010 set
cpu_bind=LDMAP  - erp01, task 40 40 [14050]: mask 0x101010101010 set
cpu_bind=LDMAP  - erp01, task 42 42 [14052]: mask 0x404040404040 set
cpu_bind=LDMAP  - erp01, task 43 43 [14053]: mask 0x404040404040 set
cpu_bind=LDMAP  - erp01, task 45 45 [14055]: mask 0x404040404040 set
cpu_bind=LDMAP  - erp01, task 44 44 [14054]: mask 0x404040404040 set
cpu_bind=LDMAP  - erp01, task 46 46 [14056]: mask 0x404040404040 set
cpu_bind=LDMAP  - erp01, task 47 47 [14057]: mask 0x404040404040 set
cpu_bind=LDMAP  - erp05, task 194  2 [103771]: mask 0x20202020202 set
cpu_bind=LDMAP  - erp07, task 288  0 [101093]: mask 0x20202020202 set
cpu_bind=LDMAP  - erp03, task 97  1 [124759]: mask 0x20202020202 set
cpu_bind=LDMAP  - erp02, task 50  2 [109054]: mask 0x20202020202 set
cpu_bind=LDMAP  - erp08, task 336  0 [100612]: mask 0x20202020202 set
cpu_bind=LDMAP  - erp05, task 193  1 [103770]: mask 0x20202020202 set
cpu_bind=LDMAP  - erp07, task 290  2 [101095]: mask 0x20202020202 set
cpu_bind=LDMAP  - erp03, task 96  0 [124758]: mask 0x20202020202 set
cpu_bind=LDMAP  - erp02, task 48  0 [109052]: mask 0x20202020202 set
cpu_bind=LDMAP  - erp08, task 338  2 [100614]: mask 0x20202020202 set
cpu_bind=LDMAP  - erp05, task 192  0 [103769]: mask 0x20202020202 set
cpu_bind=LDMAP  - erp07, task 289  1 [101094]: mask 0x20202020202 set
cpu_bind=LDMAP  - erp03, task 98  2 [124760]: mask 0x20202020202 set
cpu_bind=LDMAP  - erp02, task 49  1 [109053]: mask 0x20202020202 set
cpu_bind=LDMAP  - erp08, task 340  4 [100616]: mask 0x20202020202 set
cpu_bind=LDMAP  - erp05, task 197  5 [103774]: mask 0x20202020202 set
cpu_bind=LDMAP  - erp07, task 292  4 [101097]: mask 0x20202020202 set
cpu_bind=LDMAP  - erp03, task 99  3 [124761]: mask 0x20202020202 set
cpu_bind=LDMAP  - erp02, task 52  4 [109056]: mask 0x20202020202 set
cpu_bind=LDMAP  - erp08, task 339  3 [100615]: mask 0x20202020202 set
cpu_bind=LDMAP  - erp05, task 196  4 [103773]: mask 0x20202020202 set
cpu_bind=LDMAP  - erp07, task 293  5 [101098]: mask 0x20202020202 set
cpu_bind=LDMAP  - erp03, task 100  4 [124762]: mask 0x20202020202 set
cpu_bind=LDMAP  - erp02, task 53  5 [109057]: mask 0x20202020202 set
cpu_bind=LDMAP  - erp08, task 341  5 [100617]: mask 0x20202020202 set
cpu_bind=LDMAP  - erp05, task 195  3 [103772]: mask 0x20202020202 set
cpu_bind=LDMAP  - erp07, task 291  3 [101096]: mask 0x20202020202 set
cpu_bind=LDMAP  - erp03, task 101  5 [124763]: mask 0x20202020202 set
cpu_bind=LDMAP  - erp02, task 54  6 [109058]: mask 0x80808080808 set
cpu_bind=LDMAP  - erp08, task 337  1 [100613]: mask 0x20202020202 set
cpu_bind=LDMAP  - erp05, task 198  6 [103775]: mask 0x80808080808 set
cpu_bind=LDMAP  - erp07, task 295  7 [101100]: mask 0x80808080808 set
cpu_bind=LDMAP  - erp03, task 104  8 [124766]: mask 0x80808080808 set
cpu_bind=LDMAP  - erp02, task 55  7 [109059]: mask 0x80808080808 set
cpu_bind=LDMAP  - erp08, task 342  6 [100618]: mask 0x80808080808 set
cpu_bind=LDMAP  - erp05, task 199  7 [103776]: mask 0x80808080808 set
cpu_bind=LDMAP  - erp07, task 294  6 [101099]: mask 0x80808080808 set
cpu_bind=LDMAP  - erp03, task 103  7 [124765]: mask 0x80808080808 set
cpu_bind=LDMAP  - erp02, task 51  3 [109055]: mask 0x20202020202 set
cpu_bind=LDMAP  - erp08, task 343  7 [100619]: mask 0x80808080808 set
cpu_bind=LDMAP  - erp05, task 200  8 [103777]: mask 0x80808080808 set
cpu_bind=LDMAP  - erp07, task 296  8 [101101]: mask 0x80808080808 set
cpu_bind=LDMAP  - erp03, task 106 10 [124768]: mask 0x80808080808 set
cpu_bind=LDMAP  - erp02, task 56  8 [109060]: mask 0x80808080808 set
cpu_bind=LDMAP  - erp08, task 344  8 [100620]: mask 0x80808080808 set
cpu_bind=LDMAP  - erp05, task 201  9 [103778]: mask 0x80808080808 set
cpu_bind=LDMAP  - erp07, task 298 10 [101103]: mask 0x80808080808 set
cpu_bind=LDMAP  - erp03, task 102  6 [124764]: mask 0x80808080808 set
cpu_bind=LDMAP  - erp02, task 58 10 [109062]: mask 0x80808080808 set
cpu_bind=LDMAP  - erp05, task 202 10 [103779]: mask 0x80808080808 set
cpu_bind=LDMAP  - erp07, task 299 11 [101104]: mask 0x80808080808 set
cpu_bind=LDMAP  - erp03, task 107 11 [124769]: mask 0x80808080808 set
cpu_bind=LDMAP  - erp02, task 59 11 [109063]: mask 0x80808080808 set
cpu_bind=LDMAP  - erp05, task 204 12 [103781]: mask 0x202020202020 set
cpu_bind=LDMAP  - erp07, task 297  9 [101102]: mask 0x80808080808 set
cpu_bind=LDMAP  - erp03, task 105  9 [124767]: mask 0x80808080808 set
cpu_bind=LDMAP  - erp02, task 57  9 [109061]: mask 0x80808080808 set
cpu_bind=LDMAP  - erp05, task 203 11 [103780]: mask 0x80808080808 set
cpu_bind=LDMAP  - erp07, task 300 12 [101105]: mask 0x202020202020 set
cpu_bind=LDMAP  - erp03, task 108 12 [124770]: mask 0x202020202020 set
cpu_bind=LDMAP  - erp02, task 62 14 [109066]: mask 0x202020202020 set
cpu_bind=LDMAP  - erp05, task 205 13 [103782]: mask 0x202020202020 set
cpu_bind=LDMAP  - erp07, task 301 13 [101106]: mask 0x202020202020 set
cpu_bind=LDMAP  - erp03, task 109 13 [124771]: mask 0x202020202020 set
cpu_bind=LDMAP  - erp02, task 61 13 [109065]: mask 0x202020202020 set
cpu_bind=LDMAP  - erp05, task 206 14 [103783]: mask 0x202020202020 set
cpu_bind=LDMAP  - erp07, task 302 14 [101107]: mask 0x202020202020 set
cpu_bind=LDMAP  - erp03, task 110 14 [124772]: mask 0x202020202020 set
cpu_bind=LDMAP  - erp02, task 60 12 [109064]: mask 0x202020202020 set
cpu_bind=LDMAP  - erp05, task 207 15 [103784]: mask 0x202020202020 set
cpu_bind=LDMAP  - erp07, task 303 15 [101108]: mask 0x202020202020 set
cpu_bind=LDMAP  - erp03, task 112 16 [124774]: mask 0x202020202020 set
cpu_bind=LDMAP  - erp02, task 64 16 [109068]: mask 0x202020202020 set
cpu_bind=LDMAP  - erp05, task 208 16 [103785]: mask 0x202020202020 set
cpu_bind=LDMAP  - erp07, task 305 17 [101110]: mask 0x202020202020 set
cpu_bind=LDMAP  - erp03, task 111 15 [124773]: mask 0x202020202020 set
cpu_bind=LDMAP  - erp05, task 209 17 [103786]: mask 0x202020202020 set
cpu_bind=LDMAP  - erp07, task 304 16 [101109]: mask 0x202020202020 set
cpu_bind=LDMAP  - erp03, task 113 17 [124775]: mask 0x202020202020 set
cpu_bind=LDMAP  - erp05, task 210 18 [103787]: mask 0x808080808080 set
cpu_bind=LDMAP  - erp07, task 308 20 [101113]: mask 0x808080808080 set
cpu_bind=LDMAP  - erp03, task 115 19 [124777]: mask 0x808080808080 set
cpu_bind=LDMAP  - erp05, task 211 19 [103788]: mask 0x808080808080 set
cpu_bind=LDMAP  - erp07, task 307 19 [101112]: mask 0x808080808080 set
cpu_bind=LDMAP  - erp03, task 114 18 [124776]: mask 0x808080808080 set
cpu_bind=LDMAP  - erp05, task 213 21 [103790]: mask 0x808080808080 set
cpu_bind=LDMAP  - erp07, task 306 18 [101111]: mask 0x808080808080 set
cpu_bind=LDMAP  - erp05, task 212 20 [103789]: mask 0x808080808080 set
cpu_bind=LDMAP  - erp07, task 309 21 [101114]: mask 0x808080808080 set
cpu_bind=LDMAP  - erp05, task 214 22 [103791]: mask 0x808080808080 set
cpu_bind=LDMAP  - erp07, task 311 23 [101116]: mask 0x808080808080 set
cpu_bind=LDMAP  - erp05, task 215 23 [103792]: mask 0x808080808080 set
cpu_bind=LDMAP  - erp07, task 310 22 [101115]: mask 0x808080808080 set
cpu_bind=LDMAP  - erp05, task 216 24 [103793]: mask 0x10101010101 set
cpu_bind=LDMAP  - erp07, task 312 24 [101117]: mask 0x10101010101 set
cpu_bind=LDMAP  - erp05, task 217 25 [103794]: mask 0x10101010101 set
cpu_bind=LDMAP  - erp07, task 313 25 [101118]: mask 0x10101010101 set
cpu_bind=LDMAP  - erp05, task 218 26 [103795]: mask 0x10101010101 set
cpu_bind=LDMAP  - erp07, task 314 26 [101119]: mask 0x10101010101 set
cpu_bind=LDMAP  - erp05, task 219 27 [103796]: mask 0x10101010101 set
cpu_bind=LDMAP  - erp05, task 220 28 [103797]: mask 0x10101010101 set
cpu_bind=LDMAP  - erp05, task 221 29 [103798]: mask 0x10101010101 set
cpu_bind=LDMAP  - erp05, task 222 30 [103799]: mask 0x40404040404 set
cpu_bind=LDMAP  - erp05, task 223 31 [103800]: mask 0x40404040404 set
cpu_bind=LDMAP  - erp05, task 227 35 [103804]: mask 0x40404040404 set
cpu_bind=LDMAP  - erp05, task 225 33 [103802]: mask 0x40404040404 set
cpu_bind=LDMAP  - erp05, task 224 32 [103801]: mask 0x40404040404 set
cpu_bind=LDMAP  - erp05, task 226 34 [103803]: mask 0x40404040404 set
cpu_bind=LDMAP  - erp05, task 229 37 [103806]: mask 0x101010101010 set
cpu_bind=LDMAP  - erp05, task 228 36 [103805]: mask 0x101010101010 set
cpu_bind=LDMAP  - erp04, task 144  0 [126174]: mask 0x20202020202 set
cpu_bind=LDMAP  - erp06, task 242  2 [102341]: mask 0x20202020202 set
cpu_bind=LDMAP  - erp07, task 316 28 [101121]: mask 0x10101010101 set
cpu_bind=LDMAP  - erp07, task 315 27 [101120]: mask 0x10101010101 set
cpu_bind=LDMAP  - erp07, task 317 29 [101122]: mask 0x10101010101 set
cpu_bind=LDMAP  - erp07, task 318 30 [101123]: mask 0x40404040404 set
cpu_bind=LDMAP  - erp07, task 319 31 [101124]: mask 0x40404040404 set
cpu_bind=LDMAP  - erp07, task 320 32 [101125]: mask 0x40404040404 set
cpu_bind=LDMAP  - erp07, task 321 33 [101126]: mask 0x40404040404 set
cpu_bind=LDMAP  - erp07, task 323 35 [101128]: mask 0x40404040404 set
cpu_bind=LDMAP  - erp07, task 322 34 [101127]: mask 0x40404040404 set
cpu_bind=LDMAP  - erp07, task 324 36 [101129]: mask 0x101010101010 set
cpu_bind=LDMAP  - erp07, task 326 38 [101131]: mask 0x101010101010 set
cpu_bind=LDMAP  - erp07, task 325 37 [101130]: mask 0x101010101010 set
cpu_bind=LDMAP  - erp07, task 329 41 [101134]: mask 0x101010101010 set
cpu_bind=LDMAP  - erp07, task 328 40 [101133]: mask 0x101010101010 set
cpu_bind=LDMAP  - erp07, task 327 39 [101132]: mask 0x101010101010 set
cpu_bind=LDMAP  - erp07, task 331 43 [101136]: mask 0x404040404040 set
cpu_bind=LDMAP  - erp07, task 330 42 [101135]: mask 0x404040404040 set
cpu_bind=LDMAP  - erp07, task 334 46 [101139]: mask 0x404040404040 set
cpu_bind=LDMAP  - erp02, task 65 17 [109069]: mask 0x202020202020 set
cpu_bind=LDMAP  - erp02, task 66 18 [109070]: mask 0x808080808080 set
cpu_bind=LDMAP  - erp02, task 63 15 [109067]: mask 0x202020202020 set
cpu_bind=LDMAP  - erp02, task 67 19 [109071]: mask 0x808080808080 set
cpu_bind=LDMAP  - erp02, task 68 20 [109072]: mask 0x808080808080 set
cpu_bind=LDMAP  - erp06, task 241  1 [102340]: mask 0x20202020202 set
cpu_bind=LDMAP  - erp02, task 70 22 [109074]: mask 0x808080808080 set
cpu_bind=LDMAP  - erp06, task 240  0 [102339]: mask 0x20202020202 set
cpu_bind=LDMAP  - erp02, task 71 23 [109075]: mask 0x808080808080 set
cpu_bind=LDMAP  - erp06, task 243  3 [102342]: mask 0x20202020202 set
cpu_bind=LDMAP  - erp02, task 69 21 [109073]: mask 0x808080808080 set
cpu_bind=LDMAP  - erp06, task 244  4 [102343]: mask 0x20202020202 set
cpu_bind=LDMAP  - erp02, task 74 26 [109078]: mask 0x10101010101 set
cpu_bind=LDMAP  - erp06, task 245  5 [102344]: mask 0x20202020202 set
cpu_bind=LDMAP  - erp02, task 72 24 [109076]: mask 0x10101010101 set
cpu_bind=LDMAP  - erp06, task 252 12 [102351]: mask 0x202020202020 set
cpu_bind=LDMAP  - erp02, task 73 25 [109077]: mask 0x10101010101 set
cpu_bind=LDMAP  - erp06, task 246  6 [102345]: mask 0x80808080808 set
cpu_bind=LDMAP  - erp02, task 75 27 [109079]: mask 0x10101010101 set
cpu_bind=LDMAP  - erp06, task 247  7 [102346]: mask 0x80808080808 set
cpu_bind=LDMAP  - erp02, task 77 29 [109081]: mask 0x10101010101 set
cpu_bind=LDMAP  - erp06, task 249  9 [102348]: mask 0x80808080808 set
cpu_bind=LDMAP  - erp02, task 76 28 [109080]: mask 0x10101010101 set
cpu_bind=LDMAP  - erp06, task 251 11 [102350]: mask 0x80808080808 set
cpu_bind=LDMAP  - erp02, task 79 31 [109083]: mask 0x40404040404 set
cpu_bind=LDMAP  - erp06, task 250 10 [102349]: mask 0x80808080808 set
cpu_bind=LDMAP  - erp02, task 78 30 [109082]: mask 0x40404040404 set
cpu_bind=LDMAP  - erp06, task 248  8 [102347]: mask 0x80808080808 set
cpu_bind=LDMAP  - erp02, task 80 32 [109084]: mask 0x40404040404 set
cpu_bind=LDMAP  - erp06, task 253 13 [102352]: mask 0x202020202020 set
cpu_bind=LDMAP  - erp02, task 81 33 [109085]: mask 0x40404040404 set
cpu_bind=LDMAP  - erp06, task 254 14 [102353]: mask 0x202020202020 set
cpu_bind=LDMAP  - erp02, task 82 34 [109086]: mask 0x40404040404 set
cpu_bind=LDMAP  - erp06, task 255 15 [102354]: mask 0x202020202020 set
cpu_bind=LDMAP  - erp06, task 256 16 [102355]: mask 0x202020202020 set
cpu_bind=LDMAP  - erp03, task 116 20 [124778]: mask 0x808080808080 set
cpu_bind=LDMAP  - erp06, task 257 17 [102356]: mask 0x202020202020 set
cpu_bind=LDMAP  - erp03, task 117 21 [124779]: mask 0x808080808080 set
cpu_bind=LDMAP  - erp06, task 259 19 [102358]: mask 0x808080808080 set
cpu_bind=LDMAP  - erp03, task 118 22 [124780]: mask 0x808080808080 set
cpu_bind=LDMAP  - erp06, task 258 18 [102357]: mask 0x808080808080 set
cpu_bind=LDMAP  - erp03, task 119 23 [124781]: mask 0x808080808080 set
cpu_bind=LDMAP  - erp03, task 121 25 [124783]: mask 0x10101010101 set
cpu_bind=LDMAP  - erp03, task 122 26 [124784]: mask 0x10101010101 set
cpu_bind=LDMAP  - erp03, task 120 24 [124782]: mask 0x10101010101 set
cpu_bind=LDMAP  - erp03, task 123 27 [124785]: mask 0x10101010101 set
cpu_bind=LDMAP  - erp03, task 124 28 [124786]: mask 0x10101010101 set
cpu_bind=LDMAP  - erp03, task 125 29 [124787]: mask 0x10101010101 set
cpu_bind=LDMAP  - erp03, task 126 30 [124788]: mask 0x40404040404 set
cpu_bind=LDMAP  - erp03, task 127 31 [124789]: mask 0x40404040404 set
cpu_bind=LDMAP  - erp03, task 128 32 [124790]: mask 0x40404040404 set
cpu_bind=LDMAP  - erp03, task 129 33 [124791]: mask 0x40404040404 set
cpu_bind=LDMAP  - erp03, task 131 35 [124793]: mask 0x40404040404 set
cpu_bind=LDMAP  - erp03, task 130 34 [124792]: mask 0x40404040404 set
cpu_bind=LDMAP  - erp03, task 133 37 [124795]: mask 0x101010101010 set
cpu_bind=LDMAP  - erp03, task 132 36 [124794]: mask 0x101010101010 set
cpu_bind=LDMAP  - erp03, task 134 38 [124796]: mask 0x101010101010 set
cpu_bind=LDMAP  - erp08, task 345  9 [100621]: mask 0x80808080808 set
cpu_bind=LDMAP  - erp08, task 346 10 [100622]: mask 0x80808080808 set
cpu_bind=LDMAP  - erp04, task 145  1 [126175]: mask 0x20202020202 set
cpu_bind=LDMAP  - erp08, task 347 11 [100623]: mask 0x80808080808 set
cpu_bind=LDMAP  - erp04, task 146  2 [126176]: mask 0x20202020202 set
cpu_bind=LDMAP  - erp08, task 348 12 [100624]: mask 0x202020202020 set
cpu_bind=LDMAP  - erp04, task 148  4 [126178]: mask 0x20202020202 set
cpu_bind=LDMAP  - erp08, task 349 13 [100625]: mask 0x202020202020 set
cpu_bind=LDMAP  - erp04, task 149  5 [126179]: mask 0x20202020202 set
cpu_bind=LDMAP  - erp08, task 350 14 [100626]: mask 0x202020202020 set
cpu_bind=LDMAP  - erp04, task 147  3 [126177]: mask 0x20202020202 set
cpu_bind=LDMAP  - erp08, task 352 16 [100628]: mask 0x202020202020 set
cpu_bind=LDMAP  - erp04, task 151  7 [126181]: mask 0x80808080808 set
cpu_bind=LDMAP  - erp08, task 351 15 [100627]: mask 0x202020202020 set
cpu_bind=LDMAP  - erp04, task 150  6 [126180]: mask 0x80808080808 set
cpu_bind=LDMAP  - erp08, task 353 17 [100629]: mask 0x202020202020 set
cpu_bind=LDMAP  - erp04, task 153  9 [126183]: mask 0x80808080808 set
cpu_bind=LDMAP  - erp08, task 354 18 [100630]: mask 0x808080808080 set
cpu_bind=LDMAP  - erp04, task 152  8 [126182]: mask 0x80808080808 set
cpu_bind=LDMAP  - erp08, task 355 19 [100631]: mask 0x808080808080 set
cpu_bind=LDMAP  - erp04, task 154 10 [126184]: mask 0x80808080808 set
cpu_bind=LDMAP  - erp08, task 356 20 [100632]: mask 0x808080808080 set
cpu_bind=LDMAP  - erp04, task 155 11 [126185]: mask 0x80808080808 set
cpu_bind=LDMAP  - erp08, task 358 22 [100634]: mask 0x808080808080 set
cpu_bind=LDMAP  - erp04, task 156 12 [126186]: mask 0x202020202020 set
cpu_bind=LDMAP  - erp08, task 357 21 [100633]: mask 0x808080808080 set
cpu_bind=LDMAP  - erp04, task 157 13 [126187]: mask 0x202020202020 set
cpu_bind=LDMAP  - erp08, task 360 24 [100636]: mask 0x10101010101 set
cpu_bind=LDMAP  - erp04, task 158 14 [126188]: mask 0x202020202020 set
cpu_bind=LDMAP  - erp08, task 359 23 [100635]: mask 0x808080808080 set
cpu_bind=LDMAP  - erp04, task 159 15 [126189]: mask 0x202020202020 set
cpu_bind=LDMAP  - erp08, task 361 25 [100637]: mask 0x10101010101 set
cpu_bind=LDMAP  - erp04, task 160 16 [126190]: mask 0x202020202020 set
cpu_bind=LDMAP  - erp08, task 362 26 [100638]: mask 0x10101010101 set
cpu_bind=LDMAP  - erp04, task 161 17 [126191]: mask 0x202020202020 set
cpu_bind=LDMAP  - erp04, task 162 18 [126192]: mask 0x808080808080 set
cpu_bind=LDMAP  - erp04, task 164 20 [126199]: mask 0x808080808080 set
cpu_bind=LDMAP  - erp06, task 261 21 [102360]: mask 0x808080808080 set
cpu_bind=LDMAP  - erp06, task 260 20 [102359]: mask 0x808080808080 set
cpu_bind=LDMAP  - erp06, task 262 22 [102361]: mask 0x808080808080 set
cpu_bind=LDMAP  - erp06, task 263 23 [102362]: mask 0x808080808080 set
cpu_bind=LDMAP  - erp06, task 264 24 [102363]: mask 0x10101010101 set
cpu_bind=LDMAP  - erp06, task 265 25 [102364]: mask 0x10101010101 set
cpu_bind=LDMAP  - erp06, task 267 27 [102366]: mask 0x10101010101 set
cpu_bind=LDMAP  - erp06, task 266 26 [102365]: mask 0x10101010101 set
cpu_bind=LDMAP  - erp06, task 268 28 [102367]: mask 0x10101010101 set
cpu_bind=LDMAP  - erp06, task 270 30 [102369]: mask 0x40404040404 set
cpu_bind=LDMAP  - erp06, task 271 31 [102370]: mask 0x40404040404 set
cpu_bind=LDMAP  - erp06, task 269 29 [102368]: mask 0x10101010101 set
cpu_bind=LDMAP  - erp06, task 273 33 [102372]: mask 0x40404040404 set
cpu_bind=LDMAP  - erp06, task 272 32 [102371]: mask 0x40404040404 set
cpu_bind=LDMAP  - erp06, task 274 34 [102373]: mask 0x40404040404 set
cpu_bind=LDMAP  - erp06, task 277 37 [102376]: mask 0x101010101010 set
cpu_bind=LDMAP  - erp06, task 275 35 [102374]: mask 0x40404040404 set
cpu_bind=LDMAP  - erp06, task 276 36 [102375]: mask 0x101010101010 set
cpu_bind=LDMAP  - erp06, task 279 39 [102378]: mask 0x101010101010 set
cpu_bind=LDMAP  - erp08, task 364 28 [100640]: mask 0x10101010101 set
cpu_bind=LDMAP  - erp08, task 363 27 [100639]: mask 0x10101010101 set
cpu_bind=LDMAP  - erp08, task 365 29 [100641]: mask 0x10101010101 set
cpu_bind=LDMAP  - erp08, task 368 32 [100644]: mask 0x40404040404 set
cpu_bind=LDMAP  - erp08, task 367 31 [100643]: mask 0x40404040404 set
cpu_bind=LDMAP  - erp08, task 366 30 [100642]: mask 0x40404040404 set
cpu_bind=LDMAP  - erp08, task 369 33 [100645]: mask 0x40404040404 set
cpu_bind=LDMAP  - erp08, task 370 34 [100646]: mask 0x40404040404 set
cpu_bind=LDMAP  - erp08, task 371 35 [100647]: mask 0x40404040404 set
cpu_bind=LDMAP  - erp08, task 373 37 [100649]: mask 0x101010101010 set
cpu_bind=LDMAP  - erp08, task 372 36 [100648]: mask 0x101010101010 set
cpu_bind=LDMAP  - erp08, task 374 38 [100650]: mask 0x101010101010 set
cpu_bind=LDMAP  - erp08, task 377 41 [100653]: mask 0x101010101010 set
cpu_bind=LDMAP  - erp08, task 376 40 [100652]: mask 0x101010101010 set
cpu_bind=LDMAP  - erp08, task 375 39 [100651]: mask 0x101010101010 set
cpu_bind=LDMAP  - erp08, task 380 44 [100656]: mask 0x404040404040 set
cpu_bind=LDMAP  - erp08, task 379 43 [100655]: mask 0x404040404040 set
cpu_bind=LDMAP  - erp08, task 378 42 [100654]: mask 0x404040404040 set
cpu_bind=LDMAP  - erp04, task 163 19 [126198]: mask 0x808080808080 set
cpu_bind=LDMAP  - erp04, task 165 21 [126200]: mask 0x808080808080 set
cpu_bind=LDMAP  - erp04, task 166 22 [126201]: mask 0x808080808080 set
cpu_bind=LDMAP  - erp04, task 167 23 [126202]: mask 0x808080808080 set
cpu_bind=LDMAP  - erp04, task 168 24 [126203]: mask 0x10101010101 set
cpu_bind=LDMAP  - erp04, task 169 25 [126204]: mask 0x10101010101 set
cpu_bind=LDMAP  - erp04, task 171 27 [126206]: mask 0x10101010101 set
cpu_bind=LDMAP  - erp04, task 170 26 [126205]: mask 0x10101010101 set
cpu_bind=LDMAP  - erp04, task 172 28 [126207]: mask 0x10101010101 set
cpu_bind=LDMAP  - erp04, task 173 29 [126208]: mask 0x10101010101 set
cpu_bind=LDMAP  - erp04, task 174 30 [126209]: mask 0x40404040404 set
cpu_bind=LDMAP  - erp04, task 175 31 [126210]: mask 0x40404040404 set
cpu_bind=LDMAP  - erp04, task 176 32 [126211]: mask 0x40404040404 set
cpu_bind=LDMAP  - erp04, task 177 33 [126212]: mask 0x40404040404 set
cpu_bind=LDMAP  - erp04, task 178 34 [126213]: mask 0x40404040404 set
cpu_bind=LDMAP  - erp04, task 180 36 [126215]: mask 0x101010101010 set
cpu_bind=LDMAP  - erp04, task 181 37 [126216]: mask 0x101010101010 set
cpu_bind=LDMAP  - erp04, task 179 35 [126214]: mask 0x40404040404 set
cpu_bind=LDMAP  - erp04, task 182 38 [126217]: mask 0x101010101010 set
cpu_bind=LDMAP  - erp05, task 230 38 [103807]: mask 0x101010101010 set
cpu_bind=LDMAP  - erp05, task 231 39 [103808]: mask 0x101010101010 set
cpu_bind=LDMAP  - erp05, task 232 40 [103809]: mask 0x101010101010 set
cpu_bind=LDMAP  - erp05, task 233 41 [103810]: mask 0x101010101010 set
cpu_bind=LDMAP  - erp05, task 235 43 [103812]: mask 0x404040404040 set
cpu_bind=LDMAP  - erp05, task 236 44 [103813]: mask 0x404040404040 set
cpu_bind=LDMAP  - erp05, task 234 42 [103811]: mask 0x404040404040 set
cpu_bind=LDMAP  - erp05, task 237 45 [103814]: mask 0x404040404040 set
cpu_bind=LDMAP  - erp05, task 239 47 [103816]: mask 0x404040404040 set
cpu_bind=LDMAP  - erp05, task 238 46 [103815]: mask 0x404040404040 set
cpu_bind=LDMAP  - erp07, task 335 47 [101140]: mask 0x404040404040 set
cpu_bind=LDMAP  - erp07, task 332 44 [101137]: mask 0x404040404040 set
cpu_bind=LDMAP  - erp07, task 333 45 [101138]: mask 0x404040404040 set
cpu_bind=LDMAP  - erp03, task 137 41 [124799]: mask 0x101010101010 set
cpu_bind=LDMAP  - erp02, task 83 35 [109087]: mask 0x40404040404 set
cpu_bind=LDMAP  - erp03, task 136 40 [124798]: mask 0x101010101010 set
cpu_bind=LDMAP  - erp02, task 84 36 [109088]: mask 0x101010101010 set
cpu_bind=LDMAP  - erp03, task 138 42 [124800]: mask 0x404040404040 set
cpu_bind=LDMAP  - erp02, task 85 37 [109089]: mask 0x101010101010 set
cpu_bind=LDMAP  - erp03, task 135 39 [124797]: mask 0x101010101010 set
cpu_bind=LDMAP  - erp02, task 86 38 [109090]: mask 0x101010101010 set
cpu_bind=LDMAP  - erp03, task 140 44 [124802]: mask 0x404040404040 set
cpu_bind=LDMAP  - erp02, task 87 39 [109091]: mask 0x101010101010 set
cpu_bind=LDMAP  - erp03, task 139 43 [124801]: mask 0x404040404040 set
cpu_bind=LDMAP  - erp02, task 88 40 [109092]: mask 0x101010101010 set
cpu_bind=LDMAP  - erp03, task 141 45 [124803]: mask 0x404040404040 set
cpu_bind=LDMAP  - erp02, task 89 41 [109093]: mask 0x101010101010 set
cpu_bind=LDMAP  - erp03, task 143 47 [124805]: mask 0x404040404040 set
cpu_bind=LDMAP  - erp02, task 90 42 [109094]: mask 0x404040404040 set
cpu_bind=LDMAP  - erp03, task 142 46 [124804]: mask 0x404040404040 set
cpu_bind=LDMAP  - erp02, task 92 44 [109096]: mask 0x404040404040 set
cpu_bind=LDMAP  - erp02, task 91 43 [109095]: mask 0x404040404040 set
cpu_bind=LDMAP  - erp02, task 94 46 [109098]: mask 0x404040404040 set
cpu_bind=LDMAP  - erp02, task 93 45 [109097]: mask 0x404040404040 set
cpu_bind=LDMAP  - erp02, task 95 47 [109099]: mask 0x404040404040 set
cpu_bind=LDMAP  - erp06, task 278 38 [102377]: mask 0x101010101010 set
cpu_bind=LDMAP  - erp06, task 280 40 [102379]: mask 0x101010101010 set
cpu_bind=LDMAP  - erp06, task 281 41 [102380]: mask 0x101010101010 set
cpu_bind=LDMAP  - erp06, task 282 42 [102381]: mask 0x404040404040 set
cpu_bind=LDMAP  - erp06, task 285 45 [102384]: mask 0x404040404040 set
cpu_bind=LDMAP  - erp06, task 283 43 [102382]: mask 0x404040404040 set
cpu_bind=LDMAP  - erp06, task 284 44 [102383]: mask 0x404040404040 set
cpu_bind=LDMAP  - erp06, task 286 46 [102385]: mask 0x404040404040 set
cpu_bind=LDMAP  - erp06, task 287 47 [102386]: mask 0x404040404040 set
cpu_bind=LDMAP  - erp08, task 381 45 [100657]: mask 0x404040404040 set
cpu_bind=LDMAP  - erp08, task 383 47 [100659]: mask 0x404040404040 set
cpu_bind=LDMAP  - erp08, task 382 46 [100658]: mask 0x404040404040 set
cpu_bind=LDMAP  - erp04, task 183 39 [126218]: mask 0x101010101010 set
cpu_bind=LDMAP  - erp04, task 184 40 [126219]: mask 0x101010101010 set
cpu_bind=LDMAP  - erp04, task 185 41 [126220]: mask 0x101010101010 set
cpu_bind=LDMAP  - erp04, task 186 42 [126221]: mask 0x404040404040 set
cpu_bind=LDMAP  - erp04, task 188 44 [126223]: mask 0x404040404040 set
cpu_bind=LDMAP  - erp04, task 187 43 [126222]: mask 0x404040404040 set
cpu_bind=LDMAP  - erp04, task 191 47 [126226]: mask 0x404040404040 set
cpu_bind=LDMAP  - erp04, task 189 45 [126224]: mask 0x404040404040 set
cpu_bind=LDMAP  - erp04, task 190 46 [126225]: mask 0x404040404040 set

# OSU MPI Allreduce Latency Test v5.6.1
# Size       Avg Latency(us)
4                      44.86
8                      43.90
16                     44.46
32                     44.75
64                     45.65
128                    47.08
256                    53.49
512                    65.26
1024                   89.82
2048                  137.94
4096                  245.47
8192                  465.19
16384                 793.39
32768                 824.15
65536                 928.83
131072                990.60
262144               1177.58
524288               1599.29
1048576              2484.75
+ set +x
