processes 24
nodes 2
ppn 12
binding numa
+ srun --mpi=pmi2 -n 24 --cpu_bind=verbose,map_ldom=4,4,4,4,4,4,5,5,5,5,5,5,6,6,6,6,6,6,7,7,7,7,7,7,0,0,0,0,0,0,1,1,1,1,1,1,2,2,2,2,2,2,3,3,3,3,3,3 /gpfs/u/home/CCNI/CCNIsmth/barn-shared/CWS/osu-micro-benchmarks-5.6.1-erp-openmpi.4.0.1-install/libexec/osu-micro-benchmarks/mpi//collective/osu_allreduce
cpu_bind=LDMAP  - erp07, task  1  1 [80207]: mask 0x20202020202 set
cpu_bind=LDMAP  - erp07, task  3  3 [80209]: mask 0x20202020202 set
cpu_bind=LDMAP  - erp07, task  4  4 [80210]: mask 0x20202020202 set
cpu_bind=LDMAP  - erp07, task  5  5 [80211]: mask 0x20202020202 set
cpu_bind=LDMAP  - erp07, task  0  0 [80206]: mask 0x20202020202 set
cpu_bind=LDMAP  - erp07, task  2  2 [80208]: mask 0x20202020202 set
cpu_bind=LDMAP  - erp07, task  7  7 [80213]: mask 0x80808080808 set
cpu_bind=LDMAP  - erp07, task  6  6 [80212]: mask 0x80808080808 set
cpu_bind=LDMAP  - erp07, task 10 10 [80216]: mask 0x80808080808 set
cpu_bind=LDMAP  - erp07, task  8  8 [80214]: mask 0x80808080808 set
cpu_bind=LDMAP  - erp07, task  9  9 [80215]: mask 0x80808080808 set
cpu_bind=LDMAP  - erp07, task 11 11 [80217]: mask 0x80808080808 set
cpu_bind=LDMAP  - erp08, task 17  5 [77552]: mask 0x20202020202 set
cpu_bind=LDMAP  - erp08, task 12  0 [77547]: mask 0x20202020202 set
cpu_bind=LDMAP  - erp08, task 15  3 [77550]: mask 0x20202020202 set
cpu_bind=LDMAP  - erp08, task 16  4 [77551]: mask 0x20202020202 set
cpu_bind=LDMAP  - erp08, task 14  2 [77549]: mask 0x20202020202 set
cpu_bind=LDMAP  - erp08, task 13  1 [77548]: mask 0x20202020202 set
cpu_bind=LDMAP  - erp08, task 21  9 [77556]: mask 0x80808080808 set
cpu_bind=LDMAP  - erp08, task 22 10 [77557]: mask 0x80808080808 set
cpu_bind=LDMAP  - erp08, task 18  6 [77553]: mask 0x80808080808 set
cpu_bind=LDMAP  - erp08, task 23 11 [77558]: mask 0x80808080808 set
cpu_bind=LDMAP  - erp08, task 20  8 [77555]: mask 0x80808080808 set
cpu_bind=LDMAP  - erp08, task 19  7 [77554]: mask 0x80808080808 set

# OSU MPI Allreduce Latency Test v5.6.1
# Size       Avg Latency(us)
4                       5.74
8                       5.75
16                      5.73
32                      6.32
64                      6.39
128                     7.90
256                     8.63
512                     9.39
1024                   11.19
2048                   14.83
4096                   21.22
8192                   37.75
16384                  58.33
32768                  76.46
65536                 115.72
131072                191.61
262144                355.02
524288                682.40
1048576              1411.70
+ set +x
