processes 288
nodes 12
ppn 24
binding numa
+ srun --mpi=pmi2 -n 288 --cpu_bind=verbose,map_ldom=4,4,4,4,4,4,5,5,5,5,5,5,6,6,6,6,6,6,7,7,7,7,7,7,0,0,0,0,0,0,1,1,1,1,1,1,2,2,2,2,2,2,3,3,3,3,3,3 /gpfs/u/home/CCNI/CCNIsmth/barn-shared/CWS/osu-micro-benchmarks-5.6.1-erp-openmpi.4.0.1-install/libexec/osu-micro-benchmarks/mpi//collective/osu_allreduce
cpu_bind=LDMAP  - erp01, task  2  2 [33110]: mask 0x20202020202 set
cpu_bind=LDMAP  - erp01, task  1  1 [33109]: mask 0x20202020202 set
cpu_bind=LDMAP  - erp01, task  0  0 [33108]: mask 0x20202020202 set
cpu_bind=LDMAP  - erp01, task  4  4 [33112]: mask 0x20202020202 set
cpu_bind=LDMAP  - erp01, task  3  3 [33111]: mask 0x20202020202 set
cpu_bind=LDMAP  - erp01, task  5  5 [33113]: mask 0x20202020202 set
cpu_bind=LDMAP  - erp01, task  6  6 [33114]: mask 0x80808080808 set
cpu_bind=LDMAP  - erp01, task  7  7 [33115]: mask 0x80808080808 set
cpu_bind=LDMAP  - erp01, task  8  8 [33116]: mask 0x80808080808 set
cpu_bind=LDMAP  - erp01, task  9  9 [33117]: mask 0x80808080808 set
cpu_bind=LDMAP  - erp01, task 10 10 [33118]: mask 0x80808080808 set
cpu_bind=LDMAP  - erp01, task 12 12 [33120]: mask 0x202020202020 set
cpu_bind=LDMAP  - erp01, task 11 11 [33119]: mask 0x80808080808 set
cpu_bind=LDMAP  - erp01, task 15 15 [33123]: mask 0x202020202020 set
cpu_bind=LDMAP  - erp01, task 14 14 [33122]: mask 0x202020202020 set
cpu_bind=LDMAP  - erp01, task 13 13 [33121]: mask 0x202020202020 set
cpu_bind=LDMAP  - erp01, task 16 16 [33124]: mask 0x202020202020 set
cpu_bind=LDMAP  - erp01, task 17 17 [33125]: mask 0x202020202020 set
cpu_bind=LDMAP  - erp01, task 18 18 [33126]: mask 0x808080808080 set
cpu_bind=LDMAP  - erp01, task 19 19 [33127]: mask 0x808080808080 set
cpu_bind=LDMAP  - erp01, task 20 20 [33128]: mask 0x808080808080 set
cpu_bind=LDMAP  - erp01, task 21 21 [33129]: mask 0x808080808080 set
cpu_bind=LDMAP  - erp01, task 22 22 [33130]: mask 0x808080808080 set
cpu_bind=LDMAP  - erp01, task 23 23 [33131]: mask 0x808080808080 set
cpu_bind=LDMAP  - erp05, task 97  1 [92071]: mask 0x20202020202 set
cpu_bind=LDMAP  - erp05, task 98  2 [92072]: mask 0x20202020202 set
cpu_bind=LDMAP  - erp05, task 96  0 [92070]: mask 0x20202020202 set
cpu_bind=LDMAP  - erp05, task 101  5 [92075]: mask 0x20202020202 set
cpu_bind=LDMAP  - erp05, task 100  4 [92074]: mask 0x20202020202 set
cpu_bind=LDMAP  - erp05, task 99  3 [92073]: mask 0x20202020202 set
cpu_bind=LDMAP  - erp05, task 102  6 [92076]: mask 0x80808080808 set
cpu_bind=LDMAP  - erp05, task 103  7 [92077]: mask 0x80808080808 set
cpu_bind=LDMAP  - erp05, task 104  8 [92078]: mask 0x80808080808 set
cpu_bind=LDMAP  - erp05, task 107 11 [92081]: mask 0x80808080808 set
cpu_bind=LDMAP  - erp05, task 105  9 [92079]: mask 0x80808080808 set
cpu_bind=LDMAP  - erp05, task 106 10 [92080]: mask 0x80808080808 set
cpu_bind=LDMAP  - erp05, task 109 13 [92083]: mask 0x202020202020 set
cpu_bind=LDMAP  - erp05, task 108 12 [92082]: mask 0x202020202020 set
cpu_bind=LDMAP  - erp05, task 110 14 [92084]: mask 0x202020202020 set
cpu_bind=LDMAP  - erp05, task 111 15 [92085]: mask 0x202020202020 set
cpu_bind=LDMAP  - erp05, task 113 17 [92087]: mask 0x202020202020 set
cpu_bind=LDMAP  - erp05, task 112 16 [92086]: mask 0x202020202020 set
cpu_bind=LDMAP  - erp05, task 115 19 [92089]: mask 0x808080808080 set
cpu_bind=LDMAP  - erp05, task 114 18 [92088]: mask 0x808080808080 set
cpu_bind=LDMAP  - erp05, task 116 20 [92090]: mask 0x808080808080 set
cpu_bind=LDMAP  - erp05, task 118 22 [92092]: mask 0x808080808080 set
cpu_bind=LDMAP  - erp05, task 119 23 [92093]: mask 0x808080808080 set
cpu_bind=LDMAP  - erp05, task 117 21 [92091]: mask 0x808080808080 set
cpu_bind=LDMAP  - erp02, task 24  0 [98881]: mask 0x20202020202 set
cpu_bind=LDMAP  - erp02, task 26  2 [98883]: mask 0x20202020202 set
cpu_bind=LDMAP  - erp02, task 25  1 [98882]: mask 0x20202020202 set
cpu_bind=LDMAP  - erp02, task 30  6 [98887]: mask 0x80808080808 set
cpu_bind=LDMAP  - erp02, task 28  4 [98885]: mask 0x20202020202 set
cpu_bind=LDMAP  - erp02, task 27  3 [98884]: mask 0x20202020202 set
cpu_bind=LDMAP  - erp02, task 29  5 [98886]: mask 0x20202020202 set
cpu_bind=LDMAP  - erp03, task 48  0 [113321]: mask 0x20202020202 set
cpu_bind=LDMAP  - erp02, task 31  7 [98888]: mask 0x80808080808 set
cpu_bind=LDMAP  - erp03, task 50  2 [113323]: mask 0x20202020202 set
cpu_bind=LDMAP  - erp02, task 33  9 [98890]: mask 0x80808080808 set
cpu_bind=LDMAP  - erp03, task 49  1 [113322]: mask 0x20202020202 set
cpu_bind=LDMAP  - erp02, task 32  8 [98889]: mask 0x80808080808 set
cpu_bind=LDMAP  - erp02, task 34 10 [98891]: mask 0x80808080808 set
cpu_bind=LDMAP  - erp02, task 35 11 [98892]: mask 0x80808080808 set
cpu_bind=LDMAP  - erp02, task 36 12 [98893]: mask 0x202020202020 set
cpu_bind=LDMAP  - erp02, task 38 14 [98895]: mask 0x202020202020 set
cpu_bind=LDMAP  - erp02, task 37 13 [98894]: mask 0x202020202020 set
cpu_bind=LDMAP  - erp03, task 51  3 [113324]: mask 0x20202020202 set
cpu_bind=LDMAP  - erp02, task 39 15 [98896]: mask 0x202020202020 set
cpu_bind=LDMAP  - erp03, task 52  4 [113325]: mask 0x20202020202 set
cpu_bind=LDMAP  - erp03, task 53  5 [113326]: mask 0x20202020202 set
cpu_bind=LDMAP  - erp03, task 55  7 [113328]: mask 0x80808080808 set
cpu_bind=LDMAP  - erp02, task 40 16 [98897]: mask 0x202020202020 set
cpu_bind=LDMAP  - erp02, task 41 17 [98898]: mask 0x202020202020 set
cpu_bind=LDMAP  - erp03, task 54  6 [113327]: mask 0x80808080808 set
cpu_bind=LDMAP  - erp03, task 56  8 [113329]: mask 0x80808080808 set
cpu_bind=LDMAP  - erp03, task 57  9 [113330]: mask 0x80808080808 set
cpu_bind=LDMAP  - erp02, task 42 18 [98899]: mask 0x808080808080 set
cpu_bind=LDMAP  - erp03, task 58 10 [113331]: mask 0x80808080808 set
cpu_bind=LDMAP  - erp02, task 43 19 [98900]: mask 0x808080808080 set
cpu_bind=LDMAP  - erp03, task 59 11 [113332]: mask 0x80808080808 set
cpu_bind=LDMAP  - erp02, task 45 21 [98902]: mask 0x808080808080 set
cpu_bind=LDMAP  - erp02, task 44 20 [98901]: mask 0x808080808080 set
cpu_bind=LDMAP  - erp02, task 46 22 [98903]: mask 0x808080808080 set
cpu_bind=LDMAP  - erp03, task 61 13 [113334]: mask 0x202020202020 set
cpu_bind=LDMAP  - erp03, task 62 14 [113335]: mask 0x202020202020 set
cpu_bind=LDMAP  - erp03, task 63 15 [113336]: mask 0x202020202020 set
cpu_bind=LDMAP  - erp03, task 60 12 [113333]: mask 0x202020202020 set
cpu_bind=LDMAP  - erp02, task 47 23 [98904]: mask 0x808080808080 set
cpu_bind=LDMAP  - erp03, task 65 17 [113338]: mask 0x202020202020 set
cpu_bind=LDMAP  - erp03, task 66 18 [113339]: mask 0x808080808080 set
cpu_bind=LDMAP  - erp03, task 64 16 [113337]: mask 0x202020202020 set
cpu_bind=LDMAP  - erp03, task 67 19 [113340]: mask 0x808080808080 set
cpu_bind=LDMAP  - erp03, task 68 20 [113341]: mask 0x808080808080 set
cpu_bind=LDMAP  - erp03, task 69 21 [113342]: mask 0x808080808080 set
cpu_bind=LDMAP  - erp03, task 70 22 [113343]: mask 0x808080808080 set
cpu_bind=LDMAP  - erp03, task 71 23 [113344]: mask 0x808080808080 set
cpu_bind=LDMAP  - erp10, task 218  2 [84742]: mask 0x20202020202 set
cpu_bind=LDMAP  - erp07, task 147  3 [89294]: mask 0x20202020202 set
cpu_bind=LDMAP  - erp06, task 122  2 [87734]: mask 0x20202020202 set
cpu_bind=LDMAP  - erp11, task 241  1 [91797]: mask 0x20202020202 set
cpu_bind=LDMAP  - erp04, task 73  1 [115509]: mask 0x20202020202 set
cpu_bind=LDMAP  - erp09, task 192  0 [85407]: mask 0x20202020202 set
cpu_bind=LDMAP  - erp10, task 216  0 [84740]: mask 0x20202020202 set
cpu_bind=LDMAP  - erp07, task 148  4 [89295]: mask 0x20202020202 set
cpu_bind=LDMAP  - erp06, task 121  1 [87733]: mask 0x20202020202 set
cpu_bind=LDMAP  - erp11, task 240  0 [91796]: mask 0x20202020202 set
cpu_bind=LDMAP  - erp04, task 74  2 [115510]: mask 0x20202020202 set
cpu_bind=LDMAP  - erp09, task 193  1 [85408]: mask 0x20202020202 set
cpu_bind=LDMAP  - erp10, task 217  1 [84741]: mask 0x20202020202 set
cpu_bind=LDMAP  - erp07, task 149  5 [89296]: mask 0x20202020202 set
cpu_bind=LDMAP  - erp06, task 120  0 [87732]: mask 0x20202020202 set
cpu_bind=LDMAP  - erp11, task 242  2 [91798]: mask 0x20202020202 set
cpu_bind=LDMAP  - erp04, task 72  0 [115508]: mask 0x20202020202 set
cpu_bind=LDMAP  - erp09, task 194  2 [85409]: mask 0x20202020202 set
cpu_bind=LDMAP  - erp10, task 219  3 [84743]: mask 0x20202020202 set
cpu_bind=LDMAP  - erp07, task 145  1 [89292]: mask 0x20202020202 set
cpu_bind=LDMAP  - erp06, task 125  5 [87737]: mask 0x20202020202 set
cpu_bind=LDMAP  - erp11, task 243  3 [91799]: mask 0x20202020202 set
cpu_bind=LDMAP  - erp04, task 76  4 [115512]: mask 0x20202020202 set
cpu_bind=LDMAP  - erp09, task 195  3 [85410]: mask 0x20202020202 set
cpu_bind=LDMAP  - erp10, task 220  4 [84744]: mask 0x20202020202 set
cpu_bind=LDMAP  - erp07, task 144  0 [89291]: mask 0x20202020202 set
cpu_bind=LDMAP  - erp06, task 124  4 [87736]: mask 0x20202020202 set
cpu_bind=LDMAP  - erp11, task 244  4 [91800]: mask 0x20202020202 set
cpu_bind=LDMAP  - erp04, task 77  5 [115513]: mask 0x20202020202 set
cpu_bind=LDMAP  - erp09, task 197  5 [85412]: mask 0x20202020202 set
cpu_bind=LDMAP  - erp10, task 221  5 [84745]: mask 0x20202020202 set
cpu_bind=LDMAP  - erp07, task 146  2 [89293]: mask 0x20202020202 set
cpu_bind=LDMAP  - erp06, task 123  3 [87735]: mask 0x20202020202 set
cpu_bind=LDMAP  - erp11, task 245  5 [91801]: mask 0x20202020202 set
cpu_bind=LDMAP  - erp04, task 75  3 [115511]: mask 0x20202020202 set
cpu_bind=LDMAP  - erp09, task 196  4 [85411]: mask 0x20202020202 set
cpu_bind=LDMAP  - erp10, task 222  6 [84746]: mask 0x80808080808 set
cpu_bind=LDMAP  - erp07, task 151  7 [89298]: mask 0x80808080808 set
cpu_bind=LDMAP  - erp06, task 126  6 [87738]: mask 0x80808080808 set
cpu_bind=LDMAP  - erp11, task 246  6 [91802]: mask 0x80808080808 set
cpu_bind=LDMAP  - erp04, task 78  6 [115514]: mask 0x80808080808 set
cpu_bind=LDMAP  - erp09, task 198  6 [85413]: mask 0x80808080808 set
cpu_bind=LDMAP  - erp10, task 223  7 [84747]: mask 0x80808080808 set
cpu_bind=LDMAP  - erp07, task 150  6 [89297]: mask 0x80808080808 set
cpu_bind=LDMAP  - erp06, task 127  7 [87739]: mask 0x80808080808 set
cpu_bind=LDMAP  - erp11, task 248  8 [91804]: mask 0x80808080808 set
cpu_bind=LDMAP  - erp04, task 79  7 [115515]: mask 0x80808080808 set
cpu_bind=LDMAP  - erp10, task 224  8 [84748]: mask 0x80808080808 set
cpu_bind=LDMAP  - erp07, task 152  8 [89299]: mask 0x80808080808 set
cpu_bind=LDMAP  - erp06, task 128  8 [87740]: mask 0x80808080808 set
cpu_bind=LDMAP  - erp11, task 247  7 [91803]: mask 0x80808080808 set
cpu_bind=LDMAP  - erp04, task 80  8 [115516]: mask 0x80808080808 set
cpu_bind=LDMAP  - erp10, task 225  9 [84749]: mask 0x80808080808 set
cpu_bind=LDMAP  - erp07, task 154 10 [89301]: mask 0x80808080808 set
cpu_bind=LDMAP  - erp06, task 129  9 [87741]: mask 0x80808080808 set
cpu_bind=LDMAP  - erp11, task 249  9 [91805]: mask 0x80808080808 set
cpu_bind=LDMAP  - erp04, task 81  9 [115517]: mask 0x80808080808 set
cpu_bind=LDMAP  - erp10, task 226 10 [84750]: mask 0x80808080808 set
cpu_bind=LDMAP  - erp07, task 153  9 [89300]: mask 0x80808080808 set
cpu_bind=LDMAP  - erp06, task 130 10 [87742]: mask 0x80808080808 set
cpu_bind=LDMAP  - erp11, task 250 10 [91806]: mask 0x80808080808 set
cpu_bind=LDMAP  - erp10, task 227 11 [84751]: mask 0x80808080808 set
cpu_bind=LDMAP  - erp07, task 155 11 [89302]: mask 0x80808080808 set
cpu_bind=LDMAP  - erp06, task 131 11 [87743]: mask 0x80808080808 set
cpu_bind=LDMAP  - erp11, task 252 12 [91808]: mask 0x202020202020 set
cpu_bind=LDMAP  - erp10, task 228 12 [84752]: mask 0x202020202020 set
cpu_bind=LDMAP  - erp07, task 157 13 [89304]: mask 0x202020202020 set
cpu_bind=LDMAP  - erp06, task 132 12 [87744]: mask 0x202020202020 set
cpu_bind=LDMAP  - erp11, task 253 13 [91809]: mask 0x202020202020 set
cpu_bind=LDMAP  - erp10, task 229 13 [84753]: mask 0x202020202020 set
cpu_bind=LDMAP  - erp07, task 156 12 [89303]: mask 0x202020202020 set
cpu_bind=LDMAP  - erp06, task 133 13 [87745]: mask 0x202020202020 set
cpu_bind=LDMAP  - erp11, task 251 11 [91807]: mask 0x80808080808 set
cpu_bind=LDMAP  - erp10, task 230 14 [84754]: mask 0x202020202020 set
cpu_bind=LDMAP  - erp07, task 159 15 [89306]: mask 0x202020202020 set
cpu_bind=LDMAP  - erp06, task 134 14 [87746]: mask 0x202020202020 set
cpu_bind=LDMAP  - erp11, task 254 14 [91810]: mask 0x202020202020 set
cpu_bind=LDMAP  - erp10, task 232 16 [84756]: mask 0x202020202020 set
cpu_bind=LDMAP  - erp07, task 158 14 [89305]: mask 0x202020202020 set
cpu_bind=LDMAP  - erp06, task 135 15 [87747]: mask 0x202020202020 set
cpu_bind=LDMAP  - erp11, task 255 15 [91811]: mask 0x202020202020 set
cpu_bind=LDMAP  - erp10, task 231 15 [84755]: mask 0x202020202020 set
cpu_bind=LDMAP  - erp07, task 160 16 [89307]: mask 0x202020202020 set
cpu_bind=LDMAP  - erp06, task 136 16 [87748]: mask 0x202020202020 set
cpu_bind=LDMAP  - erp11, task 257 17 [91813]: mask 0x202020202020 set
cpu_bind=LDMAP  - erp10, task 233 17 [84757]: mask 0x202020202020 set
cpu_bind=LDMAP  - erp07, task 161 17 [89308]: mask 0x202020202020 set
cpu_bind=LDMAP  - erp06, task 137 17 [87749]: mask 0x202020202020 set
cpu_bind=LDMAP  - erp11, task 256 16 [91812]: mask 0x202020202020 set
cpu_bind=LDMAP  - erp10, task 234 18 [84758]: mask 0x808080808080 set
cpu_bind=LDMAP  - erp07, task 163 19 [89310]: mask 0x808080808080 set
cpu_bind=LDMAP  - erp06, task 138 18 [87750]: mask 0x808080808080 set
cpu_bind=LDMAP  - erp11, task 260 20 [91816]: mask 0x808080808080 set
cpu_bind=LDMAP  - erp10, task 235 19 [84759]: mask 0x808080808080 set
cpu_bind=LDMAP  - erp07, task 162 18 [89309]: mask 0x808080808080 set
cpu_bind=LDMAP  - erp06, task 139 19 [87751]: mask 0x808080808080 set
cpu_bind=LDMAP  - erp11, task 259 19 [91815]: mask 0x808080808080 set
cpu_bind=LDMAP  - erp12, task 264  0 [116984]: mask 0x20202020202 set
cpu_bind=LDMAP  - erp10, task 236 20 [84760]: mask 0x808080808080 set
cpu_bind=LDMAP  - erp07, task 164 20 [89311]: mask 0x808080808080 set
cpu_bind=LDMAP  - erp06, task 140 20 [87752]: mask 0x808080808080 set
cpu_bind=LDMAP  - erp11, task 258 18 [91814]: mask 0x808080808080 set
cpu_bind=LDMAP  - erp10, task 237 21 [84761]: mask 0x808080808080 set
cpu_bind=LDMAP  - erp07, task 166 22 [89313]: mask 0x808080808080 set
cpu_bind=LDMAP  - erp06, task 141 21 [87753]: mask 0x808080808080 set
cpu_bind=LDMAP  - erp10, task 238 22 [84762]: mask 0x808080808080 set
cpu_bind=LDMAP  - erp07, task 165 21 [89312]: mask 0x808080808080 set
cpu_bind=LDMAP  - erp06, task 142 22 [87754]: mask 0x808080808080 set
cpu_bind=LDMAP  - erp10, task 239 23 [84763]: mask 0x808080808080 set
cpu_bind=LDMAP  - erp07, task 167 23 [89314]: mask 0x808080808080 set
cpu_bind=LDMAP  - erp06, task 143 23 [87755]: mask 0x808080808080 set
cpu_bind=LDMAP  - erp08, task 169  1 [85779]: mask 0x20202020202 set
cpu_bind=LDMAP  - erp04, task 84 12 [115520]: mask 0x202020202020 set
cpu_bind=LDMAP  - erp09, task 202 10 [85417]: mask 0x80808080808 set
cpu_bind=LDMAP  - erp08, task 170  2 [85780]: mask 0x20202020202 set
cpu_bind=LDMAP  - erp08, task 168  0 [85778]: mask 0x20202020202 set
cpu_bind=LDMAP  - erp08, task 171  3 [85781]: mask 0x20202020202 set
cpu_bind=LDMAP  - erp08, task 172  4 [85782]: mask 0x20202020202 set
cpu_bind=LDMAP  - erp08, task 174  6 [85784]: mask 0x80808080808 set
cpu_bind=LDMAP  - erp08, task 173  5 [85783]: mask 0x20202020202 set
cpu_bind=LDMAP  - erp08, task 177  9 [85787]: mask 0x80808080808 set
cpu_bind=LDMAP  - erp08, task 175  7 [85785]: mask 0x80808080808 set
cpu_bind=LDMAP  - erp08, task 176  8 [85786]: mask 0x80808080808 set
cpu_bind=LDMAP  - erp08, task 178 10 [85788]: mask 0x80808080808 set
cpu_bind=LDMAP  - erp08, task 180 12 [85790]: mask 0x202020202020 set
cpu_bind=LDMAP  - erp08, task 182 14 [85792]: mask 0x202020202020 set
cpu_bind=LDMAP  - erp08, task 179 11 [85789]: mask 0x80808080808 set
cpu_bind=LDMAP  - erp08, task 184 16 [85794]: mask 0x202020202020 set
cpu_bind=LDMAP  - erp08, task 185 17 [85795]: mask 0x202020202020 set
cpu_bind=LDMAP  - erp08, task 181 13 [85791]: mask 0x202020202020 set
cpu_bind=LDMAP  - erp08, task 183 15 [85793]: mask 0x202020202020 set
cpu_bind=LDMAP  - erp08, task 188 20 [85798]: mask 0x808080808080 set
cpu_bind=LDMAP  - erp08, task 187 19 [85797]: mask 0x808080808080 set
cpu_bind=LDMAP  - erp12, task 266  2 [116986]: mask 0x20202020202 set
cpu_bind=LDMAP  - erp12, task 265  1 [116985]: mask 0x20202020202 set
cpu_bind=LDMAP  - erp12, task 268  4 [116988]: mask 0x20202020202 set
cpu_bind=LDMAP  - erp12, task 269  5 [116989]: mask 0x20202020202 set
cpu_bind=LDMAP  - erp12, task 267  3 [116987]: mask 0x20202020202 set
cpu_bind=LDMAP  - erp12, task 270  6 [116990]: mask 0x80808080808 set
cpu_bind=LDMAP  - erp12, task 271  7 [116991]: mask 0x80808080808 set
cpu_bind=LDMAP  - erp12, task 272  8 [116992]: mask 0x80808080808 set
cpu_bind=LDMAP  - erp12, task 273  9 [116993]: mask 0x80808080808 set
cpu_bind=LDMAP  - erp12, task 274 10 [116994]: mask 0x80808080808 set
cpu_bind=LDMAP  - erp12, task 275 11 [116995]: mask 0x80808080808 set
cpu_bind=LDMAP  - erp12, task 277 13 [116997]: mask 0x202020202020 set
cpu_bind=LDMAP  - erp12, task 278 14 [116998]: mask 0x202020202020 set
cpu_bind=LDMAP  - erp12, task 276 12 [116996]: mask 0x202020202020 set
cpu_bind=LDMAP  - erp12, task 279 15 [116999]: mask 0x202020202020 set
cpu_bind=LDMAP  - erp12, task 280 16 [117000]: mask 0x202020202020 set
cpu_bind=LDMAP  - erp12, task 281 17 [117001]: mask 0x202020202020 set
cpu_bind=LDMAP  - erp12, task 283 19 [117003]: mask 0x808080808080 set
cpu_bind=LDMAP  - erp12, task 282 18 [117002]: mask 0x808080808080 set
cpu_bind=LDMAP  - erp11, task 261 21 [91817]: mask 0x808080808080 set
cpu_bind=LDMAP  - erp11, task 262 22 [91818]: mask 0x808080808080 set
cpu_bind=LDMAP  - erp11, task 263 23 [91819]: mask 0x808080808080 set
cpu_bind=LDMAP  - erp04, task 83 11 [115519]: mask 0x80808080808 set
cpu_bind=LDMAP  - erp09, task 201  9 [85416]: mask 0x80808080808 set
cpu_bind=LDMAP  - erp04, task 86 14 [115522]: mask 0x202020202020 set
cpu_bind=LDMAP  - erp09, task 200  8 [85415]: mask 0x80808080808 set
cpu_bind=LDMAP  - erp04, task 85 13 [115521]: mask 0x202020202020 set
cpu_bind=LDMAP  - erp09, task 203 11 [85418]: mask 0x80808080808 set
cpu_bind=LDMAP  - erp04, task 87 15 [115523]: mask 0x202020202020 set
cpu_bind=LDMAP  - erp09, task 199  7 [85414]: mask 0x80808080808 set
cpu_bind=LDMAP  - erp04, task 82 10 [115518]: mask 0x80808080808 set
cpu_bind=LDMAP  - erp09, task 205 13 [85420]: mask 0x202020202020 set
cpu_bind=LDMAP  - erp04, task 88 16 [115524]: mask 0x202020202020 set
cpu_bind=LDMAP  - erp09, task 206 14 [85421]: mask 0x202020202020 set
cpu_bind=LDMAP  - erp04, task 89 17 [115525]: mask 0x202020202020 set
cpu_bind=LDMAP  - erp09, task 204 12 [85419]: mask 0x202020202020 set
cpu_bind=LDMAP  - erp04, task 91 19 [115527]: mask 0x808080808080 set
cpu_bind=LDMAP  - erp09, task 207 15 [85422]: mask 0x202020202020 set
cpu_bind=LDMAP  - erp04, task 92 20 [115528]: mask 0x808080808080 set
cpu_bind=LDMAP  - erp09, task 209 17 [85424]: mask 0x202020202020 set
cpu_bind=LDMAP  - erp04, task 90 18 [115526]: mask 0x808080808080 set
cpu_bind=LDMAP  - erp09, task 208 16 [85423]: mask 0x202020202020 set
cpu_bind=LDMAP  - erp04, task 93 21 [115529]: mask 0x808080808080 set
cpu_bind=LDMAP  - erp09, task 210 18 [85425]: mask 0x808080808080 set
cpu_bind=LDMAP  - erp04, task 94 22 [115530]: mask 0x808080808080 set
cpu_bind=LDMAP  - erp09, task 212 20 [85427]: mask 0x808080808080 set
cpu_bind=LDMAP  - erp04, task 95 23 [115531]: mask 0x808080808080 set
cpu_bind=LDMAP  - erp09, task 211 19 [85426]: mask 0x808080808080 set
cpu_bind=LDMAP  - erp09, task 213 21 [85428]: mask 0x808080808080 set
cpu_bind=LDMAP  - erp09, task 215 23 [85430]: mask 0x808080808080 set
cpu_bind=LDMAP  - erp09, task 214 22 [85429]: mask 0x808080808080 set
cpu_bind=LDMAP  - erp08, task 186 18 [85796]: mask 0x808080808080 set
cpu_bind=LDMAP  - erp08, task 190 22 [85800]: mask 0x808080808080 set
cpu_bind=LDMAP  - erp08, task 191 23 [85801]: mask 0x808080808080 set
cpu_bind=LDMAP  - erp08, task 189 21 [85799]: mask 0x808080808080 set
cpu_bind=LDMAP  - erp12, task 284 20 [117004]: mask 0x808080808080 set
cpu_bind=LDMAP  - erp12, task 285 21 [117005]: mask 0x808080808080 set
cpu_bind=LDMAP  - erp12, task 287 23 [117007]: mask 0x808080808080 set
cpu_bind=LDMAP  - erp12, task 286 22 [117006]: mask 0x808080808080 set

# OSU MPI Allreduce Latency Test v5.6.1
# Size       Avg Latency(us)
4                      26.91
8                      19.40
16                     19.54
32                     19.99
64                     20.79
128                    22.57
256                    26.92
512                    30.39
1024                   42.90
2048                   63.38
4096                  112.34
8192                  214.49
16384                 439.79
32768                 510.39
65536                 553.36
131072                602.20
262144                797.76
524288               1092.49
1048576              1882.19
+ set +x
