processes 384
nodes 8
ppn 48
binding numa
+ srun --mpi=pmi2 -n 384 --cpu_bind=verbose,map_ldom=4,4,4,4,4,4,5,5,5,5,5,5,6,6,6,6,6,6,7,7,7,7,7,7,0,0,0,0,0,0,1,1,1,1,1,1,2,2,2,2,2,2,3,3,3,3,3,3 /gpfs/u/home/CCNI/CCNIsmth/barn-shared/CWS/osu-micro-benchmarks-5.6.1-erp-openmpi.4.0.1-install/libexec/osu-micro-benchmarks/mpi//collective/osu_allreduce
cpu_bind=LDMAP  - erp01, task  2  2 [34329]: mask 0x20202020202 set
cpu_bind=LDMAP  - erp01, task  1  1 [34328]: mask 0x20202020202 set
cpu_bind=LDMAP  - erp01, task  0  0 [34327]: mask 0x20202020202 set
cpu_bind=LDMAP  - erp01, task  4  4 [34331]: mask 0x20202020202 set
cpu_bind=LDMAP  - erp01, task  3  3 [34330]: mask 0x20202020202 set
cpu_bind=LDMAP  - erp01, task  6  6 [34333]: mask 0x80808080808 set
cpu_bind=LDMAP  - erp01, task  7  7 [34334]: mask 0x80808080808 set
cpu_bind=LDMAP  - erp01, task  5  5 [34332]: mask 0x20202020202 set
cpu_bind=LDMAP  - erp01, task  8  8 [34335]: mask 0x80808080808 set
cpu_bind=LDMAP  - erp01, task  9  9 [34336]: mask 0x80808080808 set
cpu_bind=LDMAP  - erp01, task 10 10 [34337]: mask 0x80808080808 set
cpu_bind=LDMAP  - erp01, task 11 11 [34338]: mask 0x80808080808 set
cpu_bind=LDMAP  - erp01, task 12 12 [34339]: mask 0x202020202020 set
cpu_bind=LDMAP  - erp01, task 15 15 [34342]: mask 0x202020202020 set
cpu_bind=LDMAP  - erp01, task 14 14 [34341]: mask 0x202020202020 set
cpu_bind=LDMAP  - erp01, task 13 13 [34340]: mask 0x202020202020 set
cpu_bind=LDMAP  - erp01, task 17 17 [34344]: mask 0x202020202020 set
cpu_bind=LDMAP  - erp01, task 16 16 [34343]: mask 0x202020202020 set
cpu_bind=LDMAP  - erp01, task 19 19 [34346]: mask 0x808080808080 set
cpu_bind=LDMAP  - erp01, task 20 20 [34347]: mask 0x808080808080 set
cpu_bind=LDMAP  - erp01, task 21 21 [34348]: mask 0x808080808080 set
cpu_bind=LDMAP  - erp01, task 18 18 [34345]: mask 0x808080808080 set
cpu_bind=LDMAP  - erp01, task 23 23 [34350]: mask 0x808080808080 set
cpu_bind=LDMAP  - erp01, task 22 22 [34349]: mask 0x808080808080 set
cpu_bind=LDMAP  - erp01, task 25 25 [34352]: mask 0x10101010101 set
cpu_bind=LDMAP  - erp01, task 24 24 [34351]: mask 0x10101010101 set
cpu_bind=LDMAP  - erp01, task 26 26 [34353]: mask 0x10101010101 set
cpu_bind=LDMAP  - erp01, task 27 27 [34354]: mask 0x10101010101 set
cpu_bind=LDMAP  - erp01, task 28 28 [34355]: mask 0x10101010101 set
cpu_bind=LDMAP  - erp01, task 29 29 [34356]: mask 0x10101010101 set
cpu_bind=LDMAP  - erp01, task 30 30 [34358]: mask 0x40404040404 set
cpu_bind=LDMAP  - erp01, task 31 31 [34359]: mask 0x40404040404 set
cpu_bind=LDMAP  - erp01, task 33 33 [34361]: mask 0x40404040404 set
cpu_bind=LDMAP  - erp01, task 32 32 [34360]: mask 0x40404040404 set
cpu_bind=LDMAP  - erp01, task 35 35 [34363]: mask 0x40404040404 set
cpu_bind=LDMAP  - erp01, task 34 34 [34362]: mask 0x40404040404 set
cpu_bind=LDMAP  - erp01, task 36 36 [34364]: mask 0x101010101010 set
cpu_bind=LDMAP  - erp01, task 37 37 [34365]: mask 0x101010101010 set
cpu_bind=LDMAP  - erp01, task 39 39 [34367]: mask 0x101010101010 set
cpu_bind=LDMAP  - erp01, task 38 38 [34366]: mask 0x101010101010 set
cpu_bind=LDMAP  - erp01, task 41 41 [34369]: mask 0x101010101010 set
cpu_bind=LDMAP  - erp01, task 40 40 [34368]: mask 0x101010101010 set
cpu_bind=LDMAP  - erp01, task 42 42 [34370]: mask 0x404040404040 set
cpu_bind=LDMAP  - erp01, task 45 45 [34373]: mask 0x404040404040 set
cpu_bind=LDMAP  - erp01, task 44 44 [34372]: mask 0x404040404040 set
cpu_bind=LDMAP  - erp01, task 43 43 [34371]: mask 0x404040404040 set
cpu_bind=LDMAP  - erp01, task 47 47 [34375]: mask 0x404040404040 set
cpu_bind=LDMAP  - erp01, task 46 46 [34374]: mask 0x404040404040 set
cpu_bind=LDMAP  - erp05, task 192  0 [92321]: mask 0x20202020202 set
cpu_bind=LDMAP  - erp04, task 144  0 [116061]: mask 0x20202020202 set
cpu_bind=LDMAP  - erp02, task 51  3 [99726]: mask 0x20202020202 set
cpu_bind=LDMAP  - erp07, task 289  1 [89544]: mask 0x20202020202 set
cpu_bind=LDMAP  - erp03, task 97  1 [113875]: mask 0x20202020202 set
cpu_bind=LDMAP  - erp08, task 336  0 [86029]: mask 0x20202020202 set
cpu_bind=LDMAP  - erp05, task 193  1 [92322]: mask 0x20202020202 set
cpu_bind=LDMAP  - erp04, task 146  2 [116063]: mask 0x20202020202 set
cpu_bind=LDMAP  - erp02, task 52  4 [99727]: mask 0x20202020202 set
cpu_bind=LDMAP  - erp07, task 290  2 [89545]: mask 0x20202020202 set
cpu_bind=LDMAP  - erp03, task 98  2 [113876]: mask 0x20202020202 set
cpu_bind=LDMAP  - erp08, task 338  2 [86031]: mask 0x20202020202 set
cpu_bind=LDMAP  - erp05, task 194  2 [92323]: mask 0x20202020202 set
cpu_bind=LDMAP  - erp04, task 145  1 [116062]: mask 0x20202020202 set
cpu_bind=LDMAP  - erp02, task 53  5 [99728]: mask 0x20202020202 set
cpu_bind=LDMAP  - erp07, task 288  0 [89543]: mask 0x20202020202 set
cpu_bind=LDMAP  - erp03, task 96  0 [113874]: mask 0x20202020202 set
cpu_bind=LDMAP  - erp08, task 337  1 [86030]: mask 0x20202020202 set
cpu_bind=LDMAP  - erp05, task 195  3 [92324]: mask 0x20202020202 set
cpu_bind=LDMAP  - erp04, task 147  3 [116064]: mask 0x20202020202 set
cpu_bind=LDMAP  - erp02, task 48  0 [99723]: mask 0x20202020202 set
cpu_bind=LDMAP  - erp07, task 291  3 [89546]: mask 0x20202020202 set
cpu_bind=LDMAP  - erp03, task 100  4 [113878]: mask 0x20202020202 set
cpu_bind=LDMAP  - erp05, task 196  4 [92325]: mask 0x20202020202 set
cpu_bind=LDMAP  - erp04, task 149  5 [116066]: mask 0x20202020202 set
cpu_bind=LDMAP  - erp02, task 50  2 [99725]: mask 0x20202020202 set
cpu_bind=LDMAP  - erp07, task 292  4 [89547]: mask 0x20202020202 set
cpu_bind=LDMAP  - erp03, task 99  3 [113877]: mask 0x20202020202 set
cpu_bind=LDMAP  - erp05, task 197  5 [92326]: mask 0x20202020202 set
cpu_bind=LDMAP  - erp04, task 148  4 [116065]: mask 0x20202020202 set
cpu_bind=LDMAP  - erp02, task 49  1 [99724]: mask 0x20202020202 set
cpu_bind=LDMAP  - erp07, task 294  6 [89549]: mask 0x80808080808 set
cpu_bind=LDMAP  - erp03, task 101  5 [113879]: mask 0x20202020202 set
cpu_bind=LDMAP  - erp05, task 199  7 [92328]: mask 0x80808080808 set
cpu_bind=LDMAP  - erp04, task 151  7 [116068]: mask 0x80808080808 set
cpu_bind=LDMAP  - erp02, task 56  8 [99731]: mask 0x80808080808 set
cpu_bind=LDMAP  - erp07, task 293  5 [89548]: mask 0x20202020202 set
cpu_bind=LDMAP  - erp03, task 102  6 [113880]: mask 0x80808080808 set
cpu_bind=LDMAP  - erp08, task 339  3 [86032]: mask 0x20202020202 set
cpu_bind=LDMAP  - erp05, task 200  8 [92329]: mask 0x80808080808 set
cpu_bind=LDMAP  - erp04, task 150  6 [116067]: mask 0x80808080808 set
cpu_bind=LDMAP  - erp02, task 54  6 [99729]: mask 0x80808080808 set
cpu_bind=LDMAP  - erp07, task 296  8 [89551]: mask 0x80808080808 set
cpu_bind=LDMAP  - erp03, task 104  8 [113882]: mask 0x80808080808 set
cpu_bind=LDMAP  - erp05, task 198  6 [92327]: mask 0x80808080808 set
cpu_bind=LDMAP  - erp04, task 152  8 [116069]: mask 0x80808080808 set
cpu_bind=LDMAP  - erp02, task 55  7 [99730]: mask 0x80808080808 set
cpu_bind=LDMAP  - erp07, task 297  9 [89552]: mask 0x80808080808 set
cpu_bind=LDMAP  - erp05, task 201  9 [92330]: mask 0x80808080808 set
cpu_bind=LDMAP  - erp04, task 154 10 [116071]: mask 0x80808080808 set
cpu_bind=LDMAP  - erp02, task 57  9 [99732]: mask 0x80808080808 set
cpu_bind=LDMAP  - erp07, task 295  7 [89550]: mask 0x80808080808 set
cpu_bind=LDMAP  - erp05, task 203 11 [92332]: mask 0x80808080808 set
cpu_bind=LDMAP  - erp04, task 153  9 [116070]: mask 0x80808080808 set
cpu_bind=LDMAP  - erp02, task 60 12 [99735]: mask 0x202020202020 set
cpu_bind=LDMAP  - erp07, task 299 11 [89554]: mask 0x80808080808 set
cpu_bind=LDMAP  - erp05, task 202 10 [92331]: mask 0x80808080808 set
cpu_bind=LDMAP  - erp04, task 157 13 [116074]: mask 0x202020202020 set
cpu_bind=LDMAP  - erp02, task 61 13 [99736]: mask 0x202020202020 set
cpu_bind=LDMAP  - erp07, task 298 10 [89553]: mask 0x80808080808 set
cpu_bind=LDMAP  - erp05, task 204 12 [92333]: mask 0x202020202020 set
cpu_bind=LDMAP  - erp04, task 155 11 [116072]: mask 0x80808080808 set
cpu_bind=LDMAP  - erp02, task 58 10 [99733]: mask 0x80808080808 set
cpu_bind=LDMAP  - erp07, task 302 14 [89557]: mask 0x202020202020 set
cpu_bind=LDMAP  - erp05, task 206 14 [92335]: mask 0x202020202020 set
cpu_bind=LDMAP  - erp04, task 156 12 [116073]: mask 0x202020202020 set
cpu_bind=LDMAP  - erp02, task 59 11 [99734]: mask 0x80808080808 set
cpu_bind=LDMAP  - erp07, task 301 13 [89556]: mask 0x202020202020 set
cpu_bind=LDMAP  - erp05, task 207 15 [92336]: mask 0x202020202020 set
cpu_bind=LDMAP  - erp04, task 158 14 [116075]: mask 0x202020202020 set
cpu_bind=LDMAP  - erp02, task 62 14 [99737]: mask 0x202020202020 set
cpu_bind=LDMAP  - erp07, task 300 12 [89555]: mask 0x202020202020 set
cpu_bind=LDMAP  - erp05, task 210 18 [92339]: mask 0x808080808080 set
cpu_bind=LDMAP  - erp04, task 159 15 [116076]: mask 0x202020202020 set
cpu_bind=LDMAP  - erp02, task 63 15 [99738]: mask 0x202020202020 set
cpu_bind=LDMAP  - erp07, task 304 16 [89559]: mask 0x202020202020 set
cpu_bind=LDMAP  - erp05, task 208 16 [92337]: mask 0x202020202020 set
cpu_bind=LDMAP  - erp04, task 160 16 [116077]: mask 0x202020202020 set
cpu_bind=LDMAP  - erp02, task 65 17 [99740]: mask 0x202020202020 set
cpu_bind=LDMAP  - erp07, task 303 15 [89558]: mask 0x202020202020 set
cpu_bind=LDMAP  - erp05, task 205 13 [92334]: mask 0x202020202020 set
cpu_bind=LDMAP  - erp04, task 161 17 [116078]: mask 0x202020202020 set
cpu_bind=LDMAP  - erp02, task 64 16 [99739]: mask 0x202020202020 set
cpu_bind=LDMAP  - erp07, task 305 17 [89560]: mask 0x202020202020 set
cpu_bind=LDMAP  - erp05, task 211 19 [92340]: mask 0x808080808080 set
cpu_bind=LDMAP  - erp04, task 162 18 [116079]: mask 0x808080808080 set
cpu_bind=LDMAP  - erp02, task 66 18 [99741]: mask 0x808080808080 set
cpu_bind=LDMAP  - erp05, task 209 17 [92338]: mask 0x202020202020 set
cpu_bind=LDMAP  - erp04, task 163 19 [116080]: mask 0x808080808080 set
cpu_bind=LDMAP  - erp02, task 67 19 [99742]: mask 0x808080808080 set
cpu_bind=LDMAP  - erp05, task 213 21 [92342]: mask 0x808080808080 set
cpu_bind=LDMAP  - erp04, task 164 20 [116081]: mask 0x808080808080 set
cpu_bind=LDMAP  - erp02, task 69 21 [99744]: mask 0x808080808080 set
cpu_bind=LDMAP  - erp05, task 212 20 [92341]: mask 0x808080808080 set
cpu_bind=LDMAP  - erp04, task 165 21 [116082]: mask 0x808080808080 set
cpu_bind=LDMAP  - erp02, task 70 22 [99745]: mask 0x808080808080 set
cpu_bind=LDMAP  - erp05, task 215 23 [92344]: mask 0x808080808080 set
cpu_bind=LDMAP  - erp02, task 68 20 [99743]: mask 0x808080808080 set
cpu_bind=LDMAP  - erp05, task 214 22 [92343]: mask 0x808080808080 set
cpu_bind=LDMAP  - erp02, task 71 23 [99746]: mask 0x808080808080 set
cpu_bind=LDMAP  - erp05, task 216 24 [92345]: mask 0x10101010101 set
cpu_bind=LDMAP  - erp05, task 217 25 [92346]: mask 0x10101010101 set
cpu_bind=LDMAP  - erp05, task 218 26 [92347]: mask 0x10101010101 set
cpu_bind=LDMAP  - erp06, task 240  0 [87985]: mask 0x20202020202 set
cpu_bind=LDMAP  - erp05, task 219 27 [92348]: mask 0x10101010101 set
cpu_bind=LDMAP  - erp05, task 220 28 [92349]: mask 0x10101010101 set
cpu_bind=LDMAP  - erp05, task 222 30 [92351]: mask 0x40404040404 set
cpu_bind=LDMAP  - erp05, task 221 29 [92350]: mask 0x10101010101 set
cpu_bind=LDMAP  - erp05, task 225 33 [92354]: mask 0x40404040404 set
cpu_bind=LDMAP  - erp05, task 224 32 [92353]: mask 0x40404040404 set
cpu_bind=LDMAP  - erp05, task 223 31 [92352]: mask 0x40404040404 set
cpu_bind=LDMAP  - erp05, task 226 34 [92355]: mask 0x40404040404 set
cpu_bind=LDMAP  - erp05, task 227 35 [92356]: mask 0x40404040404 set
cpu_bind=LDMAP  - erp05, task 229 37 [92358]: mask 0x101010101010 set
cpu_bind=LDMAP  - erp05, task 228 36 [92357]: mask 0x101010101010 set
cpu_bind=LDMAP  - erp05, task 231 39 [92360]: mask 0x101010101010 set
cpu_bind=LDMAP  - erp05, task 230 38 [92359]: mask 0x101010101010 set
cpu_bind=LDMAP  - erp05, task 232 40 [92361]: mask 0x101010101010 set
cpu_bind=LDMAP  - erp05, task 233 41 [92362]: mask 0x101010101010 set
cpu_bind=LDMAP  - erp05, task 236 44 [92365]: mask 0x404040404040 set
cpu_bind=LDMAP  - erp05, task 235 43 [92364]: mask 0x404040404040 set
cpu_bind=LDMAP  - erp05, task 234 42 [92363]: mask 0x404040404040 set
cpu_bind=LDMAP  - erp05, task 237 45 [92366]: mask 0x404040404040 set
cpu_bind=LDMAP  - erp05, task 238 46 [92367]: mask 0x404040404040 set
cpu_bind=LDMAP  - erp08, task 340  4 [86033]: mask 0x20202020202 set
cpu_bind=LDMAP  - erp08, task 341  5 [86034]: mask 0x20202020202 set
cpu_bind=LDMAP  - erp08, task 343  7 [86036]: mask 0x80808080808 set
cpu_bind=LDMAP  - erp08, task 344  8 [86037]: mask 0x80808080808 set
cpu_bind=LDMAP  - erp08, task 342  6 [86035]: mask 0x80808080808 set
cpu_bind=LDMAP  - erp08, task 345  9 [86038]: mask 0x80808080808 set
cpu_bind=LDMAP  - erp08, task 346 10 [86039]: mask 0x80808080808 set
cpu_bind=LDMAP  - erp08, task 347 11 [86040]: mask 0x80808080808 set
cpu_bind=LDMAP  - erp08, task 348 12 [86041]: mask 0x202020202020 set
cpu_bind=LDMAP  - erp08, task 349 13 [86042]: mask 0x202020202020 set
cpu_bind=LDMAP  - erp08, task 350 14 [86043]: mask 0x202020202020 set
cpu_bind=LDMAP  - erp08, task 351 15 [86044]: mask 0x202020202020 set
cpu_bind=LDMAP  - erp08, task 353 17 [86046]: mask 0x202020202020 set
cpu_bind=LDMAP  - erp08, task 354 18 [86047]: mask 0x808080808080 set
cpu_bind=LDMAP  - erp08, task 352 16 [86045]: mask 0x202020202020 set
cpu_bind=LDMAP  - erp08, task 355 19 [86048]: mask 0x808080808080 set
cpu_bind=LDMAP  - erp08, task 356 20 [86049]: mask 0x808080808080 set
cpu_bind=LDMAP  - erp08, task 357 21 [86050]: mask 0x808080808080 set
cpu_bind=LDMAP  - erp08, task 358 22 [86051]: mask 0x808080808080 set
cpu_bind=LDMAP  - erp02, task 73 25 [99748]: mask 0x10101010101 set
cpu_bind=LDMAP  - erp02, task 72 24 [99747]: mask 0x10101010101 set
cpu_bind=LDMAP  - erp02, task 74 26 [99749]: mask 0x10101010101 set
cpu_bind=LDMAP  - erp02, task 75 27 [99750]: mask 0x10101010101 set
cpu_bind=LDMAP  - erp02, task 77 29 [99752]: mask 0x10101010101 set
cpu_bind=LDMAP  - erp02, task 79 31 [99754]: mask 0x40404040404 set
cpu_bind=LDMAP  - erp02, task 76 28 [99751]: mask 0x10101010101 set
cpu_bind=LDMAP  - erp02, task 78 30 [99753]: mask 0x40404040404 set
cpu_bind=LDMAP  - erp02, task 81 33 [99756]: mask 0x40404040404 set
cpu_bind=LDMAP  - erp02, task 82 34 [99757]: mask 0x40404040404 set
cpu_bind=LDMAP  - erp02, task 80 32 [99755]: mask 0x40404040404 set
cpu_bind=LDMAP  - erp02, task 83 35 [99758]: mask 0x40404040404 set
cpu_bind=LDMAP  - erp02, task 84 36 [99759]: mask 0x101010101010 set
cpu_bind=LDMAP  - erp02, task 86 38 [99761]: mask 0x101010101010 set
cpu_bind=LDMAP  - erp02, task 85 37 [99760]: mask 0x101010101010 set
cpu_bind=LDMAP  - erp02, task 89 41 [99764]: mask 0x101010101010 set
cpu_bind=LDMAP  - erp02, task 88 40 [99763]: mask 0x101010101010 set
cpu_bind=LDMAP  - erp02, task 87 39 [99762]: mask 0x101010101010 set
cpu_bind=LDMAP  - erp02, task 91 43 [99766]: mask 0x404040404040 set
cpu_bind=LDMAP  - erp03, task 105  9 [113883]: mask 0x80808080808 set
cpu_bind=LDMAP  - erp03, task 103  7 [113881]: mask 0x80808080808 set
cpu_bind=LDMAP  - erp03, task 106 10 [113884]: mask 0x80808080808 set
cpu_bind=LDMAP  - erp03, task 107 11 [113885]: mask 0x80808080808 set
cpu_bind=LDMAP  - erp03, task 109 13 [113887]: mask 0x202020202020 set
cpu_bind=LDMAP  - erp03, task 108 12 [113886]: mask 0x202020202020 set
cpu_bind=LDMAP  - erp07, task 306 18 [89561]: mask 0x808080808080 set
cpu_bind=LDMAP  - erp03, task 110 14 [113888]: mask 0x202020202020 set
cpu_bind=LDMAP  - erp07, task 308 20 [89563]: mask 0x808080808080 set
cpu_bind=LDMAP  - erp03, task 111 15 [113889]: mask 0x202020202020 set
cpu_bind=LDMAP  - erp07, task 309 21 [89564]: mask 0x808080808080 set
cpu_bind=LDMAP  - erp03, task 112 16 [113890]: mask 0x202020202020 set
cpu_bind=LDMAP  - erp07, task 307 19 [89562]: mask 0x808080808080 set
cpu_bind=LDMAP  - erp03, task 113 17 [113891]: mask 0x202020202020 set
cpu_bind=LDMAP  - erp07, task 312 24 [89567]: mask 0x10101010101 set
cpu_bind=LDMAP  - erp03, task 114 18 [113892]: mask 0x808080808080 set
cpu_bind=LDMAP  - erp07, task 311 23 [89566]: mask 0x808080808080 set
cpu_bind=LDMAP  - erp03, task 116 20 [113894]: mask 0x808080808080 set
cpu_bind=LDMAP  - erp07, task 310 22 [89565]: mask 0x808080808080 set
cpu_bind=LDMAP  - erp03, task 115 19 [113893]: mask 0x808080808080 set
cpu_bind=LDMAP  - erp07, task 313 25 [89568]: mask 0x10101010101 set
cpu_bind=LDMAP  - erp03, task 117 21 [113895]: mask 0x808080808080 set
cpu_bind=LDMAP  - erp07, task 315 27 [89570]: mask 0x10101010101 set
cpu_bind=LDMAP  - erp03, task 119 23 [113897]: mask 0x808080808080 set
cpu_bind=LDMAP  - erp07, task 314 26 [89569]: mask 0x10101010101 set
cpu_bind=LDMAP  - erp03, task 118 22 [113896]: mask 0x808080808080 set
cpu_bind=LDMAP  - erp07, task 316 28 [89571]: mask 0x10101010101 set
cpu_bind=LDMAP  - erp03, task 120 24 [113898]: mask 0x10101010101 set
cpu_bind=LDMAP  - erp07, task 317 29 [89572]: mask 0x10101010101 set
cpu_bind=LDMAP  - erp03, task 121 25 [113899]: mask 0x10101010101 set
cpu_bind=LDMAP  - erp07, task 318 30 [89573]: mask 0x40404040404 set
cpu_bind=LDMAP  - erp03, task 122 26 [113900]: mask 0x10101010101 set
cpu_bind=LDMAP  - erp04, task 166 22 [116083]: mask 0x808080808080 set
cpu_bind=LDMAP  - erp07, task 319 31 [89574]: mask 0x40404040404 set
cpu_bind=LDMAP  - erp04, task 168 24 [116085]: mask 0x10101010101 set
cpu_bind=LDMAP  - erp07, task 320 32 [89575]: mask 0x40404040404 set
cpu_bind=LDMAP  - erp04, task 167 23 [116084]: mask 0x808080808080 set
cpu_bind=LDMAP  - erp07, task 322 34 [89577]: mask 0x40404040404 set
cpu_bind=LDMAP  - erp04, task 171 27 [116088]: mask 0x10101010101 set
cpu_bind=LDMAP  - erp07, task 321 33 [89576]: mask 0x40404040404 set
cpu_bind=LDMAP  - erp04, task 170 26 [116087]: mask 0x10101010101 set
cpu_bind=LDMAP  - erp07, task 323 35 [89578]: mask 0x40404040404 set
cpu_bind=LDMAP  - erp04, task 169 25 [116086]: mask 0x10101010101 set
cpu_bind=LDMAP  - erp07, task 325 37 [89580]: mask 0x101010101010 set
cpu_bind=LDMAP  - erp04, task 172 28 [116089]: mask 0x10101010101 set
cpu_bind=LDMAP  - erp04, task 173 29 [116090]: mask 0x10101010101 set
cpu_bind=LDMAP  - erp04, task 175 31 [116092]: mask 0x40404040404 set
cpu_bind=LDMAP  - erp04, task 174 30 [116091]: mask 0x40404040404 set
cpu_bind=LDMAP  - erp04, task 178 34 [116095]: mask 0x40404040404 set
cpu_bind=LDMAP  - erp04, task 177 33 [116094]: mask 0x40404040404 set
cpu_bind=LDMAP  - erp04, task 176 32 [116093]: mask 0x40404040404 set
cpu_bind=LDMAP  - erp04, task 179 35 [116096]: mask 0x40404040404 set
cpu_bind=LDMAP  - erp04, task 180 36 [116097]: mask 0x101010101010 set
cpu_bind=LDMAP  - erp04, task 181 37 [116098]: mask 0x101010101010 set
cpu_bind=LDMAP  - erp04, task 182 38 [116099]: mask 0x101010101010 set
cpu_bind=LDMAP  - erp04, task 183 39 [116100]: mask 0x101010101010 set
cpu_bind=LDMAP  - erp04, task 184 40 [116101]: mask 0x101010101010 set
cpu_bind=LDMAP  - erp06, task 242  2 [87987]: mask 0x20202020202 set
cpu_bind=LDMAP  - erp06, task 244  4 [87989]: mask 0x20202020202 set
cpu_bind=LDMAP  - erp06, task 245  5 [87990]: mask 0x20202020202 set
cpu_bind=LDMAP  - erp06, task 243  3 [87988]: mask 0x20202020202 set
cpu_bind=LDMAP  - erp06, task 241  1 [87986]: mask 0x20202020202 set
cpu_bind=LDMAP  - erp06, task 246  6 [87991]: mask 0x80808080808 set
cpu_bind=LDMAP  - erp06, task 247  7 [87992]: mask 0x80808080808 set
cpu_bind=LDMAP  - erp06, task 248  8 [87993]: mask 0x80808080808 set
cpu_bind=LDMAP  - erp06, task 250 10 [87995]: mask 0x80808080808 set
cpu_bind=LDMAP  - erp06, task 249  9 [87994]: mask 0x80808080808 set
cpu_bind=LDMAP  - erp06, task 251 11 [87996]: mask 0x80808080808 set
cpu_bind=LDMAP  - erp06, task 256 16 [88001]: mask 0x202020202020 set
cpu_bind=LDMAP  - erp06, task 257 17 [88002]: mask 0x202020202020 set
cpu_bind=LDMAP  - erp06, task 258 18 [88003]: mask 0x808080808080 set
cpu_bind=LDMAP  - erp06, task 255 15 [88000]: mask 0x202020202020 set
cpu_bind=LDMAP  - erp06, task 254 14 [87999]: mask 0x202020202020 set
cpu_bind=LDMAP  - erp06, task 252 12 [87997]: mask 0x202020202020 set
cpu_bind=LDMAP  - erp06, task 253 13 [87998]: mask 0x202020202020 set
cpu_bind=LDMAP  - erp06, task 259 19 [88004]: mask 0x808080808080 set
cpu_bind=LDMAP  - erp08, task 359 23 [86052]: mask 0x808080808080 set
cpu_bind=LDMAP  - erp08, task 361 25 [86054]: mask 0x10101010101 set
cpu_bind=LDMAP  - erp08, task 360 24 [86053]: mask 0x10101010101 set
cpu_bind=LDMAP  - erp08, task 362 26 [86055]: mask 0x10101010101 set
cpu_bind=LDMAP  - erp08, task 364 28 [86057]: mask 0x10101010101 set
cpu_bind=LDMAP  - erp08, task 363 27 [86056]: mask 0x10101010101 set
cpu_bind=LDMAP  - erp08, task 366 30 [86059]: mask 0x40404040404 set
cpu_bind=LDMAP  - erp08, task 365 29 [86058]: mask 0x10101010101 set
cpu_bind=LDMAP  - erp08, task 368 32 [86061]: mask 0x40404040404 set
cpu_bind=LDMAP  - erp08, task 367 31 [86060]: mask 0x40404040404 set
cpu_bind=LDMAP  - erp08, task 369 33 [86062]: mask 0x40404040404 set
cpu_bind=LDMAP  - erp08, task 371 35 [86064]: mask 0x40404040404 set
cpu_bind=LDMAP  - erp08, task 370 34 [86063]: mask 0x40404040404 set
cpu_bind=LDMAP  - erp08, task 372 36 [86065]: mask 0x101010101010 set
cpu_bind=LDMAP  - erp08, task 373 37 [86066]: mask 0x101010101010 set
cpu_bind=LDMAP  - erp08, task 374 38 [86067]: mask 0x101010101010 set
cpu_bind=LDMAP  - erp08, task 375 39 [86068]: mask 0x101010101010 set
cpu_bind=LDMAP  - erp08, task 376 40 [86069]: mask 0x101010101010 set
cpu_bind=LDMAP  - erp08, task 377 41 [86070]: mask 0x101010101010 set
cpu_bind=LDMAP  - erp08, task 378 42 [86071]: mask 0x404040404040 set
cpu_bind=LDMAP  - erp03, task 123 27 [113901]: mask 0x10101010101 set
cpu_bind=LDMAP  - erp03, task 124 28 [113902]: mask 0x10101010101 set
cpu_bind=LDMAP  - erp03, task 125 29 [113903]: mask 0x10101010101 set
cpu_bind=LDMAP  - erp03, task 127 31 [113905]: mask 0x40404040404 set
cpu_bind=LDMAP  - erp03, task 126 30 [113904]: mask 0x40404040404 set
cpu_bind=LDMAP  - erp03, task 128 32 [113906]: mask 0x40404040404 set
cpu_bind=LDMAP  - erp03, task 130 34 [113908]: mask 0x40404040404 set
cpu_bind=LDMAP  - erp03, task 129 33 [113907]: mask 0x40404040404 set
cpu_bind=LDMAP  - erp03, task 132 36 [113910]: mask 0x101010101010 set
cpu_bind=LDMAP  - erp03, task 131 35 [113909]: mask 0x40404040404 set
cpu_bind=LDMAP  - erp03, task 133 37 [113911]: mask 0x101010101010 set
cpu_bind=LDMAP  - erp03, task 134 38 [113912]: mask 0x101010101010 set
cpu_bind=LDMAP  - erp03, task 135 39 [113913]: mask 0x101010101010 set
cpu_bind=LDMAP  - erp03, task 136 40 [113914]: mask 0x101010101010 set
cpu_bind=LDMAP  - erp03, task 137 41 [113915]: mask 0x101010101010 set
cpu_bind=LDMAP  - erp03, task 138 42 [113916]: mask 0x404040404040 set
cpu_bind=LDMAP  - erp03, task 139 43 [113917]: mask 0x404040404040 set
cpu_bind=LDMAP  - erp03, task 140 44 [113918]: mask 0x404040404040 set
cpu_bind=LDMAP  - erp06, task 260 20 [88005]: mask 0x808080808080 set
cpu_bind=LDMAP  - erp06, task 261 21 [88006]: mask 0x808080808080 set
cpu_bind=LDMAP  - erp06, task 262 22 [88007]: mask 0x808080808080 set
cpu_bind=LDMAP  - erp06, task 263 23 [88008]: mask 0x808080808080 set
cpu_bind=LDMAP  - erp06, task 264 24 [88009]: mask 0x10101010101 set
cpu_bind=LDMAP  - erp06, task 266 26 [88011]: mask 0x10101010101 set
cpu_bind=LDMAP  - erp06, task 265 25 [88010]: mask 0x10101010101 set
cpu_bind=LDMAP  - erp06, task 267 27 [88012]: mask 0x10101010101 set
cpu_bind=LDMAP  - erp06, task 269 29 [88014]: mask 0x10101010101 set
cpu_bind=LDMAP  - erp06, task 270 30 [88015]: mask 0x40404040404 set
cpu_bind=LDMAP  - erp06, task 268 28 [88013]: mask 0x10101010101 set
cpu_bind=LDMAP  - erp06, task 273 33 [88018]: mask 0x40404040404 set
cpu_bind=LDMAP  - erp06, task 272 32 [88017]: mask 0x40404040404 set
cpu_bind=LDMAP  - erp06, task 271 31 [88016]: mask 0x40404040404 set
cpu_bind=LDMAP  - erp06, task 274 34 [88019]: mask 0x40404040404 set
cpu_bind=LDMAP  - erp06, task 275 35 [88020]: mask 0x40404040404 set
cpu_bind=LDMAP  - erp06, task 276 36 [88021]: mask 0x101010101010 set
cpu_bind=LDMAP  - erp06, task 277 37 [88022]: mask 0x101010101010 set
cpu_bind=LDMAP  - erp06, task 278 38 [88023]: mask 0x101010101010 set
cpu_bind=LDMAP  - erp05, task 239 47 [92368]: mask 0x404040404040 set
cpu_bind=LDMAP  - erp02, task 92 44 [99767]: mask 0x404040404040 set
cpu_bind=LDMAP  - erp02, task 90 42 [99765]: mask 0x404040404040 set
cpu_bind=LDMAP  - erp02, task 93 45 [99768]: mask 0x404040404040 set
cpu_bind=LDMAP  - erp02, task 94 46 [99769]: mask 0x404040404040 set
cpu_bind=LDMAP  - erp02, task 95 47 [99770]: mask 0x404040404040 set
cpu_bind=LDMAP  - erp04, task 185 41 [116102]: mask 0x101010101010 set
cpu_bind=LDMAP  - erp07, task 324 36 [89579]: mask 0x101010101010 set
cpu_bind=LDMAP  - erp04, task 188 44 [116105]: mask 0x404040404040 set
cpu_bind=LDMAP  - erp07, task 327 39 [89582]: mask 0x101010101010 set
cpu_bind=LDMAP  - erp04, task 187 43 [116104]: mask 0x404040404040 set
cpu_bind=LDMAP  - erp07, task 326 38 [89581]: mask 0x101010101010 set
cpu_bind=LDMAP  - erp04, task 186 42 [116103]: mask 0x404040404040 set
cpu_bind=LDMAP  - erp07, task 328 40 [89583]: mask 0x101010101010 set
cpu_bind=LDMAP  - erp04, task 189 45 [116106]: mask 0x404040404040 set
cpu_bind=LDMAP  - erp07, task 329 41 [89584]: mask 0x101010101010 set
cpu_bind=LDMAP  - erp04, task 191 47 [116108]: mask 0x404040404040 set
cpu_bind=LDMAP  - erp07, task 330 42 [89585]: mask 0x404040404040 set
cpu_bind=LDMAP  - erp04, task 190 46 [116107]: mask 0x404040404040 set
cpu_bind=LDMAP  - erp07, task 331 43 [89586]: mask 0x404040404040 set
cpu_bind=LDMAP  - erp07, task 332 44 [89587]: mask 0x404040404040 set
cpu_bind=LDMAP  - erp07, task 334 46 [89589]: mask 0x404040404040 set
cpu_bind=LDMAP  - erp07, task 333 45 [89588]: mask 0x404040404040 set
cpu_bind=LDMAP  - erp07, task 335 47 [89590]: mask 0x404040404040 set
cpu_bind=LDMAP  - erp08, task 379 43 [86072]: mask 0x404040404040 set
cpu_bind=LDMAP  - erp08, task 381 45 [86074]: mask 0x404040404040 set
cpu_bind=LDMAP  - erp08, task 380 44 [86073]: mask 0x404040404040 set
cpu_bind=LDMAP  - erp08, task 383 47 [86076]: mask 0x404040404040 set
cpu_bind=LDMAP  - erp08, task 382 46 [86075]: mask 0x404040404040 set
cpu_bind=LDMAP  - erp03, task 141 45 [113919]: mask 0x404040404040 set
cpu_bind=LDMAP  - erp03, task 142 46 [113920]: mask 0x404040404040 set
cpu_bind=LDMAP  - erp03, task 143 47 [113921]: mask 0x404040404040 set
cpu_bind=LDMAP  - erp06, task 279 39 [88024]: mask 0x101010101010 set
cpu_bind=LDMAP  - erp06, task 283 43 [88028]: mask 0x404040404040 set
cpu_bind=LDMAP  - erp06, task 285 45 [88030]: mask 0x404040404040 set
cpu_bind=LDMAP  - erp06, task 286 46 [88031]: mask 0x404040404040 set
cpu_bind=LDMAP  - erp06, task 282 42 [88027]: mask 0x404040404040 set
cpu_bind=LDMAP  - erp06, task 284 44 [88029]: mask 0x404040404040 set
cpu_bind=LDMAP  - erp06, task 281 41 [88026]: mask 0x101010101010 set
cpu_bind=LDMAP  - erp06, task 280 40 [88025]: mask 0x101010101010 set
cpu_bind=LDMAP  - erp06, task 287 47 [88032]: mask 0x404040404040 set

# OSU MPI Allreduce Latency Test v5.6.1
# Size       Avg Latency(us)
4                      47.63
8                      44.45
16                     43.54
32                     44.55
64                     46.06
128                    47.97
256                    54.29
512                    65.39
1024                   90.89
2048                  138.06
4096                  249.26
8192                  466.72
16384                 841.15
32768                 840.12
65536                 908.04
131072                964.38
262144               1215.97
524288               1621.80
1048576              2514.23
+ set +x
