processes 576
nodes 12
ppn 48
binding numa
+ srun --mpi=pmi2 -n 576 --cpu_bind=verbose,map_ldom=4,4,4,4,4,4,5,5,5,5,5,5,6,6,6,6,6,6,7,7,7,7,7,7,0,0,0,0,0,0,1,1,1,1,1,1,2,2,2,2,2,2,3,3,3,3,3,3 /gpfs/u/home/CCNI/CCNIsmth/barn-shared/CWS/osu-micro-benchmarks-5.6.1-erp-openmpi.4.0.1-install/libexec/osu-micro-benchmarks/mpi//collective/osu_allreduce
cpu_bind=LDMAP  - erp01, task  0  0 [34790]: mask 0x20202020202 set
cpu_bind=LDMAP  - erp01, task  1  1 [34791]: mask 0x20202020202 set
cpu_bind=LDMAP  - erp01, task  2  2 [34792]: mask 0x20202020202 set
cpu_bind=LDMAP  - erp01, task  3  3 [34793]: mask 0x20202020202 set
cpu_bind=LDMAP  - erp01, task  4  4 [34794]: mask 0x20202020202 set
cpu_bind=LDMAP  - erp01, task  5  5 [34795]: mask 0x20202020202 set
cpu_bind=LDMAP  - erp01, task  6  6 [34796]: mask 0x80808080808 set
cpu_bind=LDMAP  - erp01, task  7  7 [34797]: mask 0x80808080808 set
cpu_bind=LDMAP  - erp01, task  8  8 [34798]: mask 0x80808080808 set
cpu_bind=LDMAP  - erp01, task 10 10 [34800]: mask 0x80808080808 set
cpu_bind=LDMAP  - erp01, task  9  9 [34799]: mask 0x80808080808 set
cpu_bind=LDMAP  - erp01, task 12 12 [34802]: mask 0x202020202020 set
cpu_bind=LDMAP  - erp01, task 13 13 [34803]: mask 0x202020202020 set
cpu_bind=LDMAP  - erp01, task 11 11 [34801]: mask 0x80808080808 set
cpu_bind=LDMAP  - erp01, task 14 14 [34804]: mask 0x202020202020 set
cpu_bind=LDMAP  - erp01, task 15 15 [34805]: mask 0x202020202020 set
cpu_bind=LDMAP  - erp01, task 16 16 [34806]: mask 0x202020202020 set
cpu_bind=LDMAP  - erp01, task 17 17 [34807]: mask 0x202020202020 set
cpu_bind=LDMAP  - erp01, task 19 19 [34809]: mask 0x808080808080 set
cpu_bind=LDMAP  - erp01, task 18 18 [34808]: mask 0x808080808080 set
cpu_bind=LDMAP  - erp01, task 20 20 [34810]: mask 0x808080808080 set
cpu_bind=LDMAP  - erp01, task 21 21 [34811]: mask 0x808080808080 set
cpu_bind=LDMAP  - erp01, task 22 22 [34812]: mask 0x808080808080 set
cpu_bind=LDMAP  - erp01, task 23 23 [34813]: mask 0x808080808080 set
cpu_bind=LDMAP  - erp01, task 24 24 [34814]: mask 0x10101010101 set
cpu_bind=LDMAP  - erp01, task 25 25 [34815]: mask 0x10101010101 set
cpu_bind=LDMAP  - erp01, task 27 27 [34817]: mask 0x10101010101 set
cpu_bind=LDMAP  - erp01, task 30 30 [34820]: mask 0x40404040404 set
cpu_bind=LDMAP  - erp01, task 28 28 [34818]: mask 0x10101010101 set
cpu_bind=LDMAP  - erp01, task 31 31 [34821]: mask 0x40404040404 set
cpu_bind=LDMAP  - erp01, task 26 26 [34816]: mask 0x10101010101 set
cpu_bind=LDMAP  - erp01, task 32 32 [34822]: mask 0x40404040404 set
cpu_bind=LDMAP  - erp01, task 29 29 [34819]: mask 0x10101010101 set
cpu_bind=LDMAP  - erp01, task 34 34 [34824]: mask 0x40404040404 set
cpu_bind=LDMAP  - erp01, task 35 35 [34825]: mask 0x40404040404 set
cpu_bind=LDMAP  - erp01, task 36 36 [34826]: mask 0x101010101010 set
cpu_bind=LDMAP  - erp01, task 33 33 [34823]: mask 0x40404040404 set
cpu_bind=LDMAP  - erp01, task 38 38 [34828]: mask 0x101010101010 set
cpu_bind=LDMAP  - erp01, task 37 37 [34827]: mask 0x101010101010 set
cpu_bind=LDMAP  - erp01, task 39 39 [34829]: mask 0x101010101010 set
cpu_bind=LDMAP  - erp01, task 40 40 [34830]: mask 0x101010101010 set
cpu_bind=LDMAP  - erp01, task 41 41 [34831]: mask 0x101010101010 set
cpu_bind=LDMAP  - erp01, task 42 42 [34832]: mask 0x404040404040 set
cpu_bind=LDMAP  - erp01, task 44 44 [34834]: mask 0x404040404040 set
cpu_bind=LDMAP  - erp01, task 43 43 [34833]: mask 0x404040404040 set
cpu_bind=LDMAP  - erp01, task 47 47 [34837]: mask 0x404040404040 set
cpu_bind=LDMAP  - erp01, task 45 45 [34835]: mask 0x404040404040 set
cpu_bind=LDMAP  - erp01, task 46 46 [34836]: mask 0x404040404040 set
cpu_bind=LDMAP  - erp05, task 193  1 [92625]: mask 0x20202020202 set
cpu_bind=LDMAP  - erp05, task 194  2 [92626]: mask 0x20202020202 set
cpu_bind=LDMAP  - erp05, task 192  0 [92624]: mask 0x20202020202 set
cpu_bind=LDMAP  - erp05, task 196  4 [92628]: mask 0x20202020202 set
cpu_bind=LDMAP  - erp05, task 195  3 [92627]: mask 0x20202020202 set
cpu_bind=LDMAP  - erp05, task 197  5 [92629]: mask 0x20202020202 set
cpu_bind=LDMAP  - erp05, task 198  6 [92630]: mask 0x80808080808 set
cpu_bind=LDMAP  - erp05, task 199  7 [92631]: mask 0x80808080808 set
cpu_bind=LDMAP  - erp05, task 200  8 [92632]: mask 0x80808080808 set
cpu_bind=LDMAP  - erp05, task 201  9 [92633]: mask 0x80808080808 set
cpu_bind=LDMAP  - erp05, task 202 10 [92634]: mask 0x80808080808 set
cpu_bind=LDMAP  - erp05, task 203 11 [92635]: mask 0x80808080808 set
cpu_bind=LDMAP  - erp05, task 205 13 [92637]: mask 0x202020202020 set
cpu_bind=LDMAP  - erp05, task 206 14 [92638]: mask 0x202020202020 set
cpu_bind=LDMAP  - erp05, task 204 12 [92636]: mask 0x202020202020 set
cpu_bind=LDMAP  - erp05, task 209 17 [92641]: mask 0x202020202020 set
cpu_bind=LDMAP  - erp05, task 208 16 [92640]: mask 0x202020202020 set
cpu_bind=LDMAP  - erp05, task 207 15 [92639]: mask 0x202020202020 set
cpu_bind=LDMAP  - erp05, task 210 18 [92642]: mask 0x808080808080 set
cpu_bind=LDMAP  - erp05, task 212 20 [92644]: mask 0x808080808080 set
cpu_bind=LDMAP  - erp05, task 211 19 [92643]: mask 0x808080808080 set
cpu_bind=LDMAP  - erp05, task 213 21 [92645]: mask 0x808080808080 set
cpu_bind=LDMAP  - erp05, task 215 23 [92647]: mask 0x808080808080 set
cpu_bind=LDMAP  - erp05, task 214 22 [92646]: mask 0x808080808080 set
cpu_bind=LDMAP  - erp11, task 482  2 [92106]: mask 0x20202020202 set
cpu_bind=LDMAP  - erp11, task 481  1 [92105]: mask 0x20202020202 set
cpu_bind=LDMAP  - erp04, task 144  0 [116371]: mask 0x20202020202 set
cpu_bind=LDMAP  - erp04, task 146  2 [116373]: mask 0x20202020202 set
cpu_bind=LDMAP  - erp04, task 145  1 [116372]: mask 0x20202020202 set
cpu_bind=LDMAP  - erp11, task 480  0 [92104]: mask 0x20202020202 set
cpu_bind=LDMAP  - erp05, task 216 24 [92648]: mask 0x10101010101 set
cpu_bind=LDMAP  - erp07, task 288  0 [89857]: mask 0x20202020202 set
cpu_bind=LDMAP  - erp07, task 290  2 [89859]: mask 0x20202020202 set
cpu_bind=LDMAP  - erp07, task 289  1 [89858]: mask 0x20202020202 set
cpu_bind=LDMAP  - erp05, task 217 25 [92649]: mask 0x10101010101 set
cpu_bind=LDMAP  - erp11, task 485  5 [92109]: mask 0x20202020202 set
cpu_bind=LDMAP  - erp04, task 148  4 [116375]: mask 0x20202020202 set
cpu_bind=LDMAP  - erp07, task 293  5 [89862]: mask 0x20202020202 set
cpu_bind=LDMAP  - erp05, task 218 26 [92650]: mask 0x10101010101 set
cpu_bind=LDMAP  - erp04, task 147  3 [116374]: mask 0x20202020202 set
cpu_bind=LDMAP  - erp11, task 484  4 [92108]: mask 0x20202020202 set
cpu_bind=LDMAP  - erp07, task 291  3 [89860]: mask 0x20202020202 set
cpu_bind=LDMAP  - erp04, task 149  5 [116376]: mask 0x20202020202 set
cpu_bind=LDMAP  - erp05, task 219 27 [92651]: mask 0x10101010101 set
cpu_bind=LDMAP  - erp07, task 292  4 [89861]: mask 0x20202020202 set
cpu_bind=LDMAP  - erp11, task 486  6 [92110]: mask 0x80808080808 set
cpu_bind=LDMAP  - erp07, task 294  6 [89863]: mask 0x80808080808 set
cpu_bind=LDMAP  - erp11, task 488  8 [92112]: mask 0x80808080808 set
cpu_bind=LDMAP  - erp11, task 489  9 [92113]: mask 0x80808080808 set
cpu_bind=LDMAP  - erp11, task 487  7 [92111]: mask 0x80808080808 set
cpu_bind=LDMAP  - erp07, task 296  8 [89865]: mask 0x80808080808 set
cpu_bind=LDMAP  - erp05, task 220 28 [92652]: mask 0x10101010101 set
cpu_bind=LDMAP  - erp11, task 483  3 [92107]: mask 0x20202020202 set
cpu_bind=LDMAP  - erp11, task 492 12 [92116]: mask 0x202020202020 set
cpu_bind=LDMAP  - erp07, task 295  7 [89864]: mask 0x80808080808 set
cpu_bind=LDMAP  - erp04, task 150  6 [116377]: mask 0x80808080808 set
cpu_bind=LDMAP  - erp11, task 490 10 [92114]: mask 0x80808080808 set
cpu_bind=LDMAP  - erp11, task 491 11 [92115]: mask 0x80808080808 set
cpu_bind=LDMAP  - erp07, task 297  9 [89866]: mask 0x80808080808 set
cpu_bind=LDMAP  - erp11, task 493 13 [92117]: mask 0x202020202020 set
cpu_bind=LDMAP  - erp05, task 222 30 [92654]: mask 0x40404040404 set
cpu_bind=LDMAP  - erp05, task 221 29 [92653]: mask 0x10101010101 set
cpu_bind=LDMAP  - erp04, task 151  7 [116378]: mask 0x80808080808 set
cpu_bind=LDMAP  - erp04, task 152  8 [116379]: mask 0x80808080808 set
cpu_bind=LDMAP  - erp07, task 299 11 [89868]: mask 0x80808080808 set
cpu_bind=LDMAP  - erp07, task 301 13 [89870]: mask 0x202020202020 set
cpu_bind=LDMAP  - erp11, task 495 15 [92119]: mask 0x202020202020 set
cpu_bind=LDMAP  - erp05, task 223 31 [92655]: mask 0x40404040404 set
cpu_bind=LDMAP  - erp02, task 50  2 [100031]: mask 0x20202020202 set
cpu_bind=LDMAP  - erp02, task 48  0 [100029]: mask 0x20202020202 set
cpu_bind=LDMAP  - erp07, task 300 12 [89869]: mask 0x202020202020 set
cpu_bind=LDMAP  - erp11, task 494 14 [92118]: mask 0x202020202020 set
cpu_bind=LDMAP  - erp04, task 159 15 [116386]: mask 0x202020202020 set
cpu_bind=LDMAP  - erp02, task 49  1 [100030]: mask 0x20202020202 set
cpu_bind=LDMAP  - erp07, task 298 10 [89867]: mask 0x80808080808 set
cpu_bind=LDMAP  - erp07, task 302 14 [89871]: mask 0x202020202020 set
cpu_bind=LDMAP  - erp04, task 156 12 [116383]: mask 0x202020202020 set
cpu_bind=LDMAP  - erp07, task 303 15 [89872]: mask 0x202020202020 set
cpu_bind=LDMAP  - erp11, task 496 16 [92120]: mask 0x202020202020 set
cpu_bind=LDMAP  - erp04, task 157 13 [116384]: mask 0x202020202020 set
cpu_bind=LDMAP  - erp05, task 224 32 [92656]: mask 0x40404040404 set
cpu_bind=LDMAP  - erp04, task 155 11 [116382]: mask 0x80808080808 set
cpu_bind=LDMAP  - erp04, task 160 16 [116387]: mask 0x202020202020 set
cpu_bind=LDMAP  - erp02, task 51  3 [100032]: mask 0x20202020202 set
cpu_bind=LDMAP  - erp04, task 154 10 [116381]: mask 0x80808080808 set
cpu_bind=LDMAP  - erp11, task 497 17 [92121]: mask 0x202020202020 set
cpu_bind=LDMAP  - erp02, task 52  4 [100033]: mask 0x20202020202 set
cpu_bind=LDMAP  - erp11, task 498 18 [92122]: mask 0x808080808080 set
cpu_bind=LDMAP  - erp07, task 305 17 [89874]: mask 0x202020202020 set
cpu_bind=LDMAP  - erp02, task 53  5 [100034]: mask 0x20202020202 set
cpu_bind=LDMAP  - erp07, task 304 16 [89873]: mask 0x202020202020 set
cpu_bind=LDMAP  - erp04, task 153  9 [116380]: mask 0x80808080808 set
cpu_bind=LDMAP  - erp05, task 225 33 [92657]: mask 0x40404040404 set
cpu_bind=LDMAP  - erp04, task 158 14 [116385]: mask 0x202020202020 set
cpu_bind=LDMAP  - erp05, task 226 34 [92658]: mask 0x40404040404 set
cpu_bind=LDMAP  - erp07, task 306 18 [89875]: mask 0x808080808080 set
cpu_bind=LDMAP  - erp04, task 161 17 [116388]: mask 0x202020202020 set
cpu_bind=LDMAP  - erp05, task 227 35 [92659]: mask 0x40404040404 set
cpu_bind=LDMAP  - erp04, task 162 18 [116389]: mask 0x808080808080 set
cpu_bind=LDMAP  - erp11, task 500 20 [92124]: mask 0x808080808080 set
cpu_bind=LDMAP  - erp07, task 308 20 [89877]: mask 0x808080808080 set
cpu_bind=LDMAP  - erp02, task 54  6 [100035]: mask 0x80808080808 set
cpu_bind=LDMAP  - erp11, task 499 19 [92123]: mask 0x808080808080 set
cpu_bind=LDMAP  - erp07, task 307 19 [89876]: mask 0x808080808080 set
cpu_bind=LDMAP  - erp02, task 55  7 [100036]: mask 0x80808080808 set
cpu_bind=LDMAP  - erp11, task 501 21 [92125]: mask 0x808080808080 set
cpu_bind=LDMAP  - erp07, task 309 21 [89878]: mask 0x808080808080 set
cpu_bind=LDMAP  - erp02, task 56  8 [100037]: mask 0x80808080808 set
cpu_bind=LDMAP  - erp05, task 228 36 [92660]: mask 0x101010101010 set
cpu_bind=LDMAP  - erp11, task 502 22 [92126]: mask 0x808080808080 set
cpu_bind=LDMAP  - erp07, task 310 22 [89879]: mask 0x808080808080 set
cpu_bind=LDMAP  - erp02, task 60 12 [100041]: mask 0x202020202020 set
cpu_bind=LDMAP  - erp05, task 229 37 [92661]: mask 0x101010101010 set
cpu_bind=LDMAP  - erp11, task 503 23 [92127]: mask 0x808080808080 set
cpu_bind=LDMAP  - erp07, task 311 23 [89880]: mask 0x808080808080 set
cpu_bind=LDMAP  - erp02, task 62 14 [100043]: mask 0x202020202020 set
cpu_bind=LDMAP  - erp05, task 230 38 [92662]: mask 0x101010101010 set
cpu_bind=LDMAP  - erp11, task 505 25 [92129]: mask 0x10101010101 set
cpu_bind=LDMAP  - erp07, task 312 24 [89881]: mask 0x10101010101 set
cpu_bind=LDMAP  - erp02, task 57  9 [100038]: mask 0x80808080808 set
cpu_bind=LDMAP  - erp05, task 231 39 [92663]: mask 0x101010101010 set
cpu_bind=LDMAP  - erp04, task 164 20 [116391]: mask 0x808080808080 set
cpu_bind=LDMAP  - erp11, task 506 26 [92130]: mask 0x10101010101 set
cpu_bind=LDMAP  - erp07, task 313 25 [89882]: mask 0x10101010101 set
cpu_bind=LDMAP  - erp02, task 61 13 [100042]: mask 0x202020202020 set
cpu_bind=LDMAP  - erp05, task 233 41 [92665]: mask 0x101010101010 set
cpu_bind=LDMAP  - erp04, task 163 19 [116390]: mask 0x808080808080 set
cpu_bind=LDMAP  - erp11, task 507 27 [92131]: mask 0x10101010101 set
cpu_bind=LDMAP  - erp07, task 314 26 [89883]: mask 0x10101010101 set
cpu_bind=LDMAP  - erp02, task 58 10 [100039]: mask 0x80808080808 set
cpu_bind=LDMAP  - erp05, task 232 40 [92664]: mask 0x101010101010 set
cpu_bind=LDMAP  - erp04, task 165 21 [116392]: mask 0x808080808080 set
cpu_bind=LDMAP  - erp11, task 508 28 [92132]: mask 0x10101010101 set
cpu_bind=LDMAP  - erp07, task 315 27 [89884]: mask 0x10101010101 set
cpu_bind=LDMAP  - erp02, task 65 17 [100046]: mask 0x202020202020 set
cpu_bind=LDMAP  - erp05, task 234 42 [92666]: mask 0x404040404040 set
cpu_bind=LDMAP  - erp04, task 168 24 [116395]: mask 0x10101010101 set
cpu_bind=LDMAP  - erp11, task 504 24 [92128]: mask 0x10101010101 set
cpu_bind=LDMAP  - erp07, task 316 28 [89885]: mask 0x10101010101 set
cpu_bind=LDMAP  - erp02, task 59 11 [100040]: mask 0x80808080808 set
cpu_bind=LDMAP  - erp05, task 235 43 [92667]: mask 0x404040404040 set
cpu_bind=LDMAP  - erp04, task 166 22 [116393]: mask 0x808080808080 set
cpu_bind=LDMAP  - erp11, task 509 29 [92133]: mask 0x10101010101 set
cpu_bind=LDMAP  - erp07, task 317 29 [89886]: mask 0x10101010101 set
cpu_bind=LDMAP  - erp05, task 238 46 [92670]: mask 0x404040404040 set
cpu_bind=LDMAP  - erp04, task 167 23 [116394]: mask 0x808080808080 set
cpu_bind=LDMAP  - erp11, task 510 30 [92134]: mask 0x40404040404 set
cpu_bind=LDMAP  - erp07, task 319 31 [89888]: mask 0x40404040404 set
cpu_bind=LDMAP  - erp05, task 239 47 [92671]: mask 0x404040404040 set
cpu_bind=LDMAP  - erp04, task 169 25 [116396]: mask 0x10101010101 set
cpu_bind=LDMAP  - erp11, task 513 33 [92137]: mask 0x40404040404 set
cpu_bind=LDMAP  - erp07, task 318 30 [89887]: mask 0x40404040404 set
cpu_bind=LDMAP  - erp05, task 236 44 [92668]: mask 0x404040404040 set
cpu_bind=LDMAP  - erp04, task 170 26 [116397]: mask 0x10101010101 set
cpu_bind=LDMAP  - erp11, task 516 36 [92140]: mask 0x101010101010 set
cpu_bind=LDMAP  - erp07, task 321 33 [89890]: mask 0x40404040404 set
cpu_bind=LDMAP  - erp02, task 64 16 [100045]: mask 0x202020202020 set
cpu_bind=LDMAP  - erp05, task 237 45 [92669]: mask 0x404040404040 set
cpu_bind=LDMAP  - erp04, task 171 27 [116398]: mask 0x10101010101 set
cpu_bind=LDMAP  - erp11, task 512 32 [92136]: mask 0x40404040404 set
cpu_bind=LDMAP  - erp07, task 320 32 [89889]: mask 0x40404040404 set
cpu_bind=LDMAP  - erp02, task 63 15 [100044]: mask 0x202020202020 set
cpu_bind=LDMAP  - erp04, task 172 28 [116399]: mask 0x10101010101 set
cpu_bind=LDMAP  - erp11, task 515 35 [92139]: mask 0x40404040404 set
cpu_bind=LDMAP  - erp07, task 322 34 [89891]: mask 0x40404040404 set
cpu_bind=LDMAP  - erp02, task 66 18 [100047]: mask 0x808080808080 set
cpu_bind=LDMAP  - erp04, task 173 29 [116400]: mask 0x10101010101 set
cpu_bind=LDMAP  - erp11, task 514 34 [92138]: mask 0x40404040404 set
cpu_bind=LDMAP  - erp07, task 323 35 [89892]: mask 0x40404040404 set
cpu_bind=LDMAP  - erp02, task 68 20 [100049]: mask 0x808080808080 set
cpu_bind=LDMAP  - erp04, task 174 30 [116401]: mask 0x40404040404 set
cpu_bind=LDMAP  - erp11, task 518 38 [92142]: mask 0x101010101010 set
cpu_bind=LDMAP  - erp07, task 325 37 [89894]: mask 0x101010101010 set
cpu_bind=LDMAP  - erp02, task 67 19 [100048]: mask 0x808080808080 set
cpu_bind=LDMAP  - erp04, task 176 32 [116403]: mask 0x40404040404 set
cpu_bind=LDMAP  - erp11, task 517 37 [92141]: mask 0x101010101010 set
cpu_bind=LDMAP  - erp07, task 324 36 [89893]: mask 0x101010101010 set
cpu_bind=LDMAP  - erp02, task 69 21 [100050]: mask 0x808080808080 set
cpu_bind=LDMAP  - erp04, task 175 31 [116402]: mask 0x40404040404 set
cpu_bind=LDMAP  - erp11, task 511 31 [92135]: mask 0x40404040404 set
cpu_bind=LDMAP  - erp07, task 326 38 [89895]: mask 0x101010101010 set
cpu_bind=LDMAP  - erp02, task 70 22 [100051]: mask 0x808080808080 set
cpu_bind=LDMAP  - erp04, task 177 33 [116404]: mask 0x40404040404 set
cpu_bind=LDMAP  - erp02, task 71 23 [100052]: mask 0x808080808080 set
cpu_bind=LDMAP  - erp04, task 178 34 [116405]: mask 0x40404040404 set
cpu_bind=LDMAP  - erp02, task 72 24 [100053]: mask 0x10101010101 set
cpu_bind=LDMAP  - erp04, task 180 36 [116407]: mask 0x101010101010 set
cpu_bind=LDMAP  - erp04, task 179 35 [116406]: mask 0x40404040404 set
cpu_bind=LDMAP  - erp11, task 519 39 [92143]: mask 0x101010101010 set
cpu_bind=LDMAP  - erp11, task 520 40 [92144]: mask 0x101010101010 set
cpu_bind=LDMAP  - erp02, task 73 25 [100054]: mask 0x10101010101 set
cpu_bind=LDMAP  - erp11, task 521 41 [92145]: mask 0x101010101010 set
cpu_bind=LDMAP  - erp07, task 329 41 [89898]: mask 0x101010101010 set
cpu_bind=LDMAP  - erp11, task 522 42 [92146]: mask 0x404040404040 set
cpu_bind=LDMAP  - erp07, task 327 39 [89896]: mask 0x101010101010 set
cpu_bind=LDMAP  - erp07, task 328 40 [89897]: mask 0x101010101010 set
cpu_bind=LDMAP  - erp04, task 181 37 [116408]: mask 0x101010101010 set
cpu_bind=LDMAP  - erp07, task 332 44 [89901]: mask 0x404040404040 set
cpu_bind=LDMAP  - erp11, task 525 45 [92149]: mask 0x404040404040 set
cpu_bind=LDMAP  - erp07, task 331 43 [89900]: mask 0x404040404040 set
cpu_bind=LDMAP  - erp11, task 524 44 [92148]: mask 0x404040404040 set
cpu_bind=LDMAP  - erp07, task 334 46 [89903]: mask 0x404040404040 set
cpu_bind=LDMAP  - erp04, task 182 38 [116409]: mask 0x101010101010 set
cpu_bind=LDMAP  - erp07, task 335 47 [89904]: mask 0x404040404040 set
cpu_bind=LDMAP  - erp07, task 330 42 [89899]: mask 0x404040404040 set
cpu_bind=LDMAP  - erp04, task 183 39 [116410]: mask 0x101010101010 set
cpu_bind=LDMAP  - erp11, task 523 43 [92147]: mask 0x404040404040 set
cpu_bind=LDMAP  - erp02, task 77 29 [100058]: mask 0x10101010101 set
cpu_bind=LDMAP  - erp11, task 526 46 [92150]: mask 0x404040404040 set
cpu_bind=LDMAP  - erp02, task 76 28 [100057]: mask 0x10101010101 set
cpu_bind=LDMAP  - erp02, task 78 30 [100059]: mask 0x40404040404 set
cpu_bind=LDMAP  - erp07, task 333 45 [89902]: mask 0x404040404040 set
cpu_bind=LDMAP  - erp11, task 527 47 [92151]: mask 0x404040404040 set
cpu_bind=LDMAP  - erp02, task 74 26 [100055]: mask 0x10101010101 set
cpu_bind=LDMAP  - erp02, task 75 27 [100056]: mask 0x10101010101 set
cpu_bind=LDMAP  - erp02, task 80 32 [100061]: mask 0x40404040404 set
cpu_bind=LDMAP  - erp04, task 184 40 [116411]: mask 0x101010101010 set
cpu_bind=LDMAP  - erp04, task 186 42 [116413]: mask 0x404040404040 set
cpu_bind=LDMAP  - erp02, task 79 31 [100060]: mask 0x40404040404 set
cpu_bind=LDMAP  - erp02, task 81 33 [100062]: mask 0x40404040404 set
cpu_bind=LDMAP  - erp04, task 187 43 [116414]: mask 0x404040404040 set
cpu_bind=LDMAP  - erp04, task 185 41 [116412]: mask 0x101010101010 set
cpu_bind=LDMAP  - erp02, task 82 34 [100063]: mask 0x40404040404 set
cpu_bind=LDMAP  - erp04, task 189 45 [116416]: mask 0x404040404040 set
cpu_bind=LDMAP  - erp04, task 188 44 [116415]: mask 0x404040404040 set
cpu_bind=LDMAP  - erp04, task 190 46 [116417]: mask 0x404040404040 set
cpu_bind=LDMAP  - erp02, task 83 35 [100064]: mask 0x40404040404 set
cpu_bind=LDMAP  - erp12, task 528  0 [117254]: mask 0x20202020202 set
cpu_bind=LDMAP  - erp12, task 529  1 [117255]: mask 0x20202020202 set
cpu_bind=LDMAP  - erp04, task 191 47 [116418]: mask 0x404040404040 set
cpu_bind=LDMAP  - erp12, task 530  2 [117256]: mask 0x20202020202 set
cpu_bind=LDMAP  - erp12, task 533  5 [117259]: mask 0x20202020202 set
cpu_bind=LDMAP  - erp02, task 86 38 [100067]: mask 0x101010101010 set
cpu_bind=LDMAP  - erp02, task 85 37 [100066]: mask 0x101010101010 set
cpu_bind=LDMAP  - erp02, task 84 36 [100065]: mask 0x101010101010 set
cpu_bind=LDMAP  - erp12, task 531  3 [117257]: mask 0x20202020202 set
cpu_bind=LDMAP  - erp12, task 534  6 [117260]: mask 0x80808080808 set
cpu_bind=LDMAP  - erp12, task 536  8 [117262]: mask 0x80808080808 set
cpu_bind=LDMAP  - erp12, task 532  4 [117258]: mask 0x20202020202 set
cpu_bind=LDMAP  - erp12, task 535  7 [117261]: mask 0x80808080808 set
cpu_bind=LDMAP  - erp02, task 87 39 [100068]: mask 0x101010101010 set
cpu_bind=LDMAP  - erp02, task 88 40 [100069]: mask 0x101010101010 set
cpu_bind=LDMAP  - erp02, task 89 41 [100070]: mask 0x101010101010 set
cpu_bind=LDMAP  - erp12, task 537  9 [117263]: mask 0x80808080808 set
cpu_bind=LDMAP  - erp02, task 90 42 [100071]: mask 0x404040404040 set
cpu_bind=LDMAP  - erp02, task 91 43 [100072]: mask 0x404040404040 set
cpu_bind=LDMAP  - erp02, task 93 45 [100074]: mask 0x404040404040 set
cpu_bind=LDMAP  - erp12, task 538 10 [117264]: mask 0x80808080808 set
cpu_bind=LDMAP  - erp02, task 92 44 [100073]: mask 0x404040404040 set
cpu_bind=LDMAP  - erp12, task 540 12 [117266]: mask 0x202020202020 set
cpu_bind=LDMAP  - erp12, task 542 14 [117268]: mask 0x202020202020 set
cpu_bind=LDMAP  - erp02, task 94 46 [100075]: mask 0x404040404040 set
cpu_bind=LDMAP  - erp12, task 539 11 [117265]: mask 0x80808080808 set
cpu_bind=LDMAP  - erp12, task 541 13 [117267]: mask 0x202020202020 set
cpu_bind=LDMAP  - erp02, task 95 47 [100076]: mask 0x404040404040 set
cpu_bind=LDMAP  - erp12, task 544 16 [117270]: mask 0x202020202020 set
cpu_bind=LDMAP  - erp12, task 543 15 [117269]: mask 0x202020202020 set
cpu_bind=LDMAP  - erp12, task 545 17 [117271]: mask 0x202020202020 set
cpu_bind=LDMAP  - erp12, task 546 18 [117272]: mask 0x808080808080 set
cpu_bind=LDMAP  - erp12, task 548 20 [117274]: mask 0x808080808080 set
cpu_bind=LDMAP  - erp12, task 549 21 [117275]: mask 0x808080808080 set
cpu_bind=LDMAP  - erp12, task 547 19 [117273]: mask 0x808080808080 set
cpu_bind=LDMAP  - erp12, task 550 22 [117276]: mask 0x808080808080 set
cpu_bind=LDMAP  - erp12, task 551 23 [117277]: mask 0x808080808080 set
cpu_bind=LDMAP  - erp12, task 552 24 [117278]: mask 0x10101010101 set
cpu_bind=LDMAP  - erp12, task 553 25 [117279]: mask 0x10101010101 set
cpu_bind=LDMAP  - erp12, task 555 27 [117281]: mask 0x10101010101 set
cpu_bind=LDMAP  - erp12, task 554 26 [117280]: mask 0x10101010101 set
cpu_bind=LDMAP  - erp12, task 556 28 [117282]: mask 0x10101010101 set
cpu_bind=LDMAP  - erp12, task 557 29 [117283]: mask 0x10101010101 set
cpu_bind=LDMAP  - erp12, task 558 30 [117284]: mask 0x40404040404 set
cpu_bind=LDMAP  - erp12, task 560 32 [117286]: mask 0x40404040404 set
cpu_bind=LDMAP  - erp12, task 559 31 [117285]: mask 0x40404040404 set
cpu_bind=LDMAP  - erp12, task 561 33 [117287]: mask 0x40404040404 set
cpu_bind=LDMAP  - erp12, task 563 35 [117289]: mask 0x40404040404 set
cpu_bind=LDMAP  - erp12, task 562 34 [117288]: mask 0x40404040404 set
cpu_bind=LDMAP  - erp12, task 565 37 [117291]: mask 0x101010101010 set
cpu_bind=LDMAP  - erp12, task 564 36 [117290]: mask 0x101010101010 set
cpu_bind=LDMAP  - erp12, task 567 39 [117293]: mask 0x101010101010 set
cpu_bind=LDMAP  - erp12, task 566 38 [117292]: mask 0x101010101010 set
cpu_bind=LDMAP  - erp12, task 568 40 [117294]: mask 0x101010101010 set
cpu_bind=LDMAP  - erp12, task 569 41 [117295]: mask 0x101010101010 set
cpu_bind=LDMAP  - erp12, task 571 43 [117297]: mask 0x404040404040 set
cpu_bind=LDMAP  - erp12, task 570 42 [117296]: mask 0x404040404040 set
cpu_bind=LDMAP  - erp12, task 573 45 [117299]: mask 0x404040404040 set
cpu_bind=LDMAP  - erp12, task 572 44 [117298]: mask 0x404040404040 set
cpu_bind=LDMAP  - erp12, task 574 46 [117300]: mask 0x404040404040 set
cpu_bind=LDMAP  - erp12, task 575 47 [117301]: mask 0x404040404040 set
cpu_bind=LDMAP  - erp08, task 338  2 [86354]: mask 0x20202020202 set
cpu_bind=LDMAP  - erp10, task 433  1 [85020]: mask 0x20202020202 set
cpu_bind=LDMAP  - erp08, task 337  1 [86353]: mask 0x20202020202 set
cpu_bind=LDMAP  - erp10, task 434  2 [85021]: mask 0x20202020202 set
cpu_bind=LDMAP  - erp08, task 336  0 [86352]: mask 0x20202020202 set
cpu_bind=LDMAP  - erp10, task 432  0 [85019]: mask 0x20202020202 set
cpu_bind=LDMAP  - erp08, task 340  4 [86356]: mask 0x20202020202 set
cpu_bind=LDMAP  - erp10, task 436  4 [85023]: mask 0x20202020202 set
cpu_bind=LDMAP  - erp08, task 341  5 [86357]: mask 0x20202020202 set
cpu_bind=LDMAP  - erp10, task 437  5 [85024]: mask 0x20202020202 set
cpu_bind=LDMAP  - erp08, task 342  6 [86358]: mask 0x80808080808 set
cpu_bind=LDMAP  - erp10, task 435  3 [85022]: mask 0x20202020202 set
cpu_bind=LDMAP  - erp08, task 339  3 [86355]: mask 0x20202020202 set
cpu_bind=LDMAP  - erp10, task 440  8 [85027]: mask 0x80808080808 set
cpu_bind=LDMAP  - erp08, task 345  9 [86361]: mask 0x80808080808 set
cpu_bind=LDMAP  - erp10, task 439  7 [85026]: mask 0x80808080808 set
cpu_bind=LDMAP  - erp08, task 343  7 [86359]: mask 0x80808080808 set
cpu_bind=LDMAP  - erp10, task 438  6 [85025]: mask 0x80808080808 set
cpu_bind=LDMAP  - erp08, task 344  8 [86360]: mask 0x80808080808 set
cpu_bind=LDMAP  - erp08, task 346 10 [86362]: mask 0x80808080808 set
cpu_bind=LDMAP  - erp08, task 347 11 [86363]: mask 0x80808080808 set
cpu_bind=LDMAP  - erp08, task 348 12 [86364]: mask 0x202020202020 set
cpu_bind=LDMAP  - erp08, task 350 14 [86366]: mask 0x202020202020 set
cpu_bind=LDMAP  - erp08, task 349 13 [86365]: mask 0x202020202020 set
cpu_bind=LDMAP  - erp08, task 351 15 [86367]: mask 0x202020202020 set
cpu_bind=LDMAP  - erp08, task 352 16 [86368]: mask 0x202020202020 set
cpu_bind=LDMAP  - erp08, task 353 17 [86369]: mask 0x202020202020 set
cpu_bind=LDMAP  - erp08, task 355 19 [86371]: mask 0x808080808080 set
cpu_bind=LDMAP  - erp08, task 356 20 [86372]: mask 0x808080808080 set
cpu_bind=LDMAP  - erp08, task 354 18 [86370]: mask 0x808080808080 set
cpu_bind=LDMAP  - erp08, task 358 22 [86374]: mask 0x808080808080 set
cpu_bind=LDMAP  - erp10, task 442 10 [85029]: mask 0x80808080808 set
cpu_bind=LDMAP  - erp08, task 357 21 [86373]: mask 0x808080808080 set
cpu_bind=LDMAP  - erp08, task 360 24 [86376]: mask 0x10101010101 set
cpu_bind=LDMAP  - erp08, task 359 23 [86375]: mask 0x808080808080 set
cpu_bind=LDMAP  - erp08, task 363 27 [86379]: mask 0x10101010101 set
cpu_bind=LDMAP  - erp08, task 362 26 [86378]: mask 0x10101010101 set
cpu_bind=LDMAP  - erp08, task 361 25 [86377]: mask 0x10101010101 set
cpu_bind=LDMAP  - erp08, task 364 28 [86380]: mask 0x10101010101 set
cpu_bind=LDMAP  - erp08, task 366 30 [86382]: mask 0x40404040404 set
cpu_bind=LDMAP  - erp08, task 365 29 [86381]: mask 0x10101010101 set
cpu_bind=LDMAP  - erp08, task 367 31 [86383]: mask 0x40404040404 set
cpu_bind=LDMAP  - erp08, task 368 32 [86384]: mask 0x40404040404 set
cpu_bind=LDMAP  - erp10, task 441  9 [85028]: mask 0x80808080808 set
cpu_bind=LDMAP  - erp08, task 369 33 [86385]: mask 0x40404040404 set
cpu_bind=LDMAP  - erp10, task 443 11 [85030]: mask 0x80808080808 set
cpu_bind=LDMAP  - erp08, task 370 34 [86386]: mask 0x40404040404 set
cpu_bind=LDMAP  - erp10, task 444 12 [85031]: mask 0x202020202020 set
cpu_bind=LDMAP  - erp08, task 371 35 [86387]: mask 0x40404040404 set
cpu_bind=LDMAP  - erp08, task 372 36 [86388]: mask 0x101010101010 set
cpu_bind=LDMAP  - erp10, task 445 13 [85032]: mask 0x202020202020 set
cpu_bind=LDMAP  - erp09, task 385  1 [85677]: mask 0x20202020202 set
cpu_bind=LDMAP  - erp06, task 244  4 [88292]: mask 0x20202020202 set
cpu_bind=LDMAP  - erp10, task 446 14 [85033]: mask 0x202020202020 set
cpu_bind=LDMAP  - erp09, task 386  2 [85678]: mask 0x20202020202 set
cpu_bind=LDMAP  - erp06, task 245  5 [88293]: mask 0x20202020202 set
cpu_bind=LDMAP  - erp08, task 373 37 [86389]: mask 0x101010101010 set
cpu_bind=LDMAP  - erp10, task 447 15 [85034]: mask 0x202020202020 set
cpu_bind=LDMAP  - erp09, task 384  0 [85676]: mask 0x20202020202 set
cpu_bind=LDMAP  - erp06, task 243  3 [88291]: mask 0x20202020202 set
cpu_bind=LDMAP  - erp08, task 375 39 [86391]: mask 0x101010101010 set
cpu_bind=LDMAP  - erp09, task 390  6 [85682]: mask 0x80808080808 set
cpu_bind=LDMAP  - erp06, task 240  0 [88288]: mask 0x20202020202 set
cpu_bind=LDMAP  - erp08, task 374 38 [86390]: mask 0x101010101010 set
cpu_bind=LDMAP  - erp10, task 448 16 [85035]: mask 0x202020202020 set
cpu_bind=LDMAP  - erp09, task 387  3 [85679]: mask 0x20202020202 set
cpu_bind=LDMAP  - erp06, task 241  1 [88289]: mask 0x20202020202 set
cpu_bind=LDMAP  - erp08, task 376 40 [86392]: mask 0x101010101010 set
cpu_bind=LDMAP  - erp10, task 449 17 [85036]: mask 0x202020202020 set
cpu_bind=LDMAP  - erp09, task 388  4 [85680]: mask 0x20202020202 set
cpu_bind=LDMAP  - erp06, task 242  2 [88290]: mask 0x20202020202 set
cpu_bind=LDMAP  - erp08, task 377 41 [86393]: mask 0x101010101010 set
cpu_bind=LDMAP  - erp10, task 451 19 [85038]: mask 0x808080808080 set
cpu_bind=LDMAP  - erp09, task 389  5 [85681]: mask 0x20202020202 set
cpu_bind=LDMAP  - erp06, task 248  8 [88296]: mask 0x80808080808 set
cpu_bind=LDMAP  - erp08, task 379 43 [86395]: mask 0x404040404040 set
cpu_bind=LDMAP  - erp10, task 450 18 [85037]: mask 0x808080808080 set
cpu_bind=LDMAP  - erp09, task 391  7 [85683]: mask 0x80808080808 set
cpu_bind=LDMAP  - erp06, task 247  7 [88295]: mask 0x80808080808 set
cpu_bind=LDMAP  - erp08, task 378 42 [86394]: mask 0x404040404040 set
cpu_bind=LDMAP  - erp10, task 452 20 [85039]: mask 0x808080808080 set
cpu_bind=LDMAP  - erp09, task 392  8 [85684]: mask 0x80808080808 set
cpu_bind=LDMAP  - erp06, task 246  6 [88294]: mask 0x80808080808 set
cpu_bind=LDMAP  - erp08, task 380 44 [86396]: mask 0x404040404040 set
cpu_bind=LDMAP  - erp10, task 453 21 [85040]: mask 0x808080808080 set
cpu_bind=LDMAP  - erp09, task 393  9 [85685]: mask 0x80808080808 set
cpu_bind=LDMAP  - erp06, task 249  9 [88297]: mask 0x80808080808 set
cpu_bind=LDMAP  - erp08, task 383 47 [86399]: mask 0x404040404040 set
cpu_bind=LDMAP  - erp10, task 455 23 [85042]: mask 0x808080808080 set
cpu_bind=LDMAP  - erp09, task 394 10 [85686]: mask 0x80808080808 set
cpu_bind=LDMAP  - erp06, task 250 10 [88298]: mask 0x80808080808 set
cpu_bind=LDMAP  - erp08, task 382 46 [86398]: mask 0x404040404040 set
cpu_bind=LDMAP  - erp10, task 454 22 [85041]: mask 0x808080808080 set
cpu_bind=LDMAP  - erp09, task 395 11 [85687]: mask 0x80808080808 set
cpu_bind=LDMAP  - erp06, task 252 12 [88300]: mask 0x202020202020 set
cpu_bind=LDMAP  - erp08, task 381 45 [86397]: mask 0x404040404040 set
cpu_bind=LDMAP  - erp10, task 456 24 [85043]: mask 0x10101010101 set
cpu_bind=LDMAP  - erp09, task 397 13 [85689]: mask 0x202020202020 set
cpu_bind=LDMAP  - erp06, task 251 11 [88299]: mask 0x80808080808 set
cpu_bind=LDMAP  - erp10, task 457 25 [85044]: mask 0x10101010101 set
cpu_bind=LDMAP  - erp06, task 253 13 [88301]: mask 0x202020202020 set
cpu_bind=LDMAP  - erp10, task 458 26 [85045]: mask 0x10101010101 set
cpu_bind=LDMAP  - erp06, task 255 15 [88303]: mask 0x202020202020 set
cpu_bind=LDMAP  - erp10, task 459 27 [85046]: mask 0x10101010101 set
cpu_bind=LDMAP  - erp06, task 254 14 [88302]: mask 0x202020202020 set
cpu_bind=LDMAP  - erp10, task 461 29 [85048]: mask 0x10101010101 set
cpu_bind=LDMAP  - erp10, task 463 31 [85050]: mask 0x40404040404 set
cpu_bind=LDMAP  - erp10, task 460 28 [85047]: mask 0x10101010101 set
cpu_bind=LDMAP  - erp10, task 462 30 [85049]: mask 0x40404040404 set
cpu_bind=LDMAP  - erp09, task 396 12 [85688]: mask 0x202020202020 set
cpu_bind=LDMAP  - erp03, task 97  1 [114213]: mask 0x20202020202 set
cpu_bind=LDMAP  - erp06, task 256 16 [88304]: mask 0x202020202020 set
cpu_bind=LDMAP  - erp06, task 258 18 [88306]: mask 0x808080808080 set
cpu_bind=LDMAP  - erp06, task 257 17 [88305]: mask 0x202020202020 set
cpu_bind=LDMAP  - erp06, task 260 20 [88308]: mask 0x808080808080 set
cpu_bind=LDMAP  - erp06, task 259 19 [88307]: mask 0x808080808080 set
cpu_bind=LDMAP  - erp06, task 261 21 [88309]: mask 0x808080808080 set
cpu_bind=LDMAP  - erp06, task 262 22 [88310]: mask 0x808080808080 set
cpu_bind=LDMAP  - erp06, task 263 23 [88311]: mask 0x808080808080 set
cpu_bind=LDMAP  - erp06, task 264 24 [88312]: mask 0x10101010101 set
cpu_bind=LDMAP  - erp06, task 265 25 [88313]: mask 0x10101010101 set
cpu_bind=LDMAP  - erp06, task 266 26 [88314]: mask 0x10101010101 set
cpu_bind=LDMAP  - erp06, task 267 27 [88315]: mask 0x10101010101 set
cpu_bind=LDMAP  - erp06, task 268 28 [88316]: mask 0x10101010101 set
cpu_bind=LDMAP  - erp06, task 269 29 [88317]: mask 0x10101010101 set
cpu_bind=LDMAP  - erp06, task 271 31 [88319]: mask 0x40404040404 set
cpu_bind=LDMAP  - erp06, task 270 30 [88318]: mask 0x40404040404 set
cpu_bind=LDMAP  - erp06, task 272 32 [88320]: mask 0x40404040404 set
cpu_bind=LDMAP  - erp06, task 274 34 [88322]: mask 0x40404040404 set
cpu_bind=LDMAP  - erp06, task 275 35 [88323]: mask 0x40404040404 set
cpu_bind=LDMAP  - erp09, task 398 14 [85690]: mask 0x202020202020 set
cpu_bind=LDMAP  - erp09, task 399 15 [85691]: mask 0x202020202020 set
cpu_bind=LDMAP  - erp09, task 401 17 [85693]: mask 0x202020202020 set
cpu_bind=LDMAP  - erp09, task 402 18 [85694]: mask 0x808080808080 set
cpu_bind=LDMAP  - erp09, task 400 16 [85692]: mask 0x202020202020 set
cpu_bind=LDMAP  - erp09, task 403 19 [85695]: mask 0x808080808080 set
cpu_bind=LDMAP  - erp09, task 405 21 [85697]: mask 0x808080808080 set
cpu_bind=LDMAP  - erp09, task 404 20 [85696]: mask 0x808080808080 set
cpu_bind=LDMAP  - erp09, task 406 22 [85698]: mask 0x808080808080 set
cpu_bind=LDMAP  - erp09, task 407 23 [85699]: mask 0x808080808080 set
cpu_bind=LDMAP  - erp09, task 408 24 [85700]: mask 0x10101010101 set
cpu_bind=LDMAP  - erp09, task 409 25 [85701]: mask 0x10101010101 set
cpu_bind=LDMAP  - erp09, task 410 26 [85702]: mask 0x10101010101 set
cpu_bind=LDMAP  - erp09, task 411 27 [85703]: mask 0x10101010101 set
cpu_bind=LDMAP  - erp09, task 413 29 [85705]: mask 0x10101010101 set
cpu_bind=LDMAP  - erp09, task 414 30 [85706]: mask 0x40404040404 set
cpu_bind=LDMAP  - erp09, task 412 28 [85704]: mask 0x10101010101 set
cpu_bind=LDMAP  - erp09, task 415 31 [85707]: mask 0x40404040404 set
cpu_bind=LDMAP  - erp09, task 416 32 [85708]: mask 0x40404040404 set
cpu_bind=LDMAP  - erp09, task 417 33 [85709]: mask 0x40404040404 set
cpu_bind=LDMAP  - erp03, task 96  0 [114212]: mask 0x20202020202 set
cpu_bind=LDMAP  - erp03, task 98  2 [114215]: mask 0x20202020202 set
cpu_bind=LDMAP  - erp03, task 99  3 [114216]: mask 0x20202020202 set
cpu_bind=LDMAP  - erp03, task 101  5 [114218]: mask 0x20202020202 set
cpu_bind=LDMAP  - erp03, task 100  4 [114217]: mask 0x20202020202 set
cpu_bind=LDMAP  - erp03, task 102  6 [114224]: mask 0x80808080808 set
cpu_bind=LDMAP  - erp03, task 103  7 [114228]: mask 0x80808080808 set
cpu_bind=LDMAP  - erp03, task 104  8 [114229]: mask 0x80808080808 set
cpu_bind=LDMAP  - erp03, task 105  9 [114230]: mask 0x80808080808 set
cpu_bind=LDMAP  - erp03, task 106 10 [114231]: mask 0x80808080808 set
cpu_bind=LDMAP  - erp03, task 107 11 [114232]: mask 0x80808080808 set
cpu_bind=LDMAP  - erp03, task 108 12 [114233]: mask 0x202020202020 set
cpu_bind=LDMAP  - erp03, task 109 13 [114234]: mask 0x202020202020 set
cpu_bind=LDMAP  - erp03, task 110 14 [114235]: mask 0x202020202020 set
cpu_bind=LDMAP  - erp03, task 111 15 [114236]: mask 0x202020202020 set
cpu_bind=LDMAP  - erp03, task 113 17 [114238]: mask 0x202020202020 set
cpu_bind=LDMAP  - erp03, task 114 18 [114239]: mask 0x808080808080 set
cpu_bind=LDMAP  - erp03, task 112 16 [114237]: mask 0x202020202020 set
cpu_bind=LDMAP  - erp03, task 115 19 [114240]: mask 0x808080808080 set
cpu_bind=LDMAP  - erp03, task 117 21 [114242]: mask 0x808080808080 set
cpu_bind=LDMAP  - erp03, task 116 20 [114241]: mask 0x808080808080 set
cpu_bind=LDMAP  - erp03, task 118 22 [114243]: mask 0x808080808080 set
cpu_bind=LDMAP  - erp03, task 120 24 [114245]: mask 0x10101010101 set
cpu_bind=LDMAP  - erp03, task 119 23 [114244]: mask 0x808080808080 set
cpu_bind=LDMAP  - erp03, task 121 25 [114246]: mask 0x10101010101 set
cpu_bind=LDMAP  - erp03, task 122 26 [114247]: mask 0x10101010101 set
cpu_bind=LDMAP  - erp03, task 123 27 [114248]: mask 0x10101010101 set
cpu_bind=LDMAP  - erp03, task 125 29 [114250]: mask 0x10101010101 set
cpu_bind=LDMAP  - erp03, task 126 30 [114251]: mask 0x40404040404 set
cpu_bind=LDMAP  - erp03, task 124 28 [114249]: mask 0x10101010101 set
cpu_bind=LDMAP  - erp03, task 129 33 [114254]: mask 0x40404040404 set
cpu_bind=LDMAP  - erp03, task 128 32 [114253]: mask 0x40404040404 set
cpu_bind=LDMAP  - erp03, task 127 31 [114252]: mask 0x40404040404 set
cpu_bind=LDMAP  - erp03, task 132 36 [114257]: mask 0x101010101010 set
cpu_bind=LDMAP  - erp03, task 134 38 [114259]: mask 0x101010101010 set
cpu_bind=LDMAP  - erp03, task 130 34 [114255]: mask 0x40404040404 set
cpu_bind=LDMAP  - erp03, task 133 37 [114258]: mask 0x101010101010 set
cpu_bind=LDMAP  - erp03, task 135 39 [114260]: mask 0x101010101010 set
cpu_bind=LDMAP  - erp10, task 464 32 [85051]: mask 0x40404040404 set
cpu_bind=LDMAP  - erp10, task 466 34 [85053]: mask 0x40404040404 set
cpu_bind=LDMAP  - erp10, task 467 35 [85054]: mask 0x40404040404 set
cpu_bind=LDMAP  - erp10, task 468 36 [85055]: mask 0x101010101010 set
cpu_bind=LDMAP  - erp10, task 465 33 [85052]: mask 0x40404040404 set
cpu_bind=LDMAP  - erp10, task 469 37 [85056]: mask 0x101010101010 set
cpu_bind=LDMAP  - erp10, task 471 39 [85058]: mask 0x101010101010 set
cpu_bind=LDMAP  - erp10, task 470 38 [85057]: mask 0x101010101010 set
cpu_bind=LDMAP  - erp10, task 472 40 [85059]: mask 0x101010101010 set
cpu_bind=LDMAP  - erp10, task 473 41 [85060]: mask 0x101010101010 set
cpu_bind=LDMAP  - erp10, task 474 42 [85061]: mask 0x404040404040 set
cpu_bind=LDMAP  - erp10, task 475 43 [85062]: mask 0x404040404040 set
cpu_bind=LDMAP  - erp10, task 476 44 [85063]: mask 0x404040404040 set
cpu_bind=LDMAP  - erp10, task 477 45 [85064]: mask 0x404040404040 set
cpu_bind=LDMAP  - erp10, task 478 46 [85065]: mask 0x404040404040 set
cpu_bind=LDMAP  - erp10, task 479 47 [85066]: mask 0x404040404040 set
cpu_bind=LDMAP  - erp06, task 273 33 [88321]: mask 0x40404040404 set
cpu_bind=LDMAP  - erp06, task 278 38 [88326]: mask 0x101010101010 set
cpu_bind=LDMAP  - erp06, task 277 37 [88325]: mask 0x101010101010 set
cpu_bind=LDMAP  - erp06, task 276 36 [88324]: mask 0x101010101010 set
cpu_bind=LDMAP  - erp06, task 280 40 [88328]: mask 0x101010101010 set
cpu_bind=LDMAP  - erp06, task 281 41 [88329]: mask 0x101010101010 set
cpu_bind=LDMAP  - erp06, task 279 39 [88327]: mask 0x101010101010 set
cpu_bind=LDMAP  - erp06, task 283 43 [88331]: mask 0x404040404040 set
cpu_bind=LDMAP  - erp06, task 284 44 [88332]: mask 0x404040404040 set
cpu_bind=LDMAP  - erp06, task 285 45 [88333]: mask 0x404040404040 set
cpu_bind=LDMAP  - erp06, task 282 42 [88330]: mask 0x404040404040 set
cpu_bind=LDMAP  - erp06, task 286 46 [88334]: mask 0x404040404040 set
cpu_bind=LDMAP  - erp06, task 287 47 [88335]: mask 0x404040404040 set
cpu_bind=LDMAP  - erp09, task 419 35 [85711]: mask 0x40404040404 set
cpu_bind=LDMAP  - erp09, task 420 36 [85712]: mask 0x101010101010 set
cpu_bind=LDMAP  - erp09, task 418 34 [85710]: mask 0x40404040404 set
cpu_bind=LDMAP  - erp09, task 421 37 [85713]: mask 0x101010101010 set
cpu_bind=LDMAP  - erp09, task 424 40 [85716]: mask 0x101010101010 set
cpu_bind=LDMAP  - erp09, task 423 39 [85715]: mask 0x101010101010 set
cpu_bind=LDMAP  - erp09, task 422 38 [85714]: mask 0x101010101010 set
cpu_bind=LDMAP  - erp09, task 425 41 [85717]: mask 0x101010101010 set
cpu_bind=LDMAP  - erp09, task 427 43 [85719]: mask 0x404040404040 set
cpu_bind=LDMAP  - erp09, task 426 42 [85718]: mask 0x404040404040 set
cpu_bind=LDMAP  - erp09, task 430 46 [85722]: mask 0x404040404040 set
cpu_bind=LDMAP  - erp09, task 428 44 [85720]: mask 0x404040404040 set
cpu_bind=LDMAP  - erp09, task 429 45 [85721]: mask 0x404040404040 set
cpu_bind=LDMAP  - erp09, task 431 47 [85723]: mask 0x404040404040 set
cpu_bind=LDMAP  - erp03, task 131 35 [114256]: mask 0x40404040404 set
cpu_bind=LDMAP  - erp03, task 136 40 [114261]: mask 0x101010101010 set
cpu_bind=LDMAP  - erp03, task 137 41 [114262]: mask 0x101010101010 set
cpu_bind=LDMAP  - erp03, task 140 44 [114265]: mask 0x404040404040 set
cpu_bind=LDMAP  - erp03, task 139 43 [114264]: mask 0x404040404040 set
cpu_bind=LDMAP  - erp03, task 141 45 [114266]: mask 0x404040404040 set
cpu_bind=LDMAP  - erp03, task 138 42 [114263]: mask 0x404040404040 set
cpu_bind=LDMAP  - erp03, task 143 47 [114268]: mask 0x404040404040 set
cpu_bind=LDMAP  - erp03, task 142 46 [114267]: mask 0x404040404040 set

# OSU MPI Allreduce Latency Test v5.6.1
# Size       Avg Latency(us)
4                      59.67
8                      58.38
16                     61.62
32                     60.66
64                     64.20
128                    63.68
256                    70.99
512                    88.41
1024                  122.51
2048                  187.92
4096                  343.14
8192                  655.08
16384                1158.81
32768                1433.63
65536                1320.66
131072               1341.40
262144               1525.07
524288               1977.02
1048576              2933.74
+ set +x
