processes 48
nodes 4
ppn 12
binding numa
+ srun --mpi=pmi2 -n 48 --cpu_bind=verbose,map_ldom=4,4,4,4,4,4,5,5,5,5,5,5,6,6,6,6,6,6,7,7,7,7,7,7,0,0,0,0,0,0,1,1,1,1,1,1,2,2,2,2,2,2,3,3,3,3,3,3 /gpfs/u/home/CCNI/CCNIsmth/barn-shared/CWS/osu-micro-benchmarks-5.6.1-erp-openmpi.4.0.1-install/libexec/osu-micro-benchmarks/mpi//collective/osu_allreduce
cpu_bind=LDMAP  - erp07, task  2  2 [80484]: mask 0x20202020202 set
cpu_bind=LDMAP  - erp07, task  1  1 [80483]: mask 0x20202020202 set
cpu_bind=LDMAP  - erp07, task  0  0 [80482]: mask 0x20202020202 set
cpu_bind=LDMAP  - erp07, task  3  3 [80485]: mask 0x20202020202 set
cpu_bind=LDMAP  - erp07, task  5  5 [80487]: mask 0x20202020202 set
cpu_bind=LDMAP  - erp07, task  4  4 [80486]: mask 0x20202020202 set
cpu_bind=LDMAP  - erp07, task  6  6 [80488]: mask 0x80808080808 set
cpu_bind=LDMAP  - erp07, task  7  7 [80489]: mask 0x80808080808 set
cpu_bind=LDMAP  - erp07, task 10 10 [80492]: mask 0x80808080808 set
cpu_bind=LDMAP  - erp07, task  9  9 [80491]: mask 0x80808080808 set
cpu_bind=LDMAP  - erp07, task  8  8 [80490]: mask 0x80808080808 set
cpu_bind=LDMAP  - erp07, task 11 11 [80493]: mask 0x80808080808 set
cpu_bind=LDMAP  - erp08, task 14  2 [77726]: mask 0x20202020202 set
cpu_bind=LDMAP  - erp08, task 12  0 [77724]: mask 0x20202020202 set
cpu_bind=LDMAP  - erp08, task 13  1 [77725]: mask 0x20202020202 set
cpu_bind=LDMAP  - erp08, task 17  5 [77729]: mask 0x20202020202 set
cpu_bind=LDMAP  - erp08, task 15  3 [77727]: mask 0x20202020202 set
cpu_bind=LDMAP  - erp08, task 16  4 [77728]: mask 0x20202020202 set
cpu_bind=LDMAP  - erp08, task 20  8 [77732]: mask 0x80808080808 set
cpu_bind=LDMAP  - erp08, task 18  6 [77730]: mask 0x80808080808 set
cpu_bind=LDMAP  - erp08, task 19  7 [77731]: mask 0x80808080808 set
cpu_bind=LDMAP  - erp08, task 21  9 [77733]: mask 0x80808080808 set
cpu_bind=LDMAP  - erp08, task 22 10 [77734]: mask 0x80808080808 set
cpu_bind=LDMAP  - erp08, task 23 11 [77735]: mask 0x80808080808 set
cpu_bind=LDMAP  - erp10, task 36  0 [77068]: mask 0x20202020202 set
cpu_bind=LDMAP  - erp09, task 24  0 [77372]: mask 0x20202020202 set
cpu_bind=LDMAP  - erp10, task 38  2 [77070]: mask 0x20202020202 set
cpu_bind=LDMAP  - erp10, task 37  1 [77069]: mask 0x20202020202 set
cpu_bind=LDMAP  - erp10, task 41  5 [77073]: mask 0x20202020202 set
cpu_bind=LDMAP  - erp10, task 40  4 [77072]: mask 0x20202020202 set
cpu_bind=LDMAP  - erp10, task 39  3 [77071]: mask 0x20202020202 set
cpu_bind=LDMAP  - erp10, task 44  8 [77076]: mask 0x80808080808 set
cpu_bind=LDMAP  - erp10, task 42  6 [77074]: mask 0x80808080808 set
cpu_bind=LDMAP  - erp10, task 47 11 [77079]: mask 0x80808080808 set
cpu_bind=LDMAP  - erp10, task 46 10 [77078]: mask 0x80808080808 set
cpu_bind=LDMAP  - erp10, task 43  7 [77075]: mask 0x80808080808 set
cpu_bind=LDMAP  - erp10, task 45  9 [77077]: mask 0x80808080808 set
cpu_bind=LDMAP  - erp09, task 26  2 [77374]: mask 0x20202020202 set
cpu_bind=LDMAP  - erp09, task 25  1 [77373]: mask 0x20202020202 set
cpu_bind=LDMAP  - erp09, task 27  3 [77375]: mask 0x20202020202 set
cpu_bind=LDMAP  - erp09, task 29  5 [77377]: mask 0x20202020202 set
cpu_bind=LDMAP  - erp09, task 28  4 [77376]: mask 0x20202020202 set
cpu_bind=LDMAP  - erp09, task 32  8 [77380]: mask 0x80808080808 set
cpu_bind=LDMAP  - erp09, task 30  6 [77378]: mask 0x80808080808 set
cpu_bind=LDMAP  - erp09, task 31  7 [77379]: mask 0x80808080808 set
cpu_bind=LDMAP  - erp09, task 33  9 [77381]: mask 0x80808080808 set
cpu_bind=LDMAP  - erp09, task 34 10 [77382]: mask 0x80808080808 set
cpu_bind=LDMAP  - erp09, task 35 11 [77383]: mask 0x80808080808 set

# OSU MPI Allreduce Latency Test v5.6.1
# Size       Avg Latency(us)
4                       8.32
8                      11.59
16                      8.44
32                      8.14
64                      8.11
128                     9.38
256                    11.32
512                    12.42
1024                   14.49
2048                   18.42
4096                   28.09
8192                   48.40
16384                  97.45
32768                 114.96
65536                 149.78
131072                219.71
262144                359.35
524288                685.25
1048576              2100.25
+ set +x
