processes 24
nodes 2
ppn 12
binding numa
+ srun --mpi=pmi2 -n 24 --cpu_bind=verbose,map_ldom=4,4,4,4,4,4,5,5,5,5,5,5,6,6,6,6,6,6,7,7,7,7,7,7,0,0,0,0,0,0,1,1,1,1,1,1,2,2,2,2,2,2,3,3,3,3,3,3 /gpfs/u/home/CCNI/CCNIsmth/barn-shared/CWS/osu-micro-benchmarks-5.6.1-erp-openmpi.4.0.1-verbs-noUcx-Pmi-install//libexec/osu-micro-benchmarks/mpi//collective/osu_allreduce
cpu_bind=LDMAP  - erp01, task  2  2 [130633]: mask 0x20202020202 set
cpu_bind=LDMAP  - erp01, task  1  1 [130632]: mask 0x20202020202 set
cpu_bind=LDMAP  - erp01, task  0  0 [130631]: mask 0x20202020202 set
cpu_bind=LDMAP  - erp01, task  3  3 [130634]: mask 0x20202020202 set
cpu_bind=LDMAP  - erp01, task  4  4 [130635]: mask 0x20202020202 set
cpu_bind=LDMAP  - erp01, task  5  5 [130636]: mask 0x20202020202 set
cpu_bind=LDMAP  - erp01, task  6  6 [130637]: mask 0x80808080808 set
cpu_bind=LDMAP  - erp01, task  7  7 [130638]: mask 0x80808080808 set
cpu_bind=LDMAP  - erp01, task  8  8 [130639]: mask 0x80808080808 set
cpu_bind=LDMAP  - erp01, task  9  9 [130640]: mask 0x80808080808 set
cpu_bind=LDMAP  - erp01, task 10 10 [130641]: mask 0x80808080808 set
cpu_bind=LDMAP  - erp01, task 11 11 [130642]: mask 0x80808080808 set
cpu_bind=LDMAP  - erp02, task 13  1 [127041]: mask 0x20202020202 set
cpu_bind=LDMAP  - erp02, task 14  2 [127042]: mask 0x20202020202 set
cpu_bind=LDMAP  - erp02, task 12  0 [127040]: mask 0x20202020202 set
cpu_bind=LDMAP  - erp02, task 15  3 [127043]: mask 0x20202020202 set
cpu_bind=LDMAP  - erp02, task 16  4 [127044]: mask 0x20202020202 set
cpu_bind=LDMAP  - erp02, task 17  5 [127045]: mask 0x20202020202 set
cpu_bind=LDMAP  - erp02, task 19  7 [127047]: mask 0x80808080808 set
cpu_bind=LDMAP  - erp02, task 18  6 [127046]: mask 0x80808080808 set
cpu_bind=LDMAP  - erp02, task 20  8 [127048]: mask 0x80808080808 set
cpu_bind=LDMAP  - erp02, task 21  9 [127049]: mask 0x80808080808 set
cpu_bind=LDMAP  - erp02, task 22 10 [127050]: mask 0x80808080808 set
cpu_bind=LDMAP  - erp02, task 23 11 [127051]: mask 0x80808080808 set

# OSU MPI Allreduce Latency Test v5.6.1
# Size       Avg Latency(us)
4                       6.75
8                       7.28
16                      7.14
32                      6.98
64                      7.52
128                     8.66
256                     9.16
512                    13.43
1024                   14.59
2048                   18.16
4096                   38.61
8192                   55.88
16384                 113.68
32768                 141.17
65536                 174.23
131072                394.82
262144                551.03
524288                897.15
1048576              1409.15
+ set +x
