processes 72
nodes 6
ppn 12
binding numa
+ srun --mpi=pmi2 -n 72 --cpu_bind=verbose,map_ldom=4,4,4,4,4,4,5,5,5,5,5,5,6,6,6,6,6,6,7,7,7,7,7,7,0,0,0,0,0,0,1,1,1,1,1,1,2,2,2,2,2,2,3,3,3,3,3,3 /gpfs/u/home/CCNI/CCNIsmth/barn-shared/CWS/osu-micro-benchmarks-5.6.1-erp-openmpi.4.0.1-verbs-noUcx-Pmi-install//libexec/osu-micro-benchmarks/mpi//collective/osu_allreduce
cpu_bind=LDMAP  - erp01, task  3  3 [130974]: mask 0x20202020202 set
cpu_bind=LDMAP  - erp01, task  4  4 [130975]: mask 0x20202020202 set
cpu_bind=LDMAP  - erp01, task  5  5 [130976]: mask 0x20202020202 set
cpu_bind=LDMAP  - erp01, task  2  2 [130973]: mask 0x20202020202 set
cpu_bind=LDMAP  - erp01, task  1  1 [130972]: mask 0x20202020202 set
cpu_bind=LDMAP  - erp01, task  0  0 [130971]: mask 0x20202020202 set
cpu_bind=LDMAP  - erp01, task  7  7 [130978]: mask 0x80808080808 set
cpu_bind=LDMAP  - erp01, task  6  6 [130977]: mask 0x80808080808 set
cpu_bind=LDMAP  - erp01, task  8  8 [130979]: mask 0x80808080808 set
cpu_bind=LDMAP  - erp01, task 10 10 [130981]: mask 0x80808080808 set
cpu_bind=LDMAP  - erp01, task  9  9 [130980]: mask 0x80808080808 set
cpu_bind=LDMAP  - erp01, task 11 11 [130982]: mask 0x80808080808 set
cpu_bind=LDMAP  - erp03, task 25  1 [123679]: mask 0x20202020202 set
cpu_bind=LDMAP  - erp03, task 24  0 [123678]: mask 0x20202020202 set
cpu_bind=LDMAP  - erp03, task 26  2 [123680]: mask 0x20202020202 set
cpu_bind=LDMAP  - erp03, task 27  3 [123681]: mask 0x20202020202 set
cpu_bind=LDMAP  - erp03, task 28  4 [123682]: mask 0x20202020202 set
cpu_bind=LDMAP  - erp03, task 29  5 [123683]: mask 0x20202020202 set
cpu_bind=LDMAP  - erp03, task 31  7 [123685]: mask 0x80808080808 set
cpu_bind=LDMAP  - erp03, task 30  6 [123684]: mask 0x80808080808 set
cpu_bind=LDMAP  - erp03, task 32  8 [123686]: mask 0x80808080808 set
cpu_bind=LDMAP  - erp03, task 34 10 [123688]: mask 0x80808080808 set
cpu_bind=LDMAP  - erp03, task 33  9 [123687]: mask 0x80808080808 set
cpu_bind=LDMAP  - erp03, task 35 11 [123689]: mask 0x80808080808 set
cpu_bind=LDMAP  - erp05, task 48  0 [121532]: mask 0x20202020202 set
cpu_bind=LDMAP  - erp05, task 49  1 [121533]: mask 0x20202020202 set
cpu_bind=LDMAP  - erp05, task 50  2 [121534]: mask 0x20202020202 set
cpu_bind=LDMAP  - erp05, task 52  4 [121536]: mask 0x20202020202 set
cpu_bind=LDMAP  - erp05, task 51  3 [121535]: mask 0x20202020202 set
cpu_bind=LDMAP  - erp05, task 53  5 [121537]: mask 0x20202020202 set
cpu_bind=LDMAP  - erp05, task 55  7 [121539]: mask 0x80808080808 set
cpu_bind=LDMAP  - erp05, task 56  8 [121540]: mask 0x80808080808 set
cpu_bind=LDMAP  - erp05, task 54  6 [121538]: mask 0x80808080808 set
cpu_bind=LDMAP  - erp05, task 57  9 [121541]: mask 0x80808080808 set
cpu_bind=LDMAP  - erp05, task 58 10 [121542]: mask 0x80808080808 set
cpu_bind=LDMAP  - erp05, task 59 11 [121543]: mask 0x80808080808 set
cpu_bind=LDMAP  - erp06, task 60  0 [120886]: mask 0x20202020202 set
cpu_bind=LDMAP  - erp04, task 38  2 [123150]: mask 0x20202020202 set
cpu_bind=LDMAP  - erp06, task 62  2 [120888]: mask 0x20202020202 set
cpu_bind=LDMAP  - erp04, task 36  0 [123148]: mask 0x20202020202 set
cpu_bind=LDMAP  - erp06, task 61  1 [120887]: mask 0x20202020202 set
cpu_bind=LDMAP  - erp04, task 37  1 [123149]: mask 0x20202020202 set
cpu_bind=LDMAP  - erp06, task 65  5 [120891]: mask 0x20202020202 set
cpu_bind=LDMAP  - erp04, task 39  3 [123151]: mask 0x20202020202 set
cpu_bind=LDMAP  - erp06, task 64  4 [120890]: mask 0x20202020202 set
cpu_bind=LDMAP  - erp04, task 40  4 [123152]: mask 0x20202020202 set
cpu_bind=LDMAP  - erp06, task 63  3 [120889]: mask 0x20202020202 set
cpu_bind=LDMAP  - erp04, task 41  5 [123153]: mask 0x20202020202 set
cpu_bind=LDMAP  - erp06, task 66  6 [120892]: mask 0x80808080808 set
cpu_bind=LDMAP  - erp04, task 44  8 [123156]: mask 0x80808080808 set
cpu_bind=LDMAP  - erp06, task 69  9 [120895]: mask 0x80808080808 set
cpu_bind=LDMAP  - erp06, task 67  7 [120893]: mask 0x80808080808 set
cpu_bind=LDMAP  - erp06, task 68  8 [120894]: mask 0x80808080808 set
cpu_bind=LDMAP  - erp06, task 70 10 [120896]: mask 0x80808080808 set
cpu_bind=LDMAP  - erp06, task 71 11 [120897]: mask 0x80808080808 set
cpu_bind=LDMAP  - erp04, task 43  7 [123155]: mask 0x80808080808 set
cpu_bind=LDMAP  - erp04, task 42  6 [123154]: mask 0x80808080808 set
cpu_bind=LDMAP  - erp04, task 45  9 [123157]: mask 0x80808080808 set
cpu_bind=LDMAP  - erp04, task 46 10 [123158]: mask 0x80808080808 set
cpu_bind=LDMAP  - erp04, task 47 11 [123159]: mask 0x80808080808 set
cpu_bind=LDMAP  - erp02, task 13  1 [127249]: mask 0x20202020202 set
cpu_bind=LDMAP  - erp02, task 12  0 [127248]: mask 0x20202020202 set
cpu_bind=LDMAP  - erp02, task 14  2 [127250]: mask 0x20202020202 set
cpu_bind=LDMAP  - erp02, task 15  3 [127251]: mask 0x20202020202 set
cpu_bind=LDMAP  - erp02, task 17  5 [127253]: mask 0x20202020202 set
cpu_bind=LDMAP  - erp02, task 16  4 [127252]: mask 0x20202020202 set
cpu_bind=LDMAP  - erp02, task 18  6 [127254]: mask 0x80808080808 set
cpu_bind=LDMAP  - erp02, task 20  8 [127256]: mask 0x80808080808 set
cpu_bind=LDMAP  - erp02, task 19  7 [127255]: mask 0x80808080808 set
cpu_bind=LDMAP  - erp02, task 21  9 [127257]: mask 0x80808080808 set
cpu_bind=LDMAP  - erp02, task 22 10 [127258]: mask 0x80808080808 set
cpu_bind=LDMAP  - erp02, task 23 11 [127259]: mask 0x80808080808 set

# OSU MPI Allreduce Latency Test v5.6.1
# Size       Avg Latency(us)
[erp02][[10976,0],14][connect/btl_openib_connect_udcm.c:1535:udcm_find_endpoint] could not find endpoint with port: 1, lid: 7, msg_type: 100
[erp02][[10976,0],14][connect/btl_openib_connect_udcm.c:2044:udcm_process_messages] could not find associated endpoint.
[erp02][[10976,0],14][connect/btl_openib_connect_udcm.c:1535:udcm_find_endpoint] could not find endpoint with port: 1, lid: 7, msg_type: 100
[erp02][[10976,0],14][connect/btl_openib_connect_udcm.c:2044:udcm_process_messages] could not find associated endpoint.
[erp02][[10976,0],14][connect/btl_openib_connect_udcm.c:1535:udcm_find_endpoint] could not find endpoint with port: 1, lid: 317, msg_type: 100
[erp02][[10976,0],14][connect/btl_openib_connect_udcm.c:2044:udcm_process_messages] could not find associated endpoint.
[erp02][[10976,0],14][connect/btl_openib_connect_udcm.c:1535:udcm_find_endpoint] could not find endpoint with port: 1, lid: 320, msg_type: 100
[erp02][[10976,0],14][connect/btl_openib_connect_udcm.c:2044:udcm_process_messages] could not find associated endpoint.
[erp02][[10976,0],14][connect/btl_openib_connect_udcm.c:1535:udcm_find_endpoint] could not find endpoint with port: 1, lid: 7, msg_type: 100
[erp02][[10976,0],14][connect/btl_openib_connect_udcm.c:2044:udcm_process_messages] could not find associated endpoint.
[erp02][[10976,0],14][connect/btl_openib_connect_udcm.c:1535:udcm_find_endpoint] could not find endpoint with port: 1, lid: 7, msg_type: 100
[erp02][[10976,0],14][connect/btl_openib_connect_udcm.c:2044:udcm_process_messages] could not find associated endpoint.
[erp02][[10976,0],14][connect/btl_openib_connect_udcm.c:1535:udcm_find_endpoint] could not find endpoint with port: 1, lid: 317, msg_type: 100
[erp02][[10976,0],14][connect/btl_openib_connect_udcm.c:2044:udcm_process_messages] could not find associated endpoint.
[erp02][[10976,0],14][connect/btl_openib_connect_udcm.c:1535:udcm_find_endpoint] could not find endpoint with port: 1, lid: 320, msg_type: 100
[erp02][[10976,0],14][connect/btl_openib_connect_udcm.c:2044:udcm_process_messages] could not find associated endpoint.
[erp02][[10976,0],14][connect/btl_openib_connect_udcm.c:1535:udcm_find_endpoint] could not find endpoint with port: 1, lid: 7, msg_type: 100
[erp02][[10976,0],14][connect/btl_openib_connect_udcm.c:2044:udcm_process_messages] could not find associated endpoint.
[erp02][[10976,0],14][connect/btl_openib_connect_udcm.c:1535:udcm_find_endpoint] could not find endpoint with port: 1, lid: 7, msg_type: 100
[erp02][[10976,0],14][connect/btl_openib_connect_udcm.c:2044:udcm_process_messages] could not find associated endpoint.
[erp02][[10976,0],14][connect/btl_openib_connect_udcm.c:1535:udcm_find_endpoint] could not find endpoint with port: 1, lid: 317, msg_type: 100
[erp02][[10976,0],14][connect/btl_openib_connect_udcm.c:2044:udcm_process_messages] could not find associated endpoint.
[erp02][[10976,0],14][connect/btl_openib_connect_udcm.c:1535:udcm_find_endpoint] could not find endpoint with port: 1, lid: 320, msg_type: 100
[erp02][[10976,0],14][connect/btl_openib_connect_udcm.c:2044:udcm_process_messages] could not find associated endpoint.
[erp02][[10976,0],14][connect/btl_openib_connect_udcm.c:1535:udcm_find_endpoint] could not find endpoint with port: 1, lid: 7, msg_type: 100
[erp02][[10976,0],14][connect/btl_openib_connect_udcm.c:2044:udcm_process_messages] could not find associated endpoint.
[erp02][[10976,0],14][connect/btl_openib_connect_udcm.c:1535:udcm_find_endpoint] could not find endpoint with port: 1, lid: 7, msg_type: 100
[erp02][[10976,0],14][connect/btl_openib_connect_udcm.c:2044:udcm_process_messages] could not find associated endpoint.
[erp02][[10976,0],14][connect/btl_openib_connect_udcm.c:1535:udcm_find_endpoint] could not find endpoint with port: 1, lid: 317, msg_type: 100
[erp02][[10976,0],14][connect/btl_openib_connect_udcm.c:2044:udcm_process_messages] could not find associated endpoint.
[erp02][[10976,0],14][connect/btl_openib_connect_udcm.c:1535:udcm_find_endpoint] could not find endpoint with port: 1, lid: 320, msg_type: 100
[erp02][[10976,0],14][connect/btl_openib_connect_udcm.c:2044:udcm_process_messages] could not find associated endpoint.
[erp02][[10976,0],14][connect/btl_openib_connect_udcm.c:1535:udcm_find_endpoint] could not find endpoint with port: 1, lid: 7, msg_type: 100
[erp02][[10976,0],14][connect/btl_openib_connect_udcm.c:2044:udcm_process_messages] could not find associated endpoint.
[erp02][[10976,0],14][connect/btl_openib_connect_udcm.c:1535:udcm_find_endpoint] could not find endpoint with port: 1, lid: 7, msg_type: 100
[erp02][[10976,0],14][connect/btl_openib_connect_udcm.c:2044:udcm_process_messages] could not find associated endpoint.
[erp02][[10976,0],14][connect/btl_openib_connect_udcm.c:1535:udcm_find_endpoint] could not find endpoint with port: 1, lid: 317, msg_type: 100
[erp02][[10976,0],14][connect/btl_openib_connect_udcm.c:2044:udcm_process_messages] could not find associated endpoint.
[erp02][[10976,0],14][connect/btl_openib_connect_udcm.c:1535:udcm_find_endpoint] could not find endpoint with port: 1, lid: 320, msg_type: 100
[erp02][[10976,0],14][connect/btl_openib_connect_udcm.c:2044:udcm_process_messages] could not find associated endpoint.
[erp02][[10976,0],14][connect/btl_openib_connect_udcm.c:1535:udcm_find_endpoint] could not find endpoint with port: 1, lid: 7, msg_type: 100
[erp02][[10976,0],14][connect/btl_openib_connect_udcm.c:2044:udcm_process_messages] could not find associated endpoint.
[erp02][[10976,0],14][connect/btl_openib_connect_udcm.c:1535:udcm_find_endpoint] could not find endpoint with port: 1, lid: 7, msg_type: 100
[erp02][[10976,0],14][connect/btl_openib_connect_udcm.c:2044:udcm_process_messages] could not find associated endpoint.
[erp02][[10976,0],14][connect/btl_openib_connect_udcm.c:1535:udcm_find_endpoint] could not find endpoint with port: 1, lid: 317, msg_type: 100
[erp02][[10976,0],14][connect/btl_openib_connect_udcm.c:2044:udcm_process_messages] could not find associated endpoint.
[erp02][[10976,0],14][connect/btl_openib_connect_udcm.c:1535:udcm_find_endpoint] could not find endpoint with port: 1, lid: 320, msg_type: 100
[erp02][[10976,0],14][connect/btl_openib_connect_udcm.c:2044:udcm_process_messages] could not find associated endpoint.
[erp02][[10976,0],14][connect/btl_openib_connect_udcm.c:1535:udcm_find_endpoint] could not find endpoint with port: 1, lid: 7, msg_type: 100
[erp02][[10976,0],14][connect/btl_openib_connect_udcm.c:2044:udcm_process_messages] could not find associated endpoint.
[erp02][[10976,0],14][connect/btl_openib_connect_udcm.c:1535:udcm_find_endpoint] could not find endpoint with port: 1, lid: 7, msg_type: 100
[erp02][[10976,0],14][connect/btl_openib_connect_udcm.c:2044:udcm_process_messages] could not find associated endpoint.
[erp02][[10976,0],14][connect/btl_openib_connect_udcm.c:1535:udcm_find_endpoint] could not find endpoint with port: 1, lid: 317, msg_type: 100
[erp02][[10976,0],14][connect/btl_openib_connect_udcm.c:2044:udcm_process_messages] could not find associated endpoint.
[erp02][[10976,0],14][connect/btl_openib_connect_udcm.c:1535:udcm_find_endpoint] could not find endpoint with port: 1, lid: 320, msg_type: 100
[erp02][[10976,0],14][connect/btl_openib_connect_udcm.c:2044:udcm_process_messages] could not find associated endpoint.
[erp02][[10976,0],14][connect/btl_openib_connect_udcm.c:1535:udcm_find_endpoint] could not find endpoint with port: 1, lid: 7, msg_type: 100
[erp02][[10976,0],14][connect/btl_openib_connect_udcm.c:2044:udcm_process_messages] could not find associated endpoint.
[erp02][[10976,0],14][connect/btl_openib_connect_udcm.c:1535:udcm_find_endpoint] could not find endpoint with port: 1, lid: 7, msg_type: 100
[erp02][[10976,0],14][connect/btl_openib_connect_udcm.c:2044:udcm_process_messages] could not find associated endpoint.
[erp02][[10976,0],14][connect/btl_openib_connect_udcm.c:1535:udcm_find_endpoint] could not find endpoint with port: 1, lid: 317, msg_type: 100
[erp02][[10976,0],14][connect/btl_openib_connect_udcm.c:2044:udcm_process_messages] could not find associated endpoint.
[erp02][[10976,0],14][connect/btl_openib_connect_udcm.c:1535:udcm_find_endpoint] could not find endpoint with port: 1, lid: 320, msg_type: 100
[erp02][[10976,0],14][connect/btl_openib_connect_udcm.c:2044:udcm_process_messages] could not find associated endpoint.
[erp02][[10976,0],14][connect/btl_openib_connect_udcm.c:1535:udcm_find_endpoint] could not find endpoint with port: 1, lid: 7, msg_type: 100
[erp02][[10976,0],14][connect/btl_openib_connect_udcm.c:2044:udcm_process_messages] could not find associated endpoint.
[erp02][[10976,0],14][connect/btl_openib_connect_udcm.c:1535:udcm_find_endpoint] could not find endpoint with port: 1, lid: 7, msg_type: 100
[erp02][[10976,0],14][connect/btl_openib_connect_udcm.c:2044:udcm_process_messages] could not find associated endpoint.
[erp02][[10976,0],14][connect/btl_openib_connect_udcm.c:1535:udcm_find_endpoint] could not find endpoint with port: 1, lid: 317, msg_type: 100
[erp02][[10976,0],14][connect/btl_openib_connect_udcm.c:2044:udcm_process_messages] could not find associated endpoint.
[erp02][[10976,0],14][connect/btl_openib_connect_udcm.c:1535:udcm_find_endpoint] could not find endpoint with port: 1, lid: 320, msg_type: 100
[erp02][[10976,0],14][connect/btl_openib_connect_udcm.c:2044:udcm_process_messages] could not find associated endpoint.
[erp02][[10976,0],14][connect/btl_openib_connect_udcm.c:1535:udcm_find_endpoint] could not find endpoint with port: 1, lid: 7, msg_type: 100
[erp02][[10976,0],14][connect/btl_openib_connect_udcm.c:2044:udcm_process_messages] could not find associated endpoint.
[erp02][[10976,0],14][connect/btl_openib_connect_udcm.c:1535:udcm_find_endpoint] could not find endpoint with port: 1, lid: 7, msg_type: 100
[erp02][[10976,0],14][connect/btl_openib_connect_udcm.c:2044:udcm_process_messages] could not find associated endpoint.
[erp02][[10976,0],14][connect/btl_openib_connect_udcm.c:1535:udcm_find_endpoint] could not find endpoint with port: 1, lid: 317, msg_type: 100
[erp02][[10976,0],14][connect/btl_openib_connect_udcm.c:2044:udcm_process_messages] could not find associated endpoint.
[erp02][[10976,0],14][connect/btl_openib_connect_udcm.c:1535:udcm_find_endpoint] could not find endpoint with port: 1, lid: 320, msg_type: 100
[erp02][[10976,0],14][connect/btl_openib_connect_udcm.c:2044:udcm_process_messages] could not find associated endpoint.
[erp02][[10976,0],14][connect/btl_openib_connect_udcm.c:1535:udcm_find_endpoint] could not find endpoint with port: 1, lid: 7, msg_type: 100
[erp02][[10976,0],14][connect/btl_openib_connect_udcm.c:2044:udcm_process_messages] could not find associated endpoint.
[erp02][[10976,0],14][connect/btl_openib_connect_udcm.c:1535:udcm_find_endpoint] could not find endpoint with port: 1, lid: 7, msg_type: 100
[erp02][[10976,0],14][connect/btl_openib_connect_udcm.c:2044:udcm_process_messages] could not find associated endpoint.
[erp02][[10976,0],14][connect/btl_openib_connect_udcm.c:1535:udcm_find_endpoint] could not find endpoint with port: 1, lid: 317, msg_type: 100
[erp02][[10976,0],14][connect/btl_openib_connect_udcm.c:2044:udcm_process_messages] could not find associated endpoint.
[erp02][[10976,0],14][connect/btl_openib_connect_udcm.c:1535:udcm_find_endpoint] could not find endpoint with port: 1, lid: 320, msg_type: 100
[erp02][[10976,0],14][connect/btl_openib_connect_udcm.c:2044:udcm_process_messages] could not find associated endpoint.
[erp02][[10976,0],14][connect/btl_openib_connect_udcm.c:1535:udcm_find_endpoint] could not find endpoint with port: 1, lid: 7, msg_type: 100
[erp02][[10976,0],14][connect/btl_openib_connect_udcm.c:2044:udcm_process_messages] could not find associated endpoint.
[erp02][[10976,0],14][connect/btl_openib_connect_udcm.c:1535:udcm_find_endpoint] could not find endpoint with port: 1, lid: 7, msg_type: 100
[erp02][[10976,0],14][connect/btl_openib_connect_udcm.c:2044:udcm_process_messages] could not find associated endpoint.
[erp02][[10976,0],14][connect/btl_openib_connect_udcm.c:1535:udcm_find_endpoint] could not find endpoint with port: 1, lid: 317, msg_type: 100
[erp02][[10976,0],14][connect/btl_openib_connect_udcm.c:2044:udcm_process_messages] could not find associated endpoint.
[erp02][[10976,0],14][connect/btl_openib_connect_udcm.c:1535:udcm_find_endpoint] could not find endpoint with port: 1, lid: 320, msg_type: 100
[erp02][[10976,0],14][connect/btl_openib_connect_udcm.c:2044:udcm_process_messages] could not find associated endpoint.
[erp02][[10976,0],14][connect/btl_openib_connect_udcm.c:1535:udcm_find_endpoint] could not find endpoint with port: 1, lid: 7, msg_type: 100
[erp02][[10976,0],14][connect/btl_openib_connect_udcm.c:2044:udcm_process_messages] could not find associated endpoint.
[erp02][[10976,0],14][connect/btl_openib_connect_udcm.c:1535:udcm_find_endpoint] could not find endpoint with port: 1, lid: 7, msg_type: 100
[erp02][[10976,0],14][connect/btl_openib_connect_udcm.c:2044:udcm_process_messages] could not find associated endpoint.
[erp02][[10976,0],14][connect/btl_openib_connect_udcm.c:1535:udcm_find_endpoint] could not find endpoint with port: 1, lid: 317, msg_type: 100
[erp02][[10976,0],14][connect/btl_openib_connect_udcm.c:2044:udcm_process_messages] could not find associated endpoint.
[erp02][[10976,0],14][connect/btl_openib_connect_udcm.c:1535:udcm_find_endpoint] could not find endpoint with port: 1, lid: 320, msg_type: 100
[erp02][[10976,0],14][connect/btl_openib_connect_udcm.c:2044:udcm_process_messages] could not find associated endpoint.
[erp02][[10976,0],14][connect/btl_openib_connect_udcm.c:1535:udcm_find_endpoint] could not find endpoint with port: 1, lid: 7, msg_type: 100
[erp02][[10976,0],14][connect/btl_openib_connect_udcm.c:2044:udcm_process_messages] could not find associated endpoint.
[erp02][[10976,0],14][connect/btl_openib_connect_udcm.c:1535:udcm_find_endpoint] could not find endpoint with port: 1, lid: 7, msg_type: 100
[erp02][[10976,0],14][connect/btl_openib_connect_udcm.c:2044:udcm_process_messages] could not find associated endpoint.
[erp02][[10976,0],14][connect/btl_openib_connect_udcm.c:1535:udcm_find_endpoint] could not find endpoint with port: 1, lid: 317, msg_type: 100
[erp02][[10976,0],14][connect/btl_openib_connect_udcm.c:2044:udcm_process_messages] could not find associated endpoint.
[erp02][[10976,0],14][connect/btl_openib_connect_udcm.c:1535:udcm_find_endpoint] could not find endpoint with port: 1, lid: 320, msg_type: 100
[erp02][[10976,0],14][connect/btl_openib_connect_udcm.c:2044:udcm_process_messages] could not find associated endpoint.
[erp02][[10976,0],14][connect/btl_openib_connect_udcm.c:1535:udcm_find_endpoint] could not find endpoint with port: 1, lid: 7, msg_type: 100
[erp02][[10976,0],14][connect/btl_openib_connect_udcm.c:2044:udcm_process_messages] could not find associated endpoint.
[erp02][[10976,0],14][connect/btl_openib_connect_udcm.c:1535:udcm_find_endpoint] could not find endpoint with port: 1, lid: 7, msg_type: 100
[erp02][[10976,0],14][connect/btl_openib_connect_udcm.c:2044:udcm_process_messages] could not find associated endpoint.
[erp02][[10976,0],14][connect/btl_openib_connect_udcm.c:1535:udcm_find_endpoint] could not find endpoint with port: 1, lid: 317, msg_type: 100
[erp02][[10976,0],14][connect/btl_openib_connect_udcm.c:2044:udcm_process_messages] could not find associated endpoint.
[erp02][[10976,0],14][connect/btl_openib_connect_udcm.c:1535:udcm_find_endpoint] could not find endpoint with port: 1, lid: 320, msg_type: 100
[erp02][[10976,0],14][connect/btl_openib_connect_udcm.c:2044:udcm_process_messages] could not find associated endpoint.
[erp02][[10976,0],14][connect/btl_openib_connect_udcm.c:1535:udcm_find_endpoint] could not find endpoint with port: 1, lid: 7, msg_type: 100
[erp02][[10976,0],14][connect/btl_openib_connect_udcm.c:2044:udcm_process_messages] could not find associated endpoint.
[erp02][[10976,0],14][connect/btl_openib_connect_udcm.c:1535:udcm_find_endpoint] could not find endpoint with port: 1, lid: 7, msg_type: 100
[erp02][[10976,0],14][connect/btl_openib_connect_udcm.c:2044:udcm_process_messages] could not find associated endpoint.
[erp02][[10976,0],14][connect/btl_openib_connect_udcm.c:1535:udcm_find_endpoint] could not find endpoint with port: 1, lid: 317, msg_type: 100
[erp02][[10976,0],14][connect/btl_openib_connect_udcm.c:2044:udcm_process_messages] could not find associated endpoint.
[erp02][[10976,0],14][connect/btl_openib_connect_udcm.c:1535:udcm_find_endpoint] could not find endpoint with port: 1, lid: 320, msg_type: 100
[erp02][[10976,0],14][connect/btl_openib_connect_udcm.c:2044:udcm_process_messages] could not find associated endpoint.
[erp02][[10976,0],14][connect/btl_openib_connect_udcm.c:1535:udcm_find_endpoint] could not find endpoint with port: 1, lid: 7, msg_type: 100
[erp02][[10976,0],14][connect/btl_openib_connect_udcm.c:2044:udcm_process_messages] could not find associated endpoint.
[erp02][[10976,0],14][connect/btl_openib_connect_udcm.c:1535:udcm_find_endpoint] could not find endpoint with port: 1, lid: 7, msg_type: 100
[erp02][[10976,0],14][connect/btl_openib_connect_udcm.c:2044:udcm_process_messages] could not find associated endpoint.
[erp02][[10976,0],14][connect/btl_openib_connect_udcm.c:1535:udcm_find_endpoint] could not find endpoint with port: 1, lid: 317, msg_type: 100
[erp02][[10976,0],14][connect/btl_openib_connect_udcm.c:2044:udcm_process_messages] could not find associated endpoint.
[erp02][[10976,0],14][connect/btl_openib_connect_udcm.c:1535:udcm_find_endpoint] could not find endpoint with port: 1, lid: 320, msg_type: 100
[erp02][[10976,0],14][connect/btl_openib_connect_udcm.c:2044:udcm_process_messages] could not find associated endpoint.
[erp02][[10976,0],14][connect/btl_openib_connect_udcm.c:1535:udcm_find_endpoint] could not find endpoint with port: 1, lid: 7, msg_type: 100
[erp02][[10976,0],14][connect/btl_openib_connect_udcm.c:2044:udcm_process_messages] could not find associated endpoint.
[erp02][[10976,0],14][connect/btl_openib_connect_udcm.c:1535:udcm_find_endpoint] could not find endpoint with port: 1, lid: 7, msg_type: 100
[erp02][[10976,0],14][connect/btl_openib_connect_udcm.c:2044:udcm_process_messages] could not find associated endpoint.
[erp02][[10976,0],14][connect/btl_openib_connect_udcm.c:1535:udcm_find_endpoint] could not find endpoint with port: 1, lid: 317, msg_type: 100
[erp02][[10976,0],14][connect/btl_openib_connect_udcm.c:2044:udcm_process_messages] could not find associated endpoint.
[erp02][[10976,0],14][connect/btl_openib_connect_udcm.c:1535:udcm_find_endpoint] could not find endpoint with port: 1, lid: 320, msg_type: 100
[erp02][[10976,0],14][connect/btl_openib_connect_udcm.c:2044:udcm_process_messages] could not find associated endpoint.
[erp02][[10976,0],14][connect/btl_openib_connect_udcm.c:1535:udcm_find_endpoint] could not find endpoint with port: 1, lid: 7, msg_type: 100
[erp02][[10976,0],14][connect/btl_openib_connect_udcm.c:2044:udcm_process_messages] could not find associated endpoint.
[erp02][[10976,0],14][connect/btl_openib_connect_udcm.c:1535:udcm_find_endpoint] could not find endpoint with port: 1, lid: 7, msg_type: 100
[erp02][[10976,0],14][connect/btl_openib_connect_udcm.c:2044:udcm_process_messages] could not find associated endpoint.
[erp02][[10976,0],14][connect/btl_openib_connect_udcm.c:1535:udcm_find_endpoint] could not find endpoint with port: 1, lid: 317, msg_type: 100
[erp02][[10976,0],14][connect/btl_openib_connect_udcm.c:2044:udcm_process_messages] could not find associated endpoint.
[erp02][[10976,0],14][connect/btl_openib_connect_udcm.c:1535:udcm_find_endpoint] could not find endpoint with port: 1, lid: 320, msg_type: 100
[erp02][[10976,0],14][connect/btl_openib_connect_udcm.c:2044:udcm_process_messages] could not find associated endpoint.
[erp02][[10976,0],14][connect/btl_openib_connect_udcm.c:1535:udcm_find_endpoint] could not find endpoint with port: 1, lid: 7, msg_type: 100
[erp02][[10976,0],14][connect/btl_openib_connect_udcm.c:2044:udcm_process_messages] could not find associated endpoint.
[erp02][[10976,0],14][connect/btl_openib_connect_udcm.c:1535:udcm_find_endpoint] could not find endpoint with port: 1, lid: 7, msg_type: 100
[erp02][[10976,0],14][connect/btl_openib_connect_udcm.c:2044:udcm_process_messages] could not find associated endpoint.
[erp02][[10976,0],14][connect/btl_openib_connect_udcm.c:1535:udcm_find_endpoint] could not find endpoint with port: 1, lid: 317, msg_type: 100
[erp02][[10976,0],14][connect/btl_openib_connect_udcm.c:2044:udcm_process_messages] could not find associated endpoint.
[erp02][[10976,0],14][connect/btl_openib_connect_udcm.c:1535:udcm_find_endpoint] could not find endpoint with port: 1, lid: 320, msg_type: 100
[erp02][[10976,0],14][connect/btl_openib_connect_udcm.c:2044:udcm_process_messages] could not find associated endpoint.
[erp02][[10976,0],14][connect/btl_openib_connect_udcm.c:1535:udcm_find_endpoint] could not find endpoint with port: 1, lid: 7, msg_type: 100
[erp02][[10976,0],14][connect/btl_openib_connect_udcm.c:2044:udcm_process_messages] could not find associated endpoint.
[erp02][[10976,0],14][connect/btl_openib_connect_udcm.c:1535:udcm_find_endpoint] could not find endpoint with port: 1, lid: 7, msg_type: 100
[erp02][[10976,0],14][connect/btl_openib_connect_udcm.c:2044:udcm_process_messages] could not find associated endpoint.
[erp02][[10976,0],14][connect/btl_openib_connect_udcm.c:1535:udcm_find_endpoint] could not find endpoint with port: 1, lid: 317, msg_type: 100
[erp02][[10976,0],14][connect/btl_openib_connect_udcm.c:2044:udcm_process_messages] could not find associated endpoint.
[erp02][[10976,0],14][connect/btl_openib_connect_udcm.c:1535:udcm_find_endpoint] could not find endpoint with port: 1, lid: 320, msg_type: 100
[erp02][[10976,0],14][connect/btl_openib_connect_udcm.c:2044:udcm_process_messages] could not find associated endpoint.
[erp02][[10976,0],14][connect/btl_openib_connect_udcm.c:1535:udcm_find_endpoint] could not find endpoint with port: 1, lid: 7, msg_type: 100
[erp02][[10976,0],14][connect/btl_openib_connect_udcm.c:2044:udcm_process_messages] could not find associated endpoint.
[erp02][[10976,0],14][connect/btl_openib_connect_udcm.c:1535:udcm_find_endpoint] could not find endpoint with port: 1, lid: 7, msg_type: 100
[erp02][[10976,0],14][connect/btl_openib_connect_udcm.c:2044:udcm_process_messages] could not find associated endpoint.
[erp02][[10976,0],14][connect/btl_openib_connect_udcm.c:1535:udcm_find_endpoint] could not find endpoint with port: 1, lid: 317, msg_type: 100
[erp02][[10976,0],14][connect/btl_openib_connect_udcm.c:2044:udcm_process_messages] could not find associated endpoint.
[erp02][[10976,0],14][connect/btl_openib_connect_udcm.c:1535:udcm_find_endpoint] could not find endpoint with port: 1, lid: 320, msg_type: 100
[erp02][[10976,0],14][connect/btl_openib_connect_udcm.c:2044:udcm_process_messages] could not find associated endpoint.
[erp02][[10976,0],14][connect/btl_openib_connect_udcm.c:1535:udcm_find_endpoint] could not find endpoint with port: 1, lid: 7, msg_type: 100
[erp02][[10976,0],14][connect/btl_openib_connect_udcm.c:2044:udcm_process_messages] could not find associated endpoint.
[erp02][[10976,0],14][connect/btl_openib_connect_udcm.c:1535:udcm_find_endpoint] could not find endpoint with port: 1, lid: 7, msg_type: 100
[erp02][[10976,0],14][connect/btl_openib_connect_udcm.c:2044:udcm_process_messages] could not find associated endpoint.
[erp02][[10976,0],14][connect/btl_openib_connect_udcm.c:1535:udcm_find_endpoint] could not find endpoint with port: 1, lid: 317, msg_type: 100
[erp02][[10976,0],14][connect/btl_openib_connect_udcm.c:2044:udcm_process_messages] could not find associated endpoint.
[erp02][[10976,0],14][connect/btl_openib_connect_udcm.c:1535:udcm_find_endpoint] could not find endpoint with port: 1, lid: 320, msg_type: 100
[erp02][[10976,0],14][connect/btl_openib_connect_udcm.c:2044:udcm_process_messages] could not find associated endpoint.
[erp02][[10976,0],14][connect/btl_openib_connect_udcm.c:1535:udcm_find_endpoint] could not find endpoint with port: 1, lid: 7, msg_type: 100
[erp02][[10976,0],14][connect/btl_openib_connect_udcm.c:2044:udcm_process_messages] could not find associated endpoint.
[erp02][[10976,0],14][connect/btl_openib_connect_udcm.c:1535:udcm_find_endpoint] could not find endpoint with port: 1, lid: 7, msg_type: 100
[erp02][[10976,0],14][connect/btl_openib_connect_udcm.c:2044:udcm_process_messages] could not find associated endpoint.
[erp02][[10976,0],14][connect/btl_openib_connect_udcm.c:1535:udcm_find_endpoint] could not find endpoint with port: 1, lid: 317, msg_type: 100
[erp02][[10976,0],14][connect/btl_openib_connect_udcm.c:2044:udcm_process_messages] could not find associated endpoint.
[erp02][[10976,0],14][connect/btl_openib_connect_udcm.c:1535:udcm_find_endpoint] could not find endpoint with port: 1, lid: 320, msg_type: 100
[erp02][[10976,0],14][connect/btl_openib_connect_udcm.c:2044:udcm_process_messages] could not find associated endpoint.
[erp02][[10976,0],14][connect/btl_openib_connect_udcm.c:1535:udcm_find_endpoint] could not find endpoint with port: 1, lid: 7, msg_type: 100
[erp02][[10976,0],14][connect/btl_openib_connect_udcm.c:2044:udcm_process_messages] could not find associated endpoint.
[erp02][[10976,0],14][connect/btl_openib_connect_udcm.c:1535:udcm_find_endpoint] could not find endpoint with port: 1, lid: 7, msg_type: 100
[erp02][[10976,0],14][connect/btl_openib_connect_udcm.c:2044:udcm_process_messages] could not find associated endpoint.
[erp02][[10976,0],14][connect/btl_openib_connect_udcm.c:1535:udcm_find_endpoint] could not find endpoint with port: 1, lid: 317, msg_type: 100
[erp02][[10976,0],14][connect/btl_openib_connect_udcm.c:2044:udcm_process_messages] could not find associated endpoint.
[erp02][[10976,0],14][connect/btl_openib_connect_udcm.c:1535:udcm_find_endpoint] could not find endpoint with port: 1, lid: 320, msg_type: 100
[erp02][[10976,0],14][connect/btl_openib_connect_udcm.c:2044:udcm_process_messages] could not find associated endpoint.
[erp02][[10976,0],14][connect/btl_openib_connect_udcm.c:1535:udcm_find_endpoint] could not find endpoint with port: 1, lid: 7, msg_type: 100
[erp02][[10976,0],14][connect/btl_openib_connect_udcm.c:2044:udcm_process_messages] could not find associated endpoint.
[erp02][[10976,0],14][connect/btl_openib_connect_udcm.c:1535:udcm_find_endpoint] could not find endpoint with port: 1, lid: 7, msg_type: 100
[erp02][[10976,0],14][connect/btl_openib_connect_udcm.c:2044:udcm_process_messages] could not find associated endpoint.
[erp02][[10976,0],14][connect/btl_openib_connect_udcm.c:1535:udcm_find_endpoint] could not find endpoint with port: 1, lid: 317, msg_type: 100
[erp02][[10976,0],14][connect/btl_openib_connect_udcm.c:2044:udcm_process_messages] could not find associated endpoint.
[erp02][[10976,0],14][connect/btl_openib_connect_udcm.c:1535:udcm_find_endpoint] could not find endpoint with port: 1, lid: 320, msg_type: 100
[erp02][[10976,0],14][connect/btl_openib_connect_udcm.c:2044:udcm_process_messages] could not find associated endpoint.
[erp01:130977] too many retries sending message to 0x0139:0x000167c5, giving up
[erp01:130981] too many retries sending message to 0x0139:0x000167c5, giving up
slurmstepd: error: *** STEP 10976.0 ON erp01 CANCELLED AT 2020-10-02T10:19:41 ***
srun: Job step aborted: Waiting up to 32 seconds for job step to finish.
srun: error: erp01: tasks 0-5,7-9,11: Killed
srun: error: erp01: tasks 6,10: Exited with exit code 255
srun: error: erp02: tasks 12-23: Killed
srun: error: erp03: tasks 24-35: Killed
srun: error: erp04: tasks 36-47: Killed
srun: error: erp05: tasks 48-59: Killed
srun: error: erp06: tasks 60-71: Killed
+ set +x
