processes 288
nodes 12
ppn 24
binding numa
+ srun --mpi=pmi2 -n 288 --cpu_bind=verbose,map_ldom=4,4,4,4,4,4,5,5,5,5,5,5,6,6,6,6,6,6,7,7,7,7,7,7,0,0,0,0,0,0,1,1,1,1,1,1,2,2,2,2,2,2,3,3,3,3,3,3 /gpfs/u/home/CCNI/CCNIsmth/barn-shared/CWS/osu-micro-benchmarks-5.6.1-erp-openmpi.4.0.1-verbs-noUcx-Pmi-install//libexec/osu-micro-benchmarks/mpi//collective/osu_allreduce
cpu_bind=LDMAP  - erp01, task  3  3 [2373]: mask 0x20202020202 set
cpu_bind=LDMAP  - erp01, task  4  4 [2374]: mask 0x20202020202 set
cpu_bind=LDMAP  - erp01, task  5  5 [2375]: mask 0x20202020202 set
cpu_bind=LDMAP  - erp01, task  0  0 [2370]: mask 0x20202020202 set
cpu_bind=LDMAP  - erp01, task  1  1 [2371]: mask 0x20202020202 set
cpu_bind=LDMAP  - erp01, task  2  2 [2372]: mask 0x20202020202 set
cpu_bind=LDMAP  - erp01, task  6  6 [2376]: mask 0x80808080808 set
cpu_bind=LDMAP  - erp01, task  8  8 [2378]: mask 0x80808080808 set
cpu_bind=LDMAP  - erp01, task  7  7 [2377]: mask 0x80808080808 set
cpu_bind=LDMAP  - erp01, task  9  9 [2379]: mask 0x80808080808 set
cpu_bind=LDMAP  - erp01, task 10 10 [2380]: mask 0x80808080808 set
cpu_bind=LDMAP  - erp01, task 11 11 [2381]: mask 0x80808080808 set
cpu_bind=LDMAP  - erp01, task 12 12 [2382]: mask 0x202020202020 set
cpu_bind=LDMAP  - erp01, task 13 13 [2383]: mask 0x202020202020 set
cpu_bind=LDMAP  - erp01, task 15 15 [2385]: mask 0x202020202020 set
cpu_bind=LDMAP  - erp01, task 14 14 [2384]: mask 0x202020202020 set
cpu_bind=LDMAP  - erp01, task 16 16 [2386]: mask 0x202020202020 set
cpu_bind=LDMAP  - erp01, task 17 17 [2387]: mask 0x202020202020 set
cpu_bind=LDMAP  - erp01, task 18 18 [2388]: mask 0x808080808080 set
cpu_bind=LDMAP  - erp01, task 19 19 [2389]: mask 0x808080808080 set
cpu_bind=LDMAP  - erp01, task 21 21 [2391]: mask 0x808080808080 set
cpu_bind=LDMAP  - erp01, task 20 20 [2390]: mask 0x808080808080 set
cpu_bind=LDMAP  - erp01, task 22 22 [2392]: mask 0x808080808080 set
cpu_bind=LDMAP  - erp01, task 23 23 [2393]: mask 0x808080808080 set
cpu_bind=LDMAP  - erp07, task 144  0 [13459]: mask 0x20202020202 set
cpu_bind=LDMAP  - erp07, task 145  1 [13460]: mask 0x20202020202 set
cpu_bind=LDMAP  - erp07, task 146  2 [13461]: mask 0x20202020202 set
cpu_bind=LDMAP  - erp07, task 147  3 [13462]: mask 0x20202020202 set
cpu_bind=LDMAP  - erp07, task 150  6 [13465]: mask 0x80808080808 set
cpu_bind=LDMAP  - erp07, task 149  5 [13464]: mask 0x20202020202 set
cpu_bind=LDMAP  - erp07, task 148  4 [13463]: mask 0x20202020202 set
cpu_bind=LDMAP  - erp07, task 152  8 [13467]: mask 0x80808080808 set
cpu_bind=LDMAP  - erp07, task 153  9 [13468]: mask 0x80808080808 set
cpu_bind=LDMAP  - erp07, task 151  7 [13466]: mask 0x80808080808 set
cpu_bind=LDMAP  - erp07, task 154 10 [13469]: mask 0x80808080808 set
cpu_bind=LDMAP  - erp07, task 155 11 [13470]: mask 0x80808080808 set
cpu_bind=LDMAP  - erp07, task 156 12 [13471]: mask 0x202020202020 set
cpu_bind=LDMAP  - erp07, task 157 13 [13472]: mask 0x202020202020 set
cpu_bind=LDMAP  - erp07, task 160 16 [13475]: mask 0x202020202020 set
cpu_bind=LDMAP  - erp07, task 158 14 [13473]: mask 0x202020202020 set
cpu_bind=LDMAP  - erp07, task 159 15 [13474]: mask 0x202020202020 set
cpu_bind=LDMAP  - erp07, task 161 17 [13476]: mask 0x202020202020 set
cpu_bind=LDMAP  - erp07, task 162 18 [13477]: mask 0x808080808080 set
cpu_bind=LDMAP  - erp07, task 164 20 [13479]: mask 0x808080808080 set
cpu_bind=LDMAP  - erp07, task 163 19 [13478]: mask 0x808080808080 set
cpu_bind=LDMAP  - erp07, task 166 22 [13481]: mask 0x808080808080 set
cpu_bind=LDMAP  - erp07, task 165 21 [13480]: mask 0x808080808080 set
cpu_bind=LDMAP  - erp07, task 167 23 [13482]: mask 0x808080808080 set
cpu_bind=LDMAP  - erp09, task 192  0 [8260]: mask 0x20202020202 set
cpu_bind=LDMAP  - erp09, task 194  2 [8262]: mask 0x20202020202 set
cpu_bind=LDMAP  - erp09, task 193  1 [8261]: mask 0x20202020202 set
cpu_bind=LDMAP  - erp09, task 196  4 [8264]: mask 0x20202020202 set
cpu_bind=LDMAP  - erp09, task 195  3 [8263]: mask 0x20202020202 set
cpu_bind=LDMAP  - erp09, task 197  5 [8265]: mask 0x20202020202 set
cpu_bind=LDMAP  - erp09, task 198  6 [8266]: mask 0x80808080808 set
cpu_bind=LDMAP  - erp12, task 264  0 [4440]: mask 0x20202020202 set
cpu_bind=LDMAP  - erp09, task 199  7 [8267]: mask 0x80808080808 set
cpu_bind=LDMAP  - erp12, task 265  1 [4441]: mask 0x20202020202 set
cpu_bind=LDMAP  - erp03, task 48  0 [124956]: mask 0x20202020202 set
cpu_bind=LDMAP  - erp11, task 240  0 [115627]: mask 0x20202020202 set
cpu_bind=LDMAP  - erp09, task 200  8 [8268]: mask 0x80808080808 set
cpu_bind=LDMAP  - erp12, task 266  2 [4442]: mask 0x20202020202 set
cpu_bind=LDMAP  - erp03, task 50  2 [124958]: mask 0x20202020202 set
cpu_bind=LDMAP  - erp11, task 241  1 [115628]: mask 0x20202020202 set
cpu_bind=LDMAP  - erp09, task 202 10 [8270]: mask 0x80808080808 set
cpu_bind=LDMAP  - erp12, task 267  3 [4443]: mask 0x20202020202 set
cpu_bind=LDMAP  - erp03, task 49  1 [124957]: mask 0x20202020202 set
cpu_bind=LDMAP  - erp11, task 242  2 [115629]: mask 0x20202020202 set
cpu_bind=LDMAP  - erp09, task 203 11 [8271]: mask 0x80808080808 set
cpu_bind=LDMAP  - erp12, task 268  4 [4444]: mask 0x20202020202 set
cpu_bind=LDMAP  - erp03, task 51  3 [124959]: mask 0x20202020202 set
cpu_bind=LDMAP  - erp11, task 243  3 [115630]: mask 0x20202020202 set
cpu_bind=LDMAP  - erp09, task 204 12 [8272]: mask 0x202020202020 set
cpu_bind=LDMAP  - erp12, task 269  5 [4445]: mask 0x20202020202 set
cpu_bind=LDMAP  - erp03, task 52  4 [124960]: mask 0x20202020202 set
cpu_bind=LDMAP  - erp11, task 245  5 [115632]: mask 0x20202020202 set
cpu_bind=LDMAP  - erp09, task 201  9 [8269]: mask 0x80808080808 set
cpu_bind=LDMAP  - erp12, task 270  6 [4446]: mask 0x80808080808 set
cpu_bind=LDMAP  - erp03, task 53  5 [124961]: mask 0x20202020202 set
cpu_bind=LDMAP  - erp11, task 244  4 [115631]: mask 0x20202020202 set
cpu_bind=LDMAP  - erp09, task 205 13 [8273]: mask 0x202020202020 set
cpu_bind=LDMAP  - erp12, task 271  7 [4447]: mask 0x80808080808 set
cpu_bind=LDMAP  - erp03, task 54  6 [124962]: mask 0x80808080808 set
cpu_bind=LDMAP  - erp11, task 246  6 [115633]: mask 0x80808080808 set
cpu_bind=LDMAP  - erp09, task 207 15 [8275]: mask 0x202020202020 set
cpu_bind=LDMAP  - erp12, task 272  8 [4448]: mask 0x80808080808 set
cpu_bind=LDMAP  - erp03, task 55  7 [124963]: mask 0x80808080808 set
cpu_bind=LDMAP  - erp11, task 247  7 [115634]: mask 0x80808080808 set
cpu_bind=LDMAP  - erp09, task 206 14 [8274]: mask 0x202020202020 set
cpu_bind=LDMAP  - erp12, task 273  9 [4449]: mask 0x80808080808 set
cpu_bind=LDMAP  - erp03, task 56  8 [124964]: mask 0x80808080808 set
cpu_bind=LDMAP  - erp11, task 248  8 [115635]: mask 0x80808080808 set
cpu_bind=LDMAP  - erp12, task 274 10 [4450]: mask 0x80808080808 set
cpu_bind=LDMAP  - erp03, task 57  9 [124965]: mask 0x80808080808 set
cpu_bind=LDMAP  - erp11, task 249  9 [115636]: mask 0x80808080808 set
cpu_bind=LDMAP  - erp12, task 275 11 [4451]: mask 0x80808080808 set
cpu_bind=LDMAP  - erp03, task 59 11 [124967]: mask 0x80808080808 set
cpu_bind=LDMAP  - erp11, task 250 10 [115637]: mask 0x80808080808 set
cpu_bind=LDMAP  - erp12, task 276 12 [4452]: mask 0x202020202020 set
cpu_bind=LDMAP  - erp03, task 58 10 [124966]: mask 0x80808080808 set
cpu_bind=LDMAP  - erp09, task 209 17 [8277]: mask 0x202020202020 set
cpu_bind=LDMAP  - erp12, task 277 13 [4453]: mask 0x202020202020 set
cpu_bind=LDMAP  - erp03, task 60 12 [124968]: mask 0x202020202020 set
cpu_bind=LDMAP  - erp09, task 208 16 [8276]: mask 0x202020202020 set
cpu_bind=LDMAP  - erp12, task 278 14 [4454]: mask 0x202020202020 set
cpu_bind=LDMAP  - erp03, task 61 13 [124969]: mask 0x202020202020 set
cpu_bind=LDMAP  - erp09, task 210 18 [8278]: mask 0x808080808080 set
cpu_bind=LDMAP  - erp12, task 279 15 [4455]: mask 0x202020202020 set
cpu_bind=LDMAP  - erp09, task 213 21 [8281]: mask 0x808080808080 set
cpu_bind=LDMAP  - erp09, task 212 20 [8280]: mask 0x808080808080 set
cpu_bind=LDMAP  - erp09, task 211 19 [8279]: mask 0x808080808080 set
cpu_bind=LDMAP  - erp09, task 214 22 [8282]: mask 0x808080808080 set
cpu_bind=LDMAP  - erp09, task 215 23 [8283]: mask 0x808080808080 set
cpu_bind=LDMAP  - erp12, task 280 16 [4456]: mask 0x202020202020 set
cpu_bind=LDMAP  - erp12, task 281 17 [4457]: mask 0x202020202020 set
cpu_bind=LDMAP  - erp11, task 253 13 [115640]: mask 0x202020202020 set
cpu_bind=LDMAP  - erp12, task 282 18 [4458]: mask 0x808080808080 set
cpu_bind=LDMAP  - erp12, task 283 19 [4459]: mask 0x808080808080 set
cpu_bind=LDMAP  - erp12, task 284 20 [4460]: mask 0x808080808080 set
cpu_bind=LDMAP  - erp12, task 286 22 [4462]: mask 0x808080808080 set
cpu_bind=LDMAP  - erp12, task 285 21 [4461]: mask 0x808080808080 set
cpu_bind=LDMAP  - erp12, task 287 23 [4463]: mask 0x808080808080 set
cpu_bind=LDMAP  - erp11, task 251 11 [115638]: mask 0x80808080808 set
cpu_bind=LDMAP  - erp08, task 170  2 [12787]: mask 0x20202020202 set
cpu_bind=LDMAP  - erp11, task 254 14 [115641]: mask 0x202020202020 set
cpu_bind=LDMAP  - erp08, task 169  1 [12786]: mask 0x20202020202 set
cpu_bind=LDMAP  - erp03, task 62 14 [124970]: mask 0x202020202020 set
cpu_bind=LDMAP  - erp08, task 168  0 [12785]: mask 0x20202020202 set
cpu_bind=LDMAP  - erp11, task 252 12 [115639]: mask 0x202020202020 set
cpu_bind=LDMAP  - erp08, task 171  3 [12788]: mask 0x20202020202 set
cpu_bind=LDMAP  - erp03, task 63 15 [124971]: mask 0x202020202020 set
cpu_bind=LDMAP  - erp11, task 255 15 [115642]: mask 0x202020202020 set
cpu_bind=LDMAP  - erp08, task 172  4 [12789]: mask 0x20202020202 set
cpu_bind=LDMAP  - erp11, task 257 17 [115644]: mask 0x202020202020 set
cpu_bind=LDMAP  - erp11, task 258 18 [115645]: mask 0x808080808080 set
cpu_bind=LDMAP  - erp11, task 256 16 [115643]: mask 0x202020202020 set
cpu_bind=LDMAP  - erp03, task 65 17 [124973]: mask 0x202020202020 set
cpu_bind=LDMAP  - erp03, task 64 16 [124972]: mask 0x202020202020 set
cpu_bind=LDMAP  - erp08, task 174  6 [12791]: mask 0x80808080808 set
cpu_bind=LDMAP  - erp08, task 175  7 [12792]: mask 0x80808080808 set
cpu_bind=LDMAP  - erp08, task 173  5 [12790]: mask 0x20202020202 set
cpu_bind=LDMAP  - erp11, task 259 19 [115646]: mask 0x808080808080 set
cpu_bind=LDMAP  - erp03, task 66 18 [124974]: mask 0x808080808080 set
cpu_bind=LDMAP  - erp03, task 67 19 [124975]: mask 0x808080808080 set
cpu_bind=LDMAP  - erp08, task 176  8 [12793]: mask 0x80808080808 set
cpu_bind=LDMAP  - erp11, task 260 20 [115647]: mask 0x808080808080 set
cpu_bind=LDMAP  - erp11, task 261 21 [115648]: mask 0x808080808080 set
cpu_bind=LDMAP  - erp11, task 262 22 [115649]: mask 0x808080808080 set
cpu_bind=LDMAP  - erp08, task 178 10 [12795]: mask 0x80808080808 set
cpu_bind=LDMAP  - erp03, task 68 20 [124976]: mask 0x808080808080 set
cpu_bind=LDMAP  - erp03, task 70 22 [124978]: mask 0x808080808080 set
cpu_bind=LDMAP  - erp08, task 177  9 [12794]: mask 0x80808080808 set
cpu_bind=LDMAP  - erp08, task 179 11 [12796]: mask 0x80808080808 set
cpu_bind=LDMAP  - erp08, task 180 12 [12797]: mask 0x202020202020 set
cpu_bind=LDMAP  - erp11, task 263 23 [115650]: mask 0x808080808080 set
cpu_bind=LDMAP  - erp03, task 69 21 [124977]: mask 0x808080808080 set
cpu_bind=LDMAP  - erp03, task 71 23 [124979]: mask 0x808080808080 set
cpu_bind=LDMAP  - erp08, task 181 13 [12798]: mask 0x202020202020 set
cpu_bind=LDMAP  - erp08, task 182 14 [12799]: mask 0x202020202020 set
cpu_bind=LDMAP  - erp08, task 183 15 [12800]: mask 0x202020202020 set
cpu_bind=LDMAP  - erp08, task 184 16 [12801]: mask 0x202020202020 set
cpu_bind=LDMAP  - erp08, task 185 17 [12802]: mask 0x202020202020 set
cpu_bind=LDMAP  - erp08, task 186 18 [12803]: mask 0x808080808080 set
cpu_bind=LDMAP  - erp08, task 187 19 [12804]: mask 0x808080808080 set
cpu_bind=LDMAP  - erp08, task 188 20 [12805]: mask 0x808080808080 set
cpu_bind=LDMAP  - erp08, task 190 22 [12807]: mask 0x808080808080 set
cpu_bind=LDMAP  - erp08, task 189 21 [12806]: mask 0x808080808080 set
cpu_bind=LDMAP  - erp08, task 191 23 [12808]: mask 0x808080808080 set
cpu_bind=LDMAP  - erp10, task 216  0 [8197]: mask 0x20202020202 set
cpu_bind=LDMAP  - erp10, task 217  1 [8198]: mask 0x20202020202 set
cpu_bind=LDMAP  - erp10, task 218  2 [8199]: mask 0x20202020202 set
cpu_bind=LDMAP  - erp10, task 221  5 [8202]: mask 0x20202020202 set
cpu_bind=LDMAP  - erp10, task 222  6 [8203]: mask 0x80808080808 set
cpu_bind=LDMAP  - erp10, task 220  4 [8201]: mask 0x20202020202 set
cpu_bind=LDMAP  - erp10, task 219  3 [8200]: mask 0x20202020202 set
cpu_bind=LDMAP  - erp10, task 224  8 [8205]: mask 0x80808080808 set
cpu_bind=LDMAP  - erp10, task 223  7 [8204]: mask 0x80808080808 set
cpu_bind=LDMAP  - erp10, task 226 10 [8207]: mask 0x80808080808 set
cpu_bind=LDMAP  - erp10, task 225  9 [8206]: mask 0x80808080808 set
cpu_bind=LDMAP  - erp10, task 227 11 [8208]: mask 0x80808080808 set
cpu_bind=LDMAP  - erp10, task 228 12 [8209]: mask 0x202020202020 set
cpu_bind=LDMAP  - erp10, task 229 13 [8210]: mask 0x202020202020 set
cpu_bind=LDMAP  - erp10, task 231 15 [8212]: mask 0x202020202020 set
cpu_bind=LDMAP  - erp10, task 230 14 [8211]: mask 0x202020202020 set
cpu_bind=LDMAP  - erp10, task 232 16 [8213]: mask 0x202020202020 set
cpu_bind=LDMAP  - erp10, task 233 17 [8214]: mask 0x202020202020 set
cpu_bind=LDMAP  - erp10, task 235 19 [8216]: mask 0x808080808080 set
cpu_bind=LDMAP  - erp10, task 234 18 [8215]: mask 0x808080808080 set
cpu_bind=LDMAP  - erp10, task 237 21 [8218]: mask 0x808080808080 set
cpu_bind=LDMAP  - erp10, task 236 20 [8217]: mask 0x808080808080 set
cpu_bind=LDMAP  - erp10, task 238 22 [8219]: mask 0x808080808080 set
cpu_bind=LDMAP  - erp10, task 239 23 [8220]: mask 0x808080808080 set
cpu_bind=LDMAP  - erp04, task 73  1 [124420]: mask 0x20202020202 set
cpu_bind=LDMAP  - erp04, task 72  0 [124419]: mask 0x20202020202 set
cpu_bind=LDMAP  - erp04, task 74  2 [124421]: mask 0x20202020202 set
cpu_bind=LDMAP  - erp04, task 75  3 [124422]: mask 0x20202020202 set
cpu_bind=LDMAP  - erp04, task 77  5 [124424]: mask 0x20202020202 set
cpu_bind=LDMAP  - erp04, task 76  4 [124423]: mask 0x20202020202 set
cpu_bind=LDMAP  - erp04, task 78  6 [124425]: mask 0x80808080808 set
cpu_bind=LDMAP  - erp04, task 79  7 [124426]: mask 0x80808080808 set
cpu_bind=LDMAP  - erp04, task 80  8 [124427]: mask 0x80808080808 set
cpu_bind=LDMAP  - erp04, task 82 10 [124429]: mask 0x80808080808 set
cpu_bind=LDMAP  - erp04, task 81  9 [124428]: mask 0x80808080808 set
cpu_bind=LDMAP  - erp04, task 83 11 [124430]: mask 0x80808080808 set
cpu_bind=LDMAP  - erp04, task 84 12 [124431]: mask 0x202020202020 set
cpu_bind=LDMAP  - erp04, task 85 13 [124432]: mask 0x202020202020 set
cpu_bind=LDMAP  - erp04, task 87 15 [124434]: mask 0x202020202020 set
cpu_bind=LDMAP  - erp04, task 86 14 [124433]: mask 0x202020202020 set
cpu_bind=LDMAP  - erp04, task 88 16 [124435]: mask 0x202020202020 set
cpu_bind=LDMAP  - erp04, task 89 17 [124436]: mask 0x202020202020 set
cpu_bind=LDMAP  - erp04, task 91 19 [124438]: mask 0x808080808080 set
cpu_bind=LDMAP  - erp04, task 90 18 [124437]: mask 0x808080808080 set
cpu_bind=LDMAP  - erp04, task 94 22 [124441]: mask 0x808080808080 set
cpu_bind=LDMAP  - erp04, task 92 20 [124439]: mask 0x808080808080 set
cpu_bind=LDMAP  - erp04, task 93 21 [124440]: mask 0x808080808080 set
cpu_bind=LDMAP  - erp04, task 95 23 [124442]: mask 0x808080808080 set
cpu_bind=LDMAP  - erp06, task 120  0 [122054]: mask 0x20202020202 set
cpu_bind=LDMAP  - erp06, task 121  1 [122055]: mask 0x20202020202 set
cpu_bind=LDMAP  - erp06, task 122  2 [122056]: mask 0x20202020202 set
cpu_bind=LDMAP  - erp06, task 123  3 [122057]: mask 0x20202020202 set
cpu_bind=LDMAP  - erp06, task 126  6 [122060]: mask 0x80808080808 set
cpu_bind=LDMAP  - erp06, task 125  5 [122059]: mask 0x20202020202 set
cpu_bind=LDMAP  - erp06, task 124  4 [122058]: mask 0x20202020202 set
cpu_bind=LDMAP  - erp06, task 127  7 [122061]: mask 0x80808080808 set
cpu_bind=LDMAP  - erp06, task 128  8 [122062]: mask 0x80808080808 set
cpu_bind=LDMAP  - erp06, task 130 10 [122064]: mask 0x80808080808 set
cpu_bind=LDMAP  - erp06, task 131 11 [122065]: mask 0x80808080808 set
cpu_bind=LDMAP  - erp06, task 132 12 [122066]: mask 0x202020202020 set
cpu_bind=LDMAP  - erp06, task 129  9 [122063]: mask 0x80808080808 set
cpu_bind=LDMAP  - erp06, task 133 13 [122067]: mask 0x202020202020 set
cpu_bind=LDMAP  - erp06, task 134 14 [122068]: mask 0x202020202020 set
cpu_bind=LDMAP  - erp06, task 135 15 [122069]: mask 0x202020202020 set
cpu_bind=LDMAP  - erp06, task 137 17 [122071]: mask 0x202020202020 set
cpu_bind=LDMAP  - erp06, task 138 18 [122072]: mask 0x808080808080 set
cpu_bind=LDMAP  - erp06, task 136 16 [122070]: mask 0x202020202020 set
cpu_bind=LDMAP  - erp06, task 139 19 [122073]: mask 0x808080808080 set
cpu_bind=LDMAP  - erp06, task 140 20 [122074]: mask 0x808080808080 set
cpu_bind=LDMAP  - erp06, task 142 22 [122076]: mask 0x808080808080 set
cpu_bind=LDMAP  - erp06, task 141 21 [122075]: mask 0x808080808080 set
cpu_bind=LDMAP  - erp06, task 143 23 [122077]: mask 0x808080808080 set
cpu_bind=LDMAP  - erp05, task 96  0 [122704]: mask 0x20202020202 set
cpu_bind=LDMAP  - erp05, task 98  2 [122706]: mask 0x20202020202 set
cpu_bind=LDMAP  - erp05, task 97  1 [122705]: mask 0x20202020202 set
cpu_bind=LDMAP  - erp05, task 99  3 [122707]: mask 0x20202020202 set
cpu_bind=LDMAP  - erp05, task 100  4 [122708]: mask 0x20202020202 set
cpu_bind=LDMAP  - erp05, task 101  5 [122709]: mask 0x20202020202 set
cpu_bind=LDMAP  - erp05, task 102  6 [122710]: mask 0x80808080808 set
cpu_bind=LDMAP  - erp05, task 104  8 [122712]: mask 0x80808080808 set
cpu_bind=LDMAP  - erp05, task 103  7 [122711]: mask 0x80808080808 set
cpu_bind=LDMAP  - erp05, task 105  9 [122713]: mask 0x80808080808 set
cpu_bind=LDMAP  - erp05, task 106 10 [122714]: mask 0x80808080808 set
cpu_bind=LDMAP  - erp05, task 108 12 [122716]: mask 0x202020202020 set
cpu_bind=LDMAP  - erp05, task 110 14 [122718]: mask 0x202020202020 set
cpu_bind=LDMAP  - erp05, task 107 11 [122715]: mask 0x80808080808 set
cpu_bind=LDMAP  - erp05, task 109 13 [122717]: mask 0x202020202020 set
cpu_bind=LDMAP  - erp05, task 111 15 [122719]: mask 0x202020202020 set
cpu_bind=LDMAP  - erp05, task 112 16 [122720]: mask 0x202020202020 set
cpu_bind=LDMAP  - erp05, task 113 17 [122721]: mask 0x202020202020 set
cpu_bind=LDMAP  - erp05, task 114 18 [122722]: mask 0x808080808080 set
cpu_bind=LDMAP  - erp05, task 116 20 [122724]: mask 0x808080808080 set
cpu_bind=LDMAP  - erp05, task 115 19 [122723]: mask 0x808080808080 set
cpu_bind=LDMAP  - erp05, task 118 22 [122726]: mask 0x808080808080 set
cpu_bind=LDMAP  - erp05, task 117 21 [122725]: mask 0x808080808080 set
cpu_bind=LDMAP  - erp05, task 119 23 [122727]: mask 0x808080808080 set
cpu_bind=LDMAP  - erp02, task 25  1 [128677]: mask 0x20202020202 set
cpu_bind=LDMAP  - erp02, task 24  0 [128676]: mask 0x20202020202 set
cpu_bind=LDMAP  - erp02, task 26  2 [128678]: mask 0x20202020202 set
cpu_bind=LDMAP  - erp02, task 28  4 [128680]: mask 0x20202020202 set
cpu_bind=LDMAP  - erp02, task 29  5 [128681]: mask 0x20202020202 set
cpu_bind=LDMAP  - erp02, task 27  3 [128679]: mask 0x20202020202 set
cpu_bind=LDMAP  - erp02, task 30  6 [128682]: mask 0x80808080808 set
cpu_bind=LDMAP  - erp02, task 31  7 [128683]: mask 0x80808080808 set
cpu_bind=LDMAP  - erp02, task 32  8 [128684]: mask 0x80808080808 set
cpu_bind=LDMAP  - erp02, task 33  9 [128685]: mask 0x80808080808 set
cpu_bind=LDMAP  - erp02, task 35 11 [128687]: mask 0x80808080808 set
cpu_bind=LDMAP  - erp02, task 34 10 [128686]: mask 0x80808080808 set
cpu_bind=LDMAP  - erp02, task 37 13 [128689]: mask 0x202020202020 set
cpu_bind=LDMAP  - erp02, task 36 12 [128688]: mask 0x202020202020 set
cpu_bind=LDMAP  - erp02, task 38 14 [128690]: mask 0x202020202020 set
cpu_bind=LDMAP  - erp02, task 40 16 [128692]: mask 0x202020202020 set
cpu_bind=LDMAP  - erp02, task 39 15 [128691]: mask 0x202020202020 set
cpu_bind=LDMAP  - erp02, task 42 18 [128694]: mask 0x808080808080 set
cpu_bind=LDMAP  - erp02, task 41 17 [128693]: mask 0x202020202020 set
cpu_bind=LDMAP  - erp02, task 43 19 [128695]: mask 0x808080808080 set
cpu_bind=LDMAP  - erp02, task 44 20 [128696]: mask 0x808080808080 set
cpu_bind=LDMAP  - erp02, task 46 22 [128698]: mask 0x808080808080 set
cpu_bind=LDMAP  - erp02, task 45 21 [128697]: mask 0x808080808080 set
cpu_bind=LDMAP  - erp02, task 47 23 [128699]: mask 0x808080808080 set

# OSU MPI Allreduce Latency Test v5.6.1
# Size       Avg Latency(us)
4                     487.31
8                      64.40
16                     74.93
32                     36.71
64                     66.82
128                    68.41
256                   281.58
512                    61.46
1024                  118.67
2048                  158.19
4096                  638.65
8192                  468.34
16384                5525.40
32768                6783.84
65536                4913.35
131072               7398.44
262144               8119.68
524288               6417.83
1048576             11818.89
+ set +x
