processes 96
nodes 2
ppn 48
binding default
+ srun --mpi=pmi2 -n 96 --cpu_bind=verbose /gpfs/u/home/CCNI/CCNIsmth/barn-shared/CWS/osu-micro-benchmarks-5.6.1-erp-openmpi.4.0.1-verbs-noUcx-Pmi-install//libexec/osu-micro-benchmarks/mpi//collective/osu_allreduce
cpu_bind=MASK - erp01, task  1  1 [6344]: mask 0x4 set
cpu_bind=MASK - erp01, task  0  0 [6343]: mask 0x1 set
cpu_bind=MASK - erp01, task  2  2 [6345]: mask 0x10 set
cpu_bind=MASK - erp01, task  3  3 [6346]: mask 0x40 set
cpu_bind=MASK - erp01, task  4  4 [6347]: mask 0x2 set
cpu_bind=MASK - erp01, task  9  9 [6352]: mask 0x400 set
cpu_bind=MASK - erp01, task  6  6 [6349]: mask 0x20 set
cpu_bind=MASK - erp01, task  7  7 [6350]: mask 0x80 set
cpu_bind=MASK - erp01, task  8  8 [6351]: mask 0x100 set
cpu_bind=MASK - erp01, task  5  5 [6348]: mask 0x8 set
cpu_bind=MASK - erp01, task 10 10 [6353]: mask 0x1000 set
cpu_bind=MASK - erp01, task 11 11 [6354]: mask 0x4000 set
cpu_bind=MASK - erp01, task 12 12 [6355]: mask 0x200 set
cpu_bind=MASK - erp01, task 13 13 [6356]: mask 0x800 set
cpu_bind=MASK - erp01, task 14 14 [6357]: mask 0x2000 set
cpu_bind=MASK - erp01, task 15 15 [6358]: mask 0x8000 set
cpu_bind=MASK - erp01, task 16 16 [6359]: mask 0x10000 set
cpu_bind=MASK - erp01, task 17 17 [6360]: mask 0x40000 set
cpu_bind=MASK - erp01, task 18 18 [6361]: mask 0x100000 set
cpu_bind=MASK - erp01, task 19 19 [6362]: mask 0x400000 set
cpu_bind=MASK - erp01, task 20 20 [6363]: mask 0x20000 set
cpu_bind=MASK - erp01, task 21 21 [6364]: mask 0x80000 set
cpu_bind=MASK - erp01, task 22 22 [6365]: mask 0x200000 set
cpu_bind=MASK - erp01, task 23 23 [6366]: mask 0x800000 set
cpu_bind=MASK - erp01, task 25 25 [6368]: mask 0x4000000 set
cpu_bind=MASK - erp01, task 24 24 [6367]: mask 0x1000000 set
cpu_bind=MASK - erp01, task 26 26 [6369]: mask 0x10000000 set
cpu_bind=MASK - erp01, task 27 27 [6370]: mask 0x40000000 set
cpu_bind=MASK - erp01, task 28 28 [6371]: mask 0x2000000 set
cpu_bind=MASK - erp01, task 29 29 [6372]: mask 0x8000000 set
cpu_bind=MASK - erp01, task 30 30 [6373]: mask 0x20000000 set
cpu_bind=MASK - erp01, task 31 31 [6374]: mask 0x80000000 set
cpu_bind=MASK - erp01, task 32 32 [6375]: mask 0x100000000 set
cpu_bind=MASK - erp01, task 33 33 [6376]: mask 0x400000000 set
cpu_bind=MASK - erp01, task 34 34 [6377]: mask 0x1000000000 set
cpu_bind=MASK - erp01, task 35 35 [6378]: mask 0x4000000000 set
cpu_bind=MASK - erp01, task 36 36 [6379]: mask 0x200000000 set
cpu_bind=MASK - erp01, task 37 37 [6380]: mask 0x800000000 set
cpu_bind=MASK - erp01, task 38 38 [6381]: mask 0x2000000000 set
cpu_bind=MASK - erp01, task 39 39 [6382]: mask 0x8000000000 set
cpu_bind=MASK - erp01, task 40 40 [6383]: mask 0x10000000000 set
cpu_bind=MASK - erp01, task 41 41 [6384]: mask 0x40000000000 set
cpu_bind=MASK - erp01, task 42 42 [6385]: mask 0x100000000000 set
cpu_bind=MASK - erp01, task 43 43 [6386]: mask 0x400000000000 set
cpu_bind=MASK - erp01, task 44 44 [6387]: mask 0x20000000000 set
cpu_bind=MASK - erp01, task 45 45 [6388]: mask 0x80000000000 set
cpu_bind=MASK - erp01, task 46 46 [6389]: mask 0x200000000000 set
cpu_bind=MASK - erp01, task 47 47 [6390]: mask 0x800000000000 set
cpu_bind=MASK - erp02, task 50  2 [1038]: mask 0x10 set
cpu_bind=MASK - erp02, task 48  0 [1036]: mask 0x1 set
cpu_bind=MASK - erp02, task 49  1 [1037]: mask 0x4 set
cpu_bind=MASK - erp02, task 51  3 [1039]: mask 0x40 set
cpu_bind=MASK - erp02, task 52  4 [1040]: mask 0x2 set
cpu_bind=MASK - erp02, task 53  5 [1041]: mask 0x8 set
cpu_bind=MASK - erp02, task 54  6 [1042]: mask 0x20 set
cpu_bind=MASK - erp02, task 55  7 [1043]: mask 0x80 set
cpu_bind=MASK - erp02, task 56  8 [1044]: mask 0x100 set
cpu_bind=MASK - erp02, task 59 11 [1047]: mask 0x4000 set
cpu_bind=MASK - erp02, task 60 12 [1048]: mask 0x200 set
cpu_bind=MASK - erp02, task 57  9 [1045]: mask 0x400 set
cpu_bind=MASK - erp02, task 61 13 [1049]: mask 0x800 set
cpu_bind=MASK - erp02, task 58 10 [1046]: mask 0x1000 set
cpu_bind=MASK - erp02, task 62 14 [1050]: mask 0x2000 set
cpu_bind=MASK - erp02, task 63 15 [1051]: mask 0x8000 set
cpu_bind=MASK - erp02, task 66 18 [1054]: mask 0x100000 set
cpu_bind=MASK - erp02, task 64 16 [1052]: mask 0x10000 set
cpu_bind=MASK - erp02, task 65 17 [1053]: mask 0x40000 set
cpu_bind=MASK - erp02, task 67 19 [1055]: mask 0x400000 set
cpu_bind=MASK - erp02, task 68 20 [1056]: mask 0x20000 set
cpu_bind=MASK - erp02, task 69 21 [1057]: mask 0x80000 set
cpu_bind=MASK - erp02, task 70 22 [1058]: mask 0x200000 set
cpu_bind=MASK - erp02, task 71 23 [1059]: mask 0x800000 set
cpu_bind=MASK - erp02, task 72 24 [1060]: mask 0x1000000 set
cpu_bind=MASK - erp02, task 73 25 [1061]: mask 0x4000000 set
cpu_bind=MASK - erp02, task 74 26 [1062]: mask 0x10000000 set
cpu_bind=MASK - erp02, task 75 27 [1063]: mask 0x40000000 set
cpu_bind=MASK - erp02, task 76 28 [1064]: mask 0x2000000 set
cpu_bind=MASK - erp02, task 77 29 [1065]: mask 0x8000000 set
cpu_bind=MASK - erp02, task 78 30 [1066]: mask 0x20000000 set
cpu_bind=MASK - erp02, task 79 31 [1067]: mask 0x80000000 set
cpu_bind=MASK - erp02, task 81 33 [1069]: mask 0x400000000 set
cpu_bind=MASK - erp02, task 80 32 [1068]: mask 0x100000000 set
cpu_bind=MASK - erp02, task 82 34 [1070]: mask 0x1000000000 set
cpu_bind=MASK - erp02, task 83 35 [1071]: mask 0x4000000000 set
cpu_bind=MASK - erp02, task 84 36 [1072]: mask 0x200000000 set
cpu_bind=MASK - erp02, task 85 37 [1073]: mask 0x800000000 set
cpu_bind=MASK - erp02, task 86 38 [1074]: mask 0x2000000000 set
cpu_bind=MASK - erp02, task 88 40 [1076]: mask 0x10000000000 set
cpu_bind=MASK - erp02, task 89 41 [1077]: mask 0x40000000000 set
cpu_bind=MASK - erp02, task 87 39 [1075]: mask 0x8000000000 set
cpu_bind=MASK - erp02, task 90 42 [1078]: mask 0x100000000000 set
cpu_bind=MASK - erp02, task 91 43 [1079]: mask 0x400000000000 set
cpu_bind=MASK - erp02, task 92 44 [1080]: mask 0x20000000000 set
cpu_bind=MASK - erp02, task 93 45 [1081]: mask 0x80000000000 set
cpu_bind=MASK - erp02, task 95 47 [1083]: mask 0x800000000000 set
cpu_bind=MASK - erp02, task 94 46 [1082]: mask 0x200000000000 set

# OSU MPI Allreduce Latency Test v5.6.1
# Size       Avg Latency(us)
4                     829.76
8                     631.15
16                    983.70
32                    527.22
64                    615.45
128                   524.94
256                  1033.76
512                   944.94
1024                 1624.82
2048                 1347.68
4096                 2792.04
8192                 4750.33
16384               11533.86
32768               18086.29
65536               20976.06
131072              21192.04
262144              22573.99
524288              46934.34
1048576             64047.76
+ set +x
