processes 120
nodes 10
ppn 12
binding default
+ srun --mpi=pmi2 -n 120 --cpu_bind=verbose /gpfs/u/home/CCNI/CCNIsmth/barn-shared/CWS/osu-micro-benchmarks-5.6.1-erp-openmpi.4.0.1-verbs-noUcx-Pmi-install//libexec/osu-micro-benchmarks/mpi//collective/osu_allreduce
cpu_bind=MASK - erp01, task  0  0 [4569]: mask 0xffffffffffff set
cpu_bind=MASK - erp01, task  1  1 [4570]: mask 0xffffffffffff set
cpu_bind=MASK - erp01, task  2  2 [4571]: mask 0xffffffffffff set
cpu_bind=MASK - erp01, task  3  3 [4572]: mask 0xffffffffffff set
cpu_bind=MASK - erp01, task  4  4 [4573]: mask 0xffffffffffff set
cpu_bind=MASK - erp01, task  5  5 [4574]: mask 0xffffffffffff set
cpu_bind=MASK - erp01, task  6  6 [4575]: mask 0xffffffffffff set
cpu_bind=MASK - erp01, task  7  7 [4576]: mask 0xffffffffffff set
cpu_bind=MASK - erp01, task  8  8 [4577]: mask 0xffffffffffff set
cpu_bind=MASK - erp01, task  9  9 [4578]: mask 0xffffffffffff set
cpu_bind=MASK - erp01, task 10 10 [4579]: mask 0xffffffffffff set
cpu_bind=MASK - erp01, task 11 11 [4580]: mask 0xffffffffffff set
cpu_bind=MASK - erp06, task 60  0 [123496]: mask 0xffffffffffff set
cpu_bind=MASK - erp06, task 61  1 [123497]: mask 0xffffffffffff set
cpu_bind=MASK - erp06, task 62  2 [123498]: mask 0xffffffffffff set
cpu_bind=MASK - erp06, task 63  3 [123499]: mask 0xffffffffffff set
cpu_bind=MASK - erp06, task 64  4 [123500]: mask 0xffffffffffff set
cpu_bind=MASK - erp06, task 65  5 [123501]: mask 0xffffffffffff set
cpu_bind=MASK - erp06, task 66  6 [123502]: mask 0xffffffffffff set
cpu_bind=MASK - erp06, task 67  7 [123503]: mask 0xffffffffffff set
cpu_bind=MASK - erp06, task 68  8 [123504]: mask 0xffffffffffff set
cpu_bind=MASK - erp06, task 69  9 [123505]: mask 0xffffffffffff set
cpu_bind=MASK - erp06, task 70 10 [123506]: mask 0xffffffffffff set
cpu_bind=MASK - erp06, task 71 11 [123507]: mask 0xffffffffffff set
cpu_bind=MASK - erp05, task 49  1 [124145]: mask 0xffffffffffff set
cpu_bind=MASK - erp05, task 48  0 [124144]: mask 0xffffffffffff set
cpu_bind=MASK - erp05, task 50  2 [124146]: mask 0xffffffffffff set
cpu_bind=MASK - erp05, task 51  3 [124147]: mask 0xffffffffffff set
cpu_bind=MASK - erp05, task 52  4 [124148]: mask 0xffffffffffff set
cpu_bind=MASK - erp05, task 53  5 [124149]: mask 0xffffffffffff set
cpu_bind=MASK - erp05, task 54  6 [124150]: mask 0xffffffffffff set
cpu_bind=MASK - erp05, task 55  7 [124151]: mask 0xffffffffffff set
cpu_bind=MASK - erp05, task 56  8 [124152]: mask 0xffffffffffff set
cpu_bind=MASK - erp05, task 57  9 [124153]: mask 0xffffffffffff set
cpu_bind=MASK - erp05, task 58 10 [124154]: mask 0xffffffffffff set
cpu_bind=MASK - erp05, task 59 11 [124155]: mask 0xffffffffffff set
cpu_bind=MASK - erp10, task 109  1 [9505]: mask 0xffffffffffff set
cpu_bind=MASK - erp10, task 110  2 [9506]: mask 0xffffffffffff set
cpu_bind=MASK - erp10, task 108  0 [9504]: mask 0xffffffffffff set
cpu_bind=MASK - erp10, task 111  3 [9507]: mask 0xffffffffffff set
cpu_bind=MASK - erp10, task 112  4 [9508]: mask 0xffffffffffff set
cpu_bind=MASK - erp10, task 113  5 [9509]: mask 0xffffffffffff set
cpu_bind=MASK - erp10, task 115  7 [9511]: mask 0xffffffffffff set
cpu_bind=MASK - erp10, task 116  8 [9512]: mask 0xffffffffffff set
cpu_bind=MASK - erp10, task 114  6 [9510]: mask 0xffffffffffff set
cpu_bind=MASK - erp10, task 117  9 [9513]: mask 0xffffffffffff set
cpu_bind=MASK - erp10, task 118 10 [9514]: mask 0xffffffffffff set
cpu_bind=MASK - erp10, task 119 11 [9515]: mask 0xffffffffffff set
cpu_bind=MASK - erp08, task 84  0 [14158]: mask 0xffffffffffff set
cpu_bind=MASK - erp08, task 85  1 [14159]: mask 0xffffffffffff set
cpu_bind=MASK - erp08, task 86  2 [14160]: mask 0xffffffffffff set
cpu_bind=MASK - erp08, task 87  3 [14161]: mask 0xffffffffffff set
cpu_bind=MASK - erp08, task 88  4 [14162]: mask 0xffffffffffff set
cpu_bind=MASK - erp08, task 89  5 [14163]: mask 0xffffffffffff set
cpu_bind=MASK - erp08, task 90  6 [14164]: mask 0xffffffffffff set
cpu_bind=MASK - erp08, task 91  7 [14165]: mask 0xffffffffffff set
cpu_bind=MASK - erp08, task 95 11 [14169]: mask 0xffffffffffff set
cpu_bind=MASK - erp08, task 93  9 [14167]: mask 0xffffffffffff set
cpu_bind=MASK - erp08, task 94 10 [14168]: mask 0xffffffffffff set
cpu_bind=MASK - erp08, task 92  8 [14166]: mask 0xffffffffffff set
cpu_bind=MASK - erp07, task 72  0 [14826]: mask 0xffffffffffff set
cpu_bind=MASK - erp07, task 73  1 [14827]: mask 0xffffffffffff set
cpu_bind=MASK - erp07, task 74  2 [14828]: mask 0xffffffffffff set
cpu_bind=MASK - erp07, task 75  3 [14829]: mask 0xffffffffffff set
cpu_bind=MASK - erp07, task 76  4 [14830]: mask 0xffffffffffff set
cpu_bind=MASK - erp07, task 77  5 [14831]: mask 0xffffffffffff set
cpu_bind=MASK - erp07, task 78  6 [14832]: mask 0xffffffffffff set
cpu_bind=MASK - erp07, task 79  7 [14833]: mask 0xffffffffffff set
cpu_bind=MASK - erp07, task 80  8 [14834]: mask 0xffffffffffff set
cpu_bind=MASK - erp07, task 81  9 [14835]: mask 0xffffffffffff set
cpu_bind=MASK - erp07, task 82 10 [14836]: mask 0xffffffffffff set
cpu_bind=MASK - erp07, task 83 11 [14837]: mask 0xffffffffffff set
cpu_bind=MASK - erp09, task 96  0 [9557]: mask 0xffffffffffff set
cpu_bind=MASK - erp09, task 97  1 [9558]: mask 0xffffffffffff set
cpu_bind=MASK - erp09, task 98  2 [9559]: mask 0xffffffffffff set
cpu_bind=MASK - erp09, task 99  3 [9560]: mask 0xffffffffffff set
cpu_bind=MASK - erp09, task 101  5 [9562]: mask 0xffffffffffff set
cpu_bind=MASK - erp09, task 100  4 [9561]: mask 0xffffffffffff set
cpu_bind=MASK - erp09, task 102  6 [9563]: mask 0xffffffffffff set
cpu_bind=MASK - erp09, task 103  7 [9564]: mask 0xffffffffffff set
cpu_bind=MASK - erp09, task 104  8 [9565]: mask 0xffffffffffff set
cpu_bind=MASK - erp09, task 105  9 [9566]: mask 0xffffffffffff set
cpu_bind=MASK - erp09, task 106 10 [9567]: mask 0xffffffffffff set
cpu_bind=MASK - erp09, task 107 11 [9568]: mask 0xffffffffffff set
cpu_bind=MASK - erp04, task 36  0 [125938]: mask 0xffffffffffff set
cpu_bind=MASK - erp04, task 37  1 [125939]: mask 0xffffffffffff set
cpu_bind=MASK - erp04, task 38  2 [125940]: mask 0xffffffffffff set
cpu_bind=MASK - erp04, task 39  3 [125941]: mask 0xffffffffffff set
cpu_bind=MASK - erp04, task 40  4 [125942]: mask 0xffffffffffff set
cpu_bind=MASK - erp04, task 41  5 [125943]: mask 0xffffffffffff set
cpu_bind=MASK - erp04, task 42  6 [125944]: mask 0xffffffffffff set
cpu_bind=MASK - erp04, task 43  7 [125945]: mask 0xffffffffffff set
cpu_bind=MASK - erp04, task 44  8 [125946]: mask 0xffffffffffff set
cpu_bind=MASK - erp04, task 45  9 [125947]: mask 0xffffffffffff set
cpu_bind=MASK - erp04, task 46 10 [125948]: mask 0xffffffffffff set
cpu_bind=MASK - erp04, task 47 11 [125949]: mask 0xffffffffffff set
cpu_bind=MASK - erp03, task 24  0 [126475]: mask 0xffffffffffff set
cpu_bind=MASK - erp03, task 25  1 [126476]: mask 0xffffffffffff set
cpu_bind=MASK - erp03, task 26  2 [126477]: mask 0xffffffffffff set
cpu_bind=MASK - erp03, task 27  3 [126478]: mask 0xffffffffffff set
cpu_bind=MASK - erp03, task 28  4 [126479]: mask 0xffffffffffff set
cpu_bind=MASK - erp03, task 29  5 [126480]: mask 0xffffffffffff set
cpu_bind=MASK - erp03, task 30  6 [126481]: mask 0xffffffffffff set
cpu_bind=MASK - erp03, task 31  7 [126482]: mask 0xffffffffffff set
cpu_bind=MASK - erp03, task 32  8 [126483]: mask 0xffffffffffff set
cpu_bind=MASK - erp03, task 33  9 [126484]: mask 0xffffffffffff set
cpu_bind=MASK - erp03, task 34 10 [126485]: mask 0xffffffffffff set
cpu_bind=MASK - erp03, task 35 11 [126486]: mask 0xffffffffffff set
cpu_bind=MASK - erp02, task 13  1 [130452]: mask 0xffffffffffff set
cpu_bind=MASK - erp02, task 12  0 [130451]: mask 0xffffffffffff set
cpu_bind=MASK - erp02, task 14  2 [130453]: mask 0xffffffffffff set
cpu_bind=MASK - erp02, task 15  3 [130454]: mask 0xffffffffffff set
cpu_bind=MASK - erp02, task 16  4 [130455]: mask 0xffffffffffff set
cpu_bind=MASK - erp02, task 17  5 [130456]: mask 0xffffffffffff set
cpu_bind=MASK - erp02, task 19  7 [130458]: mask 0xffffffffffff set
cpu_bind=MASK - erp02, task 18  6 [130457]: mask 0xffffffffffff set
cpu_bind=MASK - erp02, task 20  8 [130459]: mask 0xffffffffffff set
cpu_bind=MASK - erp02, task 21  9 [130460]: mask 0xffffffffffff set
cpu_bind=MASK - erp02, task 22 10 [130461]: mask 0xffffffffffff set
cpu_bind=MASK - erp02, task 23 11 [130462]: mask 0xffffffffffff set

# OSU MPI Allreduce Latency Test v5.6.1
# Size       Avg Latency(us)
4                      18.12
8                      23.43
16                     17.93
32                     16.10
64                     17.85
128                    28.70
256                    36.23
512                    35.11
1024                   33.60
2048                   40.80
4096                   82.35
8192                  122.28
16384                 466.12
32768                 831.11
65536                1039.68
131072               1081.14
262144               1403.71
524288               2895.46
1048576              3652.08
+ set +x
