processes 288
nodes 12
ppn 24
binding default
+ srun --mpi=pmi2 -n 288 --cpu_bind=verbose /gpfs/u/home/CCNI/CCNIsmth/barn-shared/CWS/osu-micro-benchmarks-5.6.1-erp-openmpi.4.0.1-verbs-noUcx-Pmi-install//libexec/osu-micro-benchmarks/mpi//collective/osu_allreduce
cpu_bind=MASK - erp01, task  2  2 [6126]: mask 0xffffffffffff set
cpu_bind=MASK - erp01, task  0  0 [6124]: mask 0xffffffffffff set
cpu_bind=MASK - erp01, task  1  1 [6125]: mask 0xffffffffffff set
cpu_bind=MASK - erp01, task  3  3 [6127]: mask 0xffffffffffff set
cpu_bind=MASK - erp01, task  4  4 [6128]: mask 0xffffffffffff set
cpu_bind=MASK - erp01, task  5  5 [6129]: mask 0xffffffffffff set
cpu_bind=MASK - erp01, task  6  6 [6130]: mask 0xffffffffffff set
cpu_bind=MASK - erp01, task  7  7 [6131]: mask 0xffffffffffff set
cpu_bind=MASK - erp01, task  8  8 [6132]: mask 0xffffffffffff set
cpu_bind=MASK - erp01, task  9  9 [6133]: mask 0xffffffffffff set
cpu_bind=MASK - erp01, task 10 10 [6134]: mask 0xffffffffffff set
cpu_bind=MASK - erp01, task 11 11 [6135]: mask 0xffffffffffff set
cpu_bind=MASK - erp01, task 13 13 [6137]: mask 0xffffffffffff set
cpu_bind=MASK - erp01, task 12 12 [6136]: mask 0xffffffffffff set
cpu_bind=MASK - erp01, task 14 14 [6138]: mask 0xffffffffffff set
cpu_bind=MASK - erp01, task 15 15 [6139]: mask 0xffffffffffff set
cpu_bind=MASK - erp01, task 16 16 [6140]: mask 0xffffffffffff set
cpu_bind=MASK - erp01, task 17 17 [6141]: mask 0xffffffffffff set
cpu_bind=MASK - erp01, task 18 18 [6142]: mask 0xffffffffffff set
cpu_bind=MASK - erp01, task 19 19 [6143]: mask 0xffffffffffff set
cpu_bind=MASK - erp01, task 20 20 [6144]: mask 0xffffffffffff set
cpu_bind=MASK - erp01, task 21 21 [6145]: mask 0xffffffffffff set
cpu_bind=MASK - erp01, task 22 22 [6146]: mask 0xffffffffffff set
cpu_bind=MASK - erp01, task 23 23 [6147]: mask 0xffffffffffff set
cpu_bind=MASK - erp07, task 144  0 [15576]: mask 0xffffffffffff set
cpu_bind=MASK - erp07, task 145  1 [15577]: mask 0xffffffffffff set
cpu_bind=MASK - erp07, task 146  2 [15578]: mask 0xffffffffffff set
cpu_bind=MASK - erp07, task 147  3 [15579]: mask 0xffffffffffff set
cpu_bind=MASK - erp07, task 148  4 [15580]: mask 0xffffffffffff set
cpu_bind=MASK - erp07, task 149  5 [15581]: mask 0xffffffffffff set
cpu_bind=MASK - erp07, task 151  7 [15583]: mask 0xffffffffffff set
cpu_bind=MASK - erp07, task 150  6 [15582]: mask 0xffffffffffff set
cpu_bind=MASK - erp07, task 152  8 [15584]: mask 0xffffffffffff set
cpu_bind=MASK - erp07, task 153  9 [15585]: mask 0xffffffffffff set
cpu_bind=MASK - erp07, task 154 10 [15586]: mask 0xffffffffffff set
cpu_bind=MASK - erp07, task 155 11 [15587]: mask 0xffffffffffff set
cpu_bind=MASK - erp07, task 156 12 [15588]: mask 0xffffffffffff set
cpu_bind=MASK - erp07, task 157 13 [15589]: mask 0xffffffffffff set
cpu_bind=MASK - erp07, task 158 14 [15590]: mask 0xffffffffffff set
cpu_bind=MASK - erp07, task 159 15 [15591]: mask 0xffffffffffff set
cpu_bind=MASK - erp07, task 160 16 [15592]: mask 0xffffffffffff set
cpu_bind=MASK - erp07, task 161 17 [15593]: mask 0xffffffffffff set
cpu_bind=MASK - erp07, task 162 18 [15594]: mask 0xffffffffffff set
cpu_bind=MASK - erp07, task 163 19 [15595]: mask 0xffffffffffff set
cpu_bind=MASK - erp07, task 164 20 [15596]: mask 0xffffffffffff set
cpu_bind=MASK - erp07, task 165 21 [15597]: mask 0xffffffffffff set
cpu_bind=MASK - erp07, task 166 22 [15598]: mask 0xffffffffffff set
cpu_bind=MASK - erp07, task 167 23 [15599]: mask 0xffffffffffff set
cpu_bind=MASK - erp08, task 168  0 [14909]: mask 0xffffffffffff set
cpu_bind=MASK - erp12, task 264  0 [6215]: mask 0xffffffffffff set
cpu_bind=MASK - erp08, task 169  1 [14910]: mask 0xffffffffffff set
cpu_bind=MASK - erp12, task 265  1 [6216]: mask 0xffffffffffff set
cpu_bind=MASK - erp08, task 170  2 [14911]: mask 0xffffffffffff set
cpu_bind=MASK - erp12, task 266  2 [6217]: mask 0xffffffffffff set
cpu_bind=MASK - erp08, task 171  3 [14912]: mask 0xffffffffffff set
cpu_bind=MASK - erp12, task 267  3 [6218]: mask 0xffffffffffff set
cpu_bind=MASK - erp08, task 172  4 [14913]: mask 0xffffffffffff set
cpu_bind=MASK - erp12, task 268  4 [6219]: mask 0xffffffffffff set
cpu_bind=MASK - erp08, task 173  5 [14914]: mask 0xffffffffffff set
cpu_bind=MASK - erp12, task 269  5 [6220]: mask 0xffffffffffff set
cpu_bind=MASK - erp08, task 174  6 [14915]: mask 0xffffffffffff set
cpu_bind=MASK - erp12, task 270  6 [6221]: mask 0xffffffffffff set
cpu_bind=MASK - erp08, task 175  7 [14916]: mask 0xffffffffffff set
cpu_bind=MASK - erp08, task 176  8 [14917]: mask 0xffffffffffff set
cpu_bind=MASK - erp08, task 177  9 [14918]: mask 0xffffffffffff set
cpu_bind=MASK - erp12, task 272  8 [6223]: mask 0xffffffffffff set
cpu_bind=MASK - erp04, task 72  0 [126900]: mask 0xffffffffffff set
cpu_bind=MASK - erp08, task 178 10 [14919]: mask 0xffffffffffff set
cpu_bind=MASK - erp12, task 271  7 [6222]: mask 0xffffffffffff set
cpu_bind=MASK - erp04, task 73  1 [126901]: mask 0xffffffffffff set
cpu_bind=MASK - erp08, task 179 11 [14920]: mask 0xffffffffffff set
cpu_bind=MASK - erp04, task 74  2 [126902]: mask 0xffffffffffff set
cpu_bind=MASK - erp08, task 180 12 [14921]: mask 0xffffffffffff set
cpu_bind=MASK - erp08, task 181 13 [14922]: mask 0xffffffffffff set
cpu_bind=MASK - erp08, task 182 14 [14923]: mask 0xffffffffffff set
cpu_bind=MASK - erp08, task 183 15 [14924]: mask 0xffffffffffff set
cpu_bind=MASK - erp08, task 184 16 [14925]: mask 0xffffffffffff set
cpu_bind=MASK - erp08, task 185 17 [14926]: mask 0xffffffffffff set
cpu_bind=MASK - erp08, task 186 18 [14927]: mask 0xffffffffffff set
cpu_bind=MASK - erp08, task 187 19 [14928]: mask 0xffffffffffff set
cpu_bind=MASK - erp08, task 188 20 [14929]: mask 0xffffffffffff set
cpu_bind=MASK - erp08, task 189 21 [14930]: mask 0xffffffffffff set
cpu_bind=MASK - erp12, task 273  9 [6224]: mask 0xffffffffffff set
cpu_bind=MASK - erp12, task 274 10 [6225]: mask 0xffffffffffff set
cpu_bind=MASK - erp08, task 190 22 [14931]: mask 0xffffffffffff set
cpu_bind=MASK - erp12, task 275 11 [6226]: mask 0xffffffffffff set
cpu_bind=MASK - erp12, task 276 12 [6227]: mask 0xffffffffffff set
cpu_bind=MASK - erp12, task 277 13 [6228]: mask 0xffffffffffff set
cpu_bind=MASK - erp04, task 75  3 [126903]: mask 0xffffffffffff set
cpu_bind=MASK - erp04, task 76  4 [126904]: mask 0xffffffffffff set
cpu_bind=MASK - erp04, task 77  5 [126905]: mask 0xffffffffffff set
cpu_bind=MASK - erp12, task 278 14 [6229]: mask 0xffffffffffff set
cpu_bind=MASK - erp04, task 78  6 [126906]: mask 0xffffffffffff set
cpu_bind=MASK - erp12, task 279 15 [6230]: mask 0xffffffffffff set
cpu_bind=MASK - erp08, task 191 23 [14932]: mask 0xffffffffffff set
cpu_bind=MASK - erp12, task 280 16 [6231]: mask 0xffffffffffff set
cpu_bind=MASK - erp12, task 281 17 [6232]: mask 0xffffffffffff set
cpu_bind=MASK - erp04, task 79  7 [126907]: mask 0xffffffffffff set
cpu_bind=MASK - erp04, task 80  8 [126908]: mask 0xffffffffffff set
cpu_bind=MASK - erp12, task 282 18 [6233]: mask 0xffffffffffff set
cpu_bind=MASK - erp04, task 81  9 [126909]: mask 0xffffffffffff set
cpu_bind=MASK - erp12, task 283 19 [6234]: mask 0xffffffffffff set
cpu_bind=MASK - erp04, task 82 10 [126910]: mask 0xffffffffffff set
cpu_bind=MASK - erp12, task 284 20 [6235]: mask 0xffffffffffff set
cpu_bind=MASK - erp12, task 285 21 [6237]: mask 0xffffffffffff set
cpu_bind=MASK - erp12, task 286 22 [6238]: mask 0xffffffffffff set
cpu_bind=MASK - erp12, task 287 23 [6239]: mask 0xffffffffffff set
cpu_bind=MASK - erp04, task 83 11 [126911]: mask 0xffffffffffff set
cpu_bind=MASK - erp04, task 84 12 [126912]: mask 0xffffffffffff set
cpu_bind=MASK - erp04, task 85 13 [126913]: mask 0xffffffffffff set
cpu_bind=MASK - erp04, task 86 14 [126914]: mask 0xffffffffffff set
cpu_bind=MASK - erp04, task 87 15 [126915]: mask 0xffffffffffff set
cpu_bind=MASK - erp04, task 88 16 [126916]: mask 0xffffffffffff set
cpu_bind=MASK - erp04, task 89 17 [126917]: mask 0xffffffffffff set
cpu_bind=MASK - erp04, task 90 18 [126918]: mask 0xffffffffffff set
cpu_bind=MASK - erp04, task 91 19 [126919]: mask 0xffffffffffff set
cpu_bind=MASK - erp04, task 92 20 [126920]: mask 0xffffffffffff set
cpu_bind=MASK - erp04, task 93 21 [126921]: mask 0xffffffffffff set
cpu_bind=MASK - erp04, task 94 22 [126922]: mask 0xffffffffffff set
cpu_bind=MASK - erp04, task 95 23 [126923]: mask 0xffffffffffff set
cpu_bind=MASK - erp09, task 192  0 [10204]: mask 0xffffffffffff set
cpu_bind=MASK - erp09, task 193  1 [10205]: mask 0xffffffffffff set
cpu_bind=MASK - erp09, task 194  2 [10206]: mask 0xffffffffffff set
cpu_bind=MASK - erp09, task 195  3 [10207]: mask 0xffffffffffff set
cpu_bind=MASK - erp09, task 196  4 [10208]: mask 0xffffffffffff set
cpu_bind=MASK - erp09, task 197  5 [10209]: mask 0xffffffffffff set
cpu_bind=MASK - erp09, task 198  6 [10210]: mask 0xffffffffffff set
cpu_bind=MASK - erp09, task 199  7 [10211]: mask 0xffffffffffff set
cpu_bind=MASK - erp09, task 200  8 [10212]: mask 0xffffffffffff set
cpu_bind=MASK - erp09, task 201  9 [10213]: mask 0xffffffffffff set
cpu_bind=MASK - erp09, task 202 10 [10214]: mask 0xffffffffffff set
cpu_bind=MASK - erp09, task 203 11 [10215]: mask 0xffffffffffff set
cpu_bind=MASK - erp09, task 204 12 [10216]: mask 0xffffffffffff set
cpu_bind=MASK - erp09, task 205 13 [10217]: mask 0xffffffffffff set
cpu_bind=MASK - erp09, task 206 14 [10218]: mask 0xffffffffffff set
cpu_bind=MASK - erp09, task 207 15 [10219]: mask 0xffffffffffff set
cpu_bind=MASK - erp09, task 208 16 [10220]: mask 0xffffffffffff set
cpu_bind=MASK - erp09, task 209 17 [10221]: mask 0xffffffffffff set
cpu_bind=MASK - erp09, task 210 18 [10222]: mask 0xffffffffffff set
cpu_bind=MASK - erp09, task 211 19 [10223]: mask 0xffffffffffff set
cpu_bind=MASK - erp09, task 212 20 [10224]: mask 0xffffffffffff set
cpu_bind=MASK - erp09, task 213 21 [10225]: mask 0xffffffffffff set
cpu_bind=MASK - erp09, task 214 22 [10226]: mask 0xffffffffffff set
cpu_bind=MASK - erp09, task 215 23 [10227]: mask 0xffffffffffff set
cpu_bind=MASK - erp03, task 48  0 [127432]: mask 0xffffffffffff set
cpu_bind=MASK - erp03, task 49  1 [127433]: mask 0xffffffffffff set
cpu_bind=MASK - erp03, task 50  2 [127434]: mask 0xffffffffffff set
cpu_bind=MASK - erp03, task 51  3 [127435]: mask 0xffffffffffff set
cpu_bind=MASK - erp03, task 52  4 [127436]: mask 0xffffffffffff set
cpu_bind=MASK - erp03, task 53  5 [127437]: mask 0xffffffffffff set
cpu_bind=MASK - erp03, task 54  6 [127438]: mask 0xffffffffffff set
cpu_bind=MASK - erp03, task 56  8 [127440]: mask 0xffffffffffff set
cpu_bind=MASK - erp03, task 58 10 [127442]: mask 0xffffffffffff set
cpu_bind=MASK - erp03, task 59 11 [127443]: mask 0xffffffffffff set
cpu_bind=MASK - erp03, task 55  7 [127439]: mask 0xffffffffffff set
cpu_bind=MASK - erp03, task 57  9 [127441]: mask 0xffffffffffff set
cpu_bind=MASK - erp03, task 60 12 [127444]: mask 0xffffffffffff set
cpu_bind=MASK - erp03, task 61 13 [127445]: mask 0xffffffffffff set
cpu_bind=MASK - erp03, task 62 14 [127446]: mask 0xffffffffffff set
cpu_bind=MASK - erp03, task 63 15 [127447]: mask 0xffffffffffff set
cpu_bind=MASK - erp03, task 64 16 [127448]: mask 0xffffffffffff set
cpu_bind=MASK - erp03, task 65 17 [127449]: mask 0xffffffffffff set
cpu_bind=MASK - erp03, task 66 18 [127450]: mask 0xffffffffffff set
cpu_bind=MASK - erp03, task 67 19 [127451]: mask 0xffffffffffff set
cpu_bind=MASK - erp03, task 68 20 [127452]: mask 0xffffffffffff set
cpu_bind=MASK - erp03, task 69 21 [127453]: mask 0xffffffffffff set
cpu_bind=MASK - erp03, task 70 22 [127454]: mask 0xffffffffffff set
cpu_bind=MASK - erp03, task 71 23 [127455]: mask 0xffffffffffff set
cpu_bind=MASK - erp10, task 216  0 [10156]: mask 0xffffffffffff set
cpu_bind=MASK - erp10, task 217  1 [10157]: mask 0xffffffffffff set
cpu_bind=MASK - erp10, task 218  2 [10158]: mask 0xffffffffffff set
cpu_bind=MASK - erp10, task 219  3 [10159]: mask 0xffffffffffff set
cpu_bind=MASK - erp10, task 220  4 [10160]: mask 0xffffffffffff set
cpu_bind=MASK - erp10, task 221  5 [10161]: mask 0xffffffffffff set
cpu_bind=MASK - erp10, task 222  6 [10162]: mask 0xffffffffffff set
cpu_bind=MASK - erp10, task 223  7 [10163]: mask 0xffffffffffff set
cpu_bind=MASK - erp10, task 224  8 [10164]: mask 0xffffffffffff set
cpu_bind=MASK - erp10, task 225  9 [10165]: mask 0xffffffffffff set
cpu_bind=MASK - erp10, task 226 10 [10166]: mask 0xffffffffffff set
cpu_bind=MASK - erp10, task 227 11 [10167]: mask 0xffffffffffff set
cpu_bind=MASK - erp10, task 228 12 [10168]: mask 0xffffffffffff set
cpu_bind=MASK - erp10, task 229 13 [10169]: mask 0xffffffffffff set
cpu_bind=MASK - erp10, task 230 14 [10170]: mask 0xffffffffffff set
cpu_bind=MASK - erp10, task 231 15 [10171]: mask 0xffffffffffff set
cpu_bind=MASK - erp10, task 232 16 [10172]: mask 0xffffffffffff set
cpu_bind=MASK - erp10, task 233 17 [10173]: mask 0xffffffffffff set
cpu_bind=MASK - erp10, task 234 18 [10174]: mask 0xffffffffffff set
cpu_bind=MASK - erp10, task 235 19 [10175]: mask 0xffffffffffff set
cpu_bind=MASK - erp10, task 236 20 [10176]: mask 0xffffffffffff set
cpu_bind=MASK - erp10, task 237 21 [10177]: mask 0xffffffffffff set
cpu_bind=MASK - erp10, task 238 22 [10178]: mask 0xffffffffffff set
cpu_bind=MASK - erp10, task 239 23 [10179]: mask 0xffffffffffff set
cpu_bind=MASK - erp06, task 121  1 [124340]: mask 0xffffffffffff set
cpu_bind=MASK - erp06, task 120  0 [124339]: mask 0xffffffffffff set
cpu_bind=MASK - erp06, task 122  2 [124341]: mask 0xffffffffffff set
cpu_bind=MASK - erp06, task 123  3 [124342]: mask 0xffffffffffff set
cpu_bind=MASK - erp06, task 124  4 [124343]: mask 0xffffffffffff set
cpu_bind=MASK - erp06, task 125  5 [124344]: mask 0xffffffffffff set
cpu_bind=MASK - erp06, task 126  6 [124345]: mask 0xffffffffffff set
cpu_bind=MASK - erp06, task 127  7 [124346]: mask 0xffffffffffff set
cpu_bind=MASK - erp06, task 128  8 [124347]: mask 0xffffffffffff set
cpu_bind=MASK - erp06, task 129  9 [124348]: mask 0xffffffffffff set
cpu_bind=MASK - erp06, task 130 10 [124349]: mask 0xffffffffffff set
cpu_bind=MASK - erp06, task 131 11 [124350]: mask 0xffffffffffff set
cpu_bind=MASK - erp06, task 132 12 [124351]: mask 0xffffffffffff set
cpu_bind=MASK - erp06, task 133 13 [124352]: mask 0xffffffffffff set
cpu_bind=MASK - erp06, task 134 14 [124353]: mask 0xffffffffffff set
cpu_bind=MASK - erp06, task 135 15 [124354]: mask 0xffffffffffff set
cpu_bind=MASK - erp06, task 136 16 [124355]: mask 0xffffffffffff set
cpu_bind=MASK - erp06, task 137 17 [124356]: mask 0xffffffffffff set
cpu_bind=MASK - erp06, task 138 18 [124357]: mask 0xffffffffffff set
cpu_bind=MASK - erp06, task 139 19 [124358]: mask 0xffffffffffff set
cpu_bind=MASK - erp06, task 140 20 [124359]: mask 0xffffffffffff set
cpu_bind=MASK - erp06, task 141 21 [124360]: mask 0xffffffffffff set
cpu_bind=MASK - erp06, task 142 22 [124361]: mask 0xffffffffffff set
cpu_bind=MASK - erp06, task 143 23 [124362]: mask 0xffffffffffff set
cpu_bind=MASK - erp11, task 240  0 [117373]: mask 0xffffffffffff set
cpu_bind=MASK - erp11, task 241  1 [117374]: mask 0xffffffffffff set
cpu_bind=MASK - erp11, task 242  2 [117375]: mask 0xffffffffffff set
cpu_bind=MASK - erp11, task 243  3 [117376]: mask 0xffffffffffff set
cpu_bind=MASK - erp11, task 244  4 [117377]: mask 0xffffffffffff set
cpu_bind=MASK - erp11, task 245  5 [117378]: mask 0xffffffffffff set
cpu_bind=MASK - erp11, task 246  6 [117379]: mask 0xffffffffffff set
cpu_bind=MASK - erp11, task 247  7 [117380]: mask 0xffffffffffff set
cpu_bind=MASK - erp11, task 248  8 [117381]: mask 0xffffffffffff set
cpu_bind=MASK - erp11, task 249  9 [117382]: mask 0xffffffffffff set
cpu_bind=MASK - erp11, task 251 11 [117384]: mask 0xffffffffffff set
cpu_bind=MASK - erp11, task 252 12 [117385]: mask 0xffffffffffff set
cpu_bind=MASK - erp11, task 250 10 [117383]: mask 0xffffffffffff set
cpu_bind=MASK - erp11, task 253 13 [117386]: mask 0xffffffffffff set
cpu_bind=MASK - erp11, task 254 14 [117387]: mask 0xffffffffffff set
cpu_bind=MASK - erp11, task 255 15 [117388]: mask 0xffffffffffff set
cpu_bind=MASK - erp11, task 256 16 [117389]: mask 0xffffffffffff set
cpu_bind=MASK - erp11, task 257 17 [117390]: mask 0xffffffffffff set
cpu_bind=MASK - erp11, task 258 18 [117391]: mask 0xffffffffffff set
cpu_bind=MASK - erp11, task 259 19 [117392]: mask 0xffffffffffff set
cpu_bind=MASK - erp11, task 260 20 [117393]: mask 0xffffffffffff set
cpu_bind=MASK - erp11, task 261 21 [117394]: mask 0xffffffffffff set
cpu_bind=MASK - erp11, task 262 22 [117395]: mask 0xffffffffffff set
cpu_bind=MASK - erp11, task 263 23 [117396]: mask 0xffffffffffff set
cpu_bind=MASK - erp05, task 96  0 [124996]: mask 0xffffffffffff set
cpu_bind=MASK - erp05, task 97  1 [124997]: mask 0xffffffffffff set
cpu_bind=MASK - erp05, task 98  2 [124998]: mask 0xffffffffffff set
cpu_bind=MASK - erp05, task 99  3 [124999]: mask 0xffffffffffff set
cpu_bind=MASK - erp05, task 100  4 [125000]: mask 0xffffffffffff set
cpu_bind=MASK - erp05, task 101  5 [125001]: mask 0xffffffffffff set
cpu_bind=MASK - erp05, task 103  7 [125003]: mask 0xffffffffffff set
cpu_bind=MASK - erp05, task 104  8 [125004]: mask 0xffffffffffff set
cpu_bind=MASK - erp05, task 102  6 [125002]: mask 0xffffffffffff set
cpu_bind=MASK - erp05, task 105  9 [125005]: mask 0xffffffffffff set
cpu_bind=MASK - erp05, task 106 10 [125006]: mask 0xffffffffffff set
cpu_bind=MASK - erp05, task 107 11 [125007]: mask 0xffffffffffff set
cpu_bind=MASK - erp05, task 108 12 [125008]: mask 0xffffffffffff set
cpu_bind=MASK - erp05, task 109 13 [125009]: mask 0xffffffffffff set
cpu_bind=MASK - erp05, task 110 14 [125010]: mask 0xffffffffffff set
cpu_bind=MASK - erp05, task 111 15 [125011]: mask 0xffffffffffff set
cpu_bind=MASK - erp05, task 112 16 [125012]: mask 0xffffffffffff set
cpu_bind=MASK - erp05, task 113 17 [125013]: mask 0xffffffffffff set
cpu_bind=MASK - erp05, task 114 18 [125014]: mask 0xffffffffffff set
cpu_bind=MASK - erp05, task 115 19 [125015]: mask 0xffffffffffff set
cpu_bind=MASK - erp05, task 116 20 [125016]: mask 0xffffffffffff set
cpu_bind=MASK - erp05, task 117 21 [125017]: mask 0xffffffffffff set
cpu_bind=MASK - erp05, task 118 22 [125018]: mask 0xffffffffffff set
cpu_bind=MASK - erp05, task 119 23 [125019]: mask 0xffffffffffff set
cpu_bind=MASK - erp02, task 24  0 [867]: mask 0xffffffffffff set
cpu_bind=MASK - erp02, task 25  1 [868]: mask 0xffffffffffff set
cpu_bind=MASK - erp02, task 26  2 [869]: mask 0xffffffffffff set
cpu_bind=MASK - erp02, task 27  3 [870]: mask 0xffffffffffff set
cpu_bind=MASK - erp02, task 28  4 [871]: mask 0xffffffffffff set
cpu_bind=MASK - erp02, task 29  5 [872]: mask 0xffffffffffff set
cpu_bind=MASK - erp02, task 30  6 [873]: mask 0xffffffffffff set
cpu_bind=MASK - erp02, task 32  8 [875]: mask 0xffffffffffff set
cpu_bind=MASK - erp02, task 31  7 [874]: mask 0xffffffffffff set
cpu_bind=MASK - erp02, task 33  9 [876]: mask 0xffffffffffff set
cpu_bind=MASK - erp02, task 34 10 [877]: mask 0xffffffffffff set
cpu_bind=MASK - erp02, task 35 11 [878]: mask 0xffffffffffff set
cpu_bind=MASK - erp02, task 36 12 [879]: mask 0xffffffffffff set
cpu_bind=MASK - erp02, task 37 13 [880]: mask 0xffffffffffff set
cpu_bind=MASK - erp02, task 38 14 [881]: mask 0xffffffffffff set
cpu_bind=MASK - erp02, task 39 15 [883]: mask 0xffffffffffff set
cpu_bind=MASK - erp02, task 40 16 [884]: mask 0xffffffffffff set
cpu_bind=MASK - erp02, task 41 17 [885]: mask 0xffffffffffff set
cpu_bind=MASK - erp02, task 42 18 [886]: mask 0xffffffffffff set
cpu_bind=MASK - erp02, task 43 19 [887]: mask 0xffffffffffff set
cpu_bind=MASK - erp02, task 44 20 [888]: mask 0xffffffffffff set
cpu_bind=MASK - erp02, task 45 21 [889]: mask 0xffffffffffff set
cpu_bind=MASK - erp02, task 46 22 [890]: mask 0xffffffffffff set
cpu_bind=MASK - erp02, task 47 23 [891]: mask 0xffffffffffff set

# OSU MPI Allreduce Latency Test v5.6.1
# Size       Avg Latency(us)
4                      23.28
8                      23.24
16                     22.54
32                     22.61
64                     23.91
128                    33.60
256                    35.90
512                    46.81
1024                   61.25
2048                   98.94
4096                  192.86
8192                  339.83
16384                1350.76
32768                3350.69
65536                1169.79
131072               2521.34
262144               2572.76
524288               3397.81
1048576              4911.81
+ set +x
