processes 24
nodes 2
ppn 12
binding default
+ srun --mpi=pmi2 -n 24 --cpu_bind=verbose /gpfs/u/home/CCNI/CCNIsmth/barn-shared/CWS/osu-micro-benchmarks-5.6.1-erp-openmpi.4.0.1-verbs-noUcx-Pmi-install//libexec/osu-micro-benchmarks/mpi//collective/osu_allreduce
cpu_bind=MASK - erp01, task  0  0 [3809]: mask 0xffffffffffff set
cpu_bind=MASK - erp01, task  1  1 [3810]: mask 0xffffffffffff set
cpu_bind=MASK - erp01, task  2  2 [3811]: mask 0xffffffffffff set
cpu_bind=MASK - erp01, task  3  3 [3812]: mask 0xffffffffffff set
cpu_bind=MASK - erp01, task  4  4 [3813]: mask 0xffffffffffff set
cpu_bind=MASK - erp01, task  6  6 [3815]: mask 0xffffffffffff set
cpu_bind=MASK - erp01, task  5  5 [3814]: mask 0xffffffffffff set
cpu_bind=MASK - erp01, task  7  7 [3816]: mask 0xffffffffffff set
cpu_bind=MASK - erp01, task  8  8 [3817]: mask 0xffffffffffff set
cpu_bind=MASK - erp01, task  9  9 [3818]: mask 0xffffffffffff set
cpu_bind=MASK - erp01, task 10 10 [3819]: mask 0xffffffffffff set
cpu_bind=MASK - erp01, task 11 11 [3820]: mask 0xffffffffffff set
cpu_bind=MASK - erp02, task 13  1 [130019]: mask 0xffffffffffff set
cpu_bind=MASK - erp02, task 12  0 [130018]: mask 0xffffffffffff set
cpu_bind=MASK - erp02, task 14  2 [130020]: mask 0xffffffffffff set
cpu_bind=MASK - erp02, task 15  3 [130021]: mask 0xffffffffffff set
cpu_bind=MASK - erp02, task 16  4 [130022]: mask 0xffffffffffff set
cpu_bind=MASK - erp02, task 17  5 [130023]: mask 0xffffffffffff set
cpu_bind=MASK - erp02, task 18  6 [130024]: mask 0xffffffffffff set
cpu_bind=MASK - erp02, task 19  7 [130025]: mask 0xffffffffffff set
cpu_bind=MASK - erp02, task 20  8 [130026]: mask 0xffffffffffff set
cpu_bind=MASK - erp02, task 21  9 [130027]: mask 0xffffffffffff set
cpu_bind=MASK - erp02, task 22 10 [130028]: mask 0xffffffffffff set
cpu_bind=MASK - erp02, task 23 11 [130029]: mask 0xffffffffffff set

# OSU MPI Allreduce Latency Test v5.6.1
# Size       Avg Latency(us)
4                       8.39
8                       8.51
16                      8.79
32                      8.91
64                      9.49
128                    11.24
256                    12.18
512                    19.97
1024                   21.52
2048                   26.99
4096                   60.38
8192                   88.88
16384                 191.33
32768                 232.53
65536                 292.03
131072                648.24
262144                851.77
524288               1255.58
1048576              2009.37
+ set +x
