processes 576
nodes 12
ppn 48
+ srun --mpi=pmi2 -n 576 --cpu_bind=verbose,map_ldom=4,4,4,4,4,4,5,5,5,5,5,5,6,6,6,6,6,6,7,7,7,7,7,7,0,0,0,0,0,0,1,1,1,1,1,1,2,2,2,2,2,2,3,3,3,3,3,3 /gpfs/u/home/CCNI/CCNIsmth/barn-shared/CWS/osu-micro-benchmarks-5.6.1-erp-openmpi.4.0.1-install/libexec/osu-micro-benchmarks/mpi//collective/osu_allreduce
cpu_bind=LDMAP  - erp01, task  3  3 [14471]: mask 0x20202020202 set
cpu_bind=LDMAP  - erp01, task  7  7 [14475]: mask 0x80808080808 set
cpu_bind=LDMAP  - erp01, task  0  0 [14468]: mask 0x20202020202 set
cpu_bind=LDMAP  - erp01, task  6  6 [14474]: mask 0x80808080808 set
cpu_bind=LDMAP  - erp01, task  5  5 [14473]: mask 0x20202020202 set
cpu_bind=LDMAP  - erp01, task  9  9 [14477]: mask 0x80808080808 set
cpu_bind=LDMAP  - erp01, task  4  4 [14472]: mask 0x20202020202 set
cpu_bind=LDMAP  - erp01, task  8  8 [14476]: mask 0x80808080808 set
cpu_bind=LDMAP  - erp01, task  1  1 [14469]: mask 0x20202020202 set
cpu_bind=LDMAP  - erp01, task 10 10 [14478]: mask 0x80808080808 set
cpu_bind=LDMAP  - erp01, task  2  2 [14470]: mask 0x20202020202 set
cpu_bind=LDMAP  - erp01, task 11 11 [14479]: mask 0x80808080808 set
cpu_bind=LDMAP  - erp01, task 13 13 [14481]: mask 0x202020202020 set
cpu_bind=LDMAP  - erp01, task 12 12 [14480]: mask 0x202020202020 set
cpu_bind=LDMAP  - erp01, task 16 16 [14484]: mask 0x202020202020 set
cpu_bind=LDMAP  - erp01, task 14 14 [14482]: mask 0x202020202020 set
cpu_bind=LDMAP  - erp01, task 15 15 [14483]: mask 0x202020202020 set
cpu_bind=LDMAP  - erp01, task 17 17 [14485]: mask 0x202020202020 set
cpu_bind=LDMAP  - erp01, task 18 18 [14486]: mask 0x808080808080 set
cpu_bind=LDMAP  - erp01, task 19 19 [14487]: mask 0x808080808080 set
cpu_bind=LDMAP  - erp01, task 21 21 [14489]: mask 0x808080808080 set
cpu_bind=LDMAP  - erp01, task 22 22 [14490]: mask 0x808080808080 set
cpu_bind=LDMAP  - erp01, task 20 20 [14488]: mask 0x808080808080 set
cpu_bind=LDMAP  - erp01, task 23 23 [14491]: mask 0x808080808080 set
cpu_bind=LDMAP  - erp01, task 24 24 [14492]: mask 0x10101010101 set
cpu_bind=LDMAP  - erp01, task 25 25 [14493]: mask 0x10101010101 set
cpu_bind=LDMAP  - erp01, task 26 26 [14494]: mask 0x10101010101 set
cpu_bind=LDMAP  - erp01, task 27 27 [14496]: mask 0x10101010101 set
cpu_bind=LDMAP  - erp01, task 28 28 [14497]: mask 0x10101010101 set
cpu_bind=LDMAP  - erp01, task 29 29 [14498]: mask 0x10101010101 set
cpu_bind=LDMAP  - erp01, task 30 30 [14499]: mask 0x40404040404 set
cpu_bind=LDMAP  - erp01, task 31 31 [14500]: mask 0x40404040404 set
cpu_bind=LDMAP  - erp01, task 32 32 [14501]: mask 0x40404040404 set
cpu_bind=LDMAP  - erp01, task 33 33 [14502]: mask 0x40404040404 set
cpu_bind=LDMAP  - erp01, task 34 34 [14503]: mask 0x40404040404 set
cpu_bind=LDMAP  - erp01, task 35 35 [14504]: mask 0x40404040404 set
cpu_bind=LDMAP  - erp01, task 36 36 [14505]: mask 0x101010101010 set
cpu_bind=LDMAP  - erp01, task 38 38 [14507]: mask 0x101010101010 set
cpu_bind=LDMAP  - erp01, task 37 37 [14506]: mask 0x101010101010 set
cpu_bind=LDMAP  - erp01, task 40 40 [14509]: mask 0x101010101010 set
cpu_bind=LDMAP  - erp01, task 39 39 [14508]: mask 0x101010101010 set
cpu_bind=LDMAP  - erp01, task 41 41 [14510]: mask 0x101010101010 set
cpu_bind=LDMAP  - erp01, task 42 42 [14511]: mask 0x404040404040 set
cpu_bind=LDMAP  - erp01, task 44 44 [14513]: mask 0x404040404040 set
cpu_bind=LDMAP  - erp01, task 43 43 [14512]: mask 0x404040404040 set
cpu_bind=LDMAP  - erp01, task 45 45 [14514]: mask 0x404040404040 set
cpu_bind=LDMAP  - erp01, task 47 47 [14516]: mask 0x404040404040 set
cpu_bind=LDMAP  - erp01, task 46 46 [14515]: mask 0x404040404040 set
cpu_bind=LDMAP  - erp05, task 192  0 [104082]: mask 0x20202020202 set
cpu_bind=LDMAP  - erp05, task 193  1 [104083]: mask 0x20202020202 set
cpu_bind=LDMAP  - erp05, task 194  2 [104084]: mask 0x20202020202 set
cpu_bind=LDMAP  - erp05, task 195  3 [104085]: mask 0x20202020202 set
cpu_bind=LDMAP  - erp05, task 196  4 [104086]: mask 0x20202020202 set
cpu_bind=LDMAP  - erp05, task 197  5 [104087]: mask 0x20202020202 set
cpu_bind=LDMAP  - erp05, task 199  7 [104089]: mask 0x80808080808 set
cpu_bind=LDMAP  - erp05, task 200  8 [104090]: mask 0x80808080808 set
cpu_bind=LDMAP  - erp05, task 198  6 [104088]: mask 0x80808080808 set
cpu_bind=LDMAP  - erp05, task 201  9 [104091]: mask 0x80808080808 set
cpu_bind=LDMAP  - erp05, task 202 10 [104092]: mask 0x80808080808 set
cpu_bind=LDMAP  - erp05, task 203 11 [104093]: mask 0x80808080808 set
cpu_bind=LDMAP  - erp05, task 204 12 [104094]: mask 0x202020202020 set
cpu_bind=LDMAP  - erp05, task 206 14 [104096]: mask 0x202020202020 set
cpu_bind=LDMAP  - erp05, task 205 13 [104095]: mask 0x202020202020 set
cpu_bind=LDMAP  - erp05, task 207 15 [104097]: mask 0x202020202020 set
cpu_bind=LDMAP  - erp05, task 208 16 [104098]: mask 0x202020202020 set
cpu_bind=LDMAP  - erp05, task 209 17 [104099]: mask 0x202020202020 set
cpu_bind=LDMAP  - erp05, task 210 18 [104100]: mask 0x808080808080 set
cpu_bind=LDMAP  - erp05, task 211 19 [104101]: mask 0x808080808080 set
cpu_bind=LDMAP  - erp05, task 212 20 [104102]: mask 0x808080808080 set
cpu_bind=LDMAP  - erp05, task 213 21 [104103]: mask 0x808080808080 set
cpu_bind=LDMAP  - erp05, task 214 22 [104104]: mask 0x808080808080 set
cpu_bind=LDMAP  - erp05, task 215 23 [104105]: mask 0x808080808080 set
cpu_bind=LDMAP  - erp05, task 216 24 [104106]: mask 0x10101010101 set
cpu_bind=LDMAP  - erp05, task 218 26 [104108]: mask 0x10101010101 set
cpu_bind=LDMAP  - erp05, task 217 25 [104107]: mask 0x10101010101 set
cpu_bind=LDMAP  - erp05, task 219 27 [104109]: mask 0x10101010101 set
cpu_bind=LDMAP  - erp05, task 220 28 [104110]: mask 0x10101010101 set
cpu_bind=LDMAP  - erp05, task 221 29 [104111]: mask 0x10101010101 set
cpu_bind=LDMAP  - erp05, task 222 30 [104112]: mask 0x40404040404 set
cpu_bind=LDMAP  - erp05, task 224 32 [104114]: mask 0x40404040404 set
cpu_bind=LDMAP  - erp05, task 223 31 [104113]: mask 0x40404040404 set
cpu_bind=LDMAP  - erp05, task 225 33 [104115]: mask 0x40404040404 set
cpu_bind=LDMAP  - erp05, task 226 34 [104116]: mask 0x40404040404 set
cpu_bind=LDMAP  - erp05, task 227 35 [104117]: mask 0x40404040404 set
cpu_bind=LDMAP  - erp05, task 229 37 [104119]: mask 0x101010101010 set
cpu_bind=LDMAP  - erp05, task 228 36 [104118]: mask 0x101010101010 set
cpu_bind=LDMAP  - erp05, task 231 39 [104121]: mask 0x101010101010 set
cpu_bind=LDMAP  - erp05, task 230 38 [104120]: mask 0x101010101010 set
cpu_bind=LDMAP  - erp05, task 233 41 [104123]: mask 0x101010101010 set
cpu_bind=LDMAP  - erp05, task 232 40 [104122]: mask 0x101010101010 set
cpu_bind=LDMAP  - erp05, task 236 44 [104126]: mask 0x404040404040 set
cpu_bind=LDMAP  - erp05, task 235 43 [104125]: mask 0x404040404040 set
cpu_bind=LDMAP  - erp05, task 238 46 [104128]: mask 0x404040404040 set
cpu_bind=LDMAP  - erp05, task 239 47 [104129]: mask 0x404040404040 set
cpu_bind=LDMAP  - erp05, task 234 42 [104124]: mask 0x404040404040 set
cpu_bind=LDMAP  - erp05, task 237 45 [104127]: mask 0x404040404040 set
cpu_bind=LDMAP  - erp03, task 96  0 [125062]: mask 0x20202020202 set
cpu_bind=LDMAP  - erp03, task 97  1 [125063]: mask 0x20202020202 set
cpu_bind=LDMAP  - erp03, task 98  2 [125064]: mask 0x20202020202 set
cpu_bind=LDMAP  - erp03, task 100  4 [125066]: mask 0x20202020202 set
cpu_bind=LDMAP  - erp03, task 101  5 [125067]: mask 0x20202020202 set
cpu_bind=LDMAP  - erp03, task 99  3 [125065]: mask 0x20202020202 set
cpu_bind=LDMAP  - erp03, task 102  6 [125068]: mask 0x80808080808 set
cpu_bind=LDMAP  - erp03, task 103  7 [125069]: mask 0x80808080808 set
cpu_bind=LDMAP  - erp03, task 104  8 [125070]: mask 0x80808080808 set
cpu_bind=LDMAP  - erp03, task 105  9 [125071]: mask 0x80808080808 set
cpu_bind=LDMAP  - erp03, task 107 11 [125073]: mask 0x80808080808 set
cpu_bind=LDMAP  - erp03, task 108 12 [125074]: mask 0x202020202020 set
cpu_bind=LDMAP  - erp03, task 106 10 [125072]: mask 0x80808080808 set
cpu_bind=LDMAP  - erp03, task 112 16 [125078]: mask 0x202020202020 set
cpu_bind=LDMAP  - erp03, task 110 14 [125076]: mask 0x202020202020 set
cpu_bind=LDMAP  - erp03, task 113 17 [125079]: mask 0x202020202020 set
cpu_bind=LDMAP  - erp03, task 111 15 [125077]: mask 0x202020202020 set
cpu_bind=LDMAP  - erp03, task 109 13 [125075]: mask 0x202020202020 set
cpu_bind=LDMAP  - erp03, task 115 19 [125081]: mask 0x808080808080 set
cpu_bind=LDMAP  - erp03, task 116 20 [125082]: mask 0x808080808080 set
cpu_bind=LDMAP  - erp03, task 114 18 [125080]: mask 0x808080808080 set
cpu_bind=LDMAP  - erp03, task 117 21 [125083]: mask 0x808080808080 set
cpu_bind=LDMAP  - erp03, task 118 22 [125084]: mask 0x808080808080 set
cpu_bind=LDMAP  - erp03, task 119 23 [125085]: mask 0x808080808080 set
cpu_bind=LDMAP  - erp03, task 120 24 [125086]: mask 0x10101010101 set
cpu_bind=LDMAP  - erp03, task 121 25 [125087]: mask 0x10101010101 set
cpu_bind=LDMAP  - erp03, task 122 26 [125088]: mask 0x10101010101 set
cpu_bind=LDMAP  - erp03, task 124 28 [125090]: mask 0x10101010101 set
cpu_bind=LDMAP  - erp03, task 123 27 [125089]: mask 0x10101010101 set
cpu_bind=LDMAP  - erp03, task 125 29 [125091]: mask 0x10101010101 set
cpu_bind=LDMAP  - erp03, task 126 30 [125092]: mask 0x40404040404 set
cpu_bind=LDMAP  - erp03, task 127 31 [125093]: mask 0x40404040404 set
cpu_bind=LDMAP  - erp03, task 128 32 [125094]: mask 0x40404040404 set
cpu_bind=LDMAP  - erp12, task 528  0 [2372]: mask 0x20202020202 set
cpu_bind=LDMAP  - erp12, task 530  2 [2374]: mask 0x20202020202 set
cpu_bind=LDMAP  - erp12, task 529  1 [2373]: mask 0x20202020202 set
cpu_bind=LDMAP  - erp03, task 130 34 [125096]: mask 0x40404040404 set
cpu_bind=LDMAP  - erp03, task 129 33 [125095]: mask 0x40404040404 set
cpu_bind=LDMAP  - erp12, task 532  4 [2376]: mask 0x20202020202 set
cpu_bind=LDMAP  - erp12, task 533  5 [2377]: mask 0x20202020202 set
cpu_bind=LDMAP  - erp08, task 338  2 [100920]: mask 0x20202020202 set
cpu_bind=LDMAP  - erp12, task 531  3 [2375]: mask 0x20202020202 set
cpu_bind=LDMAP  - erp08, task 336  0 [100918]: mask 0x20202020202 set
cpu_bind=LDMAP  - erp03, task 131 35 [125097]: mask 0x40404040404 set
cpu_bind=LDMAP  - erp03, task 132 36 [125098]: mask 0x101010101010 set
cpu_bind=LDMAP  - erp08, task 337  1 [100919]: mask 0x20202020202 set
cpu_bind=LDMAP  - erp12, task 537  9 [2381]: mask 0x80808080808 set
cpu_bind=LDMAP  - erp03, task 133 37 [125099]: mask 0x101010101010 set
cpu_bind=LDMAP  - erp12, task 538 10 [2382]: mask 0x80808080808 set
cpu_bind=LDMAP  - erp12, task 536  8 [2380]: mask 0x80808080808 set
cpu_bind=LDMAP  - erp12, task 539 11 [2383]: mask 0x80808080808 set
cpu_bind=LDMAP  - erp12, task 534  6 [2378]: mask 0x80808080808 set
cpu_bind=LDMAP  - erp08, task 339  3 [100921]: mask 0x20202020202 set
cpu_bind=LDMAP  - erp12, task 535  7 [2379]: mask 0x80808080808 set
cpu_bind=LDMAP  - erp12, task 540 12 [2384]: mask 0x202020202020 set
cpu_bind=LDMAP  - erp12, task 541 13 [2385]: mask 0x202020202020 set
cpu_bind=LDMAP  - erp08, task 340  4 [100922]: mask 0x20202020202 set
cpu_bind=LDMAP  - erp12, task 542 14 [2386]: mask 0x202020202020 set
cpu_bind=LDMAP  - erp03, task 136 40 [125102]: mask 0x101010101010 set
cpu_bind=LDMAP  - erp03, task 137 41 [125103]: mask 0x101010101010 set
cpu_bind=LDMAP  - erp03, task 135 39 [125101]: mask 0x101010101010 set
cpu_bind=LDMAP  - erp08, task 341  5 [100923]: mask 0x20202020202 set
cpu_bind=LDMAP  - erp03, task 134 38 [125100]: mask 0x101010101010 set
cpu_bind=LDMAP  - erp08, task 342  6 [100924]: mask 0x80808080808 set
cpu_bind=LDMAP  - erp03, task 138 42 [125104]: mask 0x404040404040 set
cpu_bind=LDMAP  - erp12, task 545 17 [2389]: mask 0x202020202020 set
cpu_bind=LDMAP  - erp12, task 543 15 [2387]: mask 0x202020202020 set
cpu_bind=LDMAP  - erp12, task 544 16 [2388]: mask 0x202020202020 set
cpu_bind=LDMAP  - erp12, task 547 19 [2391]: mask 0x808080808080 set
cpu_bind=LDMAP  - erp08, task 343  7 [100925]: mask 0x80808080808 set
cpu_bind=LDMAP  - erp08, task 345  9 [100927]: mask 0x80808080808 set
cpu_bind=LDMAP  - erp12, task 546 18 [2390]: mask 0x808080808080 set
cpu_bind=LDMAP  - erp08, task 344  8 [100926]: mask 0x80808080808 set
cpu_bind=LDMAP  - erp03, task 140 44 [125106]: mask 0x404040404040 set
cpu_bind=LDMAP  - erp03, task 141 45 [125107]: mask 0x404040404040 set
cpu_bind=LDMAP  - erp03, task 139 43 [125105]: mask 0x404040404040 set
cpu_bind=LDMAP  - erp08, task 346 10 [100928]: mask 0x80808080808 set
cpu_bind=LDMAP  - erp12, task 549 21 [2393]: mask 0x808080808080 set
cpu_bind=LDMAP  - erp12, task 548 20 [2392]: mask 0x808080808080 set
cpu_bind=LDMAP  - erp12, task 550 22 [2394]: mask 0x808080808080 set
cpu_bind=LDMAP  - erp12, task 552 24 [2396]: mask 0x10101010101 set
cpu_bind=LDMAP  - erp12, task 551 23 [2395]: mask 0x808080808080 set
cpu_bind=LDMAP  - erp08, task 347 11 [100929]: mask 0x80808080808 set
cpu_bind=LDMAP  - erp12, task 554 26 [2398]: mask 0x10101010101 set
cpu_bind=LDMAP  - erp12, task 555 27 [2399]: mask 0x10101010101 set
cpu_bind=LDMAP  - erp03, task 142 46 [125108]: mask 0x404040404040 set
cpu_bind=LDMAP  - erp12, task 553 25 [2397]: mask 0x10101010101 set
cpu_bind=LDMAP  - erp03, task 143 47 [125109]: mask 0x404040404040 set
cpu_bind=LDMAP  - erp08, task 348 12 [100930]: mask 0x202020202020 set
cpu_bind=LDMAP  - erp08, task 349 13 [100931]: mask 0x202020202020 set
cpu_bind=LDMAP  - erp12, task 556 28 [2400]: mask 0x10101010101 set
cpu_bind=LDMAP  - erp12, task 558 30 [2402]: mask 0x40404040404 set
cpu_bind=LDMAP  - erp12, task 557 29 [2401]: mask 0x10101010101 set
cpu_bind=LDMAP  - erp08, task 350 14 [100932]: mask 0x202020202020 set
cpu_bind=LDMAP  - erp08, task 351 15 [100933]: mask 0x202020202020 set
cpu_bind=LDMAP  - erp08, task 352 16 [100934]: mask 0x202020202020 set
cpu_bind=LDMAP  - erp08, task 353 17 [100935]: mask 0x202020202020 set
cpu_bind=LDMAP  - erp08, task 354 18 [100936]: mask 0x808080808080 set
cpu_bind=LDMAP  - erp08, task 355 19 [100937]: mask 0x808080808080 set
cpu_bind=LDMAP  - erp08, task 357 21 [100939]: mask 0x808080808080 set
cpu_bind=LDMAP  - erp12, task 564 36 [2408]: mask 0x101010101010 set
cpu_bind=LDMAP  - erp08, task 356 20 [100938]: mask 0x808080808080 set
cpu_bind=LDMAP  - erp12, task 567 39 [2411]: mask 0x101010101010 set
cpu_bind=LDMAP  - erp12, task 560 32 [2404]: mask 0x40404040404 set
cpu_bind=LDMAP  - erp12, task 561 33 [2405]: mask 0x40404040404 set
cpu_bind=LDMAP  - erp12, task 563 35 [2407]: mask 0x40404040404 set
cpu_bind=LDMAP  - erp12, task 565 37 [2409]: mask 0x101010101010 set
cpu_bind=LDMAP  - erp12, task 559 31 [2403]: mask 0x40404040404 set
cpu_bind=LDMAP  - erp12, task 562 34 [2406]: mask 0x40404040404 set
cpu_bind=LDMAP  - erp12, task 566 38 [2410]: mask 0x101010101010 set
cpu_bind=LDMAP  - erp08, task 358 22 [100940]: mask 0x808080808080 set
cpu_bind=LDMAP  - erp08, task 359 23 [100941]: mask 0x808080808080 set
cpu_bind=LDMAP  - erp08, task 360 24 [100942]: mask 0x10101010101 set
cpu_bind=LDMAP  - erp12, task 569 41 [2413]: mask 0x101010101010 set
cpu_bind=LDMAP  - erp08, task 362 26 [100944]: mask 0x10101010101 set
cpu_bind=LDMAP  - erp12, task 568 40 [2412]: mask 0x101010101010 set
cpu_bind=LDMAP  - erp08, task 363 27 [100945]: mask 0x10101010101 set
cpu_bind=LDMAP  - erp08, task 361 25 [100943]: mask 0x10101010101 set
cpu_bind=LDMAP  - erp12, task 570 42 [2414]: mask 0x404040404040 set
cpu_bind=LDMAP  - erp08, task 364 28 [100946]: mask 0x10101010101 set
cpu_bind=LDMAP  - erp12, task 572 44 [2416]: mask 0x404040404040 set
cpu_bind=LDMAP  - erp12, task 571 43 [2415]: mask 0x404040404040 set
cpu_bind=LDMAP  - erp08, task 365 29 [100947]: mask 0x10101010101 set
cpu_bind=LDMAP  - erp12, task 573 45 [2417]: mask 0x404040404040 set
cpu_bind=LDMAP  - erp08, task 366 30 [100948]: mask 0x40404040404 set
cpu_bind=LDMAP  - erp12, task 574 46 [2418]: mask 0x404040404040 set
cpu_bind=LDMAP  - erp08, task 367 31 [100949]: mask 0x40404040404 set
cpu_bind=LDMAP  - erp12, task 575 47 [2419]: mask 0x404040404040 set
cpu_bind=LDMAP  - erp08, task 368 32 [100950]: mask 0x40404040404 set
cpu_bind=LDMAP  - erp08, task 369 33 [100951]: mask 0x40404040404 set
cpu_bind=LDMAP  - erp08, task 370 34 [100952]: mask 0x40404040404 set
cpu_bind=LDMAP  - erp08, task 371 35 [100953]: mask 0x40404040404 set
cpu_bind=LDMAP  - erp08, task 372 36 [100954]: mask 0x101010101010 set
cpu_bind=LDMAP  - erp08, task 373 37 [100955]: mask 0x101010101010 set
cpu_bind=LDMAP  - erp08, task 374 38 [100956]: mask 0x101010101010 set
cpu_bind=LDMAP  - erp08, task 375 39 [100957]: mask 0x101010101010 set
cpu_bind=LDMAP  - erp08, task 376 40 [100958]: mask 0x101010101010 set
cpu_bind=LDMAP  - erp08, task 377 41 [100959]: mask 0x101010101010 set
cpu_bind=LDMAP  - erp08, task 378 42 [100960]: mask 0x404040404040 set
cpu_bind=LDMAP  - erp08, task 380 44 [100962]: mask 0x404040404040 set
cpu_bind=LDMAP  - erp08, task 381 45 [100963]: mask 0x404040404040 set
cpu_bind=LDMAP  - erp08, task 379 43 [100961]: mask 0x404040404040 set
cpu_bind=LDMAP  - erp08, task 383 47 [100965]: mask 0x404040404040 set
cpu_bind=LDMAP  - erp08, task 382 46 [100964]: mask 0x404040404040 set
cpu_bind=LDMAP  - erp07, task 290  2 [101410]: mask 0x20202020202 set
cpu_bind=LDMAP  - erp07, task 288  0 [101408]: mask 0x20202020202 set
cpu_bind=LDMAP  - erp07, task 289  1 [101409]: mask 0x20202020202 set
cpu_bind=LDMAP  - erp07, task 293  5 [101413]: mask 0x20202020202 set
cpu_bind=LDMAP  - erp07, task 292  4 [101412]: mask 0x20202020202 set
cpu_bind=LDMAP  - erp07, task 291  3 [101411]: mask 0x20202020202 set
cpu_bind=LDMAP  - erp07, task 294  6 [101414]: mask 0x80808080808 set
cpu_bind=LDMAP  - erp07, task 295  7 [101415]: mask 0x80808080808 set
cpu_bind=LDMAP  - erp07, task 296  8 [101416]: mask 0x80808080808 set
cpu_bind=LDMAP  - erp07, task 299 11 [101419]: mask 0x80808080808 set
cpu_bind=LDMAP  - erp07, task 297  9 [101417]: mask 0x80808080808 set
cpu_bind=LDMAP  - erp07, task 298 10 [101418]: mask 0x80808080808 set
cpu_bind=LDMAP  - erp07, task 300 12 [101421]: mask 0x202020202020 set
cpu_bind=LDMAP  - erp07, task 301 13 [101422]: mask 0x202020202020 set
cpu_bind=LDMAP  - erp07, task 302 14 [101423]: mask 0x202020202020 set
cpu_bind=LDMAP  - erp07, task 303 15 [101424]: mask 0x202020202020 set
cpu_bind=LDMAP  - erp07, task 305 17 [101426]: mask 0x202020202020 set
cpu_bind=LDMAP  - erp10, task 433  1 [100940]: mask 0x20202020202 set
cpu_bind=LDMAP  - erp02, task 50  2 [109363]: mask 0x20202020202 set
cpu_bind=LDMAP  - erp07, task 304 16 [101425]: mask 0x202020202020 set
cpu_bind=LDMAP  - erp10, task 434  2 [100941]: mask 0x20202020202 set
cpu_bind=LDMAP  - erp02, task 48  0 [109361]: mask 0x20202020202 set
cpu_bind=LDMAP  - erp07, task 307 19 [101428]: mask 0x808080808080 set
cpu_bind=LDMAP  - erp10, task 432  0 [100939]: mask 0x20202020202 set
cpu_bind=LDMAP  - erp02, task 49  1 [109362]: mask 0x20202020202 set
cpu_bind=LDMAP  - erp07, task 306 18 [101427]: mask 0x808080808080 set
cpu_bind=LDMAP  - erp10, task 435  3 [100942]: mask 0x20202020202 set
cpu_bind=LDMAP  - erp02, task 51  3 [109364]: mask 0x20202020202 set
cpu_bind=LDMAP  - erp07, task 308 20 [101429]: mask 0x808080808080 set
cpu_bind=LDMAP  - erp10, task 436  4 [100943]: mask 0x20202020202 set
cpu_bind=LDMAP  - erp02, task 52  4 [109365]: mask 0x20202020202 set
cpu_bind=LDMAP  - erp07, task 309 21 [101430]: mask 0x808080808080 set
cpu_bind=LDMAP  - erp10, task 438  6 [100945]: mask 0x80808080808 set
cpu_bind=LDMAP  - erp02, task 53  5 [109366]: mask 0x20202020202 set
cpu_bind=LDMAP  - erp07, task 312 24 [101433]: mask 0x10101010101 set
cpu_bind=LDMAP  - erp10, task 443 11 [100950]: mask 0x80808080808 set
cpu_bind=LDMAP  - erp02, task 54  6 [109367]: mask 0x80808080808 set
cpu_bind=LDMAP  - erp07, task 311 23 [101432]: mask 0x808080808080 set
cpu_bind=LDMAP  - erp10, task 441  9 [100948]: mask 0x80808080808 set
cpu_bind=LDMAP  - erp02, task 56  8 [109369]: mask 0x80808080808 set
cpu_bind=LDMAP  - erp07, task 310 22 [101431]: mask 0x808080808080 set
cpu_bind=LDMAP  - erp10, task 437  5 [100944]: mask 0x20202020202 set
cpu_bind=LDMAP  - erp02, task 55  7 [109368]: mask 0x80808080808 set
cpu_bind=LDMAP  - erp07, task 313 25 [101434]: mask 0x10101010101 set
cpu_bind=LDMAP  - erp10, task 439  7 [100946]: mask 0x80808080808 set
cpu_bind=LDMAP  - erp07, task 314 26 [101435]: mask 0x10101010101 set
cpu_bind=LDMAP  - erp10, task 440  8 [100947]: mask 0x80808080808 set
cpu_bind=LDMAP  - erp07, task 315 27 [101436]: mask 0x10101010101 set
cpu_bind=LDMAP  - erp10, task 442 10 [100949]: mask 0x80808080808 set
cpu_bind=LDMAP  - erp07, task 316 28 [101437]: mask 0x10101010101 set
cpu_bind=LDMAP  - erp10, task 444 12 [100951]: mask 0x202020202020 set
cpu_bind=LDMAP  - erp07, task 317 29 [101438]: mask 0x10101010101 set
cpu_bind=LDMAP  - erp10, task 445 13 [100952]: mask 0x202020202020 set
cpu_bind=LDMAP  - erp07, task 318 30 [101439]: mask 0x40404040404 set
cpu_bind=LDMAP  - erp10, task 446 14 [100953]: mask 0x202020202020 set
cpu_bind=LDMAP  - erp07, task 319 31 [101440]: mask 0x40404040404 set
cpu_bind=LDMAP  - erp10, task 449 17 [100956]: mask 0x202020202020 set
cpu_bind=LDMAP  - erp07, task 321 33 [101442]: mask 0x40404040404 set
cpu_bind=LDMAP  - erp07, task 322 34 [101443]: mask 0x40404040404 set
cpu_bind=LDMAP  - erp07, task 323 35 [101444]: mask 0x40404040404 set
cpu_bind=LDMAP  - erp07, task 320 32 [101441]: mask 0x40404040404 set
cpu_bind=LDMAP  - erp07, task 324 36 [101445]: mask 0x101010101010 set
cpu_bind=LDMAP  - erp07, task 326 38 [101447]: mask 0x101010101010 set
cpu_bind=LDMAP  - erp10, task 447 15 [100954]: mask 0x202020202020 set
cpu_bind=LDMAP  - erp02, task 57  9 [109370]: mask 0x80808080808 set
cpu_bind=LDMAP  - erp10, task 448 16 [100955]: mask 0x202020202020 set
cpu_bind=LDMAP  - erp10, task 451 19 [100958]: mask 0x808080808080 set
cpu_bind=LDMAP  - erp10, task 452 20 [100959]: mask 0x808080808080 set
cpu_bind=LDMAP  - erp02, task 59 11 [109372]: mask 0x80808080808 set
cpu_bind=LDMAP  - erp07, task 325 37 [101446]: mask 0x101010101010 set
cpu_bind=LDMAP  - erp10, task 450 18 [100957]: mask 0x808080808080 set
cpu_bind=LDMAP  - erp07, task 327 39 [101448]: mask 0x101010101010 set
cpu_bind=LDMAP  - erp10, task 453 21 [100960]: mask 0x808080808080 set
cpu_bind=LDMAP  - erp07, task 328 40 [101449]: mask 0x101010101010 set
cpu_bind=LDMAP  - erp10, task 454 22 [100961]: mask 0x808080808080 set
cpu_bind=LDMAP  - erp07, task 329 41 [101450]: mask 0x101010101010 set
cpu_bind=LDMAP  - erp10, task 455 23 [100962]: mask 0x808080808080 set
cpu_bind=LDMAP  - erp07, task 330 42 [101451]: mask 0x404040404040 set
cpu_bind=LDMAP  - erp10, task 456 24 [100963]: mask 0x10101010101 set
cpu_bind=LDMAP  - erp07, task 331 43 [101452]: mask 0x404040404040 set
cpu_bind=LDMAP  - erp10, task 459 27 [100966]: mask 0x10101010101 set
cpu_bind=LDMAP  - erp07, task 333 45 [101454]: mask 0x404040404040 set
cpu_bind=LDMAP  - erp10, task 457 25 [100964]: mask 0x10101010101 set
cpu_bind=LDMAP  - erp07, task 332 44 [101453]: mask 0x404040404040 set
cpu_bind=LDMAP  - erp10, task 458 26 [100965]: mask 0x10101010101 set
cpu_bind=LDMAP  - erp07, task 334 46 [101455]: mask 0x404040404040 set
cpu_bind=LDMAP  - erp10, task 460 28 [100967]: mask 0x10101010101 set
cpu_bind=LDMAP  - erp10, task 461 29 [100968]: mask 0x10101010101 set
cpu_bind=LDMAP  - erp10, task 463 31 [100970]: mask 0x40404040404 set
cpu_bind=LDMAP  - erp10, task 462 30 [100969]: mask 0x40404040404 set
cpu_bind=LDMAP  - erp07, task 335 47 [101456]: mask 0x404040404040 set
cpu_bind=LDMAP  - erp10, task 464 32 [100971]: mask 0x40404040404 set
cpu_bind=LDMAP  - erp10, task 465 33 [100972]: mask 0x40404040404 set
cpu_bind=LDMAP  - erp10, task 466 34 [100973]: mask 0x40404040404 set
cpu_bind=LDMAP  - erp02, task 58 10 [109371]: mask 0x80808080808 set
cpu_bind=LDMAP  - erp10, task 467 35 [100974]: mask 0x40404040404 set
cpu_bind=LDMAP  - erp02, task 60 12 [109373]: mask 0x202020202020 set
cpu_bind=LDMAP  - erp02, task 61 13 [109374]: mask 0x202020202020 set
cpu_bind=LDMAP  - erp02, task 62 14 [109375]: mask 0x202020202020 set
cpu_bind=LDMAP  - erp10, task 468 36 [100975]: mask 0x101010101010 set
cpu_bind=LDMAP  - erp10, task 469 37 [100976]: mask 0x101010101010 set
cpu_bind=LDMAP  - erp06, task 240  0 [102652]: mask 0x20202020202 set
cpu_bind=LDMAP  - erp02, task 64 16 [109377]: mask 0x202020202020 set
cpu_bind=LDMAP  - erp06, task 242  2 [102654]: mask 0x20202020202 set
cpu_bind=LDMAP  - erp02, task 65 17 [109378]: mask 0x202020202020 set
cpu_bind=LDMAP  - erp02, task 63 15 [109376]: mask 0x202020202020 set
cpu_bind=LDMAP  - erp06, task 241  1 [102653]: mask 0x20202020202 set
cpu_bind=LDMAP  - erp02, task 67 19 [109380]: mask 0x808080808080 set
cpu_bind=LDMAP  - erp06, task 246  6 [102658]: mask 0x80808080808 set
cpu_bind=LDMAP  - erp02, task 66 18 [109379]: mask 0x808080808080 set
cpu_bind=LDMAP  - erp06, task 243  3 [102655]: mask 0x20202020202 set
cpu_bind=LDMAP  - erp02, task 68 20 [109381]: mask 0x808080808080 set
cpu_bind=LDMAP  - erp10, task 470 38 [100977]: mask 0x101010101010 set
cpu_bind=LDMAP  - erp10, task 471 39 [100978]: mask 0x101010101010 set
cpu_bind=LDMAP  - erp10, task 472 40 [100979]: mask 0x101010101010 set
cpu_bind=LDMAP  - erp06, task 245  5 [102657]: mask 0x20202020202 set
cpu_bind=LDMAP  - erp06, task 247  7 [102659]: mask 0x80808080808 set
cpu_bind=LDMAP  - erp06, task 244  4 [102656]: mask 0x20202020202 set
cpu_bind=LDMAP  - erp06, task 249  9 [102661]: mask 0x80808080808 set
cpu_bind=LDMAP  - erp06, task 248  8 [102660]: mask 0x80808080808 set
cpu_bind=LDMAP  - erp02, task 70 22 [109383]: mask 0x808080808080 set
cpu_bind=LDMAP  - erp10, task 473 41 [100980]: mask 0x101010101010 set
cpu_bind=LDMAP  - erp10, task 474 42 [100981]: mask 0x404040404040 set
cpu_bind=LDMAP  - erp10, task 475 43 [100982]: mask 0x404040404040 set
cpu_bind=LDMAP  - erp02, task 69 21 [109382]: mask 0x808080808080 set
cpu_bind=LDMAP  - erp02, task 71 23 [109384]: mask 0x808080808080 set
cpu_bind=LDMAP  - erp06, task 252 12 [102664]: mask 0x202020202020 set
cpu_bind=LDMAP  - erp11, task 480  0 [108070]: mask 0x20202020202 set
cpu_bind=LDMAP  - erp06, task 251 11 [102663]: mask 0x80808080808 set
cpu_bind=LDMAP  - erp11, task 482  2 [108072]: mask 0x20202020202 set
cpu_bind=LDMAP  - erp09, task 385  1 [101141]: mask 0x20202020202 set
cpu_bind=LDMAP  - erp06, task 250 10 [102662]: mask 0x80808080808 set
cpu_bind=LDMAP  - erp11, task 481  1 [108071]: mask 0x20202020202 set
cpu_bind=LDMAP  - erp10, task 476 44 [100983]: mask 0x404040404040 set
cpu_bind=LDMAP  - erp09, task 384  0 [101140]: mask 0x20202020202 set
cpu_bind=LDMAP  - erp10, task 479 47 [100986]: mask 0x404040404040 set
cpu_bind=LDMAP  - erp02, task 72 24 [109385]: mask 0x10101010101 set
cpu_bind=LDMAP  - erp06, task 254 14 [102666]: mask 0x202020202020 set
cpu_bind=LDMAP  - erp11, task 484  4 [108074]: mask 0x20202020202 set
cpu_bind=LDMAP  - erp09, task 386  2 [101142]: mask 0x20202020202 set
cpu_bind=LDMAP  - erp06, task 253 13 [102665]: mask 0x202020202020 set
cpu_bind=LDMAP  - erp11, task 485  5 [108075]: mask 0x20202020202 set
cpu_bind=LDMAP  - erp09, task 389  5 [101145]: mask 0x20202020202 set
cpu_bind=LDMAP  - erp10, task 478 46 [100985]: mask 0x404040404040 set
cpu_bind=LDMAP  - erp02, task 73 25 [109386]: mask 0x10101010101 set
cpu_bind=LDMAP  - erp06, task 255 15 [102667]: mask 0x202020202020 set
cpu_bind=LDMAP  - erp11, task 483  3 [108073]: mask 0x20202020202 set
cpu_bind=LDMAP  - erp09, task 390  6 [101146]: mask 0x80808080808 set
cpu_bind=LDMAP  - erp10, task 477 45 [100984]: mask 0x404040404040 set
cpu_bind=LDMAP  - erp02, task 74 26 [109387]: mask 0x10101010101 set
cpu_bind=LDMAP  - erp06, task 256 16 [102668]: mask 0x202020202020 set
cpu_bind=LDMAP  - erp11, task 488  8 [108078]: mask 0x80808080808 set
cpu_bind=LDMAP  - erp09, task 388  4 [101144]: mask 0x20202020202 set
cpu_bind=LDMAP  - erp02, task 75 27 [109388]: mask 0x10101010101 set
cpu_bind=LDMAP  - erp06, task 257 17 [102669]: mask 0x202020202020 set
cpu_bind=LDMAP  - erp11, task 487  7 [108077]: mask 0x80808080808 set
cpu_bind=LDMAP  - erp09, task 387  3 [101143]: mask 0x20202020202 set
cpu_bind=LDMAP  - erp02, task 77 29 [109390]: mask 0x10101010101 set
cpu_bind=LDMAP  - erp06, task 258 18 [102670]: mask 0x808080808080 set
cpu_bind=LDMAP  - erp11, task 486  6 [108076]: mask 0x80808080808 set
cpu_bind=LDMAP  - erp09, task 392  8 [101148]: mask 0x80808080808 set
cpu_bind=LDMAP  - erp02, task 76 28 [109389]: mask 0x10101010101 set
cpu_bind=LDMAP  - erp06, task 260 20 [102672]: mask 0x808080808080 set
cpu_bind=LDMAP  - erp11, task 489  9 [108079]: mask 0x80808080808 set
cpu_bind=LDMAP  - erp09, task 391  7 [101147]: mask 0x80808080808 set
cpu_bind=LDMAP  - erp02, task 80 32 [109393]: mask 0x40404040404 set
cpu_bind=LDMAP  - erp06, task 259 19 [102671]: mask 0x808080808080 set
cpu_bind=LDMAP  - erp11, task 491 11 [108081]: mask 0x80808080808 set
cpu_bind=LDMAP  - erp09, task 393  9 [101149]: mask 0x80808080808 set
cpu_bind=LDMAP  - erp02, task 79 31 [109392]: mask 0x40404040404 set
cpu_bind=LDMAP  - erp06, task 261 21 [102673]: mask 0x808080808080 set
cpu_bind=LDMAP  - erp11, task 490 10 [108080]: mask 0x80808080808 set
cpu_bind=LDMAP  - erp09, task 394 10 [101150]: mask 0x80808080808 set
cpu_bind=LDMAP  - erp02, task 81 33 [109394]: mask 0x40404040404 set
cpu_bind=LDMAP  - erp06, task 263 23 [102675]: mask 0x808080808080 set
cpu_bind=LDMAP  - erp11, task 492 12 [108082]: mask 0x202020202020 set
cpu_bind=LDMAP  - erp09, task 395 11 [101151]: mask 0x80808080808 set
cpu_bind=LDMAP  - erp02, task 82 34 [109395]: mask 0x40404040404 set
cpu_bind=LDMAP  - erp06, task 262 22 [102674]: mask 0x808080808080 set
cpu_bind=LDMAP  - erp11, task 493 13 [108083]: mask 0x202020202020 set
cpu_bind=LDMAP  - erp09, task 396 12 [101152]: mask 0x202020202020 set
cpu_bind=LDMAP  - erp02, task 78 30 [109391]: mask 0x40404040404 set
cpu_bind=LDMAP  - erp06, task 264 24 [102676]: mask 0x10101010101 set
cpu_bind=LDMAP  - erp11, task 495 15 [108085]: mask 0x202020202020 set
cpu_bind=LDMAP  - erp09, task 397 13 [101153]: mask 0x202020202020 set
cpu_bind=LDMAP  - erp02, task 83 35 [109396]: mask 0x40404040404 set
cpu_bind=LDMAP  - erp06, task 265 25 [102677]: mask 0x10101010101 set
cpu_bind=LDMAP  - erp11, task 494 14 [108084]: mask 0x202020202020 set
cpu_bind=LDMAP  - erp09, task 398 14 [101154]: mask 0x202020202020 set
cpu_bind=LDMAP  - erp02, task 84 36 [109397]: mask 0x101010101010 set
cpu_bind=LDMAP  - erp06, task 266 26 [102678]: mask 0x10101010101 set
cpu_bind=LDMAP  - erp11, task 497 17 [108087]: mask 0x202020202020 set
cpu_bind=LDMAP  - erp09, task 400 16 [101156]: mask 0x202020202020 set
cpu_bind=LDMAP  - erp02, task 85 37 [109398]: mask 0x101010101010 set
cpu_bind=LDMAP  - erp06, task 269 29 [102681]: mask 0x10101010101 set
cpu_bind=LDMAP  - erp11, task 496 16 [108086]: mask 0x202020202020 set
cpu_bind=LDMAP  - erp09, task 399 15 [101155]: mask 0x202020202020 set
cpu_bind=LDMAP  - erp02, task 87 39 [109400]: mask 0x101010101010 set
cpu_bind=LDMAP  - erp06, task 268 28 [102680]: mask 0x10101010101 set
cpu_bind=LDMAP  - erp11, task 499 19 [108089]: mask 0x808080808080 set
cpu_bind=LDMAP  - erp09, task 401 17 [101157]: mask 0x202020202020 set
cpu_bind=LDMAP  - erp02, task 86 38 [109399]: mask 0x101010101010 set
cpu_bind=LDMAP  - erp11, task 498 18 [108088]: mask 0x808080808080 set
cpu_bind=LDMAP  - erp02, task 89 41 [109402]: mask 0x101010101010 set
cpu_bind=LDMAP  - erp11, task 502 22 [108092]: mask 0x808080808080 set
cpu_bind=LDMAP  - erp02, task 88 40 [109401]: mask 0x101010101010 set
cpu_bind=LDMAP  - erp11, task 501 21 [108091]: mask 0x808080808080 set
cpu_bind=LDMAP  - erp02, task 90 42 [109403]: mask 0x404040404040 set
cpu_bind=LDMAP  - erp11, task 500 20 [108090]: mask 0x808080808080 set
cpu_bind=LDMAP  - erp02, task 92 44 [109405]: mask 0x404040404040 set
cpu_bind=LDMAP  - erp04, task 146  2 [126483]: mask 0x20202020202 set
cpu_bind=LDMAP  - erp11, task 503 23 [108093]: mask 0x808080808080 set
cpu_bind=LDMAP  - erp11, task 506 26 [108096]: mask 0x10101010101 set
cpu_bind=LDMAP  - erp11, task 505 25 [108095]: mask 0x10101010101 set
cpu_bind=LDMAP  - erp11, task 504 24 [108094]: mask 0x10101010101 set
cpu_bind=LDMAP  - erp11, task 507 27 [108097]: mask 0x10101010101 set
cpu_bind=LDMAP  - erp11, task 508 28 [108098]: mask 0x10101010101 set
cpu_bind=LDMAP  - erp11, task 509 29 [108099]: mask 0x10101010101 set
cpu_bind=LDMAP  - erp11, task 511 31 [108101]: mask 0x40404040404 set
cpu_bind=LDMAP  - erp11, task 510 30 [108100]: mask 0x40404040404 set
cpu_bind=LDMAP  - erp11, task 514 34 [108104]: mask 0x40404040404 set
cpu_bind=LDMAP  - erp11, task 513 33 [108103]: mask 0x40404040404 set
cpu_bind=LDMAP  - erp11, task 512 32 [108102]: mask 0x40404040404 set
cpu_bind=LDMAP  - erp11, task 515 35 [108105]: mask 0x40404040404 set
cpu_bind=LDMAP  - erp11, task 517 37 [108107]: mask 0x101010101010 set
cpu_bind=LDMAP  - erp11, task 516 36 [108106]: mask 0x101010101010 set
cpu_bind=LDMAP  - erp11, task 519 39 [108109]: mask 0x101010101010 set
cpu_bind=LDMAP  - erp11, task 518 38 [108108]: mask 0x101010101010 set
cpu_bind=LDMAP  - erp11, task 521 41 [108111]: mask 0x101010101010 set
cpu_bind=LDMAP  - erp11, task 520 40 [108110]: mask 0x101010101010 set
cpu_bind=LDMAP  - erp06, task 267 27 [102679]: mask 0x10101010101 set
cpu_bind=LDMAP  - erp06, task 270 30 [102682]: mask 0x40404040404 set
cpu_bind=LDMAP  - erp06, task 272 32 [102684]: mask 0x40404040404 set
cpu_bind=LDMAP  - erp06, task 271 31 [102683]: mask 0x40404040404 set
cpu_bind=LDMAP  - erp06, task 273 33 [102685]: mask 0x40404040404 set
cpu_bind=LDMAP  - erp06, task 275 35 [102687]: mask 0x40404040404 set
cpu_bind=LDMAP  - erp06, task 274 34 [102686]: mask 0x40404040404 set
cpu_bind=LDMAP  - erp06, task 276 36 [102688]: mask 0x101010101010 set
cpu_bind=LDMAP  - erp06, task 277 37 [102689]: mask 0x101010101010 set
cpu_bind=LDMAP  - erp06, task 278 38 [102690]: mask 0x101010101010 set
cpu_bind=LDMAP  - erp06, task 279 39 [102691]: mask 0x101010101010 set
cpu_bind=LDMAP  - erp06, task 280 40 [102692]: mask 0x101010101010 set
cpu_bind=LDMAP  - erp06, task 281 41 [102693]: mask 0x101010101010 set
cpu_bind=LDMAP  - erp06, task 282 42 [102694]: mask 0x404040404040 set
cpu_bind=LDMAP  - erp06, task 284 44 [102696]: mask 0x404040404040 set
cpu_bind=LDMAP  - erp06, task 283 43 [102695]: mask 0x404040404040 set
cpu_bind=LDMAP  - erp06, task 286 46 [102698]: mask 0x404040404040 set
cpu_bind=LDMAP  - erp06, task 285 45 [102697]: mask 0x404040404040 set
cpu_bind=LDMAP  - erp09, task 403 19 [101159]: mask 0x808080808080 set
cpu_bind=LDMAP  - erp09, task 402 18 [101158]: mask 0x808080808080 set
cpu_bind=LDMAP  - erp09, task 404 20 [101160]: mask 0x808080808080 set
cpu_bind=LDMAP  - erp09, task 406 22 [101162]: mask 0x808080808080 set
cpu_bind=LDMAP  - erp09, task 405 21 [101161]: mask 0x808080808080 set
cpu_bind=LDMAP  - erp09, task 407 23 [101163]: mask 0x808080808080 set
cpu_bind=LDMAP  - erp09, task 410 26 [101166]: mask 0x10101010101 set
cpu_bind=LDMAP  - erp09, task 408 24 [101164]: mask 0x10101010101 set
cpu_bind=LDMAP  - erp09, task 409 25 [101165]: mask 0x10101010101 set
cpu_bind=LDMAP  - erp09, task 411 27 [101167]: mask 0x10101010101 set
cpu_bind=LDMAP  - erp09, task 412 28 [101168]: mask 0x10101010101 set
cpu_bind=LDMAP  - erp09, task 413 29 [101169]: mask 0x10101010101 set
cpu_bind=LDMAP  - erp09, task 415 31 [101171]: mask 0x40404040404 set
cpu_bind=LDMAP  - erp09, task 414 30 [101170]: mask 0x40404040404 set
cpu_bind=LDMAP  - erp09, task 416 32 [101172]: mask 0x40404040404 set
cpu_bind=LDMAP  - erp09, task 417 33 [101173]: mask 0x40404040404 set
cpu_bind=LDMAP  - erp09, task 419 35 [101175]: mask 0x40404040404 set
cpu_bind=LDMAP  - erp09, task 418 34 [101174]: mask 0x40404040404 set
cpu_bind=LDMAP  - erp09, task 420 36 [101176]: mask 0x101010101010 set
cpu_bind=LDMAP  - erp04, task 144  0 [126481]: mask 0x20202020202 set
cpu_bind=LDMAP  - erp04, task 145  1 [126482]: mask 0x20202020202 set
cpu_bind=LDMAP  - erp04, task 148  4 [126485]: mask 0x20202020202 set
cpu_bind=LDMAP  - erp04, task 147  3 [126484]: mask 0x20202020202 set
cpu_bind=LDMAP  - erp04, task 149  5 [126486]: mask 0x20202020202 set
cpu_bind=LDMAP  - erp04, task 151  7 [126488]: mask 0x80808080808 set
cpu_bind=LDMAP  - erp04, task 150  6 [126487]: mask 0x80808080808 set
cpu_bind=LDMAP  - erp04, task 152  8 [126489]: mask 0x80808080808 set
cpu_bind=LDMAP  - erp04, task 153  9 [126490]: mask 0x80808080808 set
cpu_bind=LDMAP  - erp04, task 154 10 [126491]: mask 0x80808080808 set
cpu_bind=LDMAP  - erp04, task 155 11 [126492]: mask 0x80808080808 set
cpu_bind=LDMAP  - erp04, task 156 12 [126493]: mask 0x202020202020 set
cpu_bind=LDMAP  - erp04, task 157 13 [126494]: mask 0x202020202020 set
cpu_bind=LDMAP  - erp04, task 158 14 [126495]: mask 0x202020202020 set
cpu_bind=LDMAP  - erp04, task 159 15 [126496]: mask 0x202020202020 set
cpu_bind=LDMAP  - erp04, task 160 16 [126497]: mask 0x202020202020 set
cpu_bind=LDMAP  - erp04, task 161 17 [126498]: mask 0x202020202020 set
cpu_bind=LDMAP  - erp04, task 162 18 [126499]: mask 0x808080808080 set
cpu_bind=LDMAP  - erp04, task 163 19 [126500]: mask 0x808080808080 set
cpu_bind=LDMAP  - erp04, task 164 20 [126501]: mask 0x808080808080 set
cpu_bind=LDMAP  - erp04, task 165 21 [126502]: mask 0x808080808080 set
cpu_bind=LDMAP  - erp04, task 166 22 [126503]: mask 0x808080808080 set
cpu_bind=LDMAP  - erp04, task 167 23 [126504]: mask 0x808080808080 set
cpu_bind=LDMAP  - erp04, task 169 25 [126506]: mask 0x10101010101 set
cpu_bind=LDMAP  - erp04, task 168 24 [126505]: mask 0x10101010101 set
cpu_bind=LDMAP  - erp04, task 170 26 [126507]: mask 0x10101010101 set
cpu_bind=LDMAP  - erp04, task 172 28 [126509]: mask 0x10101010101 set
cpu_bind=LDMAP  - erp04, task 171 27 [126508]: mask 0x10101010101 set
cpu_bind=LDMAP  - erp04, task 173 29 [126510]: mask 0x10101010101 set
cpu_bind=LDMAP  - erp04, task 174 30 [126511]: mask 0x40404040404 set
cpu_bind=LDMAP  - erp04, task 175 31 [126512]: mask 0x40404040404 set
cpu_bind=LDMAP  - erp04, task 176 32 [126513]: mask 0x40404040404 set
cpu_bind=LDMAP  - erp04, task 177 33 [126514]: mask 0x40404040404 set
cpu_bind=LDMAP  - erp04, task 178 34 [126515]: mask 0x40404040404 set
cpu_bind=LDMAP  - erp04, task 179 35 [126516]: mask 0x40404040404 set
cpu_bind=LDMAP  - erp04, task 180 36 [126517]: mask 0x101010101010 set
cpu_bind=LDMAP  - erp04, task 181 37 [126518]: mask 0x101010101010 set
cpu_bind=LDMAP  - erp04, task 185 41 [126522]: mask 0x101010101010 set
cpu_bind=LDMAP  - erp04, task 182 38 [126519]: mask 0x101010101010 set
cpu_bind=LDMAP  - erp02, task 91 43 [109404]: mask 0x404040404040 set
cpu_bind=LDMAP  - erp02, task 93 45 [109406]: mask 0x404040404040 set
cpu_bind=LDMAP  - erp02, task 94 46 [109407]: mask 0x404040404040 set
cpu_bind=LDMAP  - erp02, task 95 47 [109408]: mask 0x404040404040 set
cpu_bind=LDMAP  - erp11, task 522 42 [108112]: mask 0x404040404040 set
cpu_bind=LDMAP  - erp11, task 524 44 [108114]: mask 0x404040404040 set
cpu_bind=LDMAP  - erp11, task 523 43 [108113]: mask 0x404040404040 set
cpu_bind=LDMAP  - erp11, task 526 46 [108116]: mask 0x404040404040 set
cpu_bind=LDMAP  - erp11, task 525 45 [108115]: mask 0x404040404040 set
cpu_bind=LDMAP  - erp11, task 527 47 [108117]: mask 0x404040404040 set
cpu_bind=LDMAP  - erp06, task 287 47 [102699]: mask 0x404040404040 set
cpu_bind=LDMAP  - erp09, task 422 38 [101178]: mask 0x101010101010 set
cpu_bind=LDMAP  - erp09, task 423 39 [101179]: mask 0x101010101010 set
cpu_bind=LDMAP  - erp09, task 421 37 [101177]: mask 0x101010101010 set
cpu_bind=LDMAP  - erp09, task 425 41 [101181]: mask 0x101010101010 set
cpu_bind=LDMAP  - erp09, task 424 40 [101180]: mask 0x101010101010 set
cpu_bind=LDMAP  - erp09, task 427 43 [101183]: mask 0x404040404040 set
cpu_bind=LDMAP  - erp09, task 426 42 [101182]: mask 0x404040404040 set
cpu_bind=LDMAP  - erp09, task 428 44 [101184]: mask 0x404040404040 set
cpu_bind=LDMAP  - erp09, task 430 46 [101186]: mask 0x404040404040 set
cpu_bind=LDMAP  - erp09, task 429 45 [101185]: mask 0x404040404040 set
cpu_bind=LDMAP  - erp09, task 431 47 [101187]: mask 0x404040404040 set
cpu_bind=LDMAP  - erp04, task 187 43 [126524]: mask 0x404040404040 set
cpu_bind=LDMAP  - erp04, task 184 40 [126521]: mask 0x101010101010 set
cpu_bind=LDMAP  - erp04, task 183 39 [126520]: mask 0x101010101010 set
cpu_bind=LDMAP  - erp04, task 188 44 [126525]: mask 0x404040404040 set
cpu_bind=LDMAP  - erp04, task 189 45 [126526]: mask 0x404040404040 set
cpu_bind=LDMAP  - erp04, task 190 46 [126527]: mask 0x404040404040 set
cpu_bind=LDMAP  - erp04, task 186 42 [126523]: mask 0x404040404040 set
cpu_bind=LDMAP  - erp04, task 191 47 [126528]: mask 0x404040404040 set

# OSU MPI Allreduce Latency Test v5.6.1
# Size       Avg Latency(us)
4                      58.37
8                      97.88
16                     59.34
32                     61.65
64                     94.08
128                    69.33
256                    71.25
512                   113.72
1024                  122.05
2048                  188.03
4096                  341.93
8192                  705.32
16384                1154.63
32768                1160.89
65536                1396.57
131072               1359.88
262144               1695.50
524288               2312.23
1048576              2854.16
+ set +x
