processes 288
nodes 12
ppn 24
+ srun --mpi=pmi2 -n 288 --cpu_bind=verbose,map_ldom=4,4,4,4,4,4,5,5,5,5,5,5,6,6,6,6,6,6,7,7,7,7,7,7,0,0,0,0,0,0,1,1,1,1,1,1,2,2,2,2,2,2,3,3,3,3,3,3 /gpfs/u/home/CCNI/CCNIsmth/barn-shared/CWS/osu-micro-benchmarks-5.6.1-erp-openmpi.4.0.1-install/libexec/osu-micro-benchmarks/mpi//collective/osu_allreduce
cpu_bind=LDMAP  - erp01, task  2  2 [12770]: mask 0x20202020202 set
cpu_bind=LDMAP  - erp01, task  1  1 [12769]: mask 0x20202020202 set
cpu_bind=LDMAP  - erp01, task  0  0 [12768]: mask 0x20202020202 set
cpu_bind=LDMAP  - erp01, task  3  3 [12771]: mask 0x20202020202 set
cpu_bind=LDMAP  - erp01, task  6  6 [12774]: mask 0x80808080808 set
cpu_bind=LDMAP  - erp01, task  5  5 [12773]: mask 0x20202020202 set
cpu_bind=LDMAP  - erp01, task  4  4 [12772]: mask 0x20202020202 set
cpu_bind=LDMAP  - erp01, task  8  8 [12776]: mask 0x80808080808 set
cpu_bind=LDMAP  - erp01, task  9  9 [12777]: mask 0x80808080808 set
cpu_bind=LDMAP  - erp01, task  7  7 [12775]: mask 0x80808080808 set
cpu_bind=LDMAP  - erp01, task 10 10 [12778]: mask 0x80808080808 set
cpu_bind=LDMAP  - erp01, task 14 14 [12782]: mask 0x202020202020 set
cpu_bind=LDMAP  - erp01, task 13 13 [12781]: mask 0x202020202020 set
cpu_bind=LDMAP  - erp01, task 12 12 [12780]: mask 0x202020202020 set
cpu_bind=LDMAP  - erp01, task 15 15 [12783]: mask 0x202020202020 set
cpu_bind=LDMAP  - erp01, task 11 11 [12779]: mask 0x80808080808 set
cpu_bind=LDMAP  - erp01, task 17 17 [12785]: mask 0x202020202020 set
cpu_bind=LDMAP  - erp01, task 16 16 [12784]: mask 0x202020202020 set
cpu_bind=LDMAP  - erp01, task 18 18 [12786]: mask 0x808080808080 set
cpu_bind=LDMAP  - erp01, task 19 19 [12787]: mask 0x808080808080 set
cpu_bind=LDMAP  - erp01, task 21 21 [12789]: mask 0x808080808080 set
cpu_bind=LDMAP  - erp01, task 20 20 [12788]: mask 0x808080808080 set
cpu_bind=LDMAP  - erp01, task 23 23 [12791]: mask 0x808080808080 set
cpu_bind=LDMAP  - erp01, task 22 22 [12790]: mask 0x808080808080 set
cpu_bind=LDMAP  - erp04, task 72  0 [125628]: mask 0x20202020202 set
cpu_bind=LDMAP  - erp05, task 96  0 [103520]: mask 0x20202020202 set
cpu_bind=LDMAP  - erp09, task 193  1 [100879]: mask 0x20202020202 set
cpu_bind=LDMAP  - erp11, task 241  1 [107800]: mask 0x20202020202 set
cpu_bind=LDMAP  - erp06, task 120  0 [102086]: mask 0x20202020202 set
cpu_bind=LDMAP  - erp10, task 217  1 [100673]: mask 0x20202020202 set
cpu_bind=LDMAP  - erp04, task 75  3 [125631]: mask 0x20202020202 set
cpu_bind=LDMAP  - erp05, task 98  2 [103522]: mask 0x20202020202 set
cpu_bind=LDMAP  - erp09, task 192  0 [100878]: mask 0x20202020202 set
cpu_bind=LDMAP  - erp11, task 242  2 [107801]: mask 0x20202020202 set
cpu_bind=LDMAP  - erp06, task 122  2 [102088]: mask 0x20202020202 set
cpu_bind=LDMAP  - erp10, task 216  0 [100672]: mask 0x20202020202 set
cpu_bind=LDMAP  - erp04, task 76  4 [125632]: mask 0x20202020202 set
cpu_bind=LDMAP  - erp05, task 97  1 [103521]: mask 0x20202020202 set
cpu_bind=LDMAP  - erp09, task 194  2 [100880]: mask 0x20202020202 set
cpu_bind=LDMAP  - erp11, task 240  0 [107799]: mask 0x20202020202 set
cpu_bind=LDMAP  - erp06, task 121  1 [102087]: mask 0x20202020202 set
cpu_bind=LDMAP  - erp10, task 218  2 [100674]: mask 0x20202020202 set
cpu_bind=LDMAP  - erp04, task 73  1 [125629]: mask 0x20202020202 set
cpu_bind=LDMAP  - erp05, task 99  3 [103523]: mask 0x20202020202 set
cpu_bind=LDMAP  - erp09, task 198  6 [100884]: mask 0x80808080808 set
cpu_bind=LDMAP  - erp11, task 244  4 [107803]: mask 0x20202020202 set
cpu_bind=LDMAP  - erp06, task 124  4 [102090]: mask 0x20202020202 set
cpu_bind=LDMAP  - erp10, task 221  5 [100677]: mask 0x20202020202 set
cpu_bind=LDMAP  - erp04, task 77  5 [125633]: mask 0x20202020202 set
cpu_bind=LDMAP  - erp05, task 100  4 [103524]: mask 0x20202020202 set
cpu_bind=LDMAP  - erp09, task 200  8 [100886]: mask 0x80808080808 set
cpu_bind=LDMAP  - erp11, task 243  3 [107802]: mask 0x20202020202 set
cpu_bind=LDMAP  - erp06, task 123  3 [102089]: mask 0x20202020202 set
cpu_bind=LDMAP  - erp10, task 220  4 [100676]: mask 0x20202020202 set
cpu_bind=LDMAP  - erp04, task 74  2 [125630]: mask 0x20202020202 set
cpu_bind=LDMAP  - erp05, task 101  5 [103525]: mask 0x20202020202 set
cpu_bind=LDMAP  - erp09, task 195  3 [100881]: mask 0x20202020202 set
cpu_bind=LDMAP  - erp11, task 246  6 [107805]: mask 0x80808080808 set
cpu_bind=LDMAP  - erp06, task 126  6 [102092]: mask 0x80808080808 set
cpu_bind=LDMAP  - erp10, task 219  3 [100675]: mask 0x20202020202 set
cpu_bind=LDMAP  - erp04, task 78  6 [125634]: mask 0x80808080808 set
cpu_bind=LDMAP  - erp05, task 103  7 [103527]: mask 0x80808080808 set
cpu_bind=LDMAP  - erp09, task 196  4 [100882]: mask 0x20202020202 set
cpu_bind=LDMAP  - erp11, task 245  5 [107804]: mask 0x20202020202 set
cpu_bind=LDMAP  - erp06, task 125  5 [102091]: mask 0x20202020202 set
cpu_bind=LDMAP  - erp10, task 223  7 [100679]: mask 0x80808080808 set
cpu_bind=LDMAP  - erp04, task 79  7 [125635]: mask 0x80808080808 set
cpu_bind=LDMAP  - erp05, task 102  6 [103526]: mask 0x80808080808 set
cpu_bind=LDMAP  - erp09, task 197  5 [100883]: mask 0x20202020202 set
cpu_bind=LDMAP  - erp11, task 247  7 [107806]: mask 0x80808080808 set
cpu_bind=LDMAP  - erp06, task 128  8 [102094]: mask 0x80808080808 set
cpu_bind=LDMAP  - erp10, task 222  6 [100678]: mask 0x80808080808 set
cpu_bind=LDMAP  - erp04, task 81  9 [125637]: mask 0x80808080808 set
cpu_bind=LDMAP  - erp05, task 104  8 [103528]: mask 0x80808080808 set
cpu_bind=LDMAP  - erp09, task 199  7 [100885]: mask 0x80808080808 set
cpu_bind=LDMAP  - erp11, task 248  8 [107807]: mask 0x80808080808 set
cpu_bind=LDMAP  - erp06, task 127  7 [102093]: mask 0x80808080808 set
cpu_bind=LDMAP  - erp10, task 225  9 [100681]: mask 0x80808080808 set
cpu_bind=LDMAP  - erp04, task 80  8 [125636]: mask 0x80808080808 set
cpu_bind=LDMAP  - erp05, task 105  9 [103529]: mask 0x80808080808 set
cpu_bind=LDMAP  - erp09, task 205 13 [100891]: mask 0x202020202020 set
cpu_bind=LDMAP  - erp11, task 251 11 [107810]: mask 0x80808080808 set
cpu_bind=LDMAP  - erp06, task 129  9 [102095]: mask 0x80808080808 set
cpu_bind=LDMAP  - erp10, task 226 10 [100682]: mask 0x80808080808 set
cpu_bind=LDMAP  - erp04, task 82 10 [125638]: mask 0x80808080808 set
cpu_bind=LDMAP  - erp05, task 106 10 [103530]: mask 0x80808080808 set
cpu_bind=LDMAP  - erp09, task 202 10 [100888]: mask 0x80808080808 set
cpu_bind=LDMAP  - erp11, task 249  9 [107808]: mask 0x80808080808 set
cpu_bind=LDMAP  - erp06, task 132 12 [102098]: mask 0x202020202020 set
cpu_bind=LDMAP  - erp10, task 224  8 [100680]: mask 0x80808080808 set
cpu_bind=LDMAP  - erp04, task 83 11 [125639]: mask 0x80808080808 set
cpu_bind=LDMAP  - erp05, task 108 12 [103532]: mask 0x202020202020 set
cpu_bind=LDMAP  - erp09, task 203 11 [100889]: mask 0x80808080808 set
cpu_bind=LDMAP  - erp11, task 250 10 [107809]: mask 0x80808080808 set
cpu_bind=LDMAP  - erp06, task 131 11 [102097]: mask 0x80808080808 set
cpu_bind=LDMAP  - erp10, task 229 13 [100685]: mask 0x202020202020 set
cpu_bind=LDMAP  - erp04, task 85 13 [125641]: mask 0x202020202020 set
cpu_bind=LDMAP  - erp05, task 107 11 [103531]: mask 0x80808080808 set
cpu_bind=LDMAP  - erp09, task 201  9 [100887]: mask 0x80808080808 set
cpu_bind=LDMAP  - erp11, task 252 12 [107811]: mask 0x202020202020 set
cpu_bind=LDMAP  - erp06, task 130 10 [102096]: mask 0x80808080808 set
cpu_bind=LDMAP  - erp10, task 228 12 [100684]: mask 0x202020202020 set
cpu_bind=LDMAP  - erp04, task 84 12 [125640]: mask 0x202020202020 set
cpu_bind=LDMAP  - erp05, task 109 13 [103533]: mask 0x202020202020 set
cpu_bind=LDMAP  - erp09, task 206 14 [100892]: mask 0x202020202020 set
cpu_bind=LDMAP  - erp11, task 255 15 [107814]: mask 0x202020202020 set
cpu_bind=LDMAP  - erp06, task 134 14 [102100]: mask 0x202020202020 set
cpu_bind=LDMAP  - erp10, task 231 15 [100687]: mask 0x202020202020 set
cpu_bind=LDMAP  - erp04, task 86 14 [125642]: mask 0x202020202020 set
cpu_bind=LDMAP  - erp05, task 110 14 [103534]: mask 0x202020202020 set
cpu_bind=LDMAP  - erp09, task 204 12 [100890]: mask 0x202020202020 set
cpu_bind=LDMAP  - erp11, task 254 14 [107813]: mask 0x202020202020 set
cpu_bind=LDMAP  - erp06, task 133 13 [102099]: mask 0x202020202020 set
cpu_bind=LDMAP  - erp10, task 230 14 [100686]: mask 0x202020202020 set
cpu_bind=LDMAP  - erp04, task 87 15 [125643]: mask 0x202020202020 set
cpu_bind=LDMAP  - erp05, task 112 16 [103536]: mask 0x202020202020 set
cpu_bind=LDMAP  - erp09, task 207 15 [100893]: mask 0x202020202020 set
cpu_bind=LDMAP  - erp11, task 253 13 [107812]: mask 0x202020202020 set
cpu_bind=LDMAP  - erp06, task 136 16 [102102]: mask 0x202020202020 set
cpu_bind=LDMAP  - erp10, task 227 11 [100683]: mask 0x80808080808 set
cpu_bind=LDMAP  - erp09, task 208 16 [100894]: mask 0x202020202020 set
cpu_bind=LDMAP  - erp04, task 88 16 [125644]: mask 0x202020202020 set
cpu_bind=LDMAP  - erp05, task 111 15 [103535]: mask 0x202020202020 set
cpu_bind=LDMAP  - erp06, task 135 15 [102101]: mask 0x202020202020 set
cpu_bind=LDMAP  - erp10, task 233 17 [100689]: mask 0x202020202020 set
cpu_bind=LDMAP  - erp04, task 89 17 [125645]: mask 0x202020202020 set
cpu_bind=LDMAP  - erp05, task 114 18 [103538]: mask 0x808080808080 set
cpu_bind=LDMAP  - erp11, task 256 16 [107815]: mask 0x202020202020 set
cpu_bind=LDMAP  - erp06, task 137 17 [102103]: mask 0x202020202020 set
cpu_bind=LDMAP  - erp10, task 232 16 [100688]: mask 0x202020202020 set
cpu_bind=LDMAP  - erp04, task 90 18 [125646]: mask 0x808080808080 set
cpu_bind=LDMAP  - erp05, task 113 17 [103537]: mask 0x202020202020 set
cpu_bind=LDMAP  - erp09, task 209 17 [100895]: mask 0x202020202020 set
cpu_bind=LDMAP  - erp11, task 257 17 [107816]: mask 0x202020202020 set
cpu_bind=LDMAP  - erp10, task 234 18 [100690]: mask 0x808080808080 set
cpu_bind=LDMAP  - erp04, task 91 19 [125647]: mask 0x808080808080 set
cpu_bind=LDMAP  - erp05, task 115 19 [103539]: mask 0x808080808080 set
cpu_bind=LDMAP  - erp09, task 210 18 [100896]: mask 0x808080808080 set
cpu_bind=LDMAP  - erp11, task 258 18 [107817]: mask 0x808080808080 set
cpu_bind=LDMAP  - erp06, task 138 18 [102104]: mask 0x808080808080 set
cpu_bind=LDMAP  - erp04, task 93 21 [125649]: mask 0x808080808080 set
cpu_bind=LDMAP  - erp05, task 117 21 [103541]: mask 0x808080808080 set
cpu_bind=LDMAP  - erp09, task 211 19 [100897]: mask 0x808080808080 set
cpu_bind=LDMAP  - erp04, task 92 20 [125648]: mask 0x808080808080 set
cpu_bind=LDMAP  - erp05, task 116 20 [103540]: mask 0x808080808080 set
cpu_bind=LDMAP  - erp09, task 212 20 [100898]: mask 0x808080808080 set
cpu_bind=LDMAP  - erp04, task 94 22 [125650]: mask 0x808080808080 set
cpu_bind=LDMAP  - erp05, task 118 22 [103542]: mask 0x808080808080 set
cpu_bind=LDMAP  - erp09, task 214 22 [100900]: mask 0x808080808080 set
cpu_bind=LDMAP  - erp10, task 235 19 [100691]: mask 0x808080808080 set
cpu_bind=LDMAP  - erp04, task 95 23 [125651]: mask 0x808080808080 set
cpu_bind=LDMAP  - erp05, task 119 23 [103543]: mask 0x808080808080 set
cpu_bind=LDMAP  - erp09, task 213 21 [100899]: mask 0x808080808080 set
cpu_bind=LDMAP  - erp09, task 215 23 [100901]: mask 0x808080808080 set
cpu_bind=LDMAP  - erp11, task 259 19 [107818]: mask 0x808080808080 set
cpu_bind=LDMAP  - erp06, task 139 19 [102105]: mask 0x808080808080 set
cpu_bind=LDMAP  - erp10, task 236 20 [100692]: mask 0x808080808080 set
cpu_bind=LDMAP  - erp08, task 171  3 [100364]: mask 0x20202020202 set
cpu_bind=LDMAP  - erp07, task 145  1 [100840]: mask 0x20202020202 set
cpu_bind=LDMAP  - erp08, task 172  4 [100365]: mask 0x20202020202 set
cpu_bind=LDMAP  - erp07, task 146  2 [100841]: mask 0x20202020202 set
cpu_bind=LDMAP  - erp08, task 173  5 [100366]: mask 0x20202020202 set
cpu_bind=LDMAP  - erp07, task 144  0 [100839]: mask 0x20202020202 set
cpu_bind=LDMAP  - erp10, task 238 22 [100694]: mask 0x808080808080 set
cpu_bind=LDMAP  - erp08, task 168  0 [100361]: mask 0x20202020202 set
cpu_bind=LDMAP  - erp10, task 237 21 [100693]: mask 0x808080808080 set
cpu_bind=LDMAP  - erp08, task 169  1 [100362]: mask 0x20202020202 set
cpu_bind=LDMAP  - erp10, task 239 23 [100695]: mask 0x808080808080 set
cpu_bind=LDMAP  - erp08, task 170  2 [100363]: mask 0x20202020202 set
cpu_bind=LDMAP  - erp06, task 140 20 [102106]: mask 0x808080808080 set
cpu_bind=LDMAP  - erp07, task 148  4 [100843]: mask 0x20202020202 set
cpu_bind=LDMAP  - erp06, task 141 21 [102107]: mask 0x808080808080 set
cpu_bind=LDMAP  - erp06, task 142 22 [102108]: mask 0x808080808080 set
cpu_bind=LDMAP  - erp08, task 175  7 [100368]: mask 0x80808080808 set
cpu_bind=LDMAP  - erp07, task 147  3 [100842]: mask 0x20202020202 set
cpu_bind=LDMAP  - erp11, task 260 20 [107819]: mask 0x808080808080 set
cpu_bind=LDMAP  - erp08, task 174  6 [100367]: mask 0x80808080808 set
cpu_bind=LDMAP  - erp08, task 176  8 [100369]: mask 0x80808080808 set
cpu_bind=LDMAP  - erp07, task 149  5 [100844]: mask 0x20202020202 set
cpu_bind=LDMAP  - erp08, task 177  9 [100370]: mask 0x80808080808 set
cpu_bind=LDMAP  - erp07, task 150  6 [100845]: mask 0x80808080808 set
cpu_bind=LDMAP  - erp11, task 261 21 [107820]: mask 0x808080808080 set
cpu_bind=LDMAP  - erp06, task 143 23 [102109]: mask 0x808080808080 set
cpu_bind=LDMAP  - erp07, task 152  8 [100847]: mask 0x80808080808 set
cpu_bind=LDMAP  - erp07, task 151  7 [100846]: mask 0x80808080808 set
cpu_bind=LDMAP  - erp11, task 262 22 [107821]: mask 0x808080808080 set
cpu_bind=LDMAP  - erp11, task 263 23 [107822]: mask 0x808080808080 set
cpu_bind=LDMAP  - erp08, task 179 11 [100372]: mask 0x80808080808 set
cpu_bind=LDMAP  - erp08, task 180 12 [100373]: mask 0x202020202020 set
cpu_bind=LDMAP  - erp08, task 178 10 [100371]: mask 0x80808080808 set
cpu_bind=LDMAP  - erp07, task 153  9 [100848]: mask 0x80808080808 set
cpu_bind=LDMAP  - erp08, task 181 13 [100374]: mask 0x202020202020 set
cpu_bind=LDMAP  - erp08, task 182 14 [100375]: mask 0x202020202020 set
cpu_bind=LDMAP  - erp07, task 154 10 [100849]: mask 0x80808080808 set
cpu_bind=LDMAP  - erp08, task 183 15 [100376]: mask 0x202020202020 set
cpu_bind=LDMAP  - erp08, task 184 16 [100377]: mask 0x202020202020 set
cpu_bind=LDMAP  - erp07, task 155 11 [100850]: mask 0x80808080808 set
cpu_bind=LDMAP  - erp07, task 156 12 [100851]: mask 0x202020202020 set
cpu_bind=LDMAP  - erp08, task 186 18 [100379]: mask 0x808080808080 set
cpu_bind=LDMAP  - erp08, task 185 17 [100378]: mask 0x202020202020 set
cpu_bind=LDMAP  - erp07, task 157 13 [100852]: mask 0x202020202020 set
cpu_bind=LDMAP  - erp07, task 158 14 [100853]: mask 0x202020202020 set
cpu_bind=LDMAP  - erp08, task 189 21 [100382]: mask 0x808080808080 set
cpu_bind=LDMAP  - erp08, task 188 20 [100381]: mask 0x808080808080 set
cpu_bind=LDMAP  - erp08, task 187 19 [100380]: mask 0x808080808080 set
cpu_bind=LDMAP  - erp07, task 160 16 [100855]: mask 0x202020202020 set
cpu_bind=LDMAP  - erp07, task 161 17 [100856]: mask 0x202020202020 set
cpu_bind=LDMAP  - erp07, task 162 18 [100857]: mask 0x808080808080 set
cpu_bind=LDMAP  - erp07, task 159 15 [100854]: mask 0x202020202020 set
cpu_bind=LDMAP  - erp08, task 190 22 [100383]: mask 0x808080808080 set
cpu_bind=LDMAP  - erp07, task 163 19 [100858]: mask 0x808080808080 set
cpu_bind=LDMAP  - erp07, task 165 21 [100860]: mask 0x808080808080 set
cpu_bind=LDMAP  - erp07, task 164 20 [100859]: mask 0x808080808080 set
cpu_bind=LDMAP  - erp08, task 191 23 [100384]: mask 0x808080808080 set
cpu_bind=LDMAP  - erp07, task 167 23 [100862]: mask 0x808080808080 set
cpu_bind=LDMAP  - erp07, task 166 22 [100861]: mask 0x808080808080 set
cpu_bind=LDMAP  - erp03, task 50  2 [124216]: mask 0x20202020202 set
cpu_bind=LDMAP  - erp03, task 48  0 [124214]: mask 0x20202020202 set
cpu_bind=LDMAP  - erp03, task 49  1 [124215]: mask 0x20202020202 set
cpu_bind=LDMAP  - erp03, task 52  4 [124218]: mask 0x20202020202 set
cpu_bind=LDMAP  - erp03, task 53  5 [124219]: mask 0x20202020202 set
cpu_bind=LDMAP  - erp03, task 54  6 [124220]: mask 0x80808080808 set
cpu_bind=LDMAP  - erp03, task 51  3 [124217]: mask 0x20202020202 set
cpu_bind=LDMAP  - erp03, task 55  7 [124221]: mask 0x80808080808 set
cpu_bind=LDMAP  - erp03, task 57  9 [124223]: mask 0x80808080808 set
cpu_bind=LDMAP  - erp03, task 56  8 [124222]: mask 0x80808080808 set
cpu_bind=LDMAP  - erp03, task 58 10 [124224]: mask 0x80808080808 set
cpu_bind=LDMAP  - erp03, task 59 11 [124225]: mask 0x80808080808 set
cpu_bind=LDMAP  - erp03, task 60 12 [124226]: mask 0x202020202020 set
cpu_bind=LDMAP  - erp03, task 61 13 [124227]: mask 0x202020202020 set
cpu_bind=LDMAP  - erp02, task 24  0 [108209]: mask 0x20202020202 set
cpu_bind=LDMAP  - erp03, task 62 14 [124228]: mask 0x202020202020 set
cpu_bind=LDMAP  - erp03, task 63 15 [124229]: mask 0x202020202020 set
cpu_bind=LDMAP  - erp03, task 65 17 [124231]: mask 0x202020202020 set
cpu_bind=LDMAP  - erp03, task 64 16 [124230]: mask 0x202020202020 set
cpu_bind=LDMAP  - erp03, task 66 18 [124232]: mask 0x808080808080 set
cpu_bind=LDMAP  - erp03, task 68 20 [124234]: mask 0x808080808080 set
cpu_bind=LDMAP  - erp03, task 67 19 [124233]: mask 0x808080808080 set
cpu_bind=LDMAP  - erp03, task 69 21 [124235]: mask 0x808080808080 set
cpu_bind=LDMAP  - erp03, task 70 22 [124236]: mask 0x808080808080 set
cpu_bind=LDMAP  - erp03, task 71 23 [124237]: mask 0x808080808080 set
cpu_bind=LDMAP  - erp02, task 26  2 [108211]: mask 0x20202020202 set
cpu_bind=LDMAP  - erp12, task 264  0 [2105]: mask 0x20202020202 set
cpu_bind=LDMAP  - erp02, task 25  1 [108210]: mask 0x20202020202 set
cpu_bind=LDMAP  - erp02, task 28  4 [108213]: mask 0x20202020202 set
cpu_bind=LDMAP  - erp02, task 27  3 [108212]: mask 0x20202020202 set
cpu_bind=LDMAP  - erp02, task 29  5 [108214]: mask 0x20202020202 set
cpu_bind=LDMAP  - erp02, task 30  6 [108215]: mask 0x80808080808 set
cpu_bind=LDMAP  - erp02, task 31  7 [108216]: mask 0x80808080808 set
cpu_bind=LDMAP  - erp02, task 32  8 [108217]: mask 0x80808080808 set
cpu_bind=LDMAP  - erp02, task 34 10 [108219]: mask 0x80808080808 set
cpu_bind=LDMAP  - erp02, task 33  9 [108218]: mask 0x80808080808 set
cpu_bind=LDMAP  - erp02, task 35 11 [108220]: mask 0x80808080808 set
cpu_bind=LDMAP  - erp02, task 36 12 [108221]: mask 0x202020202020 set
cpu_bind=LDMAP  - erp02, task 37 13 [108222]: mask 0x202020202020 set
cpu_bind=LDMAP  - erp02, task 38 14 [108223]: mask 0x202020202020 set
cpu_bind=LDMAP  - erp02, task 40 16 [108225]: mask 0x202020202020 set
cpu_bind=LDMAP  - erp02, task 39 15 [108224]: mask 0x202020202020 set
cpu_bind=LDMAP  - erp02, task 41 17 [108226]: mask 0x202020202020 set
cpu_bind=LDMAP  - erp02, task 44 20 [108229]: mask 0x808080808080 set
cpu_bind=LDMAP  - erp02, task 43 19 [108228]: mask 0x808080808080 set
cpu_bind=LDMAP  - erp02, task 42 18 [108227]: mask 0x808080808080 set
cpu_bind=LDMAP  - erp12, task 265  1 [2106]: mask 0x20202020202 set
cpu_bind=LDMAP  - erp12, task 266  2 [2107]: mask 0x20202020202 set
cpu_bind=LDMAP  - erp12, task 268  4 [2109]: mask 0x20202020202 set
cpu_bind=LDMAP  - erp12, task 269  5 [2110]: mask 0x20202020202 set
cpu_bind=LDMAP  - erp12, task 267  3 [2108]: mask 0x20202020202 set
cpu_bind=LDMAP  - erp12, task 270  6 [2111]: mask 0x80808080808 set
cpu_bind=LDMAP  - erp12, task 271  7 [2112]: mask 0x80808080808 set
cpu_bind=LDMAP  - erp12, task 273  9 [2114]: mask 0x80808080808 set
cpu_bind=LDMAP  - erp12, task 272  8 [2113]: mask 0x80808080808 set
cpu_bind=LDMAP  - erp12, task 274 10 [2115]: mask 0x80808080808 set
cpu_bind=LDMAP  - erp12, task 277 13 [2118]: mask 0x202020202020 set
cpu_bind=LDMAP  - erp12, task 276 12 [2117]: mask 0x202020202020 set
cpu_bind=LDMAP  - erp12, task 275 11 [2116]: mask 0x80808080808 set
cpu_bind=LDMAP  - erp12, task 278 14 [2119]: mask 0x202020202020 set
cpu_bind=LDMAP  - erp12, task 280 16 [2121]: mask 0x202020202020 set
cpu_bind=LDMAP  - erp12, task 281 17 [2122]: mask 0x202020202020 set
cpu_bind=LDMAP  - erp12, task 279 15 [2120]: mask 0x202020202020 set
cpu_bind=LDMAP  - erp12, task 282 18 [2123]: mask 0x808080808080 set
cpu_bind=LDMAP  - erp12, task 283 19 [2124]: mask 0x808080808080 set
cpu_bind=LDMAP  - erp02, task 45 21 [108230]: mask 0x808080808080 set
cpu_bind=LDMAP  - erp12, task 285 21 [2126]: mask 0x808080808080 set
cpu_bind=LDMAP  - erp02, task 47 23 [108232]: mask 0x808080808080 set
cpu_bind=LDMAP  - erp12, task 284 20 [2125]: mask 0x808080808080 set
cpu_bind=LDMAP  - erp02, task 46 22 [108231]: mask 0x808080808080 set
cpu_bind=LDMAP  - erp12, task 286 22 [2127]: mask 0x808080808080 set
cpu_bind=LDMAP  - erp12, task 287 23 [2128]: mask 0x808080808080 set

# OSU MPI Allreduce Latency Test v5.6.1
# Size       Avg Latency(us)
4                      20.00
8                      22.41
16                     19.53
32                     19.86
64                     20.83
128                    22.44
256                    26.88
512                    30.81
1024                   41.21
2048                   63.61
4096                  111.73
8192                  214.42
16384                 430.13
32768                 511.22
65536                 545.28
131072                610.57
262144                794.81
524288               1090.91
1048576              1816.52
+ set +x
