processes 24
nodes 2
ppn 12
binding default
+ srun --mpi=pmi2 -n 24 --cpu_bind=verbose /gpfs/u/home/CCNI/CCNIsmth/barn-shared/CWS/osu-micro-benchmarks-5.6.1-erp-openmpi.4.0.1-install/libexec/osu-micro-benchmarks/mpi//collective/osu_allreduce
cpu_bind=MASK - erp04, task  2  2 [125999]: mask 0xffffffffffff set
cpu_bind=MASK - erp04, task  1  1 [125998]: mask 0xffffffffffff set
cpu_bind=MASK - erp04, task  0  0 [125997]: mask 0xffffffffffff set
cpu_bind=MASK - erp04, task  3  3 [126000]: mask 0xffffffffffff set
cpu_bind=MASK - erp04, task  4  4 [126001]: mask 0xffffffffffff set
cpu_bind=MASK - erp04, task  5  5 [126002]: mask 0xffffffffffff set
cpu_bind=MASK - erp04, task  6  6 [126003]: mask 0xffffffffffff set
cpu_bind=MASK - erp04, task  7  7 [126004]: mask 0xffffffffffff set
cpu_bind=MASK - erp04, task  8  8 [126005]: mask 0xffffffffffff set
cpu_bind=MASK - erp04, task  9  9 [126006]: mask 0xffffffffffff set
cpu_bind=MASK - erp04, task 10 10 [126007]: mask 0xffffffffffff set
cpu_bind=MASK - erp04, task 11 11 [126008]: mask 0xffffffffffff set
cpu_bind=MASK - erp05, task 12  0 [104186]: mask 0xffffffffffff set
cpu_bind=MASK - erp05, task 13  1 [104187]: mask 0xffffffffffff set
cpu_bind=MASK - erp05, task 14  2 [104188]: mask 0xffffffffffff set
cpu_bind=MASK - erp05, task 15  3 [104189]: mask 0xffffffffffff set
cpu_bind=MASK - erp05, task 16  4 [104190]: mask 0xffffffffffff set
cpu_bind=MASK - erp05, task 18  6 [104192]: mask 0xffffffffffff set
cpu_bind=MASK - erp05, task 17  5 [104191]: mask 0xffffffffffff set
cpu_bind=MASK - erp05, task 19  7 [104193]: mask 0xffffffffffff set
cpu_bind=MASK - erp05, task 20  8 [104194]: mask 0xffffffffffff set
cpu_bind=MASK - erp05, task 21  9 [104195]: mask 0xffffffffffff set
cpu_bind=MASK - erp05, task 22 10 [104196]: mask 0xffffffffffff set
cpu_bind=MASK - erp05, task 23 11 [104197]: mask 0xffffffffffff set

# OSU MPI Allreduce Latency Test v5.6.1
# Size       Avg Latency(us)
4                       9.16
8                       8.73
16                      8.09
32                      9.80
64                      9.61
128                    11.49
256                    13.03
512                    14.00
1024                   16.70
2048                   21.84
4096                   30.71
8192                   64.11
16384                 118.74
32768                 161.13
65536                 237.43
131072                353.93
262144                723.99
524288               1341.41
1048576              2647.38
+ set +x
