processes 576
nodes 12
ppn 48
binding default
+ srun --mpi=pmi2 -n 576 --cpu_bind=verbose /gpfs/u/home/CCNI/CCNIsmth/barn-shared/CWS/osu-micro-benchmarks-5.6.1-erp-openmpi.4.0.1-install/libexec/osu-micro-benchmarks/mpi//collective/osu_allreduce
cpu_bind=MASK - erp01, task  2  2 [59761]: mask 0x10 set
cpu_bind=MASK - erp01, task  1  1 [59760]: mask 0x4 set
cpu_bind=MASK - erp01, task  0  0 [59759]: mask 0x1 set
cpu_bind=MASK - erp01, task  4  4 [59763]: mask 0x2 set
cpu_bind=MASK - erp01, task  3  3 [59762]: mask 0x40 set
cpu_bind=MASK - erp01, task  5  5 [59764]: mask 0x8 set
cpu_bind=MASK - erp01, task  6  6 [59765]: mask 0x20 set
cpu_bind=MASK - erp01, task  7  7 [59766]: mask 0x80 set
cpu_bind=MASK - erp01, task  9  9 [59768]: mask 0x400 set
cpu_bind=MASK - erp01, task 10 10 [59769]: mask 0x1000 set
cpu_bind=MASK - erp01, task 11 11 [59770]: mask 0x4000 set
cpu_bind=MASK - erp01, task 12 12 [59771]: mask 0x200 set
cpu_bind=MASK - erp01, task  8  8 [59767]: mask 0x100 set
cpu_bind=MASK - erp01, task 13 13 [59772]: mask 0x800 set
cpu_bind=MASK - erp01, task 14 14 [59773]: mask 0x2000 set
cpu_bind=MASK - erp01, task 15 15 [59774]: mask 0x8000 set
cpu_bind=MASK - erp01, task 16 16 [59775]: mask 0x10000 set
cpu_bind=MASK - erp01, task 17 17 [59776]: mask 0x40000 set
cpu_bind=MASK - erp01, task 18 18 [59777]: mask 0x100000 set
cpu_bind=MASK - erp01, task 19 19 [59778]: mask 0x400000 set
cpu_bind=MASK - erp01, task 20 20 [59779]: mask 0x20000 set
cpu_bind=MASK - erp01, task 23 23 [59782]: mask 0x800000 set
cpu_bind=MASK - erp01, task 21 21 [59780]: mask 0x80000 set
cpu_bind=MASK - erp01, task 22 22 [59781]: mask 0x200000 set
cpu_bind=MASK - erp01, task 25 25 [59784]: mask 0x4000000 set
cpu_bind=MASK - erp01, task 24 24 [59783]: mask 0x1000000 set
cpu_bind=MASK - erp01, task 26 26 [59785]: mask 0x10000000 set
cpu_bind=MASK - erp01, task 27 27 [59786]: mask 0x40000000 set
cpu_bind=MASK - erp01, task 28 28 [59787]: mask 0x2000000 set
cpu_bind=MASK - erp01, task 29 29 [59788]: mask 0x8000000 set
cpu_bind=MASK - erp01, task 30 30 [59789]: mask 0x20000000 set
cpu_bind=MASK - erp01, task 31 31 [59790]: mask 0x80000000 set
cpu_bind=MASK - erp01, task 32 32 [59791]: mask 0x100000000 set
cpu_bind=MASK - erp01, task 33 33 [59792]: mask 0x400000000 set
cpu_bind=MASK - erp01, task 34 34 [59793]: mask 0x1000000000 set
cpu_bind=MASK - erp01, task 35 35 [59794]: mask 0x4000000000 set
cpu_bind=MASK - erp01, task 36 36 [59795]: mask 0x200000000 set
cpu_bind=MASK - erp01, task 37 37 [59796]: mask 0x800000000 set
cpu_bind=MASK - erp01, task 38 38 [59797]: mask 0x2000000000 set
cpu_bind=MASK - erp01, task 39 39 [59798]: mask 0x8000000000 set
cpu_bind=MASK - erp01, task 40 40 [59799]: mask 0x10000000000 set
cpu_bind=MASK - erp01, task 41 41 [59800]: mask 0x40000000000 set
cpu_bind=MASK - erp01, task 43 43 [59802]: mask 0x400000000000 set
cpu_bind=MASK - erp01, task 42 42 [59801]: mask 0x100000000000 set
cpu_bind=MASK - erp01, task 44 44 [59803]: mask 0x20000000000 set
cpu_bind=MASK - erp01, task 45 45 [59804]: mask 0x80000000000 set
cpu_bind=MASK - erp01, task 46 46 [59805]: mask 0x200000000000 set
cpu_bind=MASK - erp01, task 47 47 [59806]: mask 0x800000000000 set
cpu_bind=MASK - erp05, task 193  1 [126477]: mask 0x4 set
cpu_bind=MASK - erp07, task 290  2 [121705]: mask 0x10 set
cpu_bind=MASK - erp11, task 482  2 [127709]: mask 0x10 set
cpu_bind=MASK - erp04, task 144  0 [18724]: mask 0x1 set
cpu_bind=MASK - erp02, task 48  0 [130693]: mask 0x1 set
cpu_bind=MASK - erp10, task 434  2 [120437]: mask 0x10 set
cpu_bind=MASK - erp09, task 385  1 [120852]: mask 0x4 set
cpu_bind=MASK - erp12, task 530  2 [22884]: mask 0x10 set
cpu_bind=MASK - erp08, task 336  0 [120718]: mask 0x1 set
cpu_bind=MASK - erp03, task 98  2 [15147]: mask 0x10 set
cpu_bind=MASK - erp05, task 194  2 [126478]: mask 0x10 set
cpu_bind=MASK - erp07, task 288  0 [121703]: mask 0x1 set
cpu_bind=MASK - erp11, task 480  0 [127707]: mask 0x1 set
cpu_bind=MASK - erp04, task 147  3 [18727]: mask 0x40 set
cpu_bind=MASK - erp02, task 49  1 [130694]: mask 0x4 set
cpu_bind=MASK - erp10, task 433  1 [120436]: mask 0x4 set
cpu_bind=MASK - erp09, task 386  2 [120853]: mask 0x10 set
cpu_bind=MASK - erp12, task 528  0 [22882]: mask 0x1 set
cpu_bind=MASK - erp08, task 338  2 [120720]: mask 0x10 set
cpu_bind=MASK - erp03, task 96  0 [15145]: mask 0x1 set
cpu_bind=MASK - erp05, task 192  0 [126476]: mask 0x1 set
cpu_bind=MASK - erp07, task 289  1 [121704]: mask 0x4 set
cpu_bind=MASK - erp11, task 481  1 [127708]: mask 0x4 set
cpu_bind=MASK - erp04, task 148  4 [18728]: mask 0x2 set
cpu_bind=MASK - erp02, task 50  2 [130695]: mask 0x10 set
cpu_bind=MASK - erp10, task 435  3 [120438]: mask 0x40 set
cpu_bind=MASK - erp09, task 384  0 [120851]: mask 0x1 set
cpu_bind=MASK - erp12, task 529  1 [22883]: mask 0x4 set
cpu_bind=MASK - erp08, task 337  1 [120719]: mask 0x4 set
cpu_bind=MASK - erp03, task 97  1 [15146]: mask 0x4 set
cpu_bind=MASK - erp05, task 196  4 [126480]: mask 0x2 set
cpu_bind=MASK - erp07, task 292  4 [121707]: mask 0x2 set
cpu_bind=MASK - erp11, task 484  4 [127711]: mask 0x2 set
cpu_bind=MASK - erp04, task 149  5 [18729]: mask 0x8 set
cpu_bind=MASK - erp02, task 53  5 [130698]: mask 0x8 set
cpu_bind=MASK - erp10, task 436  4 [120439]: mask 0x2 set
cpu_bind=MASK - erp09, task 388  4 [120855]: mask 0x2 set
cpu_bind=MASK - erp12, task 531  3 [22885]: mask 0x40 set
cpu_bind=MASK - erp08, task 339  3 [120721]: mask 0x40 set
cpu_bind=MASK - erp03, task 100  4 [15149]: mask 0x2 set
cpu_bind=MASK - erp05, task 197  5 [126481]: mask 0x8 set
cpu_bind=MASK - erp07, task 291  3 [121706]: mask 0x40 set
cpu_bind=MASK - erp11, task 486  6 [127713]: mask 0x20 set
cpu_bind=MASK - erp04, task 146  2 [18726]: mask 0x10 set
cpu_bind=MASK - erp02, task 51  3 [130696]: mask 0x40 set
cpu_bind=MASK - erp10, task 437  5 [120440]: mask 0x8 set
cpu_bind=MASK - erp09, task 389  5 [120856]: mask 0x8 set
cpu_bind=MASK - erp12, task 532  4 [22886]: mask 0x2 set
cpu_bind=MASK - erp08, task 340  4 [120722]: mask 0x2 set
cpu_bind=MASK - erp03, task 101  5 [15150]: mask 0x8 set
cpu_bind=MASK - erp05, task 195  3 [126479]: mask 0x40 set
cpu_bind=MASK - erp07, task 293  5 [121708]: mask 0x8 set
cpu_bind=MASK - erp11, task 485  5 [127712]: mask 0x8 set
cpu_bind=MASK - erp04, task 145  1 [18725]: mask 0x4 set
cpu_bind=MASK - erp02, task 52  4 [130697]: mask 0x2 set
cpu_bind=MASK - erp10, task 432  0 [120435]: mask 0x1 set
cpu_bind=MASK - erp09, task 387  3 [120854]: mask 0x40 set
cpu_bind=MASK - erp12, task 533  5 [22887]: mask 0x8 set
cpu_bind=MASK - erp08, task 341  5 [120723]: mask 0x8 set
cpu_bind=MASK - erp03, task 99  3 [15148]: mask 0x40 set
cpu_bind=MASK - erp05, task 198  6 [126482]: mask 0x20 set
cpu_bind=MASK - erp07, task 295  7 [121710]: mask 0x80 set
cpu_bind=MASK - erp11, task 489  9 [127716]: mask 0x400 set
cpu_bind=MASK - erp04, task 152  8 [18732]: mask 0x100 set
cpu_bind=MASK - erp02, task 54  6 [130699]: mask 0x20 set
cpu_bind=MASK - erp10, task 438  6 [120441]: mask 0x20 set
cpu_bind=MASK - erp09, task 392  8 [120859]: mask 0x100 set
cpu_bind=MASK - erp12, task 534  6 [22888]: mask 0x20 set
cpu_bind=MASK - erp08, task 343  7 [120725]: mask 0x80 set
cpu_bind=MASK - erp03, task 103  7 [15152]: mask 0x80 set
cpu_bind=MASK - erp05, task 199  7 [126483]: mask 0x80 set
cpu_bind=MASK - erp07, task 294  6 [121709]: mask 0x20 set
cpu_bind=MASK - erp11, task 483  3 [127710]: mask 0x40 set
cpu_bind=MASK - erp04, task 150  6 [18730]: mask 0x20 set
cpu_bind=MASK - erp02, task 55  7 [130700]: mask 0x80 set
cpu_bind=MASK - erp10, task 439  7 [120442]: mask 0x80 set
cpu_bind=MASK - erp09, task 390  6 [120857]: mask 0x20 set
cpu_bind=MASK - erp12, task 535  7 [22889]: mask 0x80 set
cpu_bind=MASK - erp08, task 344  8 [120726]: mask 0x100 set
cpu_bind=MASK - erp03, task 102  6 [15151]: mask 0x20 set
cpu_bind=MASK - erp05, task 200  8 [126484]: mask 0x100 set
cpu_bind=MASK - erp07, task 298 10 [121713]: mask 0x1000 set
cpu_bind=MASK - erp11, task 487  7 [127714]: mask 0x80 set
cpu_bind=MASK - erp04, task 153  9 [18733]: mask 0x400 set
cpu_bind=MASK - erp02, task 56  8 [130701]: mask 0x100 set
cpu_bind=MASK - erp10, task 440  8 [120443]: mask 0x100 set
cpu_bind=MASK - erp09, task 391  7 [120858]: mask 0x80 set
cpu_bind=MASK - erp12, task 537  9 [22891]: mask 0x400 set
cpu_bind=MASK - erp03, task 104  8 [15153]: mask 0x100 set
cpu_bind=MASK - erp05, task 201  9 [126485]: mask 0x400 set
cpu_bind=MASK - erp07, task 296  8 [121711]: mask 0x100 set
cpu_bind=MASK - erp11, task 488  8 [127715]: mask 0x100 set
cpu_bind=MASK - erp04, task 151  7 [18731]: mask 0x80 set
cpu_bind=MASK - erp02, task 57  9 [130702]: mask 0x400 set
cpu_bind=MASK - erp10, task 441  9 [120444]: mask 0x400 set
cpu_bind=MASK - erp09, task 393  9 [120860]: mask 0x400 set
cpu_bind=MASK - erp12, task 539 11 [22893]: mask 0x4000 set
cpu_bind=MASK - erp05, task 203 11 [126487]: mask 0x4000 set
cpu_bind=MASK - erp07, task 297  9 [121712]: mask 0x400 set
cpu_bind=MASK - erp11, task 490 10 [127717]: mask 0x1000 set
cpu_bind=MASK - erp04, task 154 10 [18734]: mask 0x1000 set
cpu_bind=MASK - erp02, task 58 10 [130703]: mask 0x1000 set
cpu_bind=MASK - erp10, task 443 11 [120446]: mask 0x4000 set
cpu_bind=MASK - erp09, task 394 10 [120861]: mask 0x1000 set
cpu_bind=MASK - erp12, task 536  8 [22890]: mask 0x100 set
cpu_bind=MASK - erp05, task 202 10 [126486]: mask 0x1000 set
cpu_bind=MASK - erp07, task 299 11 [121714]: mask 0x4000 set
cpu_bind=MASK - erp11, task 491 11 [127718]: mask 0x4000 set
cpu_bind=MASK - erp04, task 155 11 [18735]: mask 0x4000 set
cpu_bind=MASK - erp02, task 60 12 [130705]: mask 0x200 set
cpu_bind=MASK - erp10, task 442 10 [120445]: mask 0x1000 set
cpu_bind=MASK - erp09, task 395 11 [120862]: mask 0x4000 set
cpu_bind=MASK - erp12, task 538 10 [22892]: mask 0x1000 set
cpu_bind=MASK - erp05, task 205 13 [126489]: mask 0x800 set
cpu_bind=MASK - erp07, task 301 13 [121716]: mask 0x800 set
cpu_bind=MASK - erp11, task 492 12 [127719]: mask 0x200 set
cpu_bind=MASK - erp04, task 156 12 [18736]: mask 0x200 set
cpu_bind=MASK - erp02, task 61 13 [130706]: mask 0x800 set
cpu_bind=MASK - erp10, task 444 12 [120447]: mask 0x200 set
cpu_bind=MASK - erp09, task 396 12 [120863]: mask 0x200 set
cpu_bind=MASK - erp12, task 540 12 [22894]: mask 0x200 set
cpu_bind=MASK - erp05, task 204 12 [126488]: mask 0x200 set
cpu_bind=MASK - erp07, task 300 12 [121715]: mask 0x200 set
cpu_bind=MASK - erp11, task 493 13 [127720]: mask 0x800 set
cpu_bind=MASK - erp04, task 157 13 [18737]: mask 0x800 set
cpu_bind=MASK - erp02, task 59 11 [130704]: mask 0x4000 set
cpu_bind=MASK - erp10, task 445 13 [120448]: mask 0x800 set
cpu_bind=MASK - erp09, task 397 13 [120864]: mask 0x800 set
cpu_bind=MASK - erp12, task 541 13 [22895]: mask 0x800 set
cpu_bind=MASK - erp05, task 207 15 [126491]: mask 0x8000 set
cpu_bind=MASK - erp07, task 304 16 [121719]: mask 0x10000 set
cpu_bind=MASK - erp11, task 495 15 [127722]: mask 0x8000 set
cpu_bind=MASK - erp04, task 158 14 [18738]: mask 0x2000 set
cpu_bind=MASK - erp02, task 62 14 [130707]: mask 0x2000 set
cpu_bind=MASK - erp10, task 446 14 [120449]: mask 0x2000 set
cpu_bind=MASK - erp09, task 398 14 [120865]: mask 0x2000 set
cpu_bind=MASK - erp12, task 542 14 [22896]: mask 0x2000 set
cpu_bind=MASK - erp05, task 208 16 [126492]: mask 0x10000 set
cpu_bind=MASK - erp07, task 302 14 [121717]: mask 0x2000 set
cpu_bind=MASK - erp11, task 494 14 [127721]: mask 0x2000 set
cpu_bind=MASK - erp04, task 159 15 [18739]: mask 0x8000 set
cpu_bind=MASK - erp02, task 63 15 [130708]: mask 0x8000 set
cpu_bind=MASK - erp10, task 447 15 [120450]: mask 0x8000 set
cpu_bind=MASK - erp09, task 399 15 [120866]: mask 0x8000 set
cpu_bind=MASK - erp12, task 543 15 [22897]: mask 0x8000 set
cpu_bind=MASK - erp08, task 342  6 [120724]: mask 0x20 set
cpu_bind=MASK - erp03, task 107 11 [15156]: mask 0x4000 set
cpu_bind=MASK - erp05, task 206 14 [126490]: mask 0x2000 set
cpu_bind=MASK - erp07, task 303 15 [121718]: mask 0x8000 set
cpu_bind=MASK - erp11, task 496 16 [127723]: mask 0x10000 set
cpu_bind=MASK - erp04, task 160 16 [18740]: mask 0x10000 set
cpu_bind=MASK - erp02, task 65 17 [130710]: mask 0x40000 set
cpu_bind=MASK - erp10, task 448 16 [120451]: mask 0x10000 set
cpu_bind=MASK - erp09, task 400 16 [120867]: mask 0x10000 set
cpu_bind=MASK - erp12, task 544 16 [22898]: mask 0x10000 set
cpu_bind=MASK - erp05, task 209 17 [126493]: mask 0x40000 set
cpu_bind=MASK - erp07, task 305 17 [121720]: mask 0x40000 set
cpu_bind=MASK - erp11, task 497 17 [127724]: mask 0x40000 set
cpu_bind=MASK - erp04, task 162 18 [18742]: mask 0x100000 set
cpu_bind=MASK - erp02, task 66 18 [130711]: mask 0x100000 set
cpu_bind=MASK - erp10, task 449 17 [120452]: mask 0x40000 set
cpu_bind=MASK - erp09, task 401 17 [120868]: mask 0x40000 set
cpu_bind=MASK - erp05, task 210 18 [126494]: mask 0x100000 set
cpu_bind=MASK - erp07, task 306 18 [121721]: mask 0x100000 set
cpu_bind=MASK - erp11, task 498 18 [127725]: mask 0x100000 set
cpu_bind=MASK - erp04, task 161 17 [18741]: mask 0x40000 set
cpu_bind=MASK - erp02, task 68 20 [130713]: mask 0x20000 set
cpu_bind=MASK - erp10, task 450 18 [120453]: mask 0x100000 set
cpu_bind=MASK - erp09, task 403 19 [120870]: mask 0x400000 set
cpu_bind=MASK - erp05, task 211 19 [126495]: mask 0x400000 set
cpu_bind=MASK - erp07, task 308 20 [121723]: mask 0x20000 set
cpu_bind=MASK - erp11, task 499 19 [127726]: mask 0x400000 set
cpu_bind=MASK - erp04, task 163 19 [18743]: mask 0x400000 set
cpu_bind=MASK - erp02, task 64 16 [130709]: mask 0x10000 set
cpu_bind=MASK - erp10, task 451 19 [120454]: mask 0x400000 set
cpu_bind=MASK - erp09, task 404 20 [120871]: mask 0x20000 set
cpu_bind=MASK - erp05, task 212 20 [126496]: mask 0x20000 set
cpu_bind=MASK - erp07, task 307 19 [121722]: mask 0x400000 set
cpu_bind=MASK - erp11, task 500 20 [127727]: mask 0x20000 set
cpu_bind=MASK - erp04, task 165 21 [18745]: mask 0x80000 set
cpu_bind=MASK - erp02, task 69 21 [130714]: mask 0x80000 set
cpu_bind=MASK - erp10, task 452 20 [120455]: mask 0x20000 set
cpu_bind=MASK - erp09, task 402 18 [120869]: mask 0x100000 set
cpu_bind=MASK - erp05, task 213 21 [126497]: mask 0x80000 set
cpu_bind=MASK - erp07, task 310 22 [121725]: mask 0x200000 set
cpu_bind=MASK - erp11, task 501 21 [127728]: mask 0x80000 set
cpu_bind=MASK - erp04, task 164 20 [18744]: mask 0x20000 set
cpu_bind=MASK - erp02, task 67 19 [130712]: mask 0x400000 set
cpu_bind=MASK - erp10, task 453 21 [120456]: mask 0x80000 set
cpu_bind=MASK - erp09, task 407 23 [120874]: mask 0x800000 set
cpu_bind=MASK - erp05, task 214 22 [126498]: mask 0x200000 set
cpu_bind=MASK - erp07, task 311 23 [121726]: mask 0x800000 set
cpu_bind=MASK - erp11, task 502 22 [127729]: mask 0x200000 set
cpu_bind=MASK - erp04, task 166 22 [18746]: mask 0x200000 set
cpu_bind=MASK - erp02, task 70 22 [130715]: mask 0x200000 set
cpu_bind=MASK - erp10, task 454 22 [120457]: mask 0x200000 set
cpu_bind=MASK - erp09, task 405 21 [120872]: mask 0x80000 set
cpu_bind=MASK - erp05, task 215 23 [126499]: mask 0x800000 set
cpu_bind=MASK - erp07, task 312 24 [121727]: mask 0x1000000 set
cpu_bind=MASK - erp11, task 503 23 [127730]: mask 0x800000 set
cpu_bind=MASK - erp04, task 167 23 [18747]: mask 0x800000 set
cpu_bind=MASK - erp02, task 71 23 [130716]: mask 0x800000 set
cpu_bind=MASK - erp10, task 455 23 [120458]: mask 0x800000 set
cpu_bind=MASK - erp09, task 406 22 [120873]: mask 0x200000 set
cpu_bind=MASK - erp05, task 216 24 [126500]: mask 0x1000000 set
cpu_bind=MASK - erp07, task 313 25 [121728]: mask 0x4000000 set
cpu_bind=MASK - erp11, task 504 24 [127731]: mask 0x1000000 set
cpu_bind=MASK - erp04, task 168 24 [18748]: mask 0x1000000 set
cpu_bind=MASK - erp02, task 72 24 [130717]: mask 0x1000000 set
cpu_bind=MASK - erp09, task 408 24 [120875]: mask 0x1000000 set
cpu_bind=MASK - erp05, task 217 25 [126501]: mask 0x4000000 set
cpu_bind=MASK - erp07, task 309 21 [121724]: mask 0x80000 set
cpu_bind=MASK - erp11, task 505 25 [127732]: mask 0x4000000 set
cpu_bind=MASK - erp04, task 169 25 [18749]: mask 0x4000000 set
cpu_bind=MASK - erp02, task 73 25 [130718]: mask 0x4000000 set
cpu_bind=MASK - erp09, task 409 25 [120876]: mask 0x4000000 set
cpu_bind=MASK - erp05, task 219 27 [126503]: mask 0x40000000 set
cpu_bind=MASK - erp07, task 314 26 [121729]: mask 0x10000000 set
cpu_bind=MASK - erp11, task 506 26 [127733]: mask 0x10000000 set
cpu_bind=MASK - erp04, task 171 27 [18751]: mask 0x40000000 set
cpu_bind=MASK - erp02, task 74 26 [130719]: mask 0x10000000 set
cpu_bind=MASK - erp09, task 410 26 [120877]: mask 0x10000000 set
cpu_bind=MASK - erp05, task 218 26 [126502]: mask 0x10000000 set
cpu_bind=MASK - erp07, task 315 27 [121730]: mask 0x40000000 set
cpu_bind=MASK - erp11, task 507 27 [127734]: mask 0x40000000 set
cpu_bind=MASK - erp04, task 170 26 [18750]: mask 0x10000000 set
cpu_bind=MASK - erp02, task 75 27 [130720]: mask 0x40000000 set
cpu_bind=MASK - erp09, task 411 27 [120878]: mask 0x40000000 set
cpu_bind=MASK - erp05, task 220 28 [126504]: mask 0x2000000 set
cpu_bind=MASK - erp07, task 316 28 [121731]: mask 0x2000000 set
cpu_bind=MASK - erp11, task 509 29 [127736]: mask 0x8000000 set
cpu_bind=MASK - erp04, task 172 28 [18752]: mask 0x2000000 set
cpu_bind=MASK - erp02, task 76 28 [130721]: mask 0x2000000 set
cpu_bind=MASK - erp09, task 412 28 [120879]: mask 0x2000000 set
cpu_bind=MASK - erp05, task 221 29 [126505]: mask 0x8000000 set
cpu_bind=MASK - erp07, task 317 29 [121732]: mask 0x8000000 set
cpu_bind=MASK - erp11, task 508 28 [127735]: mask 0x2000000 set
cpu_bind=MASK - erp04, task 173 29 [18753]: mask 0x8000000 set
cpu_bind=MASK - erp02, task 77 29 [130722]: mask 0x8000000 set
cpu_bind=MASK - erp09, task 413 29 [120880]: mask 0x8000000 set
cpu_bind=MASK - erp05, task 222 30 [126506]: mask 0x20000000 set
cpu_bind=MASK - erp07, task 318 30 [121733]: mask 0x20000000 set
cpu_bind=MASK - erp11, task 510 30 [127737]: mask 0x20000000 set
cpu_bind=MASK - erp04, task 174 30 [18754]: mask 0x20000000 set
cpu_bind=MASK - erp02, task 78 30 [130723]: mask 0x20000000 set
cpu_bind=MASK - erp05, task 223 31 [126507]: mask 0x80000000 set
cpu_bind=MASK - erp07, task 319 31 [121734]: mask 0x80000000 set
cpu_bind=MASK - erp11, task 512 32 [127739]: mask 0x100000000 set
cpu_bind=MASK - erp04, task 175 31 [18755]: mask 0x80000000 set
cpu_bind=MASK - erp02, task 79 31 [130724]: mask 0x80000000 set
cpu_bind=MASK - erp05, task 224 32 [126508]: mask 0x100000000 set
cpu_bind=MASK - erp07, task 320 32 [121735]: mask 0x100000000 set
cpu_bind=MASK - erp11, task 511 31 [127738]: mask 0x80000000 set
cpu_bind=MASK - erp04, task 176 32 [18756]: mask 0x100000000 set
cpu_bind=MASK - erp02, task 80 32 [130725]: mask 0x100000000 set
cpu_bind=MASK - erp05, task 225 33 [126509]: mask 0x400000000 set
cpu_bind=MASK - erp07, task 321 33 [121736]: mask 0x400000000 set
cpu_bind=MASK - erp11, task 513 33 [127740]: mask 0x400000000 set
cpu_bind=MASK - erp02, task 81 33 [130726]: mask 0x400000000 set
cpu_bind=MASK - erp05, task 226 34 [126510]: mask 0x1000000000 set
cpu_bind=MASK - erp07, task 322 34 [121737]: mask 0x1000000000 set
cpu_bind=MASK - erp11, task 514 34 [127741]: mask 0x1000000000 set
cpu_bind=MASK - erp02, task 82 34 [130727]: mask 0x1000000000 set
cpu_bind=MASK - erp05, task 227 35 [126511]: mask 0x4000000000 set
cpu_bind=MASK - erp07, task 323 35 [121738]: mask 0x4000000000 set
cpu_bind=MASK - erp11, task 515 35 [127742]: mask 0x4000000000 set
cpu_bind=MASK - erp02, task 83 35 [130728]: mask 0x4000000000 set
cpu_bind=MASK - erp05, task 228 36 [126512]: mask 0x200000000 set
cpu_bind=MASK - erp07, task 324 36 [121739]: mask 0x200000000 set
cpu_bind=MASK - erp11, task 516 36 [127743]: mask 0x200000000 set
cpu_bind=MASK - erp02, task 84 36 [130729]: mask 0x200000000 set
cpu_bind=MASK - erp05, task 229 37 [126513]: mask 0x800000000 set
cpu_bind=MASK - erp07, task 325 37 [121740]: mask 0x800000000 set
cpu_bind=MASK - erp11, task 517 37 [127744]: mask 0x800000000 set
cpu_bind=MASK - erp05, task 230 38 [126514]: mask 0x2000000000 set
cpu_bind=MASK - erp07, task 326 38 [121741]: mask 0x2000000000 set
cpu_bind=MASK - erp11, task 518 38 [127745]: mask 0x2000000000 set
cpu_bind=MASK - erp05, task 231 39 [126515]: mask 0x8000000000 set
cpu_bind=MASK - erp07, task 327 39 [121742]: mask 0x8000000000 set
cpu_bind=MASK - erp11, task 519 39 [127746]: mask 0x8000000000 set
cpu_bind=MASK - erp05, task 232 40 [126516]: mask 0x10000000000 set
cpu_bind=MASK - erp07, task 328 40 [121743]: mask 0x10000000000 set
cpu_bind=MASK - erp05, task 233 41 [126517]: mask 0x40000000000 set
cpu_bind=MASK - erp07, task 329 41 [121744]: mask 0x40000000000 set
cpu_bind=MASK - erp05, task 234 42 [126518]: mask 0x100000000000 set
cpu_bind=MASK - erp07, task 331 43 [121746]: mask 0x400000000000 set
cpu_bind=MASK - erp05, task 235 43 [126519]: mask 0x400000000000 set
cpu_bind=MASK - erp07, task 330 42 [121745]: mask 0x100000000000 set
cpu_bind=MASK - erp05, task 236 44 [126520]: mask 0x20000000000 set
cpu_bind=MASK - erp07, task 332 44 [121747]: mask 0x20000000000 set
cpu_bind=MASK - erp05, task 237 45 [126521]: mask 0x80000000000 set
cpu_bind=MASK - erp07, task 334 46 [121749]: mask 0x200000000000 set
cpu_bind=MASK - erp05, task 238 46 [126522]: mask 0x200000000000 set
cpu_bind=MASK - erp07, task 333 45 [121748]: mask 0x80000000000 set
cpu_bind=MASK - erp05, task 239 47 [126523]: mask 0x800000000000 set
cpu_bind=MASK - erp07, task 335 47 [121750]: mask 0x800000000000 set
cpu_bind=MASK - erp06, task 240  0 [122822]: mask 0x1 set
cpu_bind=MASK - erp03, task 106 10 [15155]: mask 0x1000 set
cpu_bind=MASK - erp03, task 105  9 [15154]: mask 0x400 set
cpu_bind=MASK - erp03, task 109 13 [15158]: mask 0x800 set
cpu_bind=MASK - erp03, task 108 12 [15157]: mask 0x200 set
cpu_bind=MASK - erp03, task 110 14 [15159]: mask 0x2000 set
cpu_bind=MASK - erp03, task 111 15 [15160]: mask 0x8000 set
cpu_bind=MASK - erp03, task 112 16 [15161]: mask 0x10000 set
cpu_bind=MASK - erp03, task 113 17 [15162]: mask 0x40000 set
cpu_bind=MASK - erp03, task 114 18 [15163]: mask 0x100000 set
cpu_bind=MASK - erp03, task 115 19 [15164]: mask 0x400000 set
cpu_bind=MASK - erp03, task 116 20 [15165]: mask 0x20000 set
cpu_bind=MASK - erp03, task 117 21 [15166]: mask 0x80000 set
cpu_bind=MASK - erp03, task 118 22 [15167]: mask 0x200000 set
cpu_bind=MASK - erp03, task 119 23 [15168]: mask 0x800000 set
cpu_bind=MASK - erp03, task 121 25 [15170]: mask 0x4000000 set
cpu_bind=MASK - erp03, task 122 26 [15171]: mask 0x10000000 set
cpu_bind=MASK - erp03, task 124 28 [15173]: mask 0x2000000 set
cpu_bind=MASK - erp03, task 123 27 [15172]: mask 0x40000000 set
cpu_bind=MASK - erp03, task 125 29 [15174]: mask 0x8000000 set
cpu_bind=MASK - erp12, task 545 17 [22899]: mask 0x40000 set
cpu_bind=MASK - erp03, task 120 24 [15169]: mask 0x1000000 set
cpu_bind=MASK - erp12, task 546 18 [22900]: mask 0x100000 set
cpu_bind=MASK - erp03, task 127 31 [15176]: mask 0x80000000 set
cpu_bind=MASK - erp12, task 547 19 [22901]: mask 0x400000 set
cpu_bind=MASK - erp03, task 128 32 [15177]: mask 0x100000000 set
cpu_bind=MASK - erp12, task 548 20 [22902]: mask 0x20000 set
cpu_bind=MASK - erp03, task 126 30 [15175]: mask 0x20000000 set
cpu_bind=MASK - erp12, task 551 23 [22905]: mask 0x800000 set
cpu_bind=MASK - erp12, task 552 24 [22906]: mask 0x1000000 set
cpu_bind=MASK - erp12, task 550 22 [22904]: mask 0x200000 set
cpu_bind=MASK - erp12, task 553 25 [22907]: mask 0x4000000 set
cpu_bind=MASK - erp12, task 554 26 [22908]: mask 0x10000000 set
cpu_bind=MASK - erp12, task 555 27 [22909]: mask 0x40000000 set
cpu_bind=MASK - erp12, task 549 21 [22903]: mask 0x80000 set
cpu_bind=MASK - erp12, task 556 28 [22910]: mask 0x2000000 set
cpu_bind=MASK - erp12, task 557 29 [22911]: mask 0x8000000 set
cpu_bind=MASK - erp12, task 558 30 [22912]: mask 0x20000000 set
cpu_bind=MASK - erp12, task 559 31 [22913]: mask 0x80000000 set
cpu_bind=MASK - erp12, task 560 32 [22914]: mask 0x100000000 set
cpu_bind=MASK - erp12, task 561 33 [22915]: mask 0x400000000 set
cpu_bind=MASK - erp12, task 563 35 [22917]: mask 0x4000000000 set
cpu_bind=MASK - erp12, task 564 36 [22918]: mask 0x200000000 set
cpu_bind=MASK - erp12, task 562 34 [22916]: mask 0x1000000000 set
cpu_bind=MASK - erp12, task 565 37 [22919]: mask 0x800000000 set
cpu_bind=MASK - erp10, task 456 24 [120459]: mask 0x1000000 set
cpu_bind=MASK - erp10, task 457 25 [120460]: mask 0x4000000 set
cpu_bind=MASK - erp10, task 458 26 [120461]: mask 0x10000000 set
cpu_bind=MASK - erp10, task 459 27 [120462]: mask 0x40000000 set
cpu_bind=MASK - erp10, task 460 28 [120463]: mask 0x2000000 set
cpu_bind=MASK - erp10, task 461 29 [120464]: mask 0x8000000 set
cpu_bind=MASK - erp10, task 462 30 [120465]: mask 0x20000000 set
cpu_bind=MASK - erp10, task 463 31 [120466]: mask 0x80000000 set
cpu_bind=MASK - erp10, task 464 32 [120467]: mask 0x100000000 set
cpu_bind=MASK - erp10, task 465 33 [120468]: mask 0x400000000 set
cpu_bind=MASK - erp10, task 466 34 [120469]: mask 0x1000000000 set
cpu_bind=MASK - erp10, task 467 35 [120470]: mask 0x4000000000 set
cpu_bind=MASK - erp10, task 469 37 [120472]: mask 0x800000000 set
cpu_bind=MASK - erp10, task 468 36 [120471]: mask 0x200000000 set
cpu_bind=MASK - erp10, task 470 38 [120473]: mask 0x2000000000 set
cpu_bind=MASK - erp10, task 471 39 [120474]: mask 0x8000000000 set
cpu_bind=MASK - erp10, task 472 40 [120475]: mask 0x10000000000 set
cpu_bind=MASK - erp10, task 473 41 [120476]: mask 0x40000000000 set
cpu_bind=MASK - erp10, task 474 42 [120477]: mask 0x100000000000 set
cpu_bind=MASK - erp10, task 475 43 [120478]: mask 0x400000000000 set
cpu_bind=MASK - erp10, task 476 44 [120479]: mask 0x20000000000 set
cpu_bind=MASK - erp08, task 345  9 [120727]: mask 0x400 set
cpu_bind=MASK - erp08, task 346 10 [120728]: mask 0x1000 set
cpu_bind=MASK - erp08, task 348 12 [120730]: mask 0x200 set
cpu_bind=MASK - erp08, task 349 13 [120731]: mask 0x800 set
cpu_bind=MASK - erp08, task 347 11 [120729]: mask 0x4000 set
cpu_bind=MASK - erp08, task 350 14 [120732]: mask 0x2000 set
cpu_bind=MASK - erp08, task 351 15 [120733]: mask 0x8000 set
cpu_bind=MASK - erp08, task 352 16 [120734]: mask 0x10000 set
cpu_bind=MASK - erp08, task 353 17 [120735]: mask 0x40000 set
cpu_bind=MASK - erp08, task 354 18 [120736]: mask 0x100000 set
cpu_bind=MASK - erp08, task 355 19 [120737]: mask 0x400000 set
cpu_bind=MASK - erp08, task 356 20 [120738]: mask 0x20000 set
cpu_bind=MASK - erp08, task 357 21 [120739]: mask 0x80000 set
cpu_bind=MASK - erp08, task 358 22 [120740]: mask 0x200000 set
cpu_bind=MASK - erp08, task 359 23 [120741]: mask 0x800000 set
cpu_bind=MASK - erp08, task 360 24 [120742]: mask 0x1000000 set
cpu_bind=MASK - erp08, task 361 25 [120743]: mask 0x4000000 set
cpu_bind=MASK - erp08, task 362 26 [120744]: mask 0x10000000 set
cpu_bind=MASK - erp08, task 363 27 [120745]: mask 0x40000000 set
cpu_bind=MASK - erp08, task 364 28 [120746]: mask 0x2000000 set
cpu_bind=MASK - erp08, task 365 29 [120747]: mask 0x8000000 set
cpu_bind=MASK - erp08, task 366 30 [120748]: mask 0x20000000 set
cpu_bind=MASK - erp06, task 241  1 [122823]: mask 0x4 set
cpu_bind=MASK - erp06, task 242  2 [122824]: mask 0x10 set
cpu_bind=MASK - erp06, task 244  4 [122826]: mask 0x2 set
cpu_bind=MASK - erp06, task 243  3 [122825]: mask 0x40 set
cpu_bind=MASK - erp06, task 245  5 [122827]: mask 0x8 set
cpu_bind=MASK - erp06, task 247  7 [122829]: mask 0x80 set
cpu_bind=MASK - erp06, task 249  9 [122831]: mask 0x400 set
cpu_bind=MASK - erp06, task 246  6 [122828]: mask 0x20 set
cpu_bind=MASK - erp06, task 248  8 [122830]: mask 0x100 set
cpu_bind=MASK - erp06, task 250 10 [122832]: mask 0x1000 set
cpu_bind=MASK - erp06, task 251 11 [122833]: mask 0x4000 set
cpu_bind=MASK - erp06, task 252 12 [122834]: mask 0x200 set
cpu_bind=MASK - erp06, task 254 14 [122836]: mask 0x2000 set
cpu_bind=MASK - erp06, task 253 13 [122835]: mask 0x800 set
cpu_bind=MASK - erp06, task 255 15 [122837]: mask 0x8000 set
cpu_bind=MASK - erp06, task 256 16 [122838]: mask 0x10000 set
cpu_bind=MASK - erp06, task 257 17 [122839]: mask 0x40000 set
cpu_bind=MASK - erp06, task 259 19 [122841]: mask 0x400000 set
cpu_bind=MASK - erp06, task 258 18 [122840]: mask 0x100000 set
cpu_bind=MASK - erp06, task 260 20 [122842]: mask 0x20000 set
cpu_bind=MASK - erp06, task 262 22 [122844]: mask 0x200000 set
cpu_bind=MASK - erp06, task 263 23 [122845]: mask 0x800000 set
cpu_bind=MASK - erp06, task 261 21 [122843]: mask 0x80000 set
cpu_bind=MASK - erp06, task 264 24 [122846]: mask 0x1000000 set
cpu_bind=MASK - erp06, task 265 25 [122847]: mask 0x4000000 set
cpu_bind=MASK - erp06, task 266 26 [122848]: mask 0x10000000 set
cpu_bind=MASK - erp06, task 267 27 [122849]: mask 0x40000000 set
cpu_bind=MASK - erp06, task 268 28 [122850]: mask 0x2000000 set
cpu_bind=MASK - erp06, task 269 29 [122851]: mask 0x8000000 set
cpu_bind=MASK - erp06, task 270 30 [122852]: mask 0x20000000 set
cpu_bind=MASK - erp06, task 272 32 [122854]: mask 0x100000000 set
cpu_bind=MASK - erp06, task 273 33 [122855]: mask 0x400000000 set
cpu_bind=MASK - erp06, task 271 31 [122853]: mask 0x80000000 set
cpu_bind=MASK - erp06, task 274 34 [122856]: mask 0x1000000000 set
cpu_bind=MASK - erp06, task 276 36 [122858]: mask 0x200000000 set
cpu_bind=MASK - erp06, task 277 37 [122859]: mask 0x800000000 set
cpu_bind=MASK - erp06, task 278 38 [122860]: mask 0x2000000000 set
cpu_bind=MASK - erp06, task 279 39 [122861]: mask 0x8000000000 set
cpu_bind=MASK - erp06, task 275 35 [122857]: mask 0x4000000000 set
cpu_bind=MASK - erp06, task 280 40 [122862]: mask 0x10000000000 set
cpu_bind=MASK - erp06, task 281 41 [122863]: mask 0x40000000000 set
cpu_bind=MASK - erp06, task 283 43 [122865]: mask 0x400000000000 set
cpu_bind=MASK - erp06, task 284 44 [122866]: mask 0x20000000000 set
cpu_bind=MASK - erp11, task 520 40 [127747]: mask 0x10000000000 set
cpu_bind=MASK - erp02, task 85 37 [130730]: mask 0x800000000 set
cpu_bind=MASK - erp11, task 521 41 [127748]: mask 0x40000000000 set
cpu_bind=MASK - erp02, task 87 39 [130732]: mask 0x8000000000 set
cpu_bind=MASK - erp11, task 522 42 [127749]: mask 0x100000000000 set
cpu_bind=MASK - erp04, task 177 33 [18757]: mask 0x400000000 set
cpu_bind=MASK - erp02, task 86 38 [130731]: mask 0x2000000000 set
cpu_bind=MASK - erp09, task 414 30 [120881]: mask 0x20000000 set
cpu_bind=MASK - erp11, task 523 43 [127750]: mask 0x400000000000 set
cpu_bind=MASK - erp04, task 178 34 [18758]: mask 0x1000000000 set
cpu_bind=MASK - erp02, task 88 40 [130733]: mask 0x10000000000 set
cpu_bind=MASK - erp09, task 415 31 [120882]: mask 0x80000000 set
cpu_bind=MASK - erp11, task 526 46 [127753]: mask 0x200000000000 set
cpu_bind=MASK - erp04, task 179 35 [18759]: mask 0x4000000000 set
cpu_bind=MASK - erp02, task 89 41 [130734]: mask 0x40000000000 set
cpu_bind=MASK - erp09, task 416 32 [120883]: mask 0x100000000 set
cpu_bind=MASK - erp11, task 524 44 [127751]: mask 0x20000000000 set
cpu_bind=MASK - erp04, task 180 36 [18760]: mask 0x200000000 set
cpu_bind=MASK - erp02, task 90 42 [130735]: mask 0x100000000000 set
cpu_bind=MASK - erp09, task 417 33 [120884]: mask 0x400000000 set
cpu_bind=MASK - erp11, task 525 45 [127752]: mask 0x80000000000 set
cpu_bind=MASK - erp04, task 181 37 [18761]: mask 0x800000000 set
cpu_bind=MASK - erp02, task 91 43 [130736]: mask 0x400000000000 set
cpu_bind=MASK - erp09, task 418 34 [120885]: mask 0x1000000000 set
cpu_bind=MASK - erp11, task 527 47 [127754]: mask 0x800000000000 set
cpu_bind=MASK - erp04, task 182 38 [18762]: mask 0x2000000000 set
cpu_bind=MASK - erp02, task 92 44 [130737]: mask 0x20000000000 set
cpu_bind=MASK - erp09, task 419 35 [120886]: mask 0x4000000000 set
cpu_bind=MASK - erp04, task 183 39 [18763]: mask 0x8000000000 set
cpu_bind=MASK - erp02, task 93 45 [130738]: mask 0x80000000000 set
cpu_bind=MASK - erp09, task 421 37 [120888]: mask 0x800000000 set
cpu_bind=MASK - erp04, task 184 40 [18764]: mask 0x10000000000 set
cpu_bind=MASK - erp02, task 94 46 [130739]: mask 0x200000000000 set
cpu_bind=MASK - erp09, task 420 36 [120887]: mask 0x200000000 set
cpu_bind=MASK - erp04, task 185 41 [18765]: mask 0x40000000000 set
cpu_bind=MASK - erp02, task 95 47 [130740]: mask 0x800000000000 set
cpu_bind=MASK - erp09, task 422 38 [120889]: mask 0x2000000000 set
cpu_bind=MASK - erp04, task 186 42 [18766]: mask 0x100000000000 set
cpu_bind=MASK - erp09, task 423 39 [120890]: mask 0x8000000000 set
cpu_bind=MASK - erp04, task 187 43 [18767]: mask 0x400000000000 set
cpu_bind=MASK - erp09, task 424 40 [120891]: mask 0x10000000000 set
cpu_bind=MASK - erp04, task 188 44 [18768]: mask 0x20000000000 set
cpu_bind=MASK - erp09, task 425 41 [120892]: mask 0x40000000000 set
cpu_bind=MASK - erp04, task 189 45 [18769]: mask 0x80000000000 set
cpu_bind=MASK - erp09, task 426 42 [120893]: mask 0x100000000000 set
cpu_bind=MASK - erp04, task 190 46 [18770]: mask 0x200000000000 set
cpu_bind=MASK - erp09, task 428 44 [120895]: mask 0x20000000000 set
cpu_bind=MASK - erp04, task 191 47 [18771]: mask 0x800000000000 set
cpu_bind=MASK - erp09, task 429 45 [120896]: mask 0x80000000000 set
cpu_bind=MASK - erp09, task 430 46 [120897]: mask 0x200000000000 set
cpu_bind=MASK - erp09, task 427 43 [120894]: mask 0x400000000000 set
cpu_bind=MASK - erp09, task 431 47 [120898]: mask 0x800000000000 set
cpu_bind=MASK - erp12, task 567 39 [22921]: mask 0x8000000000 set
cpu_bind=MASK - erp03, task 129 33 [15178]: mask 0x400000000 set
cpu_bind=MASK - erp12, task 566 38 [22920]: mask 0x2000000000 set
cpu_bind=MASK - erp03, task 130 34 [15179]: mask 0x1000000000 set
cpu_bind=MASK - erp12, task 568 40 [22922]: mask 0x10000000000 set
cpu_bind=MASK - erp03, task 131 35 [15180]: mask 0x4000000000 set
cpu_bind=MASK - erp12, task 570 42 [22924]: mask 0x100000000000 set
cpu_bind=MASK - erp03, task 132 36 [15181]: mask 0x200000000 set
cpu_bind=MASK - erp12, task 571 43 [22925]: mask 0x400000000000 set
cpu_bind=MASK - erp03, task 133 37 [15182]: mask 0x800000000 set
cpu_bind=MASK - erp12, task 572 44 [22926]: mask 0x20000000000 set
cpu_bind=MASK - erp03, task 134 38 [15183]: mask 0x2000000000 set
cpu_bind=MASK - erp12, task 573 45 [22927]: mask 0x80000000000 set
cpu_bind=MASK - erp03, task 135 39 [15184]: mask 0x8000000000 set
cpu_bind=MASK - erp12, task 569 41 [22923]: mask 0x40000000000 set
cpu_bind=MASK - erp03, task 136 40 [15185]: mask 0x10000000000 set
cpu_bind=MASK - erp12, task 574 46 [22928]: mask 0x200000000000 set
cpu_bind=MASK - erp03, task 137 41 [15186]: mask 0x40000000000 set
cpu_bind=MASK - erp12, task 575 47 [22929]: mask 0x800000000000 set
cpu_bind=MASK - erp03, task 138 42 [15187]: mask 0x100000000000 set
cpu_bind=MASK - erp03, task 139 43 [15188]: mask 0x400000000000 set
cpu_bind=MASK - erp03, task 140 44 [15189]: mask 0x20000000000 set
cpu_bind=MASK - erp03, task 141 45 [15190]: mask 0x80000000000 set
cpu_bind=MASK - erp03, task 142 46 [15191]: mask 0x200000000000 set
cpu_bind=MASK - erp03, task 143 47 [15192]: mask 0x800000000000 set
cpu_bind=MASK - erp10, task 477 45 [120480]: mask 0x80000000000 set
cpu_bind=MASK - erp10, task 478 46 [120481]: mask 0x200000000000 set
cpu_bind=MASK - erp10, task 479 47 [120482]: mask 0x800000000000 set
cpu_bind=MASK - erp08, task 367 31 [120749]: mask 0x80000000 set
cpu_bind=MASK - erp08, task 368 32 [120750]: mask 0x100000000 set
cpu_bind=MASK - erp08, task 369 33 [120751]: mask 0x400000000 set
cpu_bind=MASK - erp08, task 370 34 [120752]: mask 0x1000000000 set
cpu_bind=MASK - erp08, task 371 35 [120753]: mask 0x4000000000 set
cpu_bind=MASK - erp08, task 372 36 [120754]: mask 0x200000000 set
cpu_bind=MASK - erp08, task 373 37 [120755]: mask 0x800000000 set
cpu_bind=MASK - erp08, task 374 38 [120756]: mask 0x2000000000 set
cpu_bind=MASK - erp08, task 375 39 [120757]: mask 0x8000000000 set
cpu_bind=MASK - erp08, task 376 40 [120758]: mask 0x10000000000 set
cpu_bind=MASK - erp08, task 377 41 [120759]: mask 0x40000000000 set
cpu_bind=MASK - erp08, task 380 44 [120762]: mask 0x20000000000 set
cpu_bind=MASK - erp08, task 378 42 [120760]: mask 0x100000000000 set
cpu_bind=MASK - erp08, task 379 43 [120761]: mask 0x400000000000 set
cpu_bind=MASK - erp08, task 381 45 [120763]: mask 0x80000000000 set
cpu_bind=MASK - erp08, task 382 46 [120764]: mask 0x200000000000 set
cpu_bind=MASK - erp08, task 383 47 [120765]: mask 0x800000000000 set
cpu_bind=MASK - erp06, task 282 42 [122864]: mask 0x100000000000 set
cpu_bind=MASK - erp06, task 285 45 [122867]: mask 0x80000000000 set
cpu_bind=MASK - erp06, task 286 46 [122868]: mask 0x200000000000 set
cpu_bind=MASK - erp06, task 287 47 [122869]: mask 0x800000000000 set

# OSU MPI Allreduce Latency Test v5.6.1
# Size       Avg Latency(us)
4                      61.82
8                      61.74
16                     62.18
32                     61.18
64                     62.15
128                    64.62
256                    73.16
512                    89.77
1024                  125.95
2048                  196.54
4096                  354.45
8192                  722.72
16384                1623.80
32768                1644.60
65536                1667.61
131072               1772.17
262144               2080.56
524288               2986.23
1048576              4489.74
+ set +x
