processes 48
nodes 4
ppn 12
binding default
+ srun --mpi=pmi2 -n 48 --cpu_bind=verbose /gpfs/u/home/CCNI/CCNIsmth/barn-shared/CWS/osu-micro-benchmarks-5.6.1-erp-openmpi.4.0.1-install/libexec/osu-micro-benchmarks/mpi//collective/osu_allreduce
cpu_bind=MASK - erp04, task  1  1 [126291]: mask 0xffffffffffff set
cpu_bind=MASK - erp04, task  2  2 [126292]: mask 0xffffffffffff set
cpu_bind=MASK - erp04, task  0  0 [126290]: mask 0xffffffffffff set
cpu_bind=MASK - erp04, task  3  3 [126293]: mask 0xffffffffffff set
cpu_bind=MASK - erp04, task  4  4 [126294]: mask 0xffffffffffff set
cpu_bind=MASK - erp04, task  5  5 [126295]: mask 0xffffffffffff set
cpu_bind=MASK - erp04, task  6  6 [126296]: mask 0xffffffffffff set
cpu_bind=MASK - erp04, task  7  7 [126297]: mask 0xffffffffffff set
cpu_bind=MASK - erp04, task  8  8 [126298]: mask 0xffffffffffff set
cpu_bind=MASK - erp04, task  9  9 [126299]: mask 0xffffffffffff set
cpu_bind=MASK - erp04, task 10 10 [126300]: mask 0xffffffffffff set
cpu_bind=MASK - erp04, task 11 11 [126301]: mask 0xffffffffffff set
cpu_bind=MASK - erp07, task 38  2 [99487]: mask 0xffffffffffff set
cpu_bind=MASK - erp07, task 37  1 [99486]: mask 0xffffffffffff set
cpu_bind=MASK - erp07, task 36  0 [99485]: mask 0xffffffffffff set
cpu_bind=MASK - erp05, task 12  0 [104363]: mask 0xffffffffffff set
cpu_bind=MASK - erp05, task 13  1 [104364]: mask 0xffffffffffff set
cpu_bind=MASK - erp05, task 14  2 [104365]: mask 0xffffffffffff set
cpu_bind=MASK - erp05, task 15  3 [104366]: mask 0xffffffffffff set
cpu_bind=MASK - erp05, task 16  4 [104367]: mask 0xffffffffffff set
cpu_bind=MASK - erp05, task 17  5 [104368]: mask 0xffffffffffff set
cpu_bind=MASK - erp07, task 40  4 [99489]: mask 0xffffffffffff set
cpu_bind=MASK - erp05, task 18  6 [104369]: mask 0xffffffffffff set
cpu_bind=MASK - erp05, task 19  7 [104370]: mask 0xffffffffffff set
cpu_bind=MASK - erp05, task 20  8 [104371]: mask 0xffffffffffff set
cpu_bind=MASK - erp05, task 21  9 [104372]: mask 0xffffffffffff set
cpu_bind=MASK - erp05, task 22 10 [104373]: mask 0xffffffffffff set
cpu_bind=MASK - erp05, task 23 11 [104374]: mask 0xffffffffffff set
cpu_bind=MASK - erp07, task 39  3 [99488]: mask 0xffffffffffff set
cpu_bind=MASK - erp07, task 41  5 [99490]: mask 0xffffffffffff set
cpu_bind=MASK - erp07, task 42  6 [99491]: mask 0xffffffffffff set
cpu_bind=MASK - erp07, task 43  7 [99492]: mask 0xffffffffffff set
cpu_bind=MASK - erp07, task 44  8 [99493]: mask 0xffffffffffff set
cpu_bind=MASK - erp07, task 45  9 [99494]: mask 0xffffffffffff set
cpu_bind=MASK - erp07, task 46 10 [99495]: mask 0xffffffffffff set
cpu_bind=MASK - erp07, task 47 11 [99496]: mask 0xffffffffffff set
cpu_bind=MASK - erp06, task 24  0 [100714]: mask 0xffffffffffff set
cpu_bind=MASK - erp06, task 25  1 [100715]: mask 0xffffffffffff set
cpu_bind=MASK - erp06, task 26  2 [100716]: mask 0xffffffffffff set
cpu_bind=MASK - erp06, task 27  3 [100717]: mask 0xffffffffffff set
cpu_bind=MASK - erp06, task 28  4 [100718]: mask 0xffffffffffff set
cpu_bind=MASK - erp06, task 29  5 [100719]: mask 0xffffffffffff set
cpu_bind=MASK - erp06, task 31  7 [100721]: mask 0xffffffffffff set
cpu_bind=MASK - erp06, task 30  6 [100720]: mask 0xffffffffffff set
cpu_bind=MASK - erp06, task 32  8 [100722]: mask 0xffffffffffff set
cpu_bind=MASK - erp06, task 33  9 [100723]: mask 0xffffffffffff set
cpu_bind=MASK - erp06, task 34 10 [100724]: mask 0xffffffffffff set
cpu_bind=MASK - erp06, task 35 11 [100725]: mask 0xffffffffffff set

# OSU MPI Allreduce Latency Test v5.6.1
# Size       Avg Latency(us)
4                      18.39
8                      13.69
16                     12.94
32                     12.37
64                     13.46
128                    15.09
256                    18.72
512                    19.13
1024                   22.44
2048                   29.00
4096                   42.96
8192                   88.52
16384                 194.85
32768                 247.98
65536                 336.63
131072                504.72
262144                755.77
524288               1628.96
1048576              3102.67
+ set +x
