processes 192
nodes 4
ppn 48
binding default
+ srun --mpi=pmi2 -n 192 --cpu_bind=verbose /gpfs/u/home/CCNI/CCNIsmth/barn-shared/CWS/osu-micro-benchmarks-5.6.1-erp-openmpi.4.0.1-install/libexec/osu-micro-benchmarks/mpi//collective/osu_allreduce
cpu_bind=MASK - erp01, task  2  2 [58829]: mask 0x10 set
cpu_bind=MASK - erp01, task  0  0 [58827]: mask 0x1 set
cpu_bind=MASK - erp01, task  1  1 [58828]: mask 0x4 set
cpu_bind=MASK - erp01, task  3  3 [58830]: mask 0x40 set
cpu_bind=MASK - erp01, task  4  4 [58831]: mask 0x2 set
cpu_bind=MASK - erp01, task  5  5 [58832]: mask 0x8 set
cpu_bind=MASK - erp01, task  7  7 [58834]: mask 0x80 set
cpu_bind=MASK - erp01, task  8  8 [58835]: mask 0x100 set
cpu_bind=MASK - erp01, task  6  6 [58833]: mask 0x20 set
cpu_bind=MASK - erp01, task  9  9 [58836]: mask 0x400 set
cpu_bind=MASK - erp01, task 12 12 [58839]: mask 0x200 set
cpu_bind=MASK - erp01, task 10 10 [58837]: mask 0x1000 set
cpu_bind=MASK - erp01, task 11 11 [58838]: mask 0x4000 set
cpu_bind=MASK - erp01, task 13 13 [58840]: mask 0x800 set
cpu_bind=MASK - erp01, task 14 14 [58841]: mask 0x2000 set
cpu_bind=MASK - erp01, task 15 15 [58842]: mask 0x8000 set
cpu_bind=MASK - erp01, task 16 16 [58843]: mask 0x10000 set
cpu_bind=MASK - erp01, task 18 18 [58845]: mask 0x100000 set
cpu_bind=MASK - erp01, task 19 19 [58846]: mask 0x400000 set
cpu_bind=MASK - erp01, task 17 17 [58844]: mask 0x40000 set
cpu_bind=MASK - erp01, task 20 20 [58847]: mask 0x20000 set
cpu_bind=MASK - erp01, task 21 21 [58848]: mask 0x80000 set
cpu_bind=MASK - erp01, task 23 23 [58850]: mask 0x800000 set
cpu_bind=MASK - erp01, task 22 22 [58849]: mask 0x200000 set
cpu_bind=MASK - erp01, task 24 24 [58851]: mask 0x1000000 set
cpu_bind=MASK - erp01, task 26 26 [58853]: mask 0x10000000 set
cpu_bind=MASK - erp01, task 25 25 [58852]: mask 0x4000000 set
cpu_bind=MASK - erp01, task 27 27 [58854]: mask 0x40000000 set
cpu_bind=MASK - erp01, task 28 28 [58855]: mask 0x2000000 set
cpu_bind=MASK - erp01, task 29 29 [58856]: mask 0x8000000 set
cpu_bind=MASK - erp01, task 30 30 [58857]: mask 0x20000000 set
cpu_bind=MASK - erp01, task 31 31 [58858]: mask 0x80000000 set
cpu_bind=MASK - erp01, task 32 32 [58859]: mask 0x100000000 set
cpu_bind=MASK - erp01, task 33 33 [58860]: mask 0x400000000 set
cpu_bind=MASK - erp01, task 34 34 [58861]: mask 0x1000000000 set
cpu_bind=MASK - erp01, task 35 35 [58862]: mask 0x4000000000 set
cpu_bind=MASK - erp01, task 36 36 [58863]: mask 0x200000000 set
cpu_bind=MASK - erp01, task 37 37 [58864]: mask 0x800000000 set
cpu_bind=MASK - erp01, task 39 39 [58866]: mask 0x8000000000 set
cpu_bind=MASK - erp01, task 40 40 [58867]: mask 0x10000000000 set
cpu_bind=MASK - erp01, task 38 38 [58865]: mask 0x2000000000 set
cpu_bind=MASK - erp01, task 41 41 [58868]: mask 0x40000000000 set
cpu_bind=MASK - erp01, task 42 42 [58869]: mask 0x100000000000 set
cpu_bind=MASK - erp01, task 43 43 [58870]: mask 0x400000000000 set
cpu_bind=MASK - erp01, task 45 45 [58872]: mask 0x80000000000 set
cpu_bind=MASK - erp01, task 44 44 [58871]: mask 0x20000000000 set
cpu_bind=MASK - erp01, task 46 46 [58873]: mask 0x200000000000 set
cpu_bind=MASK - erp01, task 47 47 [58874]: mask 0x800000000000 set
cpu_bind=MASK - erp02, task 49  1 [130089]: mask 0x4 set
cpu_bind=MASK - erp04, task 145  1 [18096]: mask 0x4 set
cpu_bind=MASK - erp03, task 97  1 [14527]: mask 0x4 set
cpu_bind=MASK - erp04, task 146  2 [18097]: mask 0x10 set
cpu_bind=MASK - erp04, task 144  0 [18095]: mask 0x1 set
cpu_bind=MASK - erp04, task 147  3 [18098]: mask 0x40 set
cpu_bind=MASK - erp04, task 148  4 [18099]: mask 0x2 set
cpu_bind=MASK - erp04, task 149  5 [18100]: mask 0x8 set
cpu_bind=MASK - erp04, task 152  8 [18103]: mask 0x100 set
cpu_bind=MASK - erp04, task 151  7 [18102]: mask 0x80 set
cpu_bind=MASK - erp04, task 150  6 [18101]: mask 0x20 set
cpu_bind=MASK - erp04, task 153  9 [18104]: mask 0x400 set
cpu_bind=MASK - erp04, task 154 10 [18105]: mask 0x1000 set
cpu_bind=MASK - erp04, task 155 11 [18106]: mask 0x4000 set
cpu_bind=MASK - erp04, task 156 12 [18107]: mask 0x200 set
cpu_bind=MASK - erp04, task 157 13 [18108]: mask 0x800 set
cpu_bind=MASK - erp03, task 98  2 [14528]: mask 0x10 set
cpu_bind=MASK - erp04, task 158 14 [18109]: mask 0x2000 set
cpu_bind=MASK - erp03, task 96  0 [14526]: mask 0x1 set
cpu_bind=MASK - erp04, task 159 15 [18110]: mask 0x8000 set
cpu_bind=MASK - erp03, task 100  4 [14530]: mask 0x2 set
cpu_bind=MASK - erp04, task 160 16 [18111]: mask 0x10000 set
cpu_bind=MASK - erp03, task 99  3 [14529]: mask 0x40 set
cpu_bind=MASK - erp04, task 161 17 [18112]: mask 0x40000 set
cpu_bind=MASK - erp03, task 101  5 [14531]: mask 0x8 set
cpu_bind=MASK - erp04, task 162 18 [18113]: mask 0x100000 set
cpu_bind=MASK - erp03, task 102  6 [14532]: mask 0x20 set
cpu_bind=MASK - erp04, task 163 19 [18114]: mask 0x400000 set
cpu_bind=MASK - erp03, task 103  7 [14533]: mask 0x80 set
cpu_bind=MASK - erp04, task 164 20 [18115]: mask 0x20000 set
cpu_bind=MASK - erp03, task 104  8 [14534]: mask 0x100 set
cpu_bind=MASK - erp04, task 165 21 [18116]: mask 0x80000 set
cpu_bind=MASK - erp03, task 105  9 [14535]: mask 0x400 set
cpu_bind=MASK - erp04, task 166 22 [18117]: mask 0x200000 set
cpu_bind=MASK - erp03, task 106 10 [14536]: mask 0x1000 set
cpu_bind=MASK - erp03, task 107 11 [14537]: mask 0x4000 set
cpu_bind=MASK - erp03, task 108 12 [14538]: mask 0x200 set
cpu_bind=MASK - erp03, task 109 13 [14539]: mask 0x800 set
cpu_bind=MASK - erp03, task 110 14 [14540]: mask 0x2000 set
cpu_bind=MASK - erp03, task 111 15 [14541]: mask 0x8000 set
cpu_bind=MASK - erp03, task 112 16 [14542]: mask 0x10000 set
cpu_bind=MASK - erp03, task 113 17 [14543]: mask 0x40000 set
cpu_bind=MASK - erp03, task 114 18 [14544]: mask 0x100000 set
cpu_bind=MASK - erp03, task 115 19 [14545]: mask 0x400000 set
cpu_bind=MASK - erp03, task 116 20 [14546]: mask 0x20000 set
cpu_bind=MASK - erp03, task 117 21 [14547]: mask 0x80000 set
cpu_bind=MASK - erp03, task 118 22 [14548]: mask 0x200000 set
cpu_bind=MASK - erp02, task 50  2 [130090]: mask 0x10 set
cpu_bind=MASK - erp02, task 48  0 [130088]: mask 0x1 set
cpu_bind=MASK - erp02, task 52  4 [130092]: mask 0x2 set
cpu_bind=MASK - erp02, task 53  5 [130093]: mask 0x8 set
cpu_bind=MASK - erp02, task 51  3 [130091]: mask 0x40 set
cpu_bind=MASK - erp02, task 54  6 [130094]: mask 0x20 set
cpu_bind=MASK - erp02, task 55  7 [130095]: mask 0x80 set
cpu_bind=MASK - erp02, task 56  8 [130096]: mask 0x100 set
cpu_bind=MASK - erp02, task 57  9 [130097]: mask 0x400 set
cpu_bind=MASK - erp02, task 58 10 [130098]: mask 0x1000 set
cpu_bind=MASK - erp02, task 59 11 [130099]: mask 0x4000 set
cpu_bind=MASK - erp02, task 60 12 [130100]: mask 0x200 set
cpu_bind=MASK - erp02, task 61 13 [130101]: mask 0x800 set
cpu_bind=MASK - erp02, task 62 14 [130102]: mask 0x2000 set
cpu_bind=MASK - erp02, task 63 15 [130103]: mask 0x8000 set
cpu_bind=MASK - erp02, task 64 16 [130104]: mask 0x10000 set
cpu_bind=MASK - erp02, task 65 17 [130105]: mask 0x40000 set
cpu_bind=MASK - erp02, task 66 18 [130106]: mask 0x100000 set
cpu_bind=MASK - erp02, task 67 19 [130107]: mask 0x400000 set
cpu_bind=MASK - erp02, task 68 20 [130108]: mask 0x20000 set
cpu_bind=MASK - erp02, task 69 21 [130109]: mask 0x80000 set
cpu_bind=MASK - erp02, task 70 22 [130110]: mask 0x200000 set
cpu_bind=MASK - erp04, task 167 23 [18118]: mask 0x800000 set
cpu_bind=MASK - erp04, task 168 24 [18119]: mask 0x1000000 set
cpu_bind=MASK - erp04, task 169 25 [18120]: mask 0x4000000 set
cpu_bind=MASK - erp04, task 170 26 [18121]: mask 0x10000000 set
cpu_bind=MASK - erp04, task 171 27 [18122]: mask 0x40000000 set
cpu_bind=MASK - erp04, task 172 28 [18123]: mask 0x2000000 set
cpu_bind=MASK - erp04, task 173 29 [18124]: mask 0x8000000 set
cpu_bind=MASK - erp04, task 174 30 [18125]: mask 0x20000000 set
cpu_bind=MASK - erp04, task 175 31 [18126]: mask 0x80000000 set
cpu_bind=MASK - erp04, task 176 32 [18127]: mask 0x100000000 set
cpu_bind=MASK - erp04, task 177 33 [18128]: mask 0x400000000 set
cpu_bind=MASK - erp04, task 178 34 [18129]: mask 0x1000000000 set
cpu_bind=MASK - erp04, task 179 35 [18130]: mask 0x4000000000 set
cpu_bind=MASK - erp04, task 181 37 [18132]: mask 0x800000000 set
cpu_bind=MASK - erp04, task 182 38 [18133]: mask 0x2000000000 set
cpu_bind=MASK - erp04, task 180 36 [18131]: mask 0x200000000 set
cpu_bind=MASK - erp04, task 183 39 [18134]: mask 0x8000000000 set
cpu_bind=MASK - erp04, task 184 40 [18135]: mask 0x10000000000 set
cpu_bind=MASK - erp04, task 185 41 [18136]: mask 0x40000000000 set
cpu_bind=MASK - erp04, task 186 42 [18137]: mask 0x100000000000 set
cpu_bind=MASK - erp03, task 119 23 [14549]: mask 0x800000 set
cpu_bind=MASK - erp03, task 120 24 [14550]: mask 0x1000000 set
cpu_bind=MASK - erp03, task 121 25 [14551]: mask 0x4000000 set
cpu_bind=MASK - erp03, task 122 26 [14552]: mask 0x10000000 set
cpu_bind=MASK - erp03, task 123 27 [14553]: mask 0x40000000 set
cpu_bind=MASK - erp03, task 124 28 [14554]: mask 0x2000000 set
cpu_bind=MASK - erp03, task 125 29 [14555]: mask 0x8000000 set
cpu_bind=MASK - erp03, task 126 30 [14556]: mask 0x20000000 set
cpu_bind=MASK - erp03, task 127 31 [14557]: mask 0x80000000 set
cpu_bind=MASK - erp03, task 128 32 [14558]: mask 0x100000000 set
cpu_bind=MASK - erp03, task 129 33 [14559]: mask 0x400000000 set
cpu_bind=MASK - erp03, task 131 35 [14561]: mask 0x4000000000 set
cpu_bind=MASK - erp03, task 132 36 [14562]: mask 0x200000000 set
cpu_bind=MASK - erp03, task 133 37 [14563]: mask 0x800000000 set
cpu_bind=MASK - erp03, task 130 34 [14560]: mask 0x1000000000 set
cpu_bind=MASK - erp03, task 134 38 [14564]: mask 0x2000000000 set
cpu_bind=MASK - erp03, task 135 39 [14565]: mask 0x8000000000 set
cpu_bind=MASK - erp03, task 136 40 [14566]: mask 0x10000000000 set
cpu_bind=MASK - erp03, task 137 41 [14567]: mask 0x40000000000 set
cpu_bind=MASK - erp03, task 138 42 [14568]: mask 0x100000000000 set
cpu_bind=MASK - erp03, task 139 43 [14569]: mask 0x400000000000 set
cpu_bind=MASK - erp02, task 71 23 [130111]: mask 0x800000 set
cpu_bind=MASK - erp02, task 72 24 [130112]: mask 0x1000000 set
cpu_bind=MASK - erp02, task 73 25 [130113]: mask 0x4000000 set
cpu_bind=MASK - erp02, task 74 26 [130114]: mask 0x10000000 set
cpu_bind=MASK - erp02, task 75 27 [130115]: mask 0x40000000 set
cpu_bind=MASK - erp02, task 76 28 [130116]: mask 0x2000000 set
cpu_bind=MASK - erp02, task 77 29 [130117]: mask 0x8000000 set
cpu_bind=MASK - erp02, task 78 30 [130118]: mask 0x20000000 set
cpu_bind=MASK - erp02, task 79 31 [130119]: mask 0x80000000 set
cpu_bind=MASK - erp02, task 80 32 [130120]: mask 0x100000000 set
cpu_bind=MASK - erp02, task 81 33 [130121]: mask 0x400000000 set
cpu_bind=MASK - erp02, task 82 34 [130122]: mask 0x1000000000 set
cpu_bind=MASK - erp02, task 83 35 [130123]: mask 0x4000000000 set
cpu_bind=MASK - erp02, task 84 36 [130124]: mask 0x200000000 set
cpu_bind=MASK - erp02, task 85 37 [130125]: mask 0x800000000 set
cpu_bind=MASK - erp02, task 86 38 [130126]: mask 0x2000000000 set
cpu_bind=MASK - erp02, task 87 39 [130127]: mask 0x8000000000 set
cpu_bind=MASK - erp02, task 88 40 [130128]: mask 0x10000000000 set
cpu_bind=MASK - erp02, task 89 41 [130129]: mask 0x40000000000 set
cpu_bind=MASK - erp02, task 90 42 [130130]: mask 0x100000000000 set
cpu_bind=MASK - erp02, task 91 43 [130131]: mask 0x400000000000 set
cpu_bind=MASK - erp04, task 187 43 [18138]: mask 0x400000000000 set
cpu_bind=MASK - erp04, task 188 44 [18139]: mask 0x20000000000 set
cpu_bind=MASK - erp04, task 189 45 [18140]: mask 0x80000000000 set
cpu_bind=MASK - erp04, task 190 46 [18141]: mask 0x200000000000 set
cpu_bind=MASK - erp04, task 191 47 [18142]: mask 0x800000000000 set
cpu_bind=MASK - erp03, task 140 44 [14570]: mask 0x20000000000 set
cpu_bind=MASK - erp03, task 141 45 [14571]: mask 0x80000000000 set
cpu_bind=MASK - erp03, task 142 46 [14572]: mask 0x200000000000 set
cpu_bind=MASK - erp03, task 143 47 [14573]: mask 0x800000000000 set
cpu_bind=MASK - erp02, task 92 44 [130132]: mask 0x20000000000 set
cpu_bind=MASK - erp02, task 93 45 [130133]: mask 0x80000000000 set
cpu_bind=MASK - erp02, task 94 46 [130134]: mask 0x200000000000 set
cpu_bind=MASK - erp02, task 95 47 [130135]: mask 0x800000000000 set

# OSU MPI Allreduce Latency Test v5.6.1
# Size       Avg Latency(us)
4                      50.67
8                      30.93
16                     30.30
32                     31.02
64                     32.18
128                    34.38
256                    38.04
512                    43.85
1024                   58.69
2048                   90.30
4096                  160.38
8192                  314.16
16384                 523.81
32768                 637.44
65536                 655.18
131072                792.19
262144               1425.47
524288               2011.27
1048576              3473.75
+ set +x
