processes 192
nodes 8
ppn 24
binding default
+ srun --mpi=pmi2 -n 192 --cpu_bind=verbose /gpfs/u/home/CCNI/CCNIsmth/barn-shared/CWS/osu-micro-benchmarks-5.6.1-erp-openmpi.4.0.1-install/libexec/osu-micro-benchmarks/mpi//collective/osu_allreduce
cpu_bind=MASK - erp04, task  0  0 [14073]: mask 0xffffffffffff set
cpu_bind=MASK - erp04, task  2  2 [14075]: mask 0xffffffffffff set
cpu_bind=MASK - erp04, task  1  1 [14074]: mask 0xffffffffffff set
cpu_bind=MASK - erp04, task  5  5 [14078]: mask 0xffffffffffff set
cpu_bind=MASK - erp04, task  3  3 [14076]: mask 0xffffffffffff set
cpu_bind=MASK - erp04, task  4  4 [14077]: mask 0xffffffffffff set
cpu_bind=MASK - erp04, task  6  6 [14079]: mask 0xffffffffffff set
cpu_bind=MASK - erp04, task  7  7 [14080]: mask 0xffffffffffff set
cpu_bind=MASK - erp04, task  8  8 [14081]: mask 0xffffffffffff set
cpu_bind=MASK - erp04, task  9  9 [14082]: mask 0xffffffffffff set
cpu_bind=MASK - erp04, task 10 10 [14083]: mask 0xffffffffffff set
cpu_bind=MASK - erp04, task 11 11 [14084]: mask 0xffffffffffff set
cpu_bind=MASK - erp04, task 12 12 [14085]: mask 0xffffffffffff set
cpu_bind=MASK - erp04, task 13 13 [14086]: mask 0xffffffffffff set
cpu_bind=MASK - erp04, task 14 14 [14087]: mask 0xffffffffffff set
cpu_bind=MASK - erp04, task 15 15 [14088]: mask 0xffffffffffff set
cpu_bind=MASK - erp04, task 16 16 [14089]: mask 0xffffffffffff set
cpu_bind=MASK - erp04, task 17 17 [14090]: mask 0xffffffffffff set
cpu_bind=MASK - erp04, task 18 18 [14091]: mask 0xffffffffffff set
cpu_bind=MASK - erp04, task 19 19 [14092]: mask 0xffffffffffff set
cpu_bind=MASK - erp04, task 20 20 [14093]: mask 0xffffffffffff set
cpu_bind=MASK - erp04, task 21 21 [14094]: mask 0xffffffffffff set
cpu_bind=MASK - erp04, task 22 22 [14095]: mask 0xffffffffffff set
cpu_bind=MASK - erp04, task 23 23 [14096]: mask 0xffffffffffff set
cpu_bind=MASK - erp09, task 122  2 [116810]: mask 0xffffffffffff set
cpu_bind=MASK - erp06, task 50  2 [118550]: mask 0xffffffffffff set
cpu_bind=MASK - erp08, task 97  1 [116434]: mask 0xffffffffffff set
cpu_bind=MASK - erp05, task 25  1 [122195]: mask 0xffffffffffff set
cpu_bind=MASK - erp07, task 73  1 [117411]: mask 0xffffffffffff set
cpu_bind=MASK - erp09, task 120  0 [116808]: mask 0xffffffffffff set
cpu_bind=MASK - erp06, task 49  1 [118549]: mask 0xffffffffffff set
cpu_bind=MASK - erp08, task 98  2 [116435]: mask 0xffffffffffff set
cpu_bind=MASK - erp05, task 26  2 [122196]: mask 0xffffffffffff set
cpu_bind=MASK - erp07, task 74  2 [117412]: mask 0xffffffffffff set
cpu_bind=MASK - erp09, task 121  1 [116809]: mask 0xffffffffffff set
cpu_bind=MASK - erp06, task 48  0 [118548]: mask 0xffffffffffff set
cpu_bind=MASK - erp08, task 96  0 [116433]: mask 0xffffffffffff set
cpu_bind=MASK - erp05, task 24  0 [122194]: mask 0xffffffffffff set
cpu_bind=MASK - erp07, task 72  0 [117410]: mask 0xffffffffffff set
cpu_bind=MASK - erp09, task 124  4 [116812]: mask 0xffffffffffff set
cpu_bind=MASK - erp06, task 52  4 [118552]: mask 0xffffffffffff set
cpu_bind=MASK - erp08, task 99  3 [116436]: mask 0xffffffffffff set
cpu_bind=MASK - erp05, task 27  3 [122197]: mask 0xffffffffffff set
cpu_bind=MASK - erp07, task 75  3 [117413]: mask 0xffffffffffff set
cpu_bind=MASK - erp09, task 125  5 [116813]: mask 0xffffffffffff set
cpu_bind=MASK - erp06, task 53  5 [118553]: mask 0xffffffffffff set
cpu_bind=MASK - erp08, task 100  4 [116437]: mask 0xffffffffffff set
cpu_bind=MASK - erp05, task 28  4 [122198]: mask 0xffffffffffff set
cpu_bind=MASK - erp07, task 76  4 [117414]: mask 0xffffffffffff set
cpu_bind=MASK - erp09, task 123  3 [116811]: mask 0xffffffffffff set
cpu_bind=MASK - erp06, task 51  3 [118551]: mask 0xffffffffffff set
cpu_bind=MASK - erp08, task 101  5 [116438]: mask 0xffffffffffff set
cpu_bind=MASK - erp05, task 29  5 [122199]: mask 0xffffffffffff set
cpu_bind=MASK - erp07, task 77  5 [117415]: mask 0xffffffffffff set
cpu_bind=MASK - erp09, task 126  6 [116814]: mask 0xffffffffffff set
cpu_bind=MASK - erp06, task 54  6 [118554]: mask 0xffffffffffff set
cpu_bind=MASK - erp08, task 102  6 [116439]: mask 0xffffffffffff set
cpu_bind=MASK - erp05, task 30  6 [122200]: mask 0xffffffffffff set
cpu_bind=MASK - erp07, task 78  6 [117416]: mask 0xffffffffffff set
cpu_bind=MASK - erp09, task 127  7 [116815]: mask 0xffffffffffff set
cpu_bind=MASK - erp06, task 55  7 [118555]: mask 0xffffffffffff set
cpu_bind=MASK - erp08, task 103  7 [116440]: mask 0xffffffffffff set
cpu_bind=MASK - erp05, task 31  7 [122201]: mask 0xffffffffffff set
cpu_bind=MASK - erp07, task 80  8 [117418]: mask 0xffffffffffff set
cpu_bind=MASK - erp09, task 128  8 [116816]: mask 0xffffffffffff set
cpu_bind=MASK - erp06, task 56  8 [118556]: mask 0xffffffffffff set
cpu_bind=MASK - erp08, task 104  8 [116441]: mask 0xffffffffffff set
cpu_bind=MASK - erp05, task 32  8 [122202]: mask 0xffffffffffff set
cpu_bind=MASK - erp07, task 79  7 [117417]: mask 0xffffffffffff set
cpu_bind=MASK - erp09, task 129  9 [116817]: mask 0xffffffffffff set
cpu_bind=MASK - erp06, task 57  9 [118557]: mask 0xffffffffffff set
cpu_bind=MASK - erp08, task 105  9 [116442]: mask 0xffffffffffff set
cpu_bind=MASK - erp05, task 33  9 [122203]: mask 0xffffffffffff set
cpu_bind=MASK - erp07, task 81  9 [117419]: mask 0xffffffffffff set
cpu_bind=MASK - erp09, task 130 10 [116818]: mask 0xffffffffffff set
cpu_bind=MASK - erp06, task 58 10 [118558]: mask 0xffffffffffff set
cpu_bind=MASK - erp08, task 106 10 [116443]: mask 0xffffffffffff set
cpu_bind=MASK - erp05, task 34 10 [122204]: mask 0xffffffffffff set
cpu_bind=MASK - erp07, task 82 10 [117420]: mask 0xffffffffffff set
cpu_bind=MASK - erp09, task 131 11 [116819]: mask 0xffffffffffff set
cpu_bind=MASK - erp06, task 59 11 [118559]: mask 0xffffffffffff set
cpu_bind=MASK - erp08, task 107 11 [116444]: mask 0xffffffffffff set
cpu_bind=MASK - erp05, task 35 11 [122205]: mask 0xffffffffffff set
cpu_bind=MASK - erp07, task 83 11 [117421]: mask 0xffffffffffff set
cpu_bind=MASK - erp09, task 134 14 [116822]: mask 0xffffffffffff set
cpu_bind=MASK - erp06, task 60 12 [118560]: mask 0xffffffffffff set
cpu_bind=MASK - erp08, task 108 12 [116445]: mask 0xffffffffffff set
cpu_bind=MASK - erp05, task 36 12 [122206]: mask 0xffffffffffff set
cpu_bind=MASK - erp07, task 84 12 [117422]: mask 0xffffffffffff set
cpu_bind=MASK - erp09, task 132 12 [116820]: mask 0xffffffffffff set
cpu_bind=MASK - erp06, task 61 13 [118561]: mask 0xffffffffffff set
cpu_bind=MASK - erp08, task 110 14 [116447]: mask 0xffffffffffff set
cpu_bind=MASK - erp05, task 37 13 [122207]: mask 0xffffffffffff set
cpu_bind=MASK - erp07, task 85 13 [117423]: mask 0xffffffffffff set
cpu_bind=MASK - erp09, task 133 13 [116821]: mask 0xffffffffffff set
cpu_bind=MASK - erp06, task 63 15 [118563]: mask 0xffffffffffff set
cpu_bind=MASK - erp08, task 111 15 [116448]: mask 0xffffffffffff set
cpu_bind=MASK - erp05, task 38 14 [122208]: mask 0xffffffffffff set
cpu_bind=MASK - erp07, task 86 14 [117424]: mask 0xffffffffffff set
cpu_bind=MASK - erp09, task 135 15 [116823]: mask 0xffffffffffff set
cpu_bind=MASK - erp06, task 62 14 [118562]: mask 0xffffffffffff set
cpu_bind=MASK - erp08, task 112 16 [116449]: mask 0xffffffffffff set
cpu_bind=MASK - erp05, task 40 16 [122210]: mask 0xffffffffffff set
cpu_bind=MASK - erp08, task 109 13 [116446]: mask 0xffffffffffff set
cpu_bind=MASK - erp08, task 113 17 [116450]: mask 0xffffffffffff set
cpu_bind=MASK - erp08, task 114 18 [116451]: mask 0xffffffffffff set
cpu_bind=MASK - erp08, task 115 19 [116452]: mask 0xffffffffffff set
cpu_bind=MASK - erp06, task 64 16 [118564]: mask 0xffffffffffff set
cpu_bind=MASK - erp08, task 116 20 [116453]: mask 0xffffffffffff set
cpu_bind=MASK - erp05, task 41 17 [122211]: mask 0xffffffffffff set
cpu_bind=MASK - erp09, task 136 16 [116824]: mask 0xffffffffffff set
cpu_bind=MASK - erp06, task 65 17 [118565]: mask 0xffffffffffff set
cpu_bind=MASK - erp08, task 117 21 [116454]: mask 0xffffffffffff set
cpu_bind=MASK - erp05, task 42 18 [122212]: mask 0xffffffffffff set
cpu_bind=MASK - erp09, task 137 17 [116825]: mask 0xffffffffffff set
cpu_bind=MASK - erp06, task 66 18 [118566]: mask 0xffffffffffff set
cpu_bind=MASK - erp05, task 39 15 [122209]: mask 0xffffffffffff set
cpu_bind=MASK - erp09, task 138 18 [116826]: mask 0xffffffffffff set
cpu_bind=MASK - erp06, task 67 19 [118567]: mask 0xffffffffffff set
cpu_bind=MASK - erp05, task 43 19 [122213]: mask 0xffffffffffff set
cpu_bind=MASK - erp09, task 139 19 [116827]: mask 0xffffffffffff set
cpu_bind=MASK - erp06, task 68 20 [118568]: mask 0xffffffffffff set
cpu_bind=MASK - erp05, task 44 20 [122214]: mask 0xffffffffffff set
cpu_bind=MASK - erp09, task 140 20 [116828]: mask 0xffffffffffff set
cpu_bind=MASK - erp06, task 69 21 [118569]: mask 0xffffffffffff set
cpu_bind=MASK - erp05, task 45 21 [122215]: mask 0xffffffffffff set
cpu_bind=MASK - erp09, task 141 21 [116829]: mask 0xffffffffffff set
cpu_bind=MASK - erp09, task 142 22 [116830]: mask 0xffffffffffff set
cpu_bind=MASK - erp09, task 143 23 [116831]: mask 0xffffffffffff set
cpu_bind=MASK - erp06, task 70 22 [118570]: mask 0xffffffffffff set
cpu_bind=MASK - erp08, task 118 22 [116455]: mask 0xffffffffffff set
cpu_bind=MASK - erp05, task 46 22 [122216]: mask 0xffffffffffff set
cpu_bind=MASK - erp07, task 87 15 [117425]: mask 0xffffffffffff set
cpu_bind=MASK - erp10, task 144  0 [116454]: mask 0xffffffffffff set
cpu_bind=MASK - erp08, task 119 23 [116456]: mask 0xffffffffffff set
cpu_bind=MASK - erp10, task 145  1 [116455]: mask 0xffffffffffff set
cpu_bind=MASK - erp11, task 168  0 [123712]: mask 0xffffffffffff set
cpu_bind=MASK - erp05, task 47 23 [122217]: mask 0xffffffffffff set
cpu_bind=MASK - erp10, task 146  2 [116456]: mask 0xffffffffffff set
cpu_bind=MASK - erp11, task 170  2 [123714]: mask 0xffffffffffff set
cpu_bind=MASK - erp06, task 71 23 [118571]: mask 0xffffffffffff set
cpu_bind=MASK - erp07, task 88 16 [117426]: mask 0xffffffffffff set
cpu_bind=MASK - erp10, task 147  3 [116457]: mask 0xffffffffffff set
cpu_bind=MASK - erp11, task 169  1 [123713]: mask 0xffffffffffff set
cpu_bind=MASK - erp07, task 89 17 [117427]: mask 0xffffffffffff set
cpu_bind=MASK - erp10, task 148  4 [116458]: mask 0xffffffffffff set
cpu_bind=MASK - erp07, task 90 18 [117428]: mask 0xffffffffffff set
cpu_bind=MASK - erp10, task 149  5 [116459]: mask 0xffffffffffff set
cpu_bind=MASK - erp07, task 91 19 [117429]: mask 0xffffffffffff set
cpu_bind=MASK - erp10, task 151  7 [116461]: mask 0xffffffffffff set
cpu_bind=MASK - erp07, task 92 20 [117430]: mask 0xffffffffffff set
cpu_bind=MASK - erp10, task 152  8 [116462]: mask 0xffffffffffff set
cpu_bind=MASK - erp07, task 93 21 [117431]: mask 0xffffffffffff set
cpu_bind=MASK - erp10, task 150  6 [116460]: mask 0xffffffffffff set
cpu_bind=MASK - erp07, task 94 22 [117432]: mask 0xffffffffffff set
cpu_bind=MASK - erp10, task 153  9 [116463]: mask 0xffffffffffff set
cpu_bind=MASK - erp07, task 95 23 [117433]: mask 0xffffffffffff set
cpu_bind=MASK - erp10, task 154 10 [116464]: mask 0xffffffffffff set
cpu_bind=MASK - erp10, task 155 11 [116465]: mask 0xffffffffffff set
cpu_bind=MASK - erp10, task 156 12 [116466]: mask 0xffffffffffff set
cpu_bind=MASK - erp10, task 157 13 [116467]: mask 0xffffffffffff set
cpu_bind=MASK - erp10, task 158 14 [116468]: mask 0xffffffffffff set
cpu_bind=MASK - erp10, task 159 15 [116469]: mask 0xffffffffffff set
cpu_bind=MASK - erp10, task 160 16 [116470]: mask 0xffffffffffff set
cpu_bind=MASK - erp10, task 161 17 [116471]: mask 0xffffffffffff set
cpu_bind=MASK - erp10, task 162 18 [116472]: mask 0xffffffffffff set
cpu_bind=MASK - erp10, task 163 19 [116473]: mask 0xffffffffffff set
cpu_bind=MASK - erp10, task 164 20 [116474]: mask 0xffffffffffff set
cpu_bind=MASK - erp10, task 165 21 [116475]: mask 0xffffffffffff set
cpu_bind=MASK - erp10, task 166 22 [116476]: mask 0xffffffffffff set
cpu_bind=MASK - erp10, task 167 23 [116477]: mask 0xffffffffffff set
cpu_bind=MASK - erp11, task 171  3 [123715]: mask 0xffffffffffff set
cpu_bind=MASK - erp11, task 173  5 [123717]: mask 0xffffffffffff set
cpu_bind=MASK - erp11, task 174  6 [123718]: mask 0xffffffffffff set
cpu_bind=MASK - erp11, task 172  4 [123716]: mask 0xffffffffffff set
cpu_bind=MASK - erp11, task 176  8 [123720]: mask 0xffffffffffff set
cpu_bind=MASK - erp11, task 175  7 [123719]: mask 0xffffffffffff set
cpu_bind=MASK - erp11, task 177  9 [123721]: mask 0xffffffffffff set
cpu_bind=MASK - erp11, task 178 10 [123722]: mask 0xffffffffffff set
cpu_bind=MASK - erp11, task 179 11 [123723]: mask 0xffffffffffff set
cpu_bind=MASK - erp11, task 180 12 [123724]: mask 0xffffffffffff set
cpu_bind=MASK - erp11, task 181 13 [123725]: mask 0xffffffffffff set
cpu_bind=MASK - erp11, task 182 14 [123726]: mask 0xffffffffffff set
cpu_bind=MASK - erp11, task 183 15 [123727]: mask 0xffffffffffff set
cpu_bind=MASK - erp11, task 185 17 [123729]: mask 0xffffffffffff set
cpu_bind=MASK - erp11, task 184 16 [123728]: mask 0xffffffffffff set
cpu_bind=MASK - erp11, task 186 18 [123730]: mask 0xffffffffffff set
cpu_bind=MASK - erp11, task 187 19 [123731]: mask 0xffffffffffff set
cpu_bind=MASK - erp11, task 188 20 [123732]: mask 0xffffffffffff set
cpu_bind=MASK - erp11, task 189 21 [123733]: mask 0xffffffffffff set
cpu_bind=MASK - erp11, task 190 22 [123734]: mask 0xffffffffffff set
cpu_bind=MASK - erp11, task 191 23 [123735]: mask 0xffffffffffff set

# OSU MPI Allreduce Latency Test v5.6.1
# Size       Avg Latency(us)
4                      31.10
8                      22.57
16                     22.46
32                     23.08
64                     23.78
128                    26.45
256                    30.81
512                    33.70
1024                   40.83
2048                   62.65
4096                  108.29
8192                  212.01
16384                 620.70
32768                 748.33
65536                1051.74
131072               1069.71
262144               1555.48
524288               2346.56
1048576              3676.42
+ set +x
