processes 384
nodes 8
ppn 48
binding default
+ srun --mpi=pmi2 -n 384 --cpu_bind=verbose /gpfs/u/home/CCNI/CCNIsmth/barn-shared/CWS/osu-micro-benchmarks-5.6.1-erp-openmpi.4.0.1-install/libexec/osu-micro-benchmarks/mpi//collective/osu_allreduce
cpu_bind=MASK - erp01, task  1  1 [59275]: mask 0x4 set
cpu_bind=MASK - erp01, task  0  0 [59274]: mask 0x1 set
cpu_bind=MASK - erp01, task  2  2 [59276]: mask 0x10 set
cpu_bind=MASK - erp01, task  3  3 [59277]: mask 0x40 set
cpu_bind=MASK - erp01, task  4  4 [59278]: mask 0x2 set
cpu_bind=MASK - erp01, task  5  5 [59279]: mask 0x8 set
cpu_bind=MASK - erp01, task  6  6 [59280]: mask 0x20 set
cpu_bind=MASK - erp01, task  7  7 [59281]: mask 0x80 set
cpu_bind=MASK - erp01, task  8  8 [59282]: mask 0x100 set
cpu_bind=MASK - erp01, task  9  9 [59283]: mask 0x400 set
cpu_bind=MASK - erp01, task 10 10 [59284]: mask 0x1000 set
cpu_bind=MASK - erp01, task 11 11 [59285]: mask 0x4000 set
cpu_bind=MASK - erp01, task 12 12 [59286]: mask 0x200 set
cpu_bind=MASK - erp01, task 13 13 [59287]: mask 0x800 set
cpu_bind=MASK - erp01, task 15 15 [59289]: mask 0x8000 set
cpu_bind=MASK - erp01, task 14 14 [59288]: mask 0x2000 set
cpu_bind=MASK - erp01, task 16 16 [59290]: mask 0x10000 set
cpu_bind=MASK - erp01, task 17 17 [59291]: mask 0x40000 set
cpu_bind=MASK - erp01, task 18 18 [59292]: mask 0x100000 set
cpu_bind=MASK - erp01, task 19 19 [59293]: mask 0x400000 set
cpu_bind=MASK - erp01, task 20 20 [59294]: mask 0x20000 set
cpu_bind=MASK - erp01, task 21 21 [59295]: mask 0x80000 set
cpu_bind=MASK - erp01, task 23 23 [59297]: mask 0x800000 set
cpu_bind=MASK - erp01, task 22 22 [59296]: mask 0x200000 set
cpu_bind=MASK - erp01, task 24 24 [59298]: mask 0x1000000 set
cpu_bind=MASK - erp01, task 25 25 [59299]: mask 0x4000000 set
cpu_bind=MASK - erp01, task 26 26 [59300]: mask 0x10000000 set
cpu_bind=MASK - erp01, task 27 27 [59301]: mask 0x40000000 set
cpu_bind=MASK - erp01, task 28 28 [59302]: mask 0x2000000 set
cpu_bind=MASK - erp01, task 29 29 [59303]: mask 0x8000000 set
cpu_bind=MASK - erp01, task 30 30 [59304]: mask 0x20000000 set
cpu_bind=MASK - erp01, task 31 31 [59305]: mask 0x80000000 set
cpu_bind=MASK - erp01, task 32 32 [59306]: mask 0x100000000 set
cpu_bind=MASK - erp01, task 33 33 [59307]: mask 0x400000000 set
cpu_bind=MASK - erp01, task 34 34 [59308]: mask 0x1000000000 set
cpu_bind=MASK - erp01, task 35 35 [59309]: mask 0x4000000000 set
cpu_bind=MASK - erp01, task 36 36 [59310]: mask 0x200000000 set
cpu_bind=MASK - erp01, task 37 37 [59311]: mask 0x800000000 set
cpu_bind=MASK - erp01, task 38 38 [59312]: mask 0x2000000000 set
cpu_bind=MASK - erp01, task 39 39 [59313]: mask 0x8000000000 set
cpu_bind=MASK - erp01, task 40 40 [59314]: mask 0x10000000000 set
cpu_bind=MASK - erp01, task 41 41 [59315]: mask 0x40000000000 set
cpu_bind=MASK - erp01, task 42 42 [59316]: mask 0x100000000000 set
cpu_bind=MASK - erp01, task 43 43 [59317]: mask 0x400000000000 set
cpu_bind=MASK - erp01, task 44 44 [59318]: mask 0x20000000000 set
cpu_bind=MASK - erp01, task 46 46 [59320]: mask 0x200000000000 set
cpu_bind=MASK - erp01, task 45 45 [59319]: mask 0x80000000000 set
cpu_bind=MASK - erp01, task 47 47 [59321]: mask 0x800000000000 set
cpu_bind=MASK - erp05, task 192  0 [126168]: mask 0x1 set
cpu_bind=MASK - erp05, task 193  1 [126169]: mask 0x4 set
cpu_bind=MASK - erp05, task 194  2 [126170]: mask 0x10 set
cpu_bind=MASK - erp05, task 195  3 [126171]: mask 0x40 set
cpu_bind=MASK - erp05, task 196  4 [126172]: mask 0x2 set
cpu_bind=MASK - erp05, task 197  5 [126173]: mask 0x8 set
cpu_bind=MASK - erp05, task 199  7 [126176]: mask 0x80 set
cpu_bind=MASK - erp05, task 198  6 [126174]: mask 0x20 set
cpu_bind=MASK - erp05, task 200  8 [126177]: mask 0x100 set
cpu_bind=MASK - erp05, task 205 13 [126182]: mask 0x800 set
cpu_bind=MASK - erp05, task 201  9 [126178]: mask 0x400 set
cpu_bind=MASK - erp05, task 202 10 [126179]: mask 0x1000 set
cpu_bind=MASK - erp05, task 206 14 [126183]: mask 0x2000 set
cpu_bind=MASK - erp05, task 204 12 [126181]: mask 0x200 set
cpu_bind=MASK - erp05, task 207 15 [126184]: mask 0x8000 set
cpu_bind=MASK - erp05, task 208 16 [126185]: mask 0x10000 set
cpu_bind=MASK - erp05, task 203 11 [126180]: mask 0x4000 set
cpu_bind=MASK - erp05, task 210 18 [126187]: mask 0x100000 set
cpu_bind=MASK - erp05, task 212 20 [126189]: mask 0x20000 set
cpu_bind=MASK - erp05, task 211 19 [126188]: mask 0x400000 set
cpu_bind=MASK - erp05, task 213 21 [126190]: mask 0x80000 set
cpu_bind=MASK - erp05, task 209 17 [126186]: mask 0x40000 set
cpu_bind=MASK - erp05, task 214 22 [126191]: mask 0x200000 set
cpu_bind=MASK - erp05, task 215 23 [126192]: mask 0x800000 set
cpu_bind=MASK - erp05, task 216 24 [126193]: mask 0x1000000 set
cpu_bind=MASK - erp02, task 50  2 [130390]: mask 0x10 set
cpu_bind=MASK - erp02, task 49  1 [130389]: mask 0x4 set
cpu_bind=MASK - erp07, task 288  0 [121350]: mask 0x1 set
cpu_bind=MASK - erp07, task 290  2 [121352]: mask 0x10 set
cpu_bind=MASK - erp05, task 217 25 [126194]: mask 0x4000000 set
cpu_bind=MASK - erp07, task 289  1 [121351]: mask 0x4 set
cpu_bind=MASK - erp07, task 291  3 [121353]: mask 0x40 set
cpu_bind=MASK - erp07, task 293  5 [121355]: mask 0x8 set
cpu_bind=MASK - erp07, task 292  4 [121354]: mask 0x2 set
cpu_bind=MASK - erp08, task 338  2 [120407]: mask 0x10 set
cpu_bind=MASK - erp08, task 336  0 [120405]: mask 0x1 set
cpu_bind=MASK - erp08, task 337  1 [120406]: mask 0x4 set
cpu_bind=MASK - erp02, task 48  0 [130388]: mask 0x1 set
cpu_bind=MASK - erp05, task 218 26 [126195]: mask 0x10000000 set
cpu_bind=MASK - erp02, task 51  3 [130391]: mask 0x40 set
cpu_bind=MASK - erp08, task 339  3 [120408]: mask 0x40 set
cpu_bind=MASK - erp05, task 219 27 [126196]: mask 0x40000000 set
cpu_bind=MASK - erp02, task 53  5 [130393]: mask 0x8 set
cpu_bind=MASK - erp08, task 340  4 [120409]: mask 0x2 set
cpu_bind=MASK - erp02, task 52  4 [130392]: mask 0x2 set
cpu_bind=MASK - erp07, task 294  6 [121356]: mask 0x20 set
cpu_bind=MASK - erp05, task 220 28 [126197]: mask 0x2000000 set
cpu_bind=MASK - erp07, task 295  7 [121357]: mask 0x80 set
cpu_bind=MASK - erp08, task 341  5 [120410]: mask 0x8 set
cpu_bind=MASK - erp02, task 54  6 [130394]: mask 0x20 set
cpu_bind=MASK - erp05, task 221 29 [126198]: mask 0x8000000 set
cpu_bind=MASK - erp07, task 298 10 [121360]: mask 0x1000 set
cpu_bind=MASK - erp08, task 342  6 [120411]: mask 0x20 set
cpu_bind=MASK - erp02, task 55  7 [130395]: mask 0x80 set
cpu_bind=MASK - erp05, task 222 30 [126199]: mask 0x20000000 set
cpu_bind=MASK - erp07, task 299 11 [121361]: mask 0x4000 set
cpu_bind=MASK - erp08, task 343  7 [120412]: mask 0x80 set
cpu_bind=MASK - erp02, task 56  8 [130396]: mask 0x100 set
cpu_bind=MASK - erp05, task 223 31 [126200]: mask 0x80000000 set
cpu_bind=MASK - erp07, task 296  8 [121358]: mask 0x100 set
cpu_bind=MASK - erp08, task 345  9 [120414]: mask 0x400 set
cpu_bind=MASK - erp02, task 57  9 [130397]: mask 0x400 set
cpu_bind=MASK - erp05, task 224 32 [126201]: mask 0x100000000 set
cpu_bind=MASK - erp07, task 297  9 [121359]: mask 0x400 set
cpu_bind=MASK - erp08, task 346 10 [120415]: mask 0x1000 set
cpu_bind=MASK - erp02, task 58 10 [130398]: mask 0x1000 set
cpu_bind=MASK - erp05, task 225 33 [126202]: mask 0x400000000 set
cpu_bind=MASK - erp07, task 300 12 [121362]: mask 0x200 set
cpu_bind=MASK - erp08, task 347 11 [120416]: mask 0x4000 set
cpu_bind=MASK - erp02, task 59 11 [130399]: mask 0x4000 set
cpu_bind=MASK - erp05, task 226 34 [126203]: mask 0x1000000000 set
cpu_bind=MASK - erp07, task 301 13 [121363]: mask 0x800 set
cpu_bind=MASK - erp08, task 348 12 [120417]: mask 0x200 set
cpu_bind=MASK - erp02, task 60 12 [130400]: mask 0x200 set
cpu_bind=MASK - erp05, task 227 35 [126204]: mask 0x4000000000 set
cpu_bind=MASK - erp07, task 302 14 [121364]: mask 0x2000 set
cpu_bind=MASK - erp08, task 344  8 [120413]: mask 0x100 set
cpu_bind=MASK - erp02, task 61 13 [130401]: mask 0x800 set
cpu_bind=MASK - erp05, task 228 36 [126205]: mask 0x200000000 set
cpu_bind=MASK - erp07, task 304 16 [121366]: mask 0x10000 set
cpu_bind=MASK - erp08, task 349 13 [120418]: mask 0x800 set
cpu_bind=MASK - erp02, task 62 14 [130402]: mask 0x2000 set
cpu_bind=MASK - erp05, task 229 37 [126206]: mask 0x800000000 set
cpu_bind=MASK - erp07, task 305 17 [121367]: mask 0x40000 set
cpu_bind=MASK - erp08, task 351 15 [120420]: mask 0x8000 set
cpu_bind=MASK - erp02, task 63 15 [130403]: mask 0x8000 set
cpu_bind=MASK - erp05, task 230 38 [126207]: mask 0x2000000000 set
cpu_bind=MASK - erp07, task 303 15 [121365]: mask 0x8000 set
cpu_bind=MASK - erp08, task 352 16 [120421]: mask 0x10000 set
cpu_bind=MASK - erp02, task 64 16 [130404]: mask 0x10000 set
cpu_bind=MASK - erp05, task 231 39 [126208]: mask 0x8000000000 set
cpu_bind=MASK - erp07, task 306 18 [121368]: mask 0x100000 set
cpu_bind=MASK - erp08, task 350 14 [120419]: mask 0x2000 set
cpu_bind=MASK - erp02, task 65 17 [130405]: mask 0x40000 set
cpu_bind=MASK - erp05, task 232 40 [126209]: mask 0x10000000000 set
cpu_bind=MASK - erp07, task 307 19 [121369]: mask 0x400000 set
cpu_bind=MASK - erp08, task 354 18 [120423]: mask 0x100000 set
cpu_bind=MASK - erp02, task 66 18 [130406]: mask 0x100000 set
cpu_bind=MASK - erp05, task 233 41 [126210]: mask 0x40000000000 set
cpu_bind=MASK - erp07, task 308 20 [121370]: mask 0x20000 set
cpu_bind=MASK - erp08, task 353 17 [120422]: mask 0x40000 set
cpu_bind=MASK - erp02, task 67 19 [130407]: mask 0x400000 set
cpu_bind=MASK - erp05, task 234 42 [126211]: mask 0x100000000000 set
cpu_bind=MASK - erp07, task 309 21 [121371]: mask 0x80000 set
cpu_bind=MASK - erp08, task 355 19 [120424]: mask 0x400000 set
cpu_bind=MASK - erp02, task 68 20 [130408]: mask 0x20000 set
cpu_bind=MASK - erp05, task 235 43 [126212]: mask 0x400000000000 set
cpu_bind=MASK - erp07, task 310 22 [121372]: mask 0x200000 set
cpu_bind=MASK - erp08, task 356 20 [120425]: mask 0x20000 set
cpu_bind=MASK - erp02, task 70 22 [130410]: mask 0x200000 set
cpu_bind=MASK - erp05, task 236 44 [126213]: mask 0x20000000000 set
cpu_bind=MASK - erp07, task 311 23 [121373]: mask 0x800000 set
cpu_bind=MASK - erp08, task 357 21 [120426]: mask 0x80000 set
cpu_bind=MASK - erp02, task 69 21 [130409]: mask 0x80000 set
cpu_bind=MASK - erp05, task 237 45 [126214]: mask 0x80000000000 set
cpu_bind=MASK - erp07, task 312 24 [121374]: mask 0x1000000 set
cpu_bind=MASK - erp08, task 358 22 [120427]: mask 0x200000 set
cpu_bind=MASK - erp02, task 71 23 [130411]: mask 0x800000 set
cpu_bind=MASK - erp05, task 238 46 [126215]: mask 0x200000000000 set
cpu_bind=MASK - erp07, task 313 25 [121375]: mask 0x4000000 set
cpu_bind=MASK - erp08, task 359 23 [120428]: mask 0x800000 set
cpu_bind=MASK - erp02, task 72 24 [130412]: mask 0x1000000 set
cpu_bind=MASK - erp05, task 239 47 [126216]: mask 0x800000000000 set
cpu_bind=MASK - erp07, task 314 26 [121376]: mask 0x10000000 set
cpu_bind=MASK - erp08, task 360 24 [120429]: mask 0x1000000 set
cpu_bind=MASK - erp02, task 73 25 [130413]: mask 0x4000000 set
cpu_bind=MASK - erp07, task 315 27 [121377]: mask 0x40000000 set
cpu_bind=MASK - erp08, task 362 26 [120431]: mask 0x10000000 set
cpu_bind=MASK - erp02, task 74 26 [130414]: mask 0x10000000 set
cpu_bind=MASK - erp07, task 316 28 [121378]: mask 0x2000000 set
cpu_bind=MASK - erp08, task 364 28 [120433]: mask 0x2000000 set
cpu_bind=MASK - erp02, task 75 27 [130415]: mask 0x40000000 set
cpu_bind=MASK - erp07, task 317 29 [121379]: mask 0x8000000 set
cpu_bind=MASK - erp08, task 361 25 [120430]: mask 0x4000000 set
cpu_bind=MASK - erp02, task 76 28 [130416]: mask 0x2000000 set
cpu_bind=MASK - erp07, task 318 30 [121380]: mask 0x20000000 set
cpu_bind=MASK - erp08, task 365 29 [120434]: mask 0x8000000 set
cpu_bind=MASK - erp02, task 77 29 [130417]: mask 0x8000000 set
cpu_bind=MASK - erp07, task 319 31 [121381]: mask 0x80000000 set
cpu_bind=MASK - erp08, task 363 27 [120432]: mask 0x40000000 set
cpu_bind=MASK - erp07, task 320 32 [121382]: mask 0x100000000 set
cpu_bind=MASK - erp08, task 366 30 [120435]: mask 0x20000000 set
cpu_bind=MASK - erp07, task 321 33 [121383]: mask 0x400000000 set
cpu_bind=MASK - erp08, task 367 31 [120436]: mask 0x80000000 set
cpu_bind=MASK - erp07, task 322 34 [121384]: mask 0x1000000000 set
cpu_bind=MASK - erp04, task 146  2 [18401]: mask 0x10 set
cpu_bind=MASK - erp03, task 98  2 [14834]: mask 0x10 set
cpu_bind=MASK - erp06, task 241  1 [122521]: mask 0x4 set
cpu_bind=MASK - erp04, task 144  0 [18399]: mask 0x1 set
cpu_bind=MASK - erp04, task 145  1 [18400]: mask 0x4 set
cpu_bind=MASK - erp04, task 147  3 [18402]: mask 0x40 set
cpu_bind=MASK - erp04, task 148  4 [18403]: mask 0x2 set
cpu_bind=MASK - erp04, task 149  5 [18404]: mask 0x8 set
cpu_bind=MASK - erp04, task 151  7 [18406]: mask 0x80 set
cpu_bind=MASK - erp04, task 150  6 [18405]: mask 0x20 set
cpu_bind=MASK - erp04, task 152  8 [18407]: mask 0x100 set
cpu_bind=MASK - erp04, task 153  9 [18408]: mask 0x400 set
cpu_bind=MASK - erp04, task 154 10 [18409]: mask 0x1000 set
cpu_bind=MASK - erp04, task 155 11 [18410]: mask 0x4000 set
cpu_bind=MASK - erp04, task 156 12 [18411]: mask 0x200 set
cpu_bind=MASK - erp04, task 157 13 [18412]: mask 0x800 set
cpu_bind=MASK - erp04, task 158 14 [18413]: mask 0x2000 set
cpu_bind=MASK - erp04, task 159 15 [18414]: mask 0x8000 set
cpu_bind=MASK - erp04, task 160 16 [18415]: mask 0x10000 set
cpu_bind=MASK - erp04, task 161 17 [18416]: mask 0x40000 set
cpu_bind=MASK - erp04, task 162 18 [18417]: mask 0x100000 set
cpu_bind=MASK - erp04, task 163 19 [18418]: mask 0x400000 set
cpu_bind=MASK - erp04, task 164 20 [18419]: mask 0x20000 set
cpu_bind=MASK - erp04, task 165 21 [18420]: mask 0x80000 set
cpu_bind=MASK - erp04, task 166 22 [18421]: mask 0x200000 set
cpu_bind=MASK - erp06, task 240  0 [122520]: mask 0x1 set
cpu_bind=MASK - erp06, task 242  2 [122522]: mask 0x10 set
cpu_bind=MASK - erp06, task 245  5 [122525]: mask 0x8 set
cpu_bind=MASK - erp06, task 243  3 [122523]: mask 0x40 set
cpu_bind=MASK - erp06, task 244  4 [122524]: mask 0x2 set
cpu_bind=MASK - erp06, task 246  6 [122526]: mask 0x20 set
cpu_bind=MASK - erp06, task 247  7 [122527]: mask 0x80 set
cpu_bind=MASK - erp06, task 248  8 [122528]: mask 0x100 set
cpu_bind=MASK - erp06, task 251 11 [122531]: mask 0x4000 set
cpu_bind=MASK - erp06, task 249  9 [122529]: mask 0x400 set
cpu_bind=MASK - erp06, task 250 10 [122530]: mask 0x1000 set
cpu_bind=MASK - erp06, task 252 12 [122532]: mask 0x200 set
cpu_bind=MASK - erp06, task 254 14 [122534]: mask 0x2000 set
cpu_bind=MASK - erp06, task 255 15 [122535]: mask 0x8000 set
cpu_bind=MASK - erp06, task 253 13 [122533]: mask 0x800 set
cpu_bind=MASK - erp06, task 257 17 [122537]: mask 0x40000 set
cpu_bind=MASK - erp06, task 258 18 [122538]: mask 0x100000 set
cpu_bind=MASK - erp06, task 256 16 [122536]: mask 0x10000 set
cpu_bind=MASK - erp06, task 259 19 [122539]: mask 0x400000 set
cpu_bind=MASK - erp06, task 260 20 [122540]: mask 0x20000 set
cpu_bind=MASK - erp06, task 261 21 [122541]: mask 0x80000 set
cpu_bind=MASK - erp06, task 262 22 [122542]: mask 0x200000 set
cpu_bind=MASK - erp06, task 263 23 [122543]: mask 0x800000 set
cpu_bind=MASK - erp03, task 97  1 [14833]: mask 0x4 set
cpu_bind=MASK - erp03, task 96  0 [14832]: mask 0x1 set
cpu_bind=MASK - erp03, task 99  3 [14835]: mask 0x40 set
cpu_bind=MASK - erp03, task 100  4 [14836]: mask 0x2 set
cpu_bind=MASK - erp03, task 101  5 [14837]: mask 0x8 set
cpu_bind=MASK - erp03, task 102  6 [14838]: mask 0x20 set
cpu_bind=MASK - erp03, task 103  7 [14839]: mask 0x80 set
cpu_bind=MASK - erp03, task 104  8 [14840]: mask 0x100 set
cpu_bind=MASK - erp03, task 105  9 [14841]: mask 0x400 set
cpu_bind=MASK - erp03, task 106 10 [14842]: mask 0x1000 set
cpu_bind=MASK - erp03, task 107 11 [14843]: mask 0x4000 set
cpu_bind=MASK - erp03, task 108 12 [14844]: mask 0x200 set
cpu_bind=MASK - erp03, task 109 13 [14845]: mask 0x800 set
cpu_bind=MASK - erp03, task 110 14 [14846]: mask 0x2000 set
cpu_bind=MASK - erp03, task 111 15 [14847]: mask 0x8000 set
cpu_bind=MASK - erp03, task 112 16 [14848]: mask 0x10000 set
cpu_bind=MASK - erp03, task 113 17 [14849]: mask 0x40000 set
cpu_bind=MASK - erp03, task 114 18 [14850]: mask 0x100000 set
cpu_bind=MASK - erp03, task 115 19 [14851]: mask 0x400000 set
cpu_bind=MASK - erp03, task 118 22 [14854]: mask 0x200000 set
cpu_bind=MASK - erp03, task 116 20 [14852]: mask 0x20000 set
cpu_bind=MASK - erp03, task 117 21 [14853]: mask 0x80000 set
cpu_bind=MASK - erp04, task 167 23 [18422]: mask 0x800000 set
cpu_bind=MASK - erp04, task 168 24 [18423]: mask 0x1000000 set
cpu_bind=MASK - erp04, task 169 25 [18424]: mask 0x4000000 set
cpu_bind=MASK - erp04, task 170 26 [18425]: mask 0x10000000 set
cpu_bind=MASK - erp04, task 171 27 [18426]: mask 0x40000000 set
cpu_bind=MASK - erp04, task 172 28 [18427]: mask 0x2000000 set
cpu_bind=MASK - erp04, task 173 29 [18428]: mask 0x8000000 set
cpu_bind=MASK - erp04, task 174 30 [18429]: mask 0x20000000 set
cpu_bind=MASK - erp04, task 175 31 [18430]: mask 0x80000000 set
cpu_bind=MASK - erp04, task 176 32 [18431]: mask 0x100000000 set
cpu_bind=MASK - erp04, task 177 33 [18432]: mask 0x400000000 set
cpu_bind=MASK - erp04, task 179 35 [18434]: mask 0x4000000000 set
cpu_bind=MASK - erp04, task 180 36 [18435]: mask 0x200000000 set
cpu_bind=MASK - erp04, task 178 34 [18433]: mask 0x1000000000 set
cpu_bind=MASK - erp04, task 181 37 [18436]: mask 0x800000000 set
cpu_bind=MASK - erp04, task 182 38 [18437]: mask 0x2000000000 set
cpu_bind=MASK - erp04, task 183 39 [18438]: mask 0x8000000000 set
cpu_bind=MASK - erp04, task 184 40 [18439]: mask 0x10000000000 set
cpu_bind=MASK - erp04, task 185 41 [18440]: mask 0x40000000000 set
cpu_bind=MASK - erp04, task 186 42 [18441]: mask 0x100000000000 set
cpu_bind=MASK - erp06, task 264 24 [122544]: mask 0x1000000 set
cpu_bind=MASK - erp06, task 265 25 [122545]: mask 0x4000000 set
cpu_bind=MASK - erp06, task 266 26 [122546]: mask 0x10000000 set
cpu_bind=MASK - erp06, task 267 27 [122547]: mask 0x40000000 set
cpu_bind=MASK - erp06, task 268 28 [122548]: mask 0x2000000 set
cpu_bind=MASK - erp06, task 270 30 [122550]: mask 0x20000000 set
cpu_bind=MASK - erp06, task 269 29 [122549]: mask 0x8000000 set
cpu_bind=MASK - erp06, task 271 31 [122551]: mask 0x80000000 set
cpu_bind=MASK - erp06, task 272 32 [122552]: mask 0x100000000 set
cpu_bind=MASK - erp06, task 273 33 [122553]: mask 0x400000000 set
cpu_bind=MASK - erp06, task 274 34 [122554]: mask 0x1000000000 set
cpu_bind=MASK - erp06, task 275 35 [122555]: mask 0x4000000000 set
cpu_bind=MASK - erp06, task 276 36 [122556]: mask 0x200000000 set
cpu_bind=MASK - erp06, task 277 37 [122557]: mask 0x800000000 set
cpu_bind=MASK - erp06, task 278 38 [122558]: mask 0x2000000000 set
cpu_bind=MASK - erp06, task 279 39 [122559]: mask 0x8000000000 set
cpu_bind=MASK - erp06, task 280 40 [122560]: mask 0x10000000000 set
cpu_bind=MASK - erp06, task 281 41 [122561]: mask 0x40000000000 set
cpu_bind=MASK - erp06, task 282 42 [122562]: mask 0x100000000000 set
cpu_bind=MASK - erp06, task 283 43 [122563]: mask 0x400000000000 set
cpu_bind=MASK - erp03, task 119 23 [14855]: mask 0x800000 set
cpu_bind=MASK - erp03, task 120 24 [14856]: mask 0x1000000 set
cpu_bind=MASK - erp03, task 121 25 [14857]: mask 0x4000000 set
cpu_bind=MASK - erp03, task 122 26 [14858]: mask 0x10000000 set
cpu_bind=MASK - erp03, task 123 27 [14859]: mask 0x40000000 set
cpu_bind=MASK - erp03, task 124 28 [14860]: mask 0x2000000 set
cpu_bind=MASK - erp03, task 125 29 [14861]: mask 0x8000000 set
cpu_bind=MASK - erp03, task 126 30 [14862]: mask 0x20000000 set
cpu_bind=MASK - erp03, task 127 31 [14863]: mask 0x80000000 set
cpu_bind=MASK - erp03, task 128 32 [14864]: mask 0x100000000 set
cpu_bind=MASK - erp03, task 129 33 [14865]: mask 0x400000000 set
cpu_bind=MASK - erp03, task 130 34 [14866]: mask 0x1000000000 set
cpu_bind=MASK - erp03, task 131 35 [14867]: mask 0x4000000000 set
cpu_bind=MASK - erp03, task 132 36 [14868]: mask 0x200000000 set
cpu_bind=MASK - erp03, task 133 37 [14869]: mask 0x800000000 set
cpu_bind=MASK - erp03, task 135 39 [14871]: mask 0x8000000000 set
cpu_bind=MASK - erp03, task 134 38 [14870]: mask 0x2000000000 set
cpu_bind=MASK - erp03, task 136 40 [14872]: mask 0x10000000000 set
cpu_bind=MASK - erp03, task 137 41 [14873]: mask 0x40000000000 set
cpu_bind=MASK - erp03, task 138 42 [14874]: mask 0x100000000000 set
cpu_bind=MASK - erp03, task 139 43 [14875]: mask 0x400000000000 set
cpu_bind=MASK - erp08, task 368 32 [120437]: mask 0x100000000 set
cpu_bind=MASK - erp02, task 78 30 [130418]: mask 0x20000000 set
cpu_bind=MASK - erp08, task 369 33 [120438]: mask 0x400000000 set
cpu_bind=MASK - erp02, task 79 31 [130419]: mask 0x80000000 set
cpu_bind=MASK - erp07, task 323 35 [121385]: mask 0x4000000000 set
cpu_bind=MASK - erp08, task 370 34 [120439]: mask 0x1000000000 set
cpu_bind=MASK - erp02, task 80 32 [130420]: mask 0x100000000 set
cpu_bind=MASK - erp07, task 324 36 [121386]: mask 0x200000000 set
cpu_bind=MASK - erp08, task 371 35 [120440]: mask 0x4000000000 set
cpu_bind=MASK - erp02, task 83 35 [130423]: mask 0x4000000000 set
cpu_bind=MASK - erp07, task 325 37 [121387]: mask 0x800000000 set
cpu_bind=MASK - erp08, task 372 36 [120441]: mask 0x200000000 set
cpu_bind=MASK - erp02, task 81 33 [130421]: mask 0x400000000 set
cpu_bind=MASK - erp07, task 326 38 [121388]: mask 0x2000000000 set
cpu_bind=MASK - erp08, task 373 37 [120442]: mask 0x800000000 set
cpu_bind=MASK - erp02, task 82 34 [130422]: mask 0x1000000000 set
cpu_bind=MASK - erp07, task 327 39 [121389]: mask 0x8000000000 set
cpu_bind=MASK - erp08, task 374 38 [120443]: mask 0x2000000000 set
cpu_bind=MASK - erp02, task 84 36 [130424]: mask 0x200000000 set
cpu_bind=MASK - erp07, task 328 40 [121390]: mask 0x10000000000 set
cpu_bind=MASK - erp08, task 375 39 [120444]: mask 0x8000000000 set
cpu_bind=MASK - erp02, task 85 37 [130425]: mask 0x800000000 set
cpu_bind=MASK - erp07, task 329 41 [121391]: mask 0x40000000000 set
cpu_bind=MASK - erp08, task 376 40 [120445]: mask 0x10000000000 set
cpu_bind=MASK - erp02, task 86 38 [130426]: mask 0x2000000000 set
cpu_bind=MASK - erp07, task 330 42 [121392]: mask 0x100000000000 set
cpu_bind=MASK - erp08, task 377 41 [120446]: mask 0x40000000000 set
cpu_bind=MASK - erp02, task 87 39 [130427]: mask 0x8000000000 set
cpu_bind=MASK - erp07, task 331 43 [121393]: mask 0x400000000000 set
cpu_bind=MASK - erp08, task 378 42 [120447]: mask 0x100000000000 set
cpu_bind=MASK - erp02, task 88 40 [130428]: mask 0x10000000000 set
cpu_bind=MASK - erp07, task 332 44 [121394]: mask 0x20000000000 set
cpu_bind=MASK - erp08, task 380 44 [120449]: mask 0x20000000000 set
cpu_bind=MASK - erp02, task 89 41 [130429]: mask 0x40000000000 set
cpu_bind=MASK - erp07, task 333 45 [121395]: mask 0x80000000000 set
cpu_bind=MASK - erp08, task 379 43 [120448]: mask 0x400000000000 set
cpu_bind=MASK - erp02, task 90 42 [130430]: mask 0x100000000000 set
cpu_bind=MASK - erp07, task 334 46 [121396]: mask 0x200000000000 set
cpu_bind=MASK - erp08, task 382 46 [120451]: mask 0x200000000000 set
cpu_bind=MASK - erp02, task 91 43 [130431]: mask 0x400000000000 set
cpu_bind=MASK - erp07, task 335 47 [121397]: mask 0x800000000000 set
cpu_bind=MASK - erp08, task 383 47 [120452]: mask 0x800000000000 set
cpu_bind=MASK - erp02, task 92 44 [130432]: mask 0x20000000000 set
cpu_bind=MASK - erp08, task 381 45 [120450]: mask 0x80000000000 set
cpu_bind=MASK - erp02, task 93 45 [130433]: mask 0x80000000000 set
cpu_bind=MASK - erp02, task 94 46 [130434]: mask 0x200000000000 set
cpu_bind=MASK - erp02, task 95 47 [130435]: mask 0x800000000000 set
cpu_bind=MASK - erp04, task 187 43 [18442]: mask 0x400000000000 set
cpu_bind=MASK - erp04, task 188 44 [18443]: mask 0x20000000000 set
cpu_bind=MASK - erp04, task 189 45 [18444]: mask 0x80000000000 set
cpu_bind=MASK - erp04, task 190 46 [18445]: mask 0x200000000000 set
cpu_bind=MASK - erp04, task 191 47 [18446]: mask 0x800000000000 set
cpu_bind=MASK - erp06, task 284 44 [122564]: mask 0x20000000000 set
cpu_bind=MASK - erp06, task 285 45 [122565]: mask 0x80000000000 set
cpu_bind=MASK - erp06, task 286 46 [122566]: mask 0x200000000000 set
cpu_bind=MASK - erp06, task 287 47 [122567]: mask 0x800000000000 set
cpu_bind=MASK - erp03, task 140 44 [14876]: mask 0x20000000000 set
cpu_bind=MASK - erp03, task 141 45 [14877]: mask 0x80000000000 set
cpu_bind=MASK - erp03, task 142 46 [14878]: mask 0x200000000000 set
cpu_bind=MASK - erp03, task 143 47 [14879]: mask 0x800000000000 set

# OSU MPI Allreduce Latency Test v5.6.1
# Size       Avg Latency(us)
4                      60.90
8                      43.63
16                     43.84
32                     43.67
64                     44.68
128                    47.06
256                    53.74
512                    65.54
1024                   91.65
2048                  140.90
4096                  252.25
8192                  477.13
16384                1035.51
32768                1058.59
65536                1177.56
131072               1268.25
262144               1583.42
524288               2306.33
1048576              3906.44
+ set +x
