processes 288
nodes 12
ppn 24
binding default
+ srun --mpi=pmi2 -n 288 --cpu_bind=verbose /gpfs/u/home/CCNI/CCNIsmth/barn-shared/CWS/osu-micro-benchmarks-5.6.1-erp-openmpi.4.0.1-install/libexec/osu-micro-benchmarks/mpi//collective/osu_allreduce
cpu_bind=MASK - erp01, task  1  1 [58007]: mask 0xffffffffffff set
cpu_bind=MASK - erp01, task  2  2 [58008]: mask 0xffffffffffff set
cpu_bind=MASK - erp01, task  0  0 [58006]: mask 0xffffffffffff set
cpu_bind=MASK - erp01, task  3  3 [58009]: mask 0xffffffffffff set
cpu_bind=MASK - erp01, task  4  4 [58010]: mask 0xffffffffffff set
cpu_bind=MASK - erp01, task  5  5 [58011]: mask 0xffffffffffff set
cpu_bind=MASK - erp01, task  6  6 [58012]: mask 0xffffffffffff set
cpu_bind=MASK - erp01, task  7  7 [58013]: mask 0xffffffffffff set
cpu_bind=MASK - erp01, task  8  8 [58014]: mask 0xffffffffffff set
cpu_bind=MASK - erp01, task  9  9 [58015]: mask 0xffffffffffff set
cpu_bind=MASK - erp01, task 10 10 [58016]: mask 0xffffffffffff set
cpu_bind=MASK - erp01, task 11 11 [58017]: mask 0xffffffffffff set
cpu_bind=MASK - erp01, task 12 12 [58018]: mask 0xffffffffffff set
cpu_bind=MASK - erp01, task 13 13 [58019]: mask 0xffffffffffff set
cpu_bind=MASK - erp01, task 14 14 [58020]: mask 0xffffffffffff set
cpu_bind=MASK - erp01, task 15 15 [58021]: mask 0xffffffffffff set
cpu_bind=MASK - erp01, task 16 16 [58022]: mask 0xffffffffffff set
cpu_bind=MASK - erp01, task 17 17 [58023]: mask 0xffffffffffff set
cpu_bind=MASK - erp01, task 18 18 [58024]: mask 0xffffffffffff set
cpu_bind=MASK - erp01, task 19 19 [58025]: mask 0xffffffffffff set
cpu_bind=MASK - erp01, task 20 20 [58026]: mask 0xffffffffffff set
cpu_bind=MASK - erp01, task 22 22 [58028]: mask 0xffffffffffff set
cpu_bind=MASK - erp01, task 21 21 [58027]: mask 0xffffffffffff set
cpu_bind=MASK - erp01, task 23 23 [58029]: mask 0xffffffffffff set
cpu_bind=MASK - erp05, task 97  1 [125869]: mask 0xffffffffffff set
cpu_bind=MASK - erp05, task 96  0 [125868]: mask 0xffffffffffff set
cpu_bind=MASK - erp05, task 98  2 [125870]: mask 0xffffffffffff set
cpu_bind=MASK - erp05, task 99  3 [125871]: mask 0xffffffffffff set
cpu_bind=MASK - erp05, task 100  4 [125872]: mask 0xffffffffffff set
cpu_bind=MASK - erp05, task 101  5 [125873]: mask 0xffffffffffff set
cpu_bind=MASK - erp05, task 103  7 [125875]: mask 0xffffffffffff set
cpu_bind=MASK - erp10, task 217  1 [120121]: mask 0xffffffffffff set
cpu_bind=MASK - erp08, task 168  0 [120109]: mask 0xffffffffffff set
cpu_bind=MASK - erp09, task 194  2 [120544]: mask 0xffffffffffff set
cpu_bind=MASK - erp12, task 266  2 [22579]: mask 0xffffffffffff set
cpu_bind=MASK - erp05, task 104  8 [125876]: mask 0xffffffffffff set
cpu_bind=MASK - erp10, task 218  2 [120122]: mask 0xffffffffffff set
cpu_bind=MASK - erp08, task 170  2 [120111]: mask 0xffffffffffff set
cpu_bind=MASK - erp09, task 193  1 [120543]: mask 0xffffffffffff set
cpu_bind=MASK - erp12, task 264  0 [22577]: mask 0xffffffffffff set
cpu_bind=MASK - erp05, task 102  6 [125874]: mask 0xffffffffffff set
cpu_bind=MASK - erp10, task 216  0 [120120]: mask 0xffffffffffff set
cpu_bind=MASK - erp08, task 169  1 [120110]: mask 0xffffffffffff set
cpu_bind=MASK - erp09, task 192  0 [120542]: mask 0xffffffffffff set
cpu_bind=MASK - erp12, task 265  1 [22578]: mask 0xffffffffffff set
cpu_bind=MASK - erp05, task 105  9 [125877]: mask 0xffffffffffff set
cpu_bind=MASK - erp10, task 221  5 [120125]: mask 0xffffffffffff set
cpu_bind=MASK - erp08, task 172  4 [120113]: mask 0xffffffffffff set
cpu_bind=MASK - erp09, task 195  3 [120545]: mask 0xffffffffffff set
cpu_bind=MASK - erp12, task 267  3 [22580]: mask 0xffffffffffff set
cpu_bind=MASK - erp05, task 106 10 [125878]: mask 0xffffffffffff set
cpu_bind=MASK - erp10, task 222  6 [120126]: mask 0xffffffffffff set
cpu_bind=MASK - erp08, task 171  3 [120112]: mask 0xffffffffffff set
cpu_bind=MASK - erp09, task 196  4 [120546]: mask 0xffffffffffff set
cpu_bind=MASK - erp05, task 107 11 [125879]: mask 0xffffffffffff set
cpu_bind=MASK - erp10, task 223  7 [120127]: mask 0xffffffffffff set
cpu_bind=MASK - erp08, task 173  5 [120114]: mask 0xffffffffffff set
cpu_bind=MASK - erp09, task 197  5 [120547]: mask 0xffffffffffff set
cpu_bind=MASK - erp05, task 108 12 [125880]: mask 0xffffffffffff set
cpu_bind=MASK - erp10, task 219  3 [120123]: mask 0xffffffffffff set
cpu_bind=MASK - erp08, task 174  6 [120115]: mask 0xffffffffffff set
cpu_bind=MASK - erp09, task 198  6 [120548]: mask 0xffffffffffff set
cpu_bind=MASK - erp05, task 109 13 [125881]: mask 0xffffffffffff set
cpu_bind=MASK - erp10, task 220  4 [120124]: mask 0xffffffffffff set
cpu_bind=MASK - erp08, task 175  7 [120116]: mask 0xffffffffffff set
cpu_bind=MASK - erp09, task 199  7 [120549]: mask 0xffffffffffff set
cpu_bind=MASK - erp05, task 110 14 [125882]: mask 0xffffffffffff set
cpu_bind=MASK - erp10, task 224  8 [120128]: mask 0xffffffffffff set
cpu_bind=MASK - erp08, task 176  8 [120117]: mask 0xffffffffffff set
cpu_bind=MASK - erp09, task 200  8 [120550]: mask 0xffffffffffff set
cpu_bind=MASK - erp05, task 111 15 [125883]: mask 0xffffffffffff set
cpu_bind=MASK - erp10, task 225  9 [120129]: mask 0xffffffffffff set
cpu_bind=MASK - erp08, task 177  9 [120118]: mask 0xffffffffffff set
cpu_bind=MASK - erp05, task 112 16 [125884]: mask 0xffffffffffff set
cpu_bind=MASK - erp10, task 226 10 [120130]: mask 0xffffffffffff set
cpu_bind=MASK - erp08, task 178 10 [120119]: mask 0xffffffffffff set
cpu_bind=MASK - erp05, task 113 17 [125885]: mask 0xffffffffffff set
cpu_bind=MASK - erp10, task 227 11 [120131]: mask 0xffffffffffff set
cpu_bind=MASK - erp08, task 179 11 [120120]: mask 0xffffffffffff set
cpu_bind=MASK - erp05, task 114 18 [125886]: mask 0xffffffffffff set
cpu_bind=MASK - erp10, task 228 12 [120132]: mask 0xffffffffffff set
cpu_bind=MASK - erp08, task 180 12 [120121]: mask 0xffffffffffff set
cpu_bind=MASK - erp05, task 115 19 [125887]: mask 0xffffffffffff set
cpu_bind=MASK - erp10, task 229 13 [120133]: mask 0xffffffffffff set
cpu_bind=MASK - erp08, task 181 13 [120122]: mask 0xffffffffffff set
cpu_bind=MASK - erp05, task 116 20 [125888]: mask 0xffffffffffff set
cpu_bind=MASK - erp10, task 230 14 [120134]: mask 0xffffffffffff set
cpu_bind=MASK - erp08, task 182 14 [120123]: mask 0xffffffffffff set
cpu_bind=MASK - erp05, task 117 21 [125889]: mask 0xffffffffffff set
cpu_bind=MASK - erp10, task 231 15 [120135]: mask 0xffffffffffff set
cpu_bind=MASK - erp08, task 183 15 [120124]: mask 0xffffffffffff set
cpu_bind=MASK - erp05, task 118 22 [125890]: mask 0xffffffffffff set
cpu_bind=MASK - erp10, task 232 16 [120136]: mask 0xffffffffffff set
cpu_bind=MASK - erp08, task 184 16 [120125]: mask 0xffffffffffff set
cpu_bind=MASK - erp12, task 268  4 [22581]: mask 0xffffffffffff set
cpu_bind=MASK - erp05, task 119 23 [125891]: mask 0xffffffffffff set
cpu_bind=MASK - erp10, task 233 17 [120137]: mask 0xffffffffffff set
cpu_bind=MASK - erp08, task 185 17 [120126]: mask 0xffffffffffff set
cpu_bind=MASK - erp10, task 234 18 [120138]: mask 0xffffffffffff set
cpu_bind=MASK - erp08, task 186 18 [120127]: mask 0xffffffffffff set
cpu_bind=MASK - erp10, task 235 19 [120139]: mask 0xffffffffffff set
cpu_bind=MASK - erp08, task 187 19 [120128]: mask 0xffffffffffff set
cpu_bind=MASK - erp10, task 236 20 [120140]: mask 0xffffffffffff set
cpu_bind=MASK - erp08, task 188 20 [120129]: mask 0xffffffffffff set
cpu_bind=MASK - erp10, task 237 21 [120141]: mask 0xffffffffffff set
cpu_bind=MASK - erp08, task 189 21 [120130]: mask 0xffffffffffff set
cpu_bind=MASK - erp10, task 238 22 [120142]: mask 0xffffffffffff set
cpu_bind=MASK - erp08, task 190 22 [120131]: mask 0xffffffffffff set
cpu_bind=MASK - erp10, task 239 23 [120143]: mask 0xffffffffffff set
cpu_bind=MASK - erp08, task 191 23 [120132]: mask 0xffffffffffff set
cpu_bind=MASK - erp09, task 201  9 [120551]: mask 0xffffffffffff set
cpu_bind=MASK - erp12, task 269  5 [22582]: mask 0xffffffffffff set
cpu_bind=MASK - erp02, task 24  0 [129508]: mask 0xffffffffffff set
cpu_bind=MASK - erp07, task 146  2 [121094]: mask 0xffffffffffff set
cpu_bind=MASK - erp04, task 72  0 [17848]: mask 0xffffffffffff set
cpu_bind=MASK - erp11, task 240  0 [127398]: mask 0xffffffffffff set
cpu_bind=MASK - erp06, task 120  0 [122233]: mask 0xffffffffffff set
cpu_bind=MASK - erp12, task 270  6 [22583]: mask 0xffffffffffff set
cpu_bind=MASK - erp02, task 25  1 [129509]: mask 0xffffffffffff set
cpu_bind=MASK - erp07, task 145  1 [121093]: mask 0xffffffffffff set
cpu_bind=MASK - erp04, task 73  1 [17849]: mask 0xffffffffffff set
cpu_bind=MASK - erp11, task 241  1 [127399]: mask 0xffffffffffff set
cpu_bind=MASK - erp06, task 121  1 [122234]: mask 0xffffffffffff set
cpu_bind=MASK - erp12, task 271  7 [22584]: mask 0xffffffffffff set
cpu_bind=MASK - erp02, task 26  2 [129510]: mask 0xffffffffffff set
cpu_bind=MASK - erp07, task 144  0 [121092]: mask 0xffffffffffff set
cpu_bind=MASK - erp04, task 74  2 [17850]: mask 0xffffffffffff set
cpu_bind=MASK - erp11, task 242  2 [127400]: mask 0xffffffffffff set
cpu_bind=MASK - erp06, task 122  2 [122235]: mask 0xffffffffffff set
cpu_bind=MASK - erp12, task 272  8 [22585]: mask 0xffffffffffff set
cpu_bind=MASK - erp02, task 27  3 [129511]: mask 0xffffffffffff set
cpu_bind=MASK - erp07, task 148  4 [121096]: mask 0xffffffffffff set
cpu_bind=MASK - erp04, task 75  3 [17851]: mask 0xffffffffffff set
cpu_bind=MASK - erp11, task 245  5 [127403]: mask 0xffffffffffff set
cpu_bind=MASK - erp06, task 124  4 [122237]: mask 0xffffffffffff set
cpu_bind=MASK - erp12, task 273  9 [22586]: mask 0xffffffffffff set
cpu_bind=MASK - erp02, task 29  5 [129513]: mask 0xffffffffffff set
cpu_bind=MASK - erp07, task 147  3 [121095]: mask 0xffffffffffff set
cpu_bind=MASK - erp04, task 76  4 [17852]: mask 0xffffffffffff set
cpu_bind=MASK - erp11, task 244  4 [127402]: mask 0xffffffffffff set
cpu_bind=MASK - erp06, task 125  5 [122238]: mask 0xffffffffffff set
cpu_bind=MASK - erp12, task 276 12 [22589]: mask 0xffffffffffff set
cpu_bind=MASK - erp02, task 30  6 [129514]: mask 0xffffffffffff set
cpu_bind=MASK - erp07, task 149  5 [121097]: mask 0xffffffffffff set
cpu_bind=MASK - erp04, task 77  5 [17853]: mask 0xffffffffffff set
cpu_bind=MASK - erp11, task 243  3 [127401]: mask 0xffffffffffff set
cpu_bind=MASK - erp06, task 126  6 [122239]: mask 0xffffffffffff set
cpu_bind=MASK - erp12, task 277 13 [22590]: mask 0xffffffffffff set
cpu_bind=MASK - erp02, task 28  4 [129512]: mask 0xffffffffffff set
cpu_bind=MASK - erp07, task 150  6 [121098]: mask 0xffffffffffff set
cpu_bind=MASK - erp04, task 78  6 [17854]: mask 0xffffffffffff set
cpu_bind=MASK - erp11, task 246  6 [127404]: mask 0xffffffffffff set
cpu_bind=MASK - erp06, task 123  3 [122236]: mask 0xffffffffffff set
cpu_bind=MASK - erp12, task 274 10 [22587]: mask 0xffffffffffff set
cpu_bind=MASK - erp02, task 31  7 [129515]: mask 0xffffffffffff set
cpu_bind=MASK - erp07, task 151  7 [121099]: mask 0xffffffffffff set
cpu_bind=MASK - erp04, task 79  7 [17855]: mask 0xffffffffffff set
cpu_bind=MASK - erp11, task 247  7 [127405]: mask 0xffffffffffff set
cpu_bind=MASK - erp06, task 127  7 [122240]: mask 0xffffffffffff set
cpu_bind=MASK - erp12, task 278 14 [22591]: mask 0xffffffffffff set
cpu_bind=MASK - erp02, task 32  8 [129516]: mask 0xffffffffffff set
cpu_bind=MASK - erp07, task 152  8 [121100]: mask 0xffffffffffff set
cpu_bind=MASK - erp04, task 80  8 [17856]: mask 0xffffffffffff set
cpu_bind=MASK - erp11, task 248  8 [127406]: mask 0xffffffffffff set
cpu_bind=MASK - erp06, task 128  8 [122241]: mask 0xffffffffffff set
cpu_bind=MASK - erp12, task 275 11 [22588]: mask 0xffffffffffff set
cpu_bind=MASK - erp02, task 33  9 [129517]: mask 0xffffffffffff set
cpu_bind=MASK - erp07, task 153  9 [121101]: mask 0xffffffffffff set
cpu_bind=MASK - erp04, task 81  9 [17857]: mask 0xffffffffffff set
cpu_bind=MASK - erp11, task 250 10 [127408]: mask 0xffffffffffff set
cpu_bind=MASK - erp06, task 130 10 [122243]: mask 0xffffffffffff set
cpu_bind=MASK - erp12, task 280 16 [22593]: mask 0xffffffffffff set
cpu_bind=MASK - erp02, task 34 10 [129518]: mask 0xffffffffffff set
cpu_bind=MASK - erp07, task 154 10 [121102]: mask 0xffffffffffff set
cpu_bind=MASK - erp04, task 82 10 [17858]: mask 0xffffffffffff set
cpu_bind=MASK - erp11, task 251 11 [127409]: mask 0xffffffffffff set
cpu_bind=MASK - erp06, task 129  9 [122242]: mask 0xffffffffffff set
cpu_bind=MASK - erp12, task 279 15 [22592]: mask 0xffffffffffff set
cpu_bind=MASK - erp02, task 35 11 [129519]: mask 0xffffffffffff set
cpu_bind=MASK - erp07, task 155 11 [121103]: mask 0xffffffffffff set
cpu_bind=MASK - erp04, task 83 11 [17859]: mask 0xffffffffffff set
cpu_bind=MASK - erp11, task 249  9 [127407]: mask 0xffffffffffff set
cpu_bind=MASK - erp06, task 132 12 [122245]: mask 0xffffffffffff set
cpu_bind=MASK - erp12, task 281 17 [22594]: mask 0xffffffffffff set
cpu_bind=MASK - erp02, task 36 12 [129520]: mask 0xffffffffffff set
cpu_bind=MASK - erp07, task 156 12 [121104]: mask 0xffffffffffff set
cpu_bind=MASK - erp04, task 84 12 [17860]: mask 0xffffffffffff set
cpu_bind=MASK - erp11, task 252 12 [127410]: mask 0xffffffffffff set
cpu_bind=MASK - erp06, task 131 11 [122244]: mask 0xffffffffffff set
cpu_bind=MASK - erp12, task 282 18 [22595]: mask 0xffffffffffff set
cpu_bind=MASK - erp02, task 37 13 [129521]: mask 0xffffffffffff set
cpu_bind=MASK - erp07, task 157 13 [121105]: mask 0xffffffffffff set
cpu_bind=MASK - erp04, task 85 13 [17861]: mask 0xffffffffffff set
cpu_bind=MASK - erp11, task 253 13 [127411]: mask 0xffffffffffff set
cpu_bind=MASK - erp06, task 135 15 [122248]: mask 0xffffffffffff set
cpu_bind=MASK - erp12, task 283 19 [22596]: mask 0xffffffffffff set
cpu_bind=MASK - erp02, task 38 14 [129522]: mask 0xffffffffffff set
cpu_bind=MASK - erp07, task 158 14 [121106]: mask 0xffffffffffff set
cpu_bind=MASK - erp04, task 86 14 [17862]: mask 0xffffffffffff set
cpu_bind=MASK - erp11, task 254 14 [127412]: mask 0xffffffffffff set
cpu_bind=MASK - erp06, task 133 13 [122246]: mask 0xffffffffffff set
cpu_bind=MASK - erp12, task 284 20 [22597]: mask 0xffffffffffff set
cpu_bind=MASK - erp02, task 39 15 [129523]: mask 0xffffffffffff set
cpu_bind=MASK - erp07, task 159 15 [121107]: mask 0xffffffffffff set
cpu_bind=MASK - erp04, task 87 15 [17863]: mask 0xffffffffffff set
cpu_bind=MASK - erp11, task 255 15 [127413]: mask 0xffffffffffff set
cpu_bind=MASK - erp06, task 134 14 [122247]: mask 0xffffffffffff set
cpu_bind=MASK - erp12, task 286 22 [22599]: mask 0xffffffffffff set
cpu_bind=MASK - erp02, task 40 16 [129524]: mask 0xffffffffffff set
cpu_bind=MASK - erp07, task 160 16 [121108]: mask 0xffffffffffff set
cpu_bind=MASK - erp04, task 88 16 [17864]: mask 0xffffffffffff set
cpu_bind=MASK - erp11, task 256 16 [127414]: mask 0xffffffffffff set
cpu_bind=MASK - erp06, task 136 16 [122249]: mask 0xffffffffffff set
cpu_bind=MASK - erp12, task 285 21 [22598]: mask 0xffffffffffff set
cpu_bind=MASK - erp02, task 41 17 [129525]: mask 0xffffffffffff set
cpu_bind=MASK - erp07, task 161 17 [121109]: mask 0xffffffffffff set
cpu_bind=MASK - erp04, task 89 17 [17865]: mask 0xffffffffffff set
cpu_bind=MASK - erp11, task 257 17 [127415]: mask 0xffffffffffff set
cpu_bind=MASK - erp06, task 137 17 [122250]: mask 0xffffffffffff set
cpu_bind=MASK - erp12, task 287 23 [22600]: mask 0xffffffffffff set
cpu_bind=MASK - erp02, task 42 18 [129526]: mask 0xffffffffffff set
cpu_bind=MASK - erp07, task 162 18 [121110]: mask 0xffffffffffff set
cpu_bind=MASK - erp04, task 90 18 [17866]: mask 0xffffffffffff set
cpu_bind=MASK - erp11, task 258 18 [127416]: mask 0xffffffffffff set
cpu_bind=MASK - erp06, task 138 18 [122251]: mask 0xffffffffffff set
cpu_bind=MASK - erp02, task 43 19 [129527]: mask 0xffffffffffff set
cpu_bind=MASK - erp07, task 163 19 [121111]: mask 0xffffffffffff set
cpu_bind=MASK - erp04, task 94 22 [17870]: mask 0xffffffffffff set
cpu_bind=MASK - erp11, task 259 19 [127417]: mask 0xffffffffffff set
cpu_bind=MASK - erp06, task 139 19 [122252]: mask 0xffffffffffff set
cpu_bind=MASK - erp07, task 164 20 [121112]: mask 0xffffffffffff set
cpu_bind=MASK - erp04, task 92 20 [17868]: mask 0xffffffffffff set
cpu_bind=MASK - erp04, task 93 21 [17869]: mask 0xffffffffffff set
cpu_bind=MASK - erp09, task 202 10 [120552]: mask 0xffffffffffff set
cpu_bind=MASK - erp09, task 203 11 [120553]: mask 0xffffffffffff set
cpu_bind=MASK - erp09, task 204 12 [120554]: mask 0xffffffffffff set
cpu_bind=MASK - erp09, task 205 13 [120555]: mask 0xffffffffffff set
cpu_bind=MASK - erp09, task 206 14 [120556]: mask 0xffffffffffff set
cpu_bind=MASK - erp09, task 207 15 [120557]: mask 0xffffffffffff set
cpu_bind=MASK - erp09, task 208 16 [120558]: mask 0xffffffffffff set
cpu_bind=MASK - erp09, task 209 17 [120559]: mask 0xffffffffffff set
cpu_bind=MASK - erp09, task 210 18 [120560]: mask 0xffffffffffff set
cpu_bind=MASK - erp09, task 211 19 [120561]: mask 0xffffffffffff set
cpu_bind=MASK - erp09, task 212 20 [120562]: mask 0xffffffffffff set
cpu_bind=MASK - erp09, task 213 21 [120563]: mask 0xffffffffffff set
cpu_bind=MASK - erp09, task 214 22 [120564]: mask 0xffffffffffff set
cpu_bind=MASK - erp09, task 215 23 [120565]: mask 0xffffffffffff set
cpu_bind=MASK - erp02, task 44 20 [129528]: mask 0xffffffffffff set
cpu_bind=MASK - erp02, task 46 22 [129530]: mask 0xffffffffffff set
cpu_bind=MASK - erp02, task 47 23 [129531]: mask 0xffffffffffff set
cpu_bind=MASK - erp02, task 45 21 [129529]: mask 0xffffffffffff set
cpu_bind=MASK - erp07, task 165 21 [121113]: mask 0xffffffffffff set
cpu_bind=MASK - erp07, task 166 22 [121114]: mask 0xffffffffffff set
cpu_bind=MASK - erp07, task 167 23 [121115]: mask 0xffffffffffff set
cpu_bind=MASK - erp04, task 95 23 [17871]: mask 0xffffffffffff set
cpu_bind=MASK - erp04, task 91 19 [17867]: mask 0xffffffffffff set
cpu_bind=MASK - erp11, task 260 20 [127418]: mask 0xffffffffffff set
cpu_bind=MASK - erp11, task 261 21 [127419]: mask 0xffffffffffff set
cpu_bind=MASK - erp11, task 262 22 [127420]: mask 0xffffffffffff set
cpu_bind=MASK - erp11, task 263 23 [127421]: mask 0xffffffffffff set
cpu_bind=MASK - erp06, task 140 20 [122253]: mask 0xffffffffffff set
cpu_bind=MASK - erp06, task 141 21 [122254]: mask 0xffffffffffff set
cpu_bind=MASK - erp06, task 142 22 [122255]: mask 0xffffffffffff set
cpu_bind=MASK - erp06, task 143 23 [122256]: mask 0xffffffffffff set
cpu_bind=MASK - erp03, task 48  0 [14281]: mask 0xffffffffffff set
cpu_bind=MASK - erp03, task 49  1 [14282]: mask 0xffffffffffff set
cpu_bind=MASK - erp03, task 50  2 [14283]: mask 0xffffffffffff set
cpu_bind=MASK - erp03, task 51  3 [14284]: mask 0xffffffffffff set
cpu_bind=MASK - erp03, task 53  5 [14286]: mask 0xffffffffffff set
cpu_bind=MASK - erp03, task 52  4 [14285]: mask 0xffffffffffff set
cpu_bind=MASK - erp03, task 54  6 [14287]: mask 0xffffffffffff set
cpu_bind=MASK - erp03, task 55  7 [14288]: mask 0xffffffffffff set
cpu_bind=MASK - erp03, task 56  8 [14289]: mask 0xffffffffffff set
cpu_bind=MASK - erp03, task 57  9 [14290]: mask 0xffffffffffff set
cpu_bind=MASK - erp03, task 58 10 [14291]: mask 0xffffffffffff set
cpu_bind=MASK - erp03, task 59 11 [14292]: mask 0xffffffffffff set
cpu_bind=MASK - erp03, task 61 13 [14294]: mask 0xffffffffffff set
cpu_bind=MASK - erp03, task 60 12 [14293]: mask 0xffffffffffff set
cpu_bind=MASK - erp03, task 62 14 [14295]: mask 0xffffffffffff set
cpu_bind=MASK - erp03, task 63 15 [14296]: mask 0xffffffffffff set
cpu_bind=MASK - erp03, task 64 16 [14297]: mask 0xffffffffffff set
cpu_bind=MASK - erp03, task 65 17 [14298]: mask 0xffffffffffff set
cpu_bind=MASK - erp03, task 66 18 [14299]: mask 0xffffffffffff set
cpu_bind=MASK - erp03, task 67 19 [14300]: mask 0xffffffffffff set
cpu_bind=MASK - erp03, task 68 20 [14301]: mask 0xffffffffffff set
cpu_bind=MASK - erp03, task 69 21 [14302]: mask 0xffffffffffff set
cpu_bind=MASK - erp03, task 70 22 [14303]: mask 0xffffffffffff set
cpu_bind=MASK - erp03, task 71 23 [14304]: mask 0xffffffffffff set

# OSU MPI Allreduce Latency Test v5.6.1
# Size       Avg Latency(us)
4                      40.67
8                      29.33
16                     29.50
32                     29.91
64                     31.22
128                    33.58
256                    38.95
512                    43.20
1024                   55.90
2048                   87.76
4096                  156.51
8192                  308.23
16384                 974.97
32768                1044.14
65536                1093.05
131072               1415.84
262144               2131.50
524288               3444.76
1048576              5154.19
+ set +x
